21/03/29 10:21:11 INFO org.apache.sysds.api.DMLScript: BEGIN DML run 03/29/2021 10:21:11
21/03/29 10:21:11 INFO org.apache.sysds.utils.NativeHelper: Using native blas: mkl
21/03/29 10:21:15 INFO org.apache.sysds.runtime.instructions.cp.ParamservBuiltinCPInstruction: PARAMETER SERVER
21/03/29 10:21:15 INFO org.apache.sysds.runtime.instructions.cp.ParamservBuiltinCPInstruction: [+] Running in federated mode
21/03/29 10:21:15 INFO org.apache.sysds.runtime.instructions.cp.ParamservBuiltinCPInstruction: [+] Update Type: BSP
21/03/29 10:21:15 INFO org.apache.sysds.runtime.instructions.cp.ParamservBuiltinCPInstruction: [+] Frequency: EPOCH
21/03/29 10:21:15 INFO org.apache.sysds.runtime.instructions.cp.ParamservBuiltinCPInstruction: [+] Data Partitioning: KEEP_DATA_ON_WORKER
21/03/29 10:21:15 INFO org.apache.sysds.runtime.instructions.cp.ParamservBuiltinCPInstruction: [+] Runtime Balancing: NONE
21/03/29 10:21:15 INFO org.apache.sysds.runtime.instructions.cp.ParamservBuiltinCPInstruction: [+] Weighting: false
21/03/29 10:21:15 INFO org.apache.sysds.runtime.instructions.cp.ParamservBuiltinCPInstruction: [+] Seed: 2098372099
21/03/29 10:21:15 INFO org.apache.sysds.runtime.controlprogram.paramserv.ParamServer: Setup config for worker Federated worker_0
21/03/29 10:21:15 INFO org.apache.sysds.runtime.controlprogram.paramserv.ParamServer: Batch size: 128 possible batches: 469 batches to run: 469 weighting factor: 1.0
21/03/29 10:22:41 INFO org.apache.sysds.runtime.controlprogram.paramserv.ParamServer: [+] PARAMSERV: completed EPOCH 0
21/03/29 10:22:41 INFO org.apache.sysds.runtime.controlprogram.paramserv.ParamServer: [+] PARAMSERV: epoch timer: 85.767 secs.
21/03/29 10:24:02 INFO org.apache.sysds.runtime.controlprogram.paramserv.ParamServer: [+] PARAMSERV: completed EPOCH 1
21/03/29 10:24:02 INFO org.apache.sysds.runtime.controlprogram.paramserv.ParamServer: [+] PARAMSERV: epoch timer: 166.703 secs.
channels   : 1
epochs     : 2
freq       : EPOCH
batch_size : 128
-1.0438984402662033
SystemDS Statistics:
Total elapsed time:		170.738 sec.
Total compilation time:		1.402 sec.
Total execution time:		169.336 sec.
Native mkl calls (dense mult/conv/bwdF/bwdD):	0/0/0/0.
Native mkl calls (sparse conv/bwdF/bwdD):	0/0/0.
Native mkl times (dense mult/conv/bwdF/bwdD):	0.000/0.000/0.000/0.000.
Cache hits (Mem/Li/WB/FS/HDFS):	210/0/0/0/0.
Cache writes (Li/WB/FS/HDFS):	1/15/0/0.
Cache times (ACQr/m, RLS, EXP):	0.007/0.001/0.006/0.000 sec.
HOP DAGs recompiled (PRED, SB):	0/3.
HOP DAGs recompile time:	0.027 sec.
Paramserv total execution time:	166.712 secs.
Paramserv total num workers:	1.
Paramserv setup time:		0.211 secs.
PS fed data partitioning time:	0.021 secs.
PS fed comm time (cum):		0.512 secs.
PS fed worker comp time (cum):	165.687 secs.
PS fed grad. weigh. time (cum):	0.000 secs.
PS fed global model agg time:	0.259 secs.
Paramserv valdiation time:	0.000 secs.
Federated I/O (Read, Put, Get):	2/4/2.
Federated Execute (Inst, UDF):	10/4.
Total JIT compile time:		5.023 sec.
Total JVM GC count:		2.
Total JVM GC time:		0.101 sec.
Heavy hitter instructions:
  #  Instruction  Time(s)  Count
  1  paramserv    166.714      1
  2  fed_uamin      1.762      1
  3  fed_-          0.308      1
  4  *              0.218     35
  5  fed_/          0.164      1
  6  -              0.126     17
  7  rand           0.114     13
  8  +*             0.049     16
  9  -*             0.046     16
 10  fed_uamax      0.046      1
 11  rmvar          0.011     49
 12  uak+           0.009      1
 13  createvar      0.003     87
 14  nvlist         0.002      1
 15  /              0.002     13
 16  list           0.001      3
 17  sqrt           0.001     10
 18  mvvar          0.001     54
 19  print          0.000      5
 20  +              0.000     12
 21  rightIndex     0.000      1
 22  ==             0.000      3
 23  castdtm        0.000      1

21/03/29 10:24:02 INFO org.apache.sysds.api.DMLScript: END DML run 03/29/2021 10:24:02
real 174.78
user 24.43
sys 1.07
21/03/29 10:24:06 INFO org.apache.sysds.api.DMLScript: BEGIN DML run 03/29/2021 10:24:06
21/03/29 10:24:06 INFO org.apache.sysds.utils.NativeHelper: Using native blas: mkl
21/03/29 10:24:09 INFO org.apache.sysds.runtime.instructions.cp.ParamservBuiltinCPInstruction: PARAMETER SERVER
21/03/29 10:24:09 INFO org.apache.sysds.runtime.instructions.cp.ParamservBuiltinCPInstruction: [+] Running in federated mode
21/03/29 10:24:09 INFO org.apache.sysds.runtime.instructions.cp.ParamservBuiltinCPInstruction: [+] Update Type: BSP
21/03/29 10:24:09 INFO org.apache.sysds.runtime.instructions.cp.ParamservBuiltinCPInstruction: [+] Frequency: EPOCH
21/03/29 10:24:09 INFO org.apache.sysds.runtime.instructions.cp.ParamservBuiltinCPInstruction: [+] Data Partitioning: KEEP_DATA_ON_WORKER
21/03/29 10:24:09 INFO org.apache.sysds.runtime.instructions.cp.ParamservBuiltinCPInstruction: [+] Runtime Balancing: NONE
21/03/29 10:24:09 INFO org.apache.sysds.runtime.instructions.cp.ParamservBuiltinCPInstruction: [+] Weighting: false
21/03/29 10:24:09 INFO org.apache.sysds.runtime.instructions.cp.ParamservBuiltinCPInstruction: [+] Seed: 2098545847
21/03/29 10:24:09 INFO org.apache.sysds.runtime.controlprogram.paramserv.ParamServer: Setup config for worker Federated worker_0
21/03/29 10:24:09 INFO org.apache.sysds.runtime.controlprogram.paramserv.ParamServer: Batch size: 128 possible batches: 469 batches to run: 469 weighting factor: 1.0
21/03/29 10:25:32 INFO org.apache.sysds.runtime.controlprogram.paramserv.ParamServer: [+] PARAMSERV: completed EPOCH 0
21/03/29 10:25:32 INFO org.apache.sysds.runtime.controlprogram.paramserv.ParamServer: [+] PARAMSERV: epoch timer: 83.25 secs.
21/03/29 10:26:51 INFO org.apache.sysds.runtime.controlprogram.paramserv.ParamServer: [+] PARAMSERV: completed EPOCH 1
21/03/29 10:26:51 INFO org.apache.sysds.runtime.controlprogram.paramserv.ParamServer: [+] PARAMSERV: epoch timer: 162.437 secs.
channels   : 1
epochs     : 2
freq       : EPOCH
batch_size : 128
-1.026222722735473
SystemDS Statistics:
Total elapsed time:		165.444 sec.
Total compilation time:		1.404 sec.
Total execution time:		164.041 sec.
Native mkl calls (dense mult/conv/bwdF/bwdD):	0/0/0/0.
Native mkl calls (sparse conv/bwdF/bwdD):	0/0/0.
Native mkl times (dense mult/conv/bwdF/bwdD):	0.000/0.000/0.000/0.000.
Cache hits (Mem/Li/WB/FS/HDFS):	210/0/0/0/0.
Cache writes (Li/WB/FS/HDFS):	1/15/0/0.
Cache times (ACQr/m, RLS, EXP):	0.003/0.001/0.006/0.000 sec.
HOP DAGs recompiled (PRED, SB):	0/3.
HOP DAGs recompile time:	0.027 sec.
Paramserv total execution time:	162.445 secs.
Paramserv total num workers:	1.
Paramserv setup time:		0.164 secs.
PS fed data partitioning time:	0.019 secs.
PS fed comm time (cum):		0.355 secs.
PS fed worker comp time (cum):	161.610 secs.
PS fed grad. weigh. time (cum):	0.000 secs.
PS fed global model agg time:	0.276 secs.
Paramserv valdiation time:	0.000 secs.
Federated I/O (Read, Put, Get):	2/4/2.
Federated Execute (Inst, UDF):	10/4.
Total JIT compile time:		4.91 sec.
Total JVM GC count:		2.
Total JVM GC time:		0.102 sec.
Heavy hitter instructions:
  #  Instruction  Time(s)  Count
  1  paramserv    162.447      1
  2  fed_uamin      1.098      1
  3  *              0.206     35
  4  rand           0.168     13
  5  -              0.139     17
  6  fed_-          0.071      1
  7  +*             0.052     16
  8  -*             0.045     16
  9  fed_/          0.033      1
 10  fed_uamax      0.015      1
 11  uak+           0.010      1
 12  rmvar          0.009     49
 13  createvar      0.003     87
 14  nvlist         0.002      1
 15  /              0.002     13
 16  list           0.002      3
 17  sqrt           0.001     10
 18  mvvar          0.001     54
 19  print          0.000      5
 20  +              0.000     12
 21  rightIndex     0.000      1
 22  castdtm        0.000      1
 23  ==             0.000      3

21/03/29 10:26:51 INFO org.apache.sysds.api.DMLScript: END DML run 03/29/2021 10:26:51
real 169.47
user 25.49
sys 0.91
21/03/29 10:26:55 INFO org.apache.sysds.api.DMLScript: BEGIN DML run 03/29/2021 10:26:55
21/03/29 10:26:55 INFO org.apache.sysds.utils.NativeHelper: Using native blas: mkl
21/03/29 10:26:58 INFO org.apache.sysds.runtime.instructions.cp.ParamservBuiltinCPInstruction: PARAMETER SERVER
21/03/29 10:26:58 INFO org.apache.sysds.runtime.instructions.cp.ParamservBuiltinCPInstruction: [+] Running in federated mode
21/03/29 10:26:58 INFO org.apache.sysds.runtime.instructions.cp.ParamservBuiltinCPInstruction: [+] Update Type: BSP
21/03/29 10:26:58 INFO org.apache.sysds.runtime.instructions.cp.ParamservBuiltinCPInstruction: [+] Frequency: EPOCH
21/03/29 10:26:58 INFO org.apache.sysds.runtime.instructions.cp.ParamservBuiltinCPInstruction: [+] Data Partitioning: KEEP_DATA_ON_WORKER
21/03/29 10:26:58 INFO org.apache.sysds.runtime.instructions.cp.ParamservBuiltinCPInstruction: [+] Runtime Balancing: NONE
21/03/29 10:26:58 INFO org.apache.sysds.runtime.instructions.cp.ParamservBuiltinCPInstruction: [+] Weighting: false
21/03/29 10:26:58 INFO org.apache.sysds.runtime.instructions.cp.ParamservBuiltinCPInstruction: [+] Seed: 2098715228
21/03/29 10:26:58 INFO org.apache.sysds.runtime.controlprogram.paramserv.ParamServer: Setup config for worker Federated worker_0
21/03/29 10:26:58 INFO org.apache.sysds.runtime.controlprogram.paramserv.ParamServer: Batch size: 128 possible batches: 469 batches to run: 469 weighting factor: 1.0
21/03/29 10:28:20 INFO org.apache.sysds.runtime.controlprogram.paramserv.ParamServer: [+] PARAMSERV: completed EPOCH 0
21/03/29 10:28:20 INFO org.apache.sysds.runtime.controlprogram.paramserv.ParamServer: [+] PARAMSERV: epoch timer: 81.519 secs.
21/03/29 10:29:41 INFO org.apache.sysds.runtime.controlprogram.paramserv.ParamServer: [+] PARAMSERV: completed EPOCH 1
21/03/29 10:29:41 INFO org.apache.sysds.runtime.controlprogram.paramserv.ParamServer: [+] PARAMSERV: epoch timer: 163.082 secs.
channels   : 1
epochs     : 2
freq       : EPOCH
batch_size : 128
-1.1795350802477509
SystemDS Statistics:
Total elapsed time:		166.005 sec.
Total compilation time:		1.398 sec.
Total execution time:		164.607 sec.
Native mkl calls (dense mult/conv/bwdF/bwdD):	0/0/0/0.
Native mkl calls (sparse conv/bwdF/bwdD):	0/0/0.
Native mkl times (dense mult/conv/bwdF/bwdD):	0.000/0.000/0.000/0.000.
Cache hits (Mem/Li/WB/FS/HDFS):	210/0/0/0/0.
Cache writes (Li/WB/FS/HDFS):	1/15/0/0.
Cache times (ACQr/m, RLS, EXP):	0.003/0.001/0.006/0.000 sec.
HOP DAGs recompiled (PRED, SB):	0/3.
HOP DAGs recompile time:	0.028 sec.
Paramserv total execution time:	163.089 secs.
Paramserv total num workers:	1.
Paramserv setup time:		0.162 secs.
PS fed data partitioning time:	0.019 secs.
PS fed comm time (cum):		0.373 secs.
PS fed worker comp time (cum):	162.278 secs.
PS fed grad. weigh. time (cum):	0.000 secs.
PS fed global model agg time:	0.237 secs.
Paramserv valdiation time:	0.000 secs.
Federated I/O (Read, Put, Get):	2/4/2.
Federated Execute (Inst, UDF):	10/4.
Total JIT compile time:		4.758 sec.
Total JVM GC count:		2.
Total JVM GC time:		0.096 sec.
Heavy hitter instructions:
  #  Instruction  Time(s)  Count
  1  paramserv    163.091      1
  2  fed_uamin      1.077      1
  3  *              0.207     35
  4  rand           0.122     13
  5  -              0.110     17
  6  fed_/          0.054      1
  7  +*             0.048     16
  8  -*             0.043     16
  9  fed_-          0.035      1
 10  fed_uamax      0.015      1
 11  rmvar          0.008     49
 12  uak+           0.008      1
 13  createvar      0.003     87
 14  /              0.002     13
 15  nvlist         0.002      1
 16  list           0.001      3
 17  sqrt           0.001     10
 18  mvvar          0.001     54
 19  +              0.000     12
 20  print          0.000      5
 21  rightIndex     0.000      1
 22  ==             0.000      3
 23  castdtm        0.000      1

21/03/29 10:29:41 INFO org.apache.sysds.api.DMLScript: END DML run 03/29/2021 10:29:41
real 170.05
user 24.52
sys 0.82
