K-means: No output is produced. Try increasing the number of iterations and/or lower eps.
SystemDS Statistics:
Total elapsed time:		627.840 sec.
Total compilation time:		0.755 sec.
Total execution time:		627.085 sec.
Native mkl calls (dense mult/conv/bwdF/bwdD):	100/0/0/0.
Native mkl calls (sparse conv/bwdF/bwdD):	0/0/0.
Native mkl times (dense mult/conv/bwdF/bwdD):	0.256/0.000/0.000/0.000.
Cache hits (Mem/Li/WB/FS/HDFS):	2471/0/0/0/0.
Cache writes (Li/WB/FS/HDFS):	1/435/0/1.
Cache times (ACQr/m, RLS, EXP):	0.005/0.005/0.039/0.793 sec.
HOP DAGs recompiled (PRED, SB):	0/53.
HOP DAGs recompile time:	0.124 sec.
Functions recompiled:		1.
Functions recompile time:	0.020 sec.
ParFor loops optimized:		1.
ParFor optimize time:		0.017 sec.
ParFor initialize time:		0.002 sec.
ParFor result merge time:	0.013 sec.
ParFor total update in-place:	0/3/4
Federated I/O (Read, Put, Get):	1/241/242.
Federated Execute (Inst, UDF):	1444/0.
Total JIT compile time:		8.079 sec.
Total JVM GC count:		7.
Total JVM GC time:		0.069 sec.
Heavy hitter instructions:
  #  Instruction   Time(s)  Count
  1  m_kmeans      626.291      1
  2  fed_uarmin    115.193     60
  3  fed_uark+     114.150     60
  4  fed_ba+*      110.664    121
  5  fed_<=         90.164     60
  6  fed_/          78.794     60
  7  fed_r'         70.904     60
  8  fed_+          17.456     60
  9  fed_*          10.966     60
 10  fed_uack+       9.645     60
 11  fed_uasqk+      5.745      1
 12  write           0.793      1
 13  rmvar           0.629   2160
 14  *               0.619    221
 15  ba+*            0.599    150
 16  uark+           0.125     51
 17  uarsqk+         0.082     61
 18  uak+            0.067    169
 19  /               0.047     63
 20  rand            0.042     56
 21  +               0.040    335
 22  r'              0.037    180
 23  createvar       0.024   2095
 24  ucumk+          0.013     51
 25  log             0.012      2
 26  rexpand         0.008    101
 27  <               0.008    111
 28  min             0.007     50
 29  ctable          0.007      1
 30  <=              0.004     60
 31  +*              0.004    101
 32  -*              0.003     50
 33  mvvar           0.003    545
 34  seq             0.002    103
 35  rightIndex      0.002     53
 36  uasqk+          0.001     50
 37  -               0.001     66
 38  leftIndex       0.001      4
 39  cpvar           0.001    235
 40  castdts         0.001    101
 41  ifelse          0.001     50
 42  round           0.001      3
 43  sqrt            0.001      1
 44  ==              0.001    112
 45  castdtm         0.001     50
 46  assignvar       0.000    188
 47  >               0.000     60
 48  >=              0.000     60
 49  ncol            0.000      2
 50  print           0.000      1
 51  ctableexpand    0.000      1
 52  castvti         0.000      1

real 631,00
user 38,53
sys 5,83
