K-means: No output is produced. Try increasing the number of iterations and/or lower eps.
SystemDS Statistics:
Total elapsed time:		694.111 sec.
Total compilation time:		0.795 sec.
Total execution time:		693.316 sec.
Native mkl calls (dense mult/conv/bwdF/bwdD):	100/0/0/0.
Native mkl calls (sparse conv/bwdF/bwdD):	0/0/0.
Native mkl times (dense mult/conv/bwdF/bwdD):	0.257/0.000/0.000/0.000.
Cache hits (Mem/Li/WB/FS/HDFS):	2471/0/0/0/0.
Cache writes (Li/WB/FS/HDFS):	1/435/0/1.
Cache times (ACQr/m, RLS, EXP):	0.005/0.005/0.039/0.672 sec.
HOP DAGs recompiled (PRED, SB):	0/53.
HOP DAGs recompile time:	0.114 sec.
Functions recompiled:		1.
Functions recompile time:	0.023 sec.
ParFor loops optimized:		1.
ParFor optimize time:		0.016 sec.
ParFor initialize time:		0.003 sec.
ParFor result merge time:	0.009 sec.
ParFor total update in-place:	0/3/4
Federated I/O (Read, Put, Get):	1/241/242.
Federated Execute (Inst, UDF):	1444/0.
Total JIT compile time:		13.715 sec.
Total JVM GC count:		10.
Total JVM GC time:		0.093 sec.
Heavy hitter instructions:
  #  Instruction   Time(s)  Count
  1  m_kmeans      692.644      1
  2  fed_ba+*      132.001    121
  3  fed_uarmin    113.682     60
  4  fed_uark+     109.028     60
  5  fed_<=         94.348     60
  6  fed_/          80.725     60
  7  fed_r'         76.416     60
  8  fed_+          26.376     60
  9  fed_uasqk+     20.612      1
 10  fed_uack+      19.618     60
 11  fed_*          17.113     60
 12  rmvar           0.742   2160
 13  write           0.672      1
 14  ba+*            0.574    150
 15  *               0.555    221
 16  uark+           0.133     51
 17  uak+            0.114    169
 18  rand            0.084     56
 19  uarsqk+         0.077     61
 20  /               0.047     63
 21  r'              0.038    180
 22  +               0.036    335
 23  createvar       0.023   2095
 24  log             0.019      2
 25  ucumk+          0.012     51
 26  ctable          0.007      1
 27  rexpand         0.007    101
 28  min             0.006     50
 29  <               0.006    111
 30  <=              0.004     60
 31  +*              0.004    101
 32  -*              0.003     50
 33  mvvar           0.003    545
 34  -               0.002     66
 35  seq             0.002    103
 36  rightIndex      0.001     53
 37  leftIndex       0.001      4
 38  uasqk+          0.001     50
 39  cpvar           0.001    235
 40  round           0.001      3
 41  ifelse          0.001     50
 42  castdts         0.001    101
 43  ==              0.001    112
 44  assignvar       0.001    188
 45  sqrt            0.001      1
 46  castdtm         0.000     50
 47  >               0.000     60
 48  >=              0.000     60
 49  ncol            0.000      2
 50  print           0.000      1
 51  ctableexpand    0.000      1
 52  castvti         0.000      1

real 697,67
user 73,08
sys 6,82
