SystemDS Statistics:
Total elapsed time:		8.272 sec.
Total compilation time:		1.013 sec.
Total execution time:		7.260 sec.
Native mkl calls (dense mult/conv/bwdF/bwdD):	41/0/0/0.
Native mkl calls (sparse conv/bwdF/bwdD):	0/0/0.
Native mkl times (dense mult/conv/bwdF/bwdD):	0.002/0.000/0.000/0.000.
Cache hits (Mem/Li/WB/FS/HDFS):	367/0/0/0/1.
Cache writes (Li/WB/FS/HDFS):	0/1/0/1.
Cache times (ACQr/m, RLS, EXP):	0.115/0.001/0.003/0.042 sec.
HOP DAGs recompiled (PRED, SB):	0/0.
HOP DAGs recompile time:	0.000 sec.
Federated I/O (Read, Put, Get):	1/21/21.
Federated Execute (Inst, UDF):	42/0.
Total JIT compile time:		3.012 sec.
Total JVM GC count:		2.
Total JVM GC time:		0.094 sec.
Heavy hitter instructions:
  #  Instruction  Time(s)  Count
  1  m_lmCG         7.216      1
  2  fed_ba+*       4.569      1
  3  fed_mmchain    2.445     20
  4  r'             0.120     23
  5  write          0.043      1
  6  +*             0.017     60
  7  -              0.014     34
  8  <=             0.011      1
  9  ba+*           0.010     21
 10  rand           0.009      2
 11  *              0.007     21
 12  createvar      0.006    210
 13  +              0.006     40
 14  rmvar          0.005    233
 15  tsmm           0.001     20
 16  castdts        0.001     41
 17  mvvar          0.001     51
 18  /              0.000     40
 19  cpvar          0.000     65
 20  assignvar      0.000     45
 21  ==             0.000     11
 22  <              0.000     21
 23  >              0.000     23
 24  &&             0.000     21
 25  ^              0.000      1
 26  ||             0.000      2
 27  >=             0.000      1

real 11.93
user 11.46
sys 0.74
SystemDS Statistics:
Total elapsed time:		8.101 sec.
Total compilation time:		1.013 sec.
Total execution time:		7.088 sec.
Native mkl calls (dense mult/conv/bwdF/bwdD):	41/0/0/0.
Native mkl calls (sparse conv/bwdF/bwdD):	0/0/0.
Native mkl times (dense mult/conv/bwdF/bwdD):	0.002/0.000/0.000/0.000.
Cache hits (Mem/Li/WB/FS/HDFS):	367/0/0/0/1.
Cache writes (Li/WB/FS/HDFS):	0/1/0/1.
Cache times (ACQr/m, RLS, EXP):	0.118/0.001/0.004/0.043 sec.
HOP DAGs recompiled (PRED, SB):	0/0.
HOP DAGs recompile time:	0.000 sec.
Federated I/O (Read, Put, Get):	1/21/21.
Federated Execute (Inst, UDF):	42/0.
Total JIT compile time:		3.047 sec.
Total JVM GC count:		2.
Total JVM GC time:		0.095 sec.
Heavy hitter instructions:
  #  Instruction  Time(s)  Count
  1  m_lmCG         7.044      1
  2  fed_ba+*       4.575      1
  3  fed_mmchain    2.265     20
  4  r'             0.123     23
  5  write          0.043      1
  6  +*             0.018     60
  7  -              0.014     34
  8  <=             0.011      1
  9  ba+*           0.010     21
 10  rand           0.009      2
 11  *              0.007     21
 12  +              0.006     40
 13  createvar      0.005    210
 14  rmvar          0.004    233
 15  tsmm           0.001     20
 16  castdts        0.001     41
 17  mvvar          0.001     51
 18  /              0.000     40
 19  assignvar      0.000     45
 20  cpvar          0.000     65
 21  <              0.000     21
 22  >              0.000     23
 23  ==             0.000     11
 24  &&             0.000     21
 25  ^              0.000      1
 26  ||             0.000      2
 27  >=             0.000      1

real 11.94
user 11.31
sys 0.72
SystemDS Statistics:
Total elapsed time:		8.061 sec.
Total compilation time:		1.034 sec.
Total execution time:		7.028 sec.
Native mkl calls (dense mult/conv/bwdF/bwdD):	41/0/0/0.
Native mkl calls (sparse conv/bwdF/bwdD):	0/0/0.
Native mkl times (dense mult/conv/bwdF/bwdD):	0.002/0.000/0.000/0.000.
Cache hits (Mem/Li/WB/FS/HDFS):	367/0/0/0/1.
Cache writes (Li/WB/FS/HDFS):	0/1/0/1.
Cache times (ACQr/m, RLS, EXP):	0.117/0.001/0.003/0.044 sec.
HOP DAGs recompiled (PRED, SB):	0/0.
HOP DAGs recompile time:	0.000 sec.
Federated I/O (Read, Put, Get):	1/21/21.
Federated Execute (Inst, UDF):	42/0.
Total JIT compile time:		3.061 sec.
Total JVM GC count:		2.
Total JVM GC time:		0.096 sec.
Heavy hitter instructions:
  #  Instruction  Time(s)  Count
  1  m_lmCG         6.983      1
  2  fed_ba+*       4.512      1
  3  fed_mmchain    2.267     20
  4  r'             0.122     23
  5  write          0.044      1
  6  +*             0.017     60
  7  -              0.016     34
  8  <=             0.011      1
  9  ba+*           0.010     21
 10  rand           0.009      2
 11  *              0.007     21
 12  +              0.005     40
 13  createvar      0.005    210
 14  rmvar          0.004    233
 15  tsmm           0.002     20
 16  castdts        0.001     41
 17  mvvar          0.001     51
 18  /              0.000     40
 19  assignvar      0.000     45
 20  cpvar          0.000     65
 21  ==             0.000     11
 22  >              0.000     23
 23  <              0.000     21
 24  &&             0.000     21
 25  ^              0.000      1
 26  ||             0.000      2
 27  >=             0.000      1

real 11.92
user 11.31
sys 0.74
SystemDS Statistics:
Total elapsed time:		8.243 sec.
Total compilation time:		1.025 sec.
Total execution time:		7.218 sec.
Native mkl calls (dense mult/conv/bwdF/bwdD):	41/0/0/0.
Native mkl calls (sparse conv/bwdF/bwdD):	0/0/0.
Native mkl times (dense mult/conv/bwdF/bwdD):	0.002/0.000/0.000/0.000.
Cache hits (Mem/Li/WB/FS/HDFS):	367/0/0/0/1.
Cache writes (Li/WB/FS/HDFS):	0/1/0/1.
Cache times (ACQr/m, RLS, EXP):	0.119/0.002/0.003/0.043 sec.
HOP DAGs recompiled (PRED, SB):	0/0.
HOP DAGs recompile time:	0.000 sec.
Federated I/O (Read, Put, Get):	1/21/21.
Federated Execute (Inst, UDF):	42/0.
Total JIT compile time:		3.088 sec.
Total JVM GC count:		2.
Total JVM GC time:		0.092 sec.
Heavy hitter instructions:
  #  Instruction  Time(s)  Count
  1  m_lmCG         7.175      1
  2  fed_ba+*       4.706      1
  3  fed_mmchain    2.265     20
  4  r'             0.124     23
  5  write          0.043      1
  6  +*             0.016     60
  7  -              0.014     34
  8  <=             0.011      1
  9  ba+*           0.010     21
 10  rand           0.009      2
 11  *              0.007     21
 12  +              0.006     40
 13  createvar      0.005    210
 14  rmvar          0.004    233
 15  tsmm           0.002     20
 16  /              0.001     40
 17  castdts        0.001     41
 18  mvvar          0.001     51
 19  cpvar          0.000     65
 20  assignvar      0.000     45
 21  ==             0.000     11
 22  >              0.000     23
 23  <              0.000     21
 24  &&             0.000     21
 25  ^              0.000      1
 26  ||             0.000      2
 27  >=             0.000      1

real 12.08
user 11.48
sys 0.69
SystemDS Statistics:
Total elapsed time:		8.082 sec.
Total compilation time:		1.017 sec.
Total execution time:		7.065 sec.
Native mkl calls (dense mult/conv/bwdF/bwdD):	41/0/0/0.
Native mkl calls (sparse conv/bwdF/bwdD):	0/0/0.
Native mkl times (dense mult/conv/bwdF/bwdD):	0.002/0.000/0.000/0.000.
Cache hits (Mem/Li/WB/FS/HDFS):	367/0/0/0/1.
Cache writes (Li/WB/FS/HDFS):	0/1/0/1.
Cache times (ACQr/m, RLS, EXP):	0.114/0.003/0.003/0.042 sec.
HOP DAGs recompiled (PRED, SB):	0/0.
HOP DAGs recompile time:	0.000 sec.
Federated I/O (Read, Put, Get):	1/21/21.
Federated Execute (Inst, UDF):	42/0.
Total JIT compile time:		3.033 sec.
Total JVM GC count:		2.
Total JVM GC time:		0.094 sec.
Heavy hitter instructions:
  #  Instruction  Time(s)  Count
  1  m_lmCG         7.022      1
  2  fed_ba+*       4.527      1
  3  fed_mmchain    2.291     20
  4  r'             0.120     23
  5  write          0.042      1
  6  +*             0.018     60
  7  -              0.015     34
  8  <=             0.011      1
  9  ba+*           0.010     21
 10  rand           0.009      2
 11  *              0.006     21
 12  +              0.006     40
 13  createvar      0.006    210
 14  rmvar          0.004    233
 15  tsmm           0.001     20
 16  castdts        0.001     41
 17  mvvar          0.001     51
 18  /              0.000     40
 19  cpvar          0.000     65
 20  assignvar      0.000     45
 21  ==             0.000     11
 22  >              0.000     23
 23  <              0.000     21
 24  &&             0.000     21
 25  ^              0.000      1
 26  ||             0.000      2
 27  >=             0.000      1

real 11.91
user 11.45
sys 0.77
