SystemDS Statistics:
Total elapsed time:		13.002 sec.
Total compilation time:		0.541 sec.
Total execution time:		12.461 sec.
Native mkl calls (dense mult/conv/bwdF/bwdD):	41/0/0/0.
Native mkl calls (sparse conv/bwdF/bwdD):	0/0/0.
Native mkl times (dense mult/conv/bwdF/bwdD):	0.002/0.000/0.000/0.000.
Cache hits (Mem/Li/WB/FS/HDFS):	367/0/0/0/1.
Cache writes (Li/WB/FS/HDFS):	0/1/0/1.
Cache times (ACQr/m, RLS, EXP):	0.076/0.003/0.004/0.019 sec.
HOP DAGs recompiled (PRED, SB):	0/0.
HOP DAGs recompile time:	0.000 sec.
Federated I/O (Read, Put, Get):	1/21/21.
Federated Execute (Inst, UDF):	42/0.
Total JIT compile time:		1.986 sec.
Total JVM GC count:		2.
Total JVM GC time:		0.027 sec.
Heavy hitter instructions:
  #  Instruction  Time(s)  Count
  1  m_lmCG        12.442      1
  2  fed_mmchain    6.185     20
  3  fed_ba+*       6.077      1
  4  r'             0.078     23
  5  +*             0.023     60
  6  write          0.019      1
  7  -              0.017     34
  8  *              0.012     21
  9  +              0.010     40
 10  createvar      0.009    210
 11  ba+*           0.007     21
 12  <=             0.006      1
 13  rmvar          0.005    233
 14  rand           0.005      2
 15  tsmm           0.003     20
 16  castdts        0.001     41
 17  /              0.001     40
 18  mvvar          0.000     51
 19  assignvar      0.000     45
 20  cpvar          0.000     65
 21  <              0.000     21
 22  >              0.000     23
 23  &&             0.000     21
 24  ==             0.000     11
 25  ^              0.000      1
 26  ||             0.000      2
 27  >=             0.000      1

real 16,37
user 7,42
sys 0,49
SystemDS Statistics:
Total elapsed time:		12.648 sec.
Total compilation time:		0.553 sec.
Total execution time:		12.095 sec.
Native mkl calls (dense mult/conv/bwdF/bwdD):	41/0/0/0.
Native mkl calls (sparse conv/bwdF/bwdD):	0/0/0.
Native mkl times (dense mult/conv/bwdF/bwdD):	0.002/0.000/0.000/0.000.
Cache hits (Mem/Li/WB/FS/HDFS):	367/0/0/0/1.
Cache writes (Li/WB/FS/HDFS):	0/1/0/1.
Cache times (ACQr/m, RLS, EXP):	0.058/0.003/0.004/0.017 sec.
HOP DAGs recompiled (PRED, SB):	0/0.
HOP DAGs recompile time:	0.000 sec.
Federated I/O (Read, Put, Get):	1/21/21.
Federated Execute (Inst, UDF):	42/0.
Total JIT compile time:		1.908 sec.
Total JVM GC count:		2.
Total JVM GC time:		0.031 sec.
Heavy hitter instructions:
  #  Instruction  Time(s)  Count
  1  m_lmCG        12.078      1
  2  fed_ba+*       5.998      1
  3  fed_mmchain    5.929     20
  4  r'             0.061     23
  5  +*             0.021     60
  6  write          0.018      1
  7  -              0.015     34
  8  *              0.010     21
  9  +              0.009     40
 10  createvar      0.008    210
 11  ba+*           0.007     21
 12  <=             0.006      1
 13  rand           0.006      2
 14  rmvar          0.005    233
 15  tsmm           0.002     20
 16  castdts        0.001     41
 17  /              0.001     40
 18  mvvar          0.000     51
 19  cpvar          0.000     65
 20  >              0.000     23
 21  <              0.000     21
 22  assignvar      0.000     45
 23  ==             0.000     11
 24  &&             0.000     21
 25  >=             0.000      1
 26  ||             0.000      2
 27  ^              0.000      1

real 16,29
user 6,83
sys 0,40
SystemDS Statistics:
Total elapsed time:		25.821 sec.
Total compilation time:		0.547 sec.
Total execution time:		25.274 sec.
Native mkl calls (dense mult/conv/bwdF/bwdD):	41/0/0/0.
Native mkl calls (sparse conv/bwdF/bwdD):	0/0/0.
Native mkl times (dense mult/conv/bwdF/bwdD):	0.002/0.000/0.000/0.000.
Cache hits (Mem/Li/WB/FS/HDFS):	367/0/0/0/1.
Cache writes (Li/WB/FS/HDFS):	0/1/0/1.
Cache times (ACQr/m, RLS, EXP):	0.072/0.002/0.004/0.018 sec.
HOP DAGs recompiled (PRED, SB):	0/0.
HOP DAGs recompile time:	0.000 sec.
Federated I/O (Read, Put, Get):	1/21/21.
Federated Execute (Inst, UDF):	42/0.
Total JIT compile time:		2.007 sec.
Total JVM GC count:		2.
Total JVM GC time:		0.03 sec.
Heavy hitter instructions:
  #  Instruction  Time(s)  Count
  1  m_lmCG        25.255      1
  2  fed_ba+*      18.924      1
  3  fed_mmchain    6.157     20
  4  r'             0.076     23
  5  +*             0.025     60
  6  write          0.018      1
  7  -              0.016     34
  8  *              0.011     21
  9  +              0.009     40
 10  createvar      0.008    210
 11  ba+*           0.007     21
 12  <=             0.006      1
 13  rmvar          0.005    233
 14  rand           0.004      2
 15  tsmm           0.002     20
 16  castdts        0.001     41
 17  /              0.001     40
 18  mvvar          0.001     51
 19  cpvar          0.000     65
 20  assignvar      0.000     45
 21  <              0.000     21
 22  >              0.000     23
 23  ==             0.000     11
 24  &&             0.000     21
 25  ||             0.000      2
 26  ^              0.000      1
 27  >=             0.000      1

real 29,21
user 6,68
sys 0,57
SystemDS Statistics:
Total elapsed time:		12.937 sec.
Total compilation time:		0.556 sec.
Total execution time:		12.381 sec.
Native mkl calls (dense mult/conv/bwdF/bwdD):	41/0/0/0.
Native mkl calls (sparse conv/bwdF/bwdD):	0/0/0.
Native mkl times (dense mult/conv/bwdF/bwdD):	0.002/0.000/0.000/0.000.
Cache hits (Mem/Li/WB/FS/HDFS):	367/0/0/0/1.
Cache writes (Li/WB/FS/HDFS):	0/1/0/1.
Cache times (ACQr/m, RLS, EXP):	0.072/0.002/0.003/0.019 sec.
HOP DAGs recompiled (PRED, SB):	0/0.
HOP DAGs recompile time:	0.000 sec.
Federated I/O (Read, Put, Get):	1/21/21.
Federated Execute (Inst, UDF):	42/0.
Total JIT compile time:		1.994 sec.
Total JVM GC count:		2.
Total JVM GC time:		0.029 sec.
Heavy hitter instructions:
  #  Instruction  Time(s)  Count
  1  m_lmCG        12.362      1
  2  fed_ba+*       6.548      1
  3  fed_mmchain    5.657     20
  4  r'             0.074     23
  5  write          0.019      1
  6  +*             0.019     60
  7  -              0.014     34
  8  *              0.008     21
  9  +              0.007     40
 10  createvar      0.007    210
 11  ba+*           0.006     21
 12  <=             0.006      1
 13  rand           0.005      2
 14  rmvar          0.005    233
 15  tsmm           0.002     20
 16  castdts        0.001     41
 17  /              0.001     40
 18  mvvar          0.000     51
 19  assignvar      0.000     45
 20  cpvar          0.000     65
 21  <              0.000     21
 22  ==             0.000     11
 23  >              0.000     23
 24  &&             0.000     21
 25  ^              0.000      1
 26  ||             0.000      2
 27  >=             0.000      1

real 15,89
user 7,31
sys 0,43
