SystemDS Statistics:
Total elapsed time:		371.540 sec.
Total compilation time:		0.551 sec.
Total execution time:		370.989 sec.
Native mkl calls (dense mult/conv/bwdF/bwdD):	567/0/0/0.
Native mkl calls (sparse conv/bwdF/bwdD):	0/0/0.
Native mkl times (dense mult/conv/bwdF/bwdD):	0.009/0.000/0.000/0.000.
Cache hits (Mem/Li/WB/FS/HDFS):	4562/0/0/0/1.
Cache writes (Li/WB/FS/HDFS):	1/626/0/1.
Cache times (ACQr/m, RLS, EXP):	0.065/0.004/0.029/0.039 sec.
HOP DAGs recompiled (PRED, SB):	0/351.
HOP DAGs recompile time:	0.639 sec.
Functions recompiled:		1.
Functions recompile time:	0.034 sec.
Federated I/O (Read, Put, Get):	1/317/191.
Federated Execute (Inst, UDF):	384/0.
Total JIT compile time:		7.566 sec.
Total JVM GC count:		6.
Total JVM GC time:		0.058 sec.
Heavy hitter instructions:
  #  Instruction    Time(s)  Count
  1  m_multiLogReg  370.829      1
  2  fed_mmchain    259.687    128
  3  fed_ba+*       100.380     61
  4  fed_isnan        3.781      1
  5  fed_uarsqk+      2.062      1
  6  sprop            1.078    128
  7  -                0.564    277
  8  rightIndex       0.519    190
  9  append           0.422     30
 10  /                0.331    348
 11  exp              0.256     30
 12  uark+            0.227     30
 13  fed_uak+         0.132      1
 14  uarmax           0.117     30
 15  log              0.117     31
 16  tak+*            0.109     60
 17  <                0.094    152
 18  +                0.044    381
 19  +*               0.041    256
 20  write            0.039      1
 21  uamax            0.035      2
 22  uak+             0.033     30
 23  *                0.028    558
 24  rexpand          0.026      1
 25  rmvar            0.026   4174
 26  tsmm             0.021    318
 27  createvar        0.018   2398
 28  -*               0.017    128
 29  ba+*             0.014    249
 30  sqrt             0.013    221
 31  uamin            0.013      1
 32  r'               0.011    251
 33  rand             0.010     64
 34  castdts          0.007    823
 35  ==               0.005     72
 36  cpvar            0.004    855
 37  assignvar        0.004   1293
 38  mvvar            0.004    746
 39  n+               0.004     30
 40  <=               0.004    315
 41  ^                0.002     32
 42  !                0.001    189
 43  ||               0.001    191
 44  >                0.001    190
 45  abs              0.000     90
 46  ifelse           0.000     30
 47  &&               0.000     30
 48  >=               0.000      2
 49  max              0.000     60
 50  min              0.000     31

real 375,22
user 29,27
sys 2,48
SystemDS Statistics:
Total elapsed time:		373.119 sec.
Total compilation time:		0.578 sec.
Total execution time:		372.541 sec.
Native mkl calls (dense mult/conv/bwdF/bwdD):	567/0/0/0.
Native mkl calls (sparse conv/bwdF/bwdD):	0/0/0.
Native mkl times (dense mult/conv/bwdF/bwdD):	0.008/0.000/0.000/0.000.
Cache hits (Mem/Li/WB/FS/HDFS):	4562/0/0/0/1.
Cache writes (Li/WB/FS/HDFS):	1/626/0/1.
Cache times (ACQr/m, RLS, EXP):	0.074/0.005/0.028/0.021 sec.
HOP DAGs recompiled (PRED, SB):	0/351.
HOP DAGs recompile time:	0.644 sec.
Functions recompiled:		1.
Functions recompile time:	0.031 sec.
Federated I/O (Read, Put, Get):	1/317/191.
Federated Execute (Inst, UDF):	384/0.
Total JIT compile time:		7.87 sec.
Total JVM GC count:		5.
Total JVM GC time:		0.05 sec.
Heavy hitter instructions:
  #  Instruction    Time(s)  Count
  1  m_multiLogReg  372.388      1
  2  fed_mmchain    255.320    128
  3  fed_ba+*       104.134     61
  4  fed_isnan        5.986      1
  5  fed_uarsqk+      2.293      1
  6  sprop            0.988    128
  7  rightIndex       0.492    190
  8  -                0.449    277
  9  append           0.388     30
 10  /                0.317    348
 11  exp              0.251     30
 12  uark+            0.231     30
 13  uarmax           0.138     30
 14  fed_uak+         0.128      1
 15  log              0.120     31
 16  <                0.104    152
 17  tak+*            0.104     60
 18  +                0.046    381
 19  +*               0.042    256
 20  uak+             0.036     30
 21  rmvar            0.029   4174
 22  *                0.027    558
 23  rexpand          0.026      1
 24  uamax            0.025      2
 25  write            0.022      1
 26  tsmm             0.021    318
 27  createvar        0.018   2398
 28  -*               0.017    128
 29  rand             0.016     64
 30  sqrt             0.014    221
 31  ba+*             0.013    249
 32  r'               0.011    251
 33  uamin            0.010      1
 34  castdts          0.007    823
 35  ==               0.006     72
 36  mvvar            0.004    746
 37  n+               0.004     30
 38  assignvar        0.004   1293
 39  <=               0.004    315
 40  cpvar            0.004    855
 41  ^                0.002     32
 42  !                0.001    189
 43  >                0.001    190
 44  ||               0.001    191
 45  abs              0.000     90
 46  ifelse           0.000     30
 47  &&               0.000     30
 48  max              0.000     60
 49  >=               0.000      2
 50  min              0.000     31

real 376,82
user 29,52
sys 2,27
