21/02/14 21:03:59 INFO org.apache.sysds.api.DMLScript: BEGIN DML run 02/14/2021 21:03:59
21/02/14 21:03:59 INFO org.apache.sysds.utils.NativeHelper: Using native blas: mkl
21/02/14 21:06:06 INFO org.apache.sysds.runtime.instructions.cp.ParamservBuiltinCPInstruction: PARAMETER SERVER
21/02/14 21:06:06 INFO org.apache.sysds.runtime.instructions.cp.ParamservBuiltinCPInstruction: [+] Running in federated mode
21/02/14 21:06:06 INFO org.apache.sysds.runtime.instructions.cp.ParamservBuiltinCPInstruction: [+] Update Type: BSP
21/02/14 21:06:06 INFO org.apache.sysds.runtime.instructions.cp.ParamservBuiltinCPInstruction: [+] Frequency: EPOCH
21/02/14 21:06:06 INFO org.apache.sysds.runtime.instructions.cp.ParamservBuiltinCPInstruction: [+] Data Partitioning: KEEP_DATA_ON_WORKER
21/02/14 21:06:06 INFO org.apache.sysds.runtime.instructions.cp.ParamservBuiltinCPInstruction: [+] Runtime Balancing: NONE
21/02/14 21:06:06 INFO org.apache.sysds.runtime.instructions.cp.ParamservBuiltinCPInstruction: [+] Weighing: false
21/02/14 21:06:06 INFO org.apache.sysds.runtime.instructions.cp.ParamservBuiltinCPInstruction: [+] Seed: -1574536606
21/02/14 21:06:06 INFO org.apache.sysds.runtime.controlprogram.paramserv.ParamServer: Setup config for worker Federated worker_0
21/02/14 21:06:06 INFO org.apache.sysds.runtime.controlprogram.paramserv.ParamServer: Batch size: 512 possible batches: 1367 batches to run: 1367 weighing factor: 1.0
21/02/14 21:07:17 INFO org.apache.sysds.runtime.controlprogram.paramserv.ParamServer: [+] PARAMSERV: completed EPOCH 0
21/02/14 21:08:26 INFO org.apache.sysds.runtime.controlprogram.paramserv.ParamServer: [+] PARAMSERV: completed EPOCH 1
21/02/14 21:09:35 INFO org.apache.sysds.runtime.controlprogram.paramserv.ParamServer: [+] PARAMSERV: completed EPOCH 2
21/02/14 21:10:44 INFO org.apache.sysds.runtime.controlprogram.paramserv.ParamServer: [+] PARAMSERV: completed EPOCH 3
21/02/14 21:11:53 INFO org.apache.sysds.runtime.controlprogram.paramserv.ParamServer: [+] PARAMSERV: completed EPOCH 4
[+] test loss: 1.47132733889256E-11, test accuracy: 1.47132733889256E-11

SystemDS Statistics:
Total elapsed time:		483.056 sec.
Total compilation time:		0.701 sec.
Total execution time:		482.355 sec.
Native mkl calls (dense mult/conv/bwdF/bwdD):	0/0/0/0.
Native mkl calls (sparse conv/bwdF/bwdD):	0/0/0.
Native mkl times (dense mult/conv/bwdF/bwdD):	0.000/0.000/0.000/0.000.
Cache hits (Mem/Li/WB/FS/HDFS):	198/0/0/0/0.
Cache writes (Li/WB/FS/HDFS):	3/34/0/0.
Cache times (ACQr/m, RLS, EXP):	0.008/0.007/0.006/0.000 sec.
HOP DAGs recompiled (PRED, SB):	0/9.
HOP DAGs recompile time:	0.043 sec.
Paramserv total execution time:	347.447 secs.
Paramserv total num workers:	1.
Paramserv setup time:		0.288 secs.
PS fed data partitioning time:	0.004 secs.
PS fed comm time (cum):		4.814 secs.
PS fed worker comp time (cum):	342.061 secs.
PS fed grad weigh time (cum):	0.000 secs.
PS fed global model agg time:	0.027 secs.
Paramserv valdiation time:	0.000 secs.
Federated I/O (Read, Put, Get):	2/20/7.
Federated Execute (Inst, UDF):	73/13.
Total JIT compile time:		6.53 sec.
Total JVM GC count:		3.
Total JVM GC time:		0.04 sec.
Heavy hitter instructions:
  #  Instruction          Time(s)  Count
  1  paramserv            347.448      1
  2  fed_castdtf           31.050      1
  3  fed_transformencode   29.797      1
  4  m_split               13.622      1
  5  fed_rmempty           13.477      4
  6  m_scale               10.361      1
  7  fed_<                  9.606      1
  8  fed_>                  9.316      1
  9  fed_-                  7.874      3
 10  fed_*                  6.896      3
 11  fed_+                  5.705      3
 12  fed_||                 5.403      1
 13  fed_/                  4.982      1
 14  fed_ba+*               3.547      3
 15  fed_uacvar             2.678      1
 16  fed_uacmean            1.913      2
 17  fed_max                1.054      2
 18  fed_uacsqk+            0.865      1
 19  fed_uak+               0.341      1
 20  rand                   0.122      7
 21  rmvar                  0.078     66
 22  >                      0.039      1
 23  <=                     0.023      2
 24  /                      0.020      8
 25  +                      0.019     10
 26  uark+                  0.017      1
 27  -                      0.015      3
 28  uarmax                 0.011      1
 29  log                    0.009      1
 30  exp                    0.007      1
 31  -*                     0.006     30
 32  createvar              0.004     96
 33  sqrt                   0.004     12
 34  nvlist                 0.003      1
 35  *                      0.003      4
 36  rightIndex             0.001      6
 37  nrow                   0.001      1
 38  list                   0.001      6
 39  replace                0.000      2
 40  castdtm                0.000      6
 41  mvvar                  0.000     28
 42  cpvar                  0.000      9
 43  print                  0.000      1
 44  !=                     0.000      1
 45  ==                     0.000      1
 46  >=                     0.000      1
 47  ||                     0.000      1

21/02/14 21:12:03 INFO org.apache.sysds.api.DMLScript: END DML run 02/14/2021 21:12:03
real 486,74
user 16,13
sys 1,13
