
Accuracy:
--sum(ytest) = -17872.337302486932
--sum(yhat) = 10570.383661590651
--AVG_RES_Y: -0.09510929823167662
--SS_AVG_RES_Y: 1.461336496477016E8
--R2: 0.8436589495538269
SystemDS Statistics:
Total elapsed time:		108.629 sec.
Total compilation time:		0.605 sec.
Total execution time:		108.024 sec.
Native mkl calls (dense mult/conv/bwdF/bwdD):	17/0/0/0.
Native mkl calls (sparse conv/bwdF/bwdD):	0/0/0.
Native mkl times (dense mult/conv/bwdF/bwdD):	0.035/0.000/0.000/0.000.
Cache hits (Mem/Li/WB/FS/HDFS):	169/0/0/0/1.
Cache writes (Li/WB/FS/HDFS):	1/8/0/1.
Cache times (ACQr/m, RLS, EXP):	0.063/0.011/0.004/0.042 sec.
HOP DAGs recompiled (PRED, SB):	0/4.
HOP DAGs recompile time:	0.032 sec.
Functions recompiled:		1.
Functions recompile time:	0.013 sec.
Federated I/O (Read, Put, Get):	1/16/14.
Federated Execute (Inst, UDF):	60/4.
Total JIT compile time:		3.053 sec.
Total JVM GC count:		2.
Total JVM GC time:		0.028 sec.
Heavy hitter instructions:
  #  Instruction          Time(s)  Count
  1  fed_transformencode   29.011      1
  2  fed_castdtf           13.475      1
  3  fed_<                  9.451      1
  4  m_scale                9.312      1
  5  m_split                9.297      1
  6  fed_rmempty            9.044      2
  7  fed_>                  8.827      1
  8  fed_*                  8.485      2
  9  fed_-                  7.046      2
 10  fed_/                  4.504      1
 11  fed_+                  4.424      1
 12  fed_||                 3.857      1
 13  m_lm                   3.716      1
 14  m_lmCG                 3.715      1
 15  fed_ba+*               2.865      2
 16  fed_uacvar             2.497      1
 17  fed_mmchain            1.912      7
 18  fed_uacmean            1.426      2
 19  fed_uacsqk+            0.717      1
 20  rmempty                0.109      2
 21  rand                   0.079      4
 22  write                  0.042      2
 23  >                      0.041      9
 24  tsmm                   0.033      9
 25  rmvar                  0.032    141
 26  <=                     0.021      3
 27  rlit                   0.020      1
 28  +                      0.016     30
 29  ba+*                   0.012      8
 30  -                      0.011     15
 31  +*                     0.009     21
 32  uak+                   0.008      3
 33  sqrt                   0.008      2
 34  createvar              0.005    117
 35  *                      0.004     11
 36  r'                     0.002     10
 37  castdts                0.001     18
 38  /                      0.000     18
 39  mvvar                  0.000     47
 40  cpvar                  0.000     35
 41  replace                0.000      2
 42  ==                     0.000     20
 43  nrow                   0.000      1
 44  assignvar              0.000     20
 45  <                      0.000      8
 46  ^                      0.000      3
 47  print                  0.000      1
 48  &&                     0.000      8
 49  ||                     0.000      5
 50  ncol                   0.000      1
 51  >=                     0.000      2
 52  !=                     0.000      1

real 112,20
user 11,33
sys 0,53
