SystemDS Statistics:
Total elapsed time:		50.297 sec.
Total compilation time:		0.790 sec.
Total execution time:		49.507 sec.
Native mkl calls (dense mult/conv/bwdF/bwdD):	0/0/0/0.
Native mkl calls (sparse conv/bwdF/bwdD):	0/0/0.
Native mkl times (dense mult/conv/bwdF/bwdD):	0.000/0.000/0.000/0.000.
Cache hits (Mem/Li/WB/FS/HDFS):	19/0/0/0/0.
Cache writes (Li/WB/FS/HDFS):	0/6/0/1.
Cache times (ACQr/m, RLS, EXP):	0.000/0.001/0.003/0.098 sec.
HOP DAGs recompiled (PRED, SB):	0/2.
HOP DAGs recompile time:	0.005 sec.
Federated I/O (Read, Put, Get):	1/3/4.
Federated Execute (Inst, UDF):	16/0.
Total JIT compile time:		3.956 sec.
Total JVM GC count:		2.
Total JVM GC time:		0.09 sec.
Heavy hitter instructions:
  #  Instruction   Time(s)  Count
  1  m_pca          49.407      1
  2  fed_tsmm       18.252      1
  3  eigen          15.240      1
  4  fed_uacmean     5.897      1
  5  fed_/           4.098      1
  6  fed_-           3.834      1
  7  fed_uacsqk+     0.539      1
  8  fed_uack+       0.456      1
  9  fed_ba+*        0.435      1
 10  ba+*            0.279      1
 11  /               0.157      4
 12  -*              0.148      1
 13  write           0.098      1
 14  tsmm            0.036      1
 15  -               0.011      2
 16  rsort           0.008      1
 17  sqrt            0.007      1
 18  rmvar           0.007     15
 19  ctableexpand    0.005      1
 20  seq             0.002      1
 21  createvar       0.001     23
 22  rightIndex      0.001      1
 23  replace         0.001      2
 24  mvvar           0.000      3
 25  cpvar           0.000      5

real 54.45
user 39.96
sys 0.85
SystemDS Statistics:
Total elapsed time:		45.974 sec.
Total compilation time:		0.788 sec.
Total execution time:		45.187 sec.
Native mkl calls (dense mult/conv/bwdF/bwdD):	0/0/0/0.
Native mkl calls (sparse conv/bwdF/bwdD):	0/0/0.
Native mkl times (dense mult/conv/bwdF/bwdD):	0.000/0.000/0.000/0.000.
Cache hits (Mem/Li/WB/FS/HDFS):	19/0/0/0/0.
Cache writes (Li/WB/FS/HDFS):	0/6/0/1.
Cache times (ACQr/m, RLS, EXP):	0.000/0.001/0.003/0.075 sec.
HOP DAGs recompiled (PRED, SB):	0/2.
HOP DAGs recompile time:	0.006 sec.
Federated I/O (Read, Put, Get):	1/3/4.
Federated Execute (Inst, UDF):	16/0.
Total JIT compile time:		3.987 sec.
Total JVM GC count:		2.
Total JVM GC time:		0.088 sec.
Heavy hitter instructions:
  #  Instruction   Time(s)  Count
  1  m_pca          45.110      1
  2  fed_tsmm       18.054      1
  3  eigen          12.610      1
  4  fed_uacmean     5.773      1
  5  fed_/           3.610      1
  6  fed_-           2.989      1
  7  fed_uacsqk+     0.536      1
  8  fed_uack+       0.511      1
  9  fed_ba+*        0.437      1
 10  ba+*            0.235      1
 11  /               0.159      4
 12  -*              0.120      1
 13  write           0.075      1
 14  tsmm            0.034      1
 15  -               0.011      2
 16  rsort           0.009      1
 17  sqrt            0.007      1
 18  rmvar           0.007     15
 19  ctableexpand    0.006      1
 20  seq             0.003      1
 21  createvar       0.001     23
 22  rightIndex      0.001      1
 23  replace         0.001      2
 24  mvvar           0.000      3
 25  cpvar           0.000      5

real 50.14
user 36.31
sys 0.90
real 51.99
user 7.10
sys 0.64
SystemDS Statistics:
Total elapsed time:		47.490 sec.
Total compilation time:		0.789 sec.
Total execution time:		46.701 sec.
Native mkl calls (dense mult/conv/bwdF/bwdD):	0/0/0/0.
Native mkl calls (sparse conv/bwdF/bwdD):	0/0/0.
Native mkl times (dense mult/conv/bwdF/bwdD):	0.000/0.000/0.000/0.000.
Cache hits (Mem/Li/WB/FS/HDFS):	19/0/0/0/0.
Cache writes (Li/WB/FS/HDFS):	0/6/0/1.
Cache times (ACQr/m, RLS, EXP):	0.000/0.001/0.003/0.078 sec.
HOP DAGs recompiled (PRED, SB):	0/2.
HOP DAGs recompile time:	0.004 sec.
Federated I/O (Read, Put, Get):	1/3/4.
Federated Execute (Inst, UDF):	16/0.
Total JIT compile time:		3.917 sec.
Total JVM GC count:		2.
Total JVM GC time:		0.086 sec.
Heavy hitter instructions:
  #  Instruction   Time(s)  Count
  1  m_pca          46.621      1
  2  fed_tsmm       19.297      1
  3  eigen          12.631      1
  4  fed_uacmean     5.854      1
  5  fed_/           3.613      1
  6  fed_-           3.195      1
  7  fed_uacsqk+     0.518      1
  8  fed_uack+       0.507      1
  9  fed_ba+*        0.394      1
 10  ba+*            0.275      1
 11  /               0.139      4
 12  -*              0.121      1
 13  write           0.078      1
 14  tsmm            0.039      1
 15  -               0.011      2
 16  rsort           0.008      1
 17  ctableexpand    0.007      1
 18  rmvar           0.007     15
 19  sqrt            0.007      1
 20  seq             0.002      1
 21  createvar       0.001     23
 22  rightIndex      0.001      1
 23  replace         0.000      2
 24  mvvar           0.000      3
 25  cpvar           0.000      5

real 51.64
user 36.71
sys 0.67
