SystemDS Statistics:
Total elapsed time:		52.519 sec.
Total compilation time:		0.491 sec.
Total execution time:		52.029 sec.
Native mkl calls (dense mult/conv/bwdF/bwdD):	0/0/0/0.
Native mkl calls (sparse conv/bwdF/bwdD):	0/0/0.
Native mkl times (dense mult/conv/bwdF/bwdD):	0.000/0.000/0.000/0.000.
Cache hits (Mem/Li/WB/FS/HDFS):	19/0/0/0/0.
Cache writes (Li/WB/FS/HDFS):	0/6/0/1.
Cache times (ACQr/m, RLS, EXP):	0.000/0.000/0.001/0.042 sec.
HOP DAGs recompiled (PRED, SB):	0/2.
HOP DAGs recompile time:	0.003 sec.
Federated I/O (Read, Put, Get):	1/3/4.
Federated Execute (Inst, UDF):	16/0.
Total JIT compile time:		2.126 sec.
Total JVM GC count:		2.
Total JVM GC time:		0.026 sec.
Heavy hitter instructions:
  #  Instruction   Time(s)  Count
  1  m_pca          51.985      1
  2  fed_tsmm       20.222      1
  3  eigen          16.508      1
  4  fed_uacmean     5.795      1
  5  fed_/           3.952      1
  6  fed_-           3.480      1
  7  fed_uacsqk+     0.697      1
  8  fed_ba+*        0.613      1
  9  fed_uack+       0.572      1
 10  ba+*            0.044      1
 11  write           0.042      1
 12  /               0.033      4
 13  -*              0.024      1
 14  tsmm            0.020      1
 15  rmvar           0.009     15
 16  -               0.006      2
 17  ctableexpand    0.003      1
 18  rsort           0.003      1
 19  sqrt            0.003      1
 20  seq             0.001      1
 21  createvar       0.001     23
 22  rightIndex      0.001      1
 23  replace         0.000      2
 24  cpvar           0.000      5
 25  mvvar           0.000      3

real 56,17
user 23,66
sys 0,65
SystemDS Statistics:
Total elapsed time:		52.878 sec.
Total compilation time:		0.449 sec.
Total execution time:		52.429 sec.
Native mkl calls (dense mult/conv/bwdF/bwdD):	0/0/0/0.
Native mkl calls (sparse conv/bwdF/bwdD):	0/0/0.
Native mkl times (dense mult/conv/bwdF/bwdD):	0.000/0.000/0.000/0.000.
Cache hits (Mem/Li/WB/FS/HDFS):	19/0/0/0/0.
Cache writes (Li/WB/FS/HDFS):	0/6/0/1.
Cache times (ACQr/m, RLS, EXP):	0.000/0.000/0.001/0.045 sec.
HOP DAGs recompiled (PRED, SB):	0/2.
HOP DAGs recompile time:	0.005 sec.
Federated I/O (Read, Put, Get):	1/3/4.
Federated Execute (Inst, UDF):	16/0.
Total JIT compile time:		2.042 sec.
Total JVM GC count:		2.
Total JVM GC time:		0.026 sec.
Heavy hitter instructions:
  #  Instruction   Time(s)  Count
  1  m_pca          52.382      1
  2  fed_tsmm       19.696      1
  3  eigen          17.188      1
  4  fed_uacmean     5.792      1
  5  fed_/           4.282      1
  6  fed_-           3.138      1
  7  fed_uack+       0.774      1
  8  fed_uacsqk+     0.769      1
  9  fed_ba+*        0.602      1
 10  write           0.045      1
 11  ba+*            0.036      1
 12  /               0.034      4
 13  -*              0.024      1
 14  tsmm            0.020      1
 15  rmvar           0.007     15
 16  -               0.005      2
 17  rsort           0.004      1
 18  ctableexpand    0.003      1
 19  sqrt            0.003      1
 20  seq             0.002      1
 21  createvar       0.001     23
 22  rightIndex      0.001      1
 23  replace         0.000      2
 24  cpvar           0.000      5
 25  mvvar           0.000      3

real 56,51
user 23,96
sys 0,50
SystemDS Statistics:
Total elapsed time:		51.542 sec.
Total compilation time:		0.419 sec.
Total execution time:		51.122 sec.
Native mkl calls (dense mult/conv/bwdF/bwdD):	0/0/0/0.
Native mkl calls (sparse conv/bwdF/bwdD):	0/0/0.
Native mkl times (dense mult/conv/bwdF/bwdD):	0.000/0.000/0.000/0.000.
Cache hits (Mem/Li/WB/FS/HDFS):	19/0/0/0/0.
Cache writes (Li/WB/FS/HDFS):	0/6/0/1.
Cache times (ACQr/m, RLS, EXP):	0.000/0.001/0.001/0.053 sec.
HOP DAGs recompiled (PRED, SB):	0/2.
HOP DAGs recompile time:	0.005 sec.
Federated I/O (Read, Put, Get):	1/3/4.
Federated Execute (Inst, UDF):	16/0.
Total JIT compile time:		2.075 sec.
Total JVM GC count:		2.
Total JVM GC time:		0.026 sec.
Heavy hitter instructions:
  #  Instruction   Time(s)  Count
  1  m_pca          51.067      1
  2  fed_tsmm       19.664      1
  3  eigen          16.194      1
  4  fed_uacmean     5.633      1
  5  fed_/           3.928      1
  6  fed_-           3.493      1
  7  fed_uacsqk+     0.709      1
  8  fed_uack+       0.655      1
  9  fed_ba+*        0.644      1
 10  write           0.053      1
 11  ba+*            0.042      1
 12  /               0.034      4
 13  -*              0.023      1
 14  tsmm            0.019      1
 15  rmvar           0.009     15
 16  -               0.005      2
 17  ctableexpand    0.004      1
 18  rsort           0.004      1
 19  sqrt            0.003      1
 20  seq             0.001      1
 21  createvar       0.001     23
 22  rightIndex      0.001      1
 23  replace         0.000      2
 24  cpvar           0.000      5
 25  mvvar           0.000      3

real 55,17
user 23,06
sys 0,44
