21/03/29 10:51:43 INFO org.apache.sysds.api.DMLScript: BEGIN DML run 03/29/2021 10:51:43
21/03/29 10:51:43 INFO org.apache.sysds.utils.NativeHelper: Using native blas: mkl
21/03/29 10:52:06 INFO org.apache.sysds.runtime.instructions.cp.ParamservBuiltinCPInstruction: PARAMETER SERVER
21/03/29 10:52:06 INFO org.apache.sysds.runtime.instructions.cp.ParamservBuiltinCPInstruction: [+] Running in federated mode
21/03/29 10:52:06 INFO org.apache.sysds.runtime.instructions.cp.ParamservBuiltinCPInstruction: [+] Update Type: BSP
21/03/29 10:52:06 INFO org.apache.sysds.runtime.instructions.cp.ParamservBuiltinCPInstruction: [+] Frequency: EPOCH
21/03/29 10:52:06 INFO org.apache.sysds.runtime.instructions.cp.ParamservBuiltinCPInstruction: [+] Data Partitioning: KEEP_DATA_ON_WORKER
21/03/29 10:52:06 INFO org.apache.sysds.runtime.instructions.cp.ParamservBuiltinCPInstruction: [+] Runtime Balancing: NONE
21/03/29 10:52:06 INFO org.apache.sysds.runtime.instructions.cp.ParamservBuiltinCPInstruction: [+] Weighting: false
21/03/29 10:52:06 INFO org.apache.sysds.runtime.instructions.cp.ParamservBuiltinCPInstruction: [+] Seed: 2100223447
21/03/29 10:52:06 INFO org.apache.sysds.runtime.controlprogram.paramserv.ParamServer: Setup config for worker Federated worker_0
21/03/29 10:52:06 INFO org.apache.sysds.runtime.controlprogram.paramserv.ParamServer: Batch size: 512 possible batches: 1954 batches to run: 1954 weighting factor: 1.0
21/03/29 10:52:40 INFO org.apache.sysds.runtime.controlprogram.paramserv.ParamServer: [+] PARAMSERV: completed EPOCH 0
21/03/29 10:52:40 INFO org.apache.sysds.runtime.controlprogram.paramserv.ParamServer: [+] PARAMSERV: epoch timer: 33.61 secs.
21/03/29 10:53:11 INFO org.apache.sysds.runtime.controlprogram.paramserv.ParamServer: [+] PARAMSERV: completed EPOCH 1
21/03/29 10:53:11 INFO org.apache.sysds.runtime.controlprogram.paramserv.ParamServer: [+] PARAMSERV: epoch timer: 65.068 secs.
21/03/29 10:53:42 INFO org.apache.sysds.runtime.controlprogram.paramserv.ParamServer: [+] PARAMSERV: completed EPOCH 2
21/03/29 10:53:42 INFO org.apache.sysds.runtime.controlprogram.paramserv.ParamServer: [+] PARAMSERV: epoch timer: 95.608 secs.
21/03/29 10:54:12 INFO org.apache.sysds.runtime.controlprogram.paramserv.ParamServer: [+] PARAMSERV: completed EPOCH 3
21/03/29 10:54:12 INFO org.apache.sysds.runtime.controlprogram.paramserv.ParamServer: [+] PARAMSERV: epoch timer: 125.665 secs.
21/03/29 10:54:42 INFO org.apache.sysds.runtime.controlprogram.paramserv.ParamServer: [+] PARAMSERV: completed EPOCH 4
21/03/29 10:54:42 INFO org.apache.sysds.runtime.controlprogram.paramserv.ParamServer: [+] PARAMSERV: epoch timer: 155.861 secs.
[+] test loss: 1.4872586632199265E-11, test accuracy: 1.4872586632199265E-11

SystemDS Statistics:
Total elapsed time:		190.093 sec.
Total compilation time:		1.086 sec.
Total execution time:		189.006 sec.
Native mkl calls (dense mult/conv/bwdF/bwdD):	2/0/0/0.
Native mkl calls (sparse conv/bwdF/bwdD):	0/0/0.
Native mkl times (dense mult/conv/bwdF/bwdD):	2.878/0.000/0.000/0.000.
Cache hits (Mem/Li/WB/FS/HDFS):	187/0/0/0/2.
Cache writes (Li/WB/FS/HDFS):	1/30/0/0.
Cache times (ACQr/m, RLS, EXP):	3.968/0.001/0.009/0.000 sec.
HOP DAGs recompiled (PRED, SB):	0/6.
HOP DAGs recompile time:	0.030 sec.
Paramserv total execution time:	155.869 secs.
Paramserv total num workers:	1.
Paramserv setup time:		0.138 secs.
PS fed data partitioning time:	0.020 secs.
PS fed comm time (cum):		0.180 secs.
PS fed worker comp time (cum):	155.476 secs.
PS fed grad. weigh. time (cum):	0.000 secs.
PS fed global model agg time:	0.029 secs.
Paramserv valdiation time:	0.000 secs.
Federated I/O (Read, Put, Get):	2/7/4.
Federated Execute (Inst, UDF):	14/7.
Total JIT compile time:		6.079 sec.
Total JVM GC count:		3.
Total JVM GC time:		0.956 sec.
Heavy hitter instructions:
  #  Instruction  Time(s)  Count
  1  paramserv    155.872      1
  2  -              6.587      5
  3  fed_uamin      5.906      2
  4  +              4.263     10
  5  ba+*           3.853      3
  6  fed_-          3.309      1
  7  /              2.856      8
  8  fed_/          2.847      1
  9  max            1.890      2
 10  fed_uamax      1.004      2
 11  *              0.232      4
 12  log            0.112      1
 13  uark+          0.109      1
 14  uarmax         0.106      1
 15  rand           0.034      6
 16  rmvar          0.008     47
 17  -*             0.008     30
 18  exp            0.008      1
 19  uak+           0.003      1
 20  createvar      0.003     71
 21  nvlist         0.002      1
 22  list           0.001      6
 23  sqrt           0.001     10
 24  rightIndex     0.001      6
 25  mvvar          0.000     22
 26  print          0.000      1
 27  castdtm        0.000      6
 28  ==             0.000      1

21/03/29 10:54:53 INFO org.apache.sysds.api.DMLScript: END DML run 03/29/2021 10:54:53
real 194.76
user 173.84
sys 16.84
21/03/29 10:54:57 INFO org.apache.sysds.api.DMLScript: BEGIN DML run 03/29/2021 10:54:57
21/03/29 10:54:58 INFO org.apache.sysds.utils.NativeHelper: Using native blas: mkl
21/03/29 10:55:26 INFO org.apache.sysds.runtime.instructions.cp.ParamservBuiltinCPInstruction: PARAMETER SERVER
21/03/29 10:55:26 INFO org.apache.sysds.runtime.instructions.cp.ParamservBuiltinCPInstruction: [+] Running in federated mode
21/03/29 10:55:26 INFO org.apache.sysds.runtime.instructions.cp.ParamservBuiltinCPInstruction: [+] Update Type: BSP
21/03/29 10:55:26 INFO org.apache.sysds.runtime.instructions.cp.ParamservBuiltinCPInstruction: [+] Frequency: EPOCH
21/03/29 10:55:26 INFO org.apache.sysds.runtime.instructions.cp.ParamservBuiltinCPInstruction: [+] Data Partitioning: KEEP_DATA_ON_WORKER
21/03/29 10:55:26 INFO org.apache.sysds.runtime.instructions.cp.ParamservBuiltinCPInstruction: [+] Runtime Balancing: NONE
21/03/29 10:55:26 INFO org.apache.sysds.runtime.instructions.cp.ParamservBuiltinCPInstruction: [+] Weighting: false
21/03/29 10:55:26 INFO org.apache.sysds.runtime.instructions.cp.ParamservBuiltinCPInstruction: [+] Seed: 2100422950
21/03/29 10:55:26 INFO org.apache.sysds.runtime.controlprogram.paramserv.ParamServer: Setup config for worker Federated worker_0
21/03/29 10:55:26 INFO org.apache.sysds.runtime.controlprogram.paramserv.ParamServer: Batch size: 512 possible batches: 1954 batches to run: 1954 weighting factor: 1.0
21/03/29 10:55:57 INFO org.apache.sysds.runtime.controlprogram.paramserv.ParamServer: [+] PARAMSERV: completed EPOCH 0
21/03/29 10:55:57 INFO org.apache.sysds.runtime.controlprogram.paramserv.ParamServer: [+] PARAMSERV: epoch timer: 31.296 secs.
21/03/29 10:56:28 INFO org.apache.sysds.runtime.controlprogram.paramserv.ParamServer: [+] PARAMSERV: completed EPOCH 1
21/03/29 10:56:28 INFO org.apache.sysds.runtime.controlprogram.paramserv.ParamServer: [+] PARAMSERV: epoch timer: 62.148 secs.
21/03/29 10:56:59 INFO org.apache.sysds.runtime.controlprogram.paramserv.ParamServer: [+] PARAMSERV: completed EPOCH 2
21/03/29 10:56:59 INFO org.apache.sysds.runtime.controlprogram.paramserv.ParamServer: [+] PARAMSERV: epoch timer: 92.809 secs.
21/03/29 10:57:29 INFO org.apache.sysds.runtime.controlprogram.paramserv.ParamServer: [+] PARAMSERV: completed EPOCH 3
21/03/29 10:57:29 INFO org.apache.sysds.runtime.controlprogram.paramserv.ParamServer: [+] PARAMSERV: epoch timer: 123.253 secs.
21/03/29 10:58:00 INFO org.apache.sysds.runtime.controlprogram.paramserv.ParamServer: [+] PARAMSERV: completed EPOCH 4
21/03/29 10:58:00 INFO org.apache.sysds.runtime.controlprogram.paramserv.ParamServer: [+] PARAMSERV: epoch timer: 153.803 secs.
[+] test loss: 1.4872586632199265E-11, test accuracy: 1.4872586632199265E-11

SystemDS Statistics:
Total elapsed time:		193.727 sec.
Total compilation time:		1.075 sec.
Total execution time:		192.653 sec.
Native mkl calls (dense mult/conv/bwdF/bwdD):	2/0/0/0.
Native mkl calls (sparse conv/bwdF/bwdD):	0/0/0.
Native mkl times (dense mult/conv/bwdF/bwdD):	2.882/0.000/0.000/0.000.
Cache hits (Mem/Li/WB/FS/HDFS):	187/0/0/0/2.
Cache writes (Li/WB/FS/HDFS):	1/30/0/0.
Cache times (ACQr/m, RLS, EXP):	4.049/0.001/0.009/0.000 sec.
HOP DAGs recompiled (PRED, SB):	0/6.
HOP DAGs recompile time:	0.032 sec.
Paramserv total execution time:	153.811 secs.
Paramserv total num workers:	1.
Paramserv setup time:		0.098 secs.
PS fed data partitioning time:	0.019 secs.
PS fed comm time (cum):		0.143 secs.
PS fed worker comp time (cum):	153.494 secs.
PS fed grad. weigh. time (cum):	0.000 secs.
PS fed global model agg time:	0.028 secs.
Paramserv valdiation time:	0.000 secs.
Federated I/O (Read, Put, Get):	2/7/4.
Federated Execute (Inst, UDF):	14/7.
Total JIT compile time:		7.441 sec.
Total JVM GC count:		3.
Total JVM GC time:		2.271 sec.
Heavy hitter instructions:
  #  Instruction  Time(s)  Count
  1  paramserv    153.814      1
  2  fed_-          8.753      1
  3  -              7.022      5
  4  fed_uamin      4.935      2
  5  +              4.152     10
  6  ba+*           3.833      3
  7  max            3.063      2
  8  /              3.031      8
  9  fed_/          2.496      1
 10  fed_uamax      0.995      2
 11  *              0.204      4
 12  log            0.105      1
 13  uark+          0.098      1
 14  uarmax         0.087      1
 15  rand           0.034      6
 16  exp            0.010      1
 17  rmvar          0.008     47
 18  -*             0.007     30
 19  uak+           0.005      1
 20  createvar      0.003     71
 21  nvlist         0.002      1
 22  list           0.001      6
 23  sqrt           0.001     10
 24  rightIndex     0.001      6
 25  mvvar          0.000     22
 26  print          0.000      1
 27  castdtm        0.000      6
 28  ==             0.000      1

21/03/29 10:58:11 INFO org.apache.sysds.api.DMLScript: END DML run 03/29/2021 10:58:11
real 199.57
user 162.45
sys 57.79
21/03/29 10:58:17 INFO org.apache.sysds.api.DMLScript: BEGIN DML run 03/29/2021 10:58:17
21/03/29 10:58:17 INFO org.apache.sysds.utils.NativeHelper: Using native blas: mkl
21/03/29 10:58:45 INFO org.apache.sysds.runtime.instructions.cp.ParamservBuiltinCPInstruction: PARAMETER SERVER
21/03/29 10:58:45 INFO org.apache.sysds.runtime.instructions.cp.ParamservBuiltinCPInstruction: [+] Running in federated mode
21/03/29 10:58:45 INFO org.apache.sysds.runtime.instructions.cp.ParamservBuiltinCPInstruction: [+] Update Type: BSP
21/03/29 10:58:45 INFO org.apache.sysds.runtime.instructions.cp.ParamservBuiltinCPInstruction: [+] Frequency: EPOCH
21/03/29 10:58:45 INFO org.apache.sysds.runtime.instructions.cp.ParamservBuiltinCPInstruction: [+] Data Partitioning: KEEP_DATA_ON_WORKER
21/03/29 10:58:45 INFO org.apache.sysds.runtime.instructions.cp.ParamservBuiltinCPInstruction: [+] Runtime Balancing: NONE
21/03/29 10:58:45 INFO org.apache.sysds.runtime.instructions.cp.ParamservBuiltinCPInstruction: [+] Weighting: false
21/03/29 10:58:45 INFO org.apache.sysds.runtime.instructions.cp.ParamservBuiltinCPInstruction: [+] Seed: 2100622513
21/03/29 10:58:45 INFO org.apache.sysds.runtime.controlprogram.paramserv.ParamServer: Setup config for worker Federated worker_0
21/03/29 10:58:45 INFO org.apache.sysds.runtime.controlprogram.paramserv.ParamServer: Batch size: 512 possible batches: 1954 batches to run: 1954 weighting factor: 1.0
21/03/29 10:59:16 INFO org.apache.sysds.runtime.controlprogram.paramserv.ParamServer: [+] PARAMSERV: completed EPOCH 0
21/03/29 10:59:16 INFO org.apache.sysds.runtime.controlprogram.paramserv.ParamServer: [+] PARAMSERV: epoch timer: 30.985 secs.
21/03/29 10:59:47 INFO org.apache.sysds.runtime.controlprogram.paramserv.ParamServer: [+] PARAMSERV: completed EPOCH 1
21/03/29 10:59:47 INFO org.apache.sysds.runtime.controlprogram.paramserv.ParamServer: [+] PARAMSERV: epoch timer: 61.24 secs.
21/03/29 11:00:17 INFO org.apache.sysds.runtime.controlprogram.paramserv.ParamServer: [+] PARAMSERV: completed EPOCH 2
21/03/29 11:00:17 INFO org.apache.sysds.runtime.controlprogram.paramserv.ParamServer: [+] PARAMSERV: epoch timer: 91.576 secs.
21/03/29 11:00:48 INFO org.apache.sysds.runtime.controlprogram.paramserv.ParamServer: [+] PARAMSERV: completed EPOCH 3
21/03/29 11:00:48 INFO org.apache.sysds.runtime.controlprogram.paramserv.ParamServer: [+] PARAMSERV: epoch timer: 122.238 secs.
21/03/29 11:01:18 INFO org.apache.sysds.runtime.controlprogram.paramserv.ParamServer: [+] PARAMSERV: completed EPOCH 4
21/03/29 11:01:18 INFO org.apache.sysds.runtime.controlprogram.paramserv.ParamServer: [+] PARAMSERV: epoch timer: 152.897 secs.
[+] test loss: 1.4872586632199265E-11, test accuracy: 1.4872586632199265E-11

SystemDS Statistics:
Total elapsed time:		194.708 sec.
Total compilation time:		1.076 sec.
Total execution time:		193.633 sec.
Native mkl calls (dense mult/conv/bwdF/bwdD):	2/0/0/0.
Native mkl calls (sparse conv/bwdF/bwdD):	0/0/0.
Native mkl times (dense mult/conv/bwdF/bwdD):	2.693/0.000/0.000/0.000.
Cache hits (Mem/Li/WB/FS/HDFS):	187/0/0/0/2.
Cache writes (Li/WB/FS/HDFS):	1/30/0/0.
Cache times (ACQr/m, RLS, EXP):	3.959/0.001/0.009/0.000 sec.
HOP DAGs recompiled (PRED, SB):	0/6.
HOP DAGs recompile time:	0.032 sec.
Paramserv total execution time:	152.905 secs.
Paramserv total num workers:	1.
Paramserv setup time:		0.087 secs.
PS fed data partitioning time:	0.018 secs.
PS fed comm time (cum):		0.142 secs.
PS fed worker comp time (cum):	152.600 secs.
PS fed grad. weigh. time (cum):	0.000 secs.
PS fed global model agg time:	0.029 secs.
Paramserv valdiation time:	0.000 secs.
Federated I/O (Read, Put, Get):	2/7/4.
Federated Execute (Inst, UDF):	14/7.
Total JIT compile time:		9.03 sec.
Total JVM GC count:		4.
Total JVM GC time:		4.058 sec.
Heavy hitter instructions:
  #  Instruction  Time(s)  Count
  1  paramserv    152.908      1
  2  fed_-          8.664      1
  3  -              6.649      5
  4  max            4.935      2
  5  fed_uamin      4.865      2
  6  +              4.156     10
  7  ba+*           3.822      3
  8  /              3.033      8
  9  fed_/          3.020      1
 10  fed_uamax      0.991      2
 11  *              0.195      4
 12  uark+          0.117      1
 13  log            0.115      1
 14  uarmax         0.085      1
 15  rand           0.046      6
 16  exp            0.014      1
 17  rmvar          0.008     47
 18  -*             0.006     30
 19  uak+           0.005      1
 20  createvar      0.003     71
 21  nvlist         0.002      1
 22  list           0.001      6
 23  sqrt           0.001     10
 24  rightIndex     0.001      6
 25  mvvar          0.000     22
 26  print          0.000      1
 27  castdtm        0.000      6
 28  ==             0.000      1

21/03/29 11:01:32 INFO org.apache.sysds.api.DMLScript: END DML run 03/29/2021 11:01:32
real 201.10
user 182.46
sys 67.42
