21/02/14 20:36:15 INFO org.apache.sysds.api.DMLScript: BEGIN DML run 02/14/2021 20:36:15
21/02/14 20:36:15 INFO org.apache.sysds.utils.NativeHelper: Using native blas: mkl
21/02/14 20:38:43 INFO org.apache.sysds.runtime.controlprogram.paramserv.ParamServer: [+] PARAMSERV: completed EPOCH 0
21/02/14 20:38:52 INFO org.apache.sysds.runtime.controlprogram.paramserv.ParamServer: [+] PARAMSERV: completed EPOCH 1
21/02/14 20:39:01 INFO org.apache.sysds.runtime.controlprogram.paramserv.ParamServer: [+] PARAMSERV: completed EPOCH 2
21/02/14 20:39:10 INFO org.apache.sysds.runtime.controlprogram.paramserv.ParamServer: [+] PARAMSERV: completed EPOCH 3
21/02/14 20:39:19 INFO org.apache.sysds.runtime.controlprogram.paramserv.ParamServer: [+] PARAMSERV: completed EPOCH 4
21/02/14 20:39:22 WARN org.apache.sysds.runtime.matrix.data.LibMatrixNative: matrixMult: Native mat mult failed. Falling back to java version (loaded=true, sparse=false)
[+] test loss: 1.5390500527670713E-11, test accuracy: 1.5390500527670713E-11

SystemDS Statistics:
Total elapsed time:		187.220 sec.
Total compilation time:		1.222 sec.
Total execution time:		185.998 sec.
Native mkl calls (dense mult/conv/bwdF/bwdD):	20522/0/0/0.
Native mkl calls (sparse conv/bwdF/bwdD):	0/0/0.
Native mkl times (dense mult/conv/bwdF/bwdD):	13.277/0.000/0.000/0.000.
Cache hits (Mem/Li/WB/FS/HDFS):	506265/0/0/0/2.
Cache writes (Li/WB/FS/HDFS):	2/13727/4/0.
Cache times (ACQr/m, RLS, EXP):	9.248/0.057/33.773/0.000 sec.
HOP DAGs recompiled (PRED, SB):	0/13684.
HOP DAGs recompile time:	7.708 sec.
Paramserv total execution time:	0.000 secs.
Paramserv total num workers:	1.
Paramserv setup time:		0.094 secs.
Paramserv grad compute time:	33.267 secs.
Paramserv model update time:	0.109/0.001 secs.
Paramserv model broadcast time:	0.000 secs.
Paramserv batch slice time:	1.656 secs.
Paramserv RPC request time:	0.000 secs.
Paramserv valdiation time:	0.000 secs.
Total JIT compile time:		27.821 sec.
Total JVM GC count:		25.
Total JVM GC time:		6.532 sec.
Heavy hitter instructions:
  #  Instruction      Time(s)   Count
  1  paramserv         47.252       1
  2  transformencode   28.605       1
  3  castdtf           20.661       1
  4  m_scale           19.188       1
  5  -                 16.844   20526
  6  ba+*              15.209   54723
  7  +                 14.877    6853
  8  /                 14.540   20529
  9  >                  9.260       2
 10  *                  9.250   27367
 11  <                  8.559       1
 12  r'                 7.525   47875
 13  max                7.327   13682
 14  ||                 6.097       2
 15  m_split            5.615       1
 16  rmempty            5.145       4
 17  uacvar             1.811       1
 18  uacmean            1.165       2
 19  uacsqk+            0.495       1
 20  createvar          0.478  266821
 21  rand               0.427       7
 22  -*                 0.320   41040
 23  rmvar              0.300  177891
 24  list               0.160   13681
 25  uark+              0.099       1
 26  exp                0.096    6841
 27  uack+              0.068   13680
 28  relu_backward      0.054   13680
 29  uarmax             0.048       1
 30  <=                 0.038       2
 31  castdtm            0.035    6846
 32  mvvar              0.027   20543
 33  uak+               0.022    6841
 34  log                0.017       1
 35  nvlist             0.002       1
 36  sqrt               0.002      12
 37  rightIndex         0.001       6
 38  replace            0.000       2
 39  print              0.000       1
 40  cpvar              0.000       9
 41  nrow               0.000       1
 42  ==                 0.000       1
 43  !=                 0.000       1
 44  >=                 0.000       1

21/02/14 20:39:22 INFO org.apache.sysds.api.DMLScript: END DML run 02/14/2021 20:39:22
real 191.98
user 1522.31
sys 101.89
