SystemDS Statistics:
Total elapsed time:		47.065 sec.
Total compilation time:		0.784 sec.
Total execution time:		46.280 sec.
Native mkl calls (dense mult/conv/bwdF/bwdD):	2/0/0/0.
Native mkl calls (sparse conv/bwdF/bwdD):	0/0/0.
Native mkl times (dense mult/conv/bwdF/bwdD):	18.598/0.000/0.000/0.000.
Cache hits (Mem/Li/WB/FS/HDFS):	25/0/0/0/1.
Cache writes (Li/WB/FS/HDFS):	0/9/0/1.
Cache times (ACQr/m, RLS, EXP):	4.070/0.001/0.003/0.593 sec.
HOP DAGs recompiled (PRED, SB):	0/2.
HOP DAGs recompile time:	0.005 sec.
Total JIT compile time:		5.088 sec.
Total JVM GC count:		2.
Total JVM GC time:		0.513 sec.
Heavy hitter instructions:
  #  Instruction  Time(s)  Count
  1  m_pca         45.686      1
  2  tsmm          18.270      2
  3  eigen         14.319      1
  4  uacmean        4.635      1
  5  /              3.727      5
  6  -              2.950      3
  7  ba+*           0.685      2
  8  write          0.593      1
  9  uacsqk+        0.501      1
 10  uack+          0.447      1

real 49.28
user 341.23
sys 15.90
SystemDS Statistics:
Total elapsed time:		43.875 sec.
Total compilation time:		0.789 sec.
Total execution time:		43.086 sec.
Native mkl calls (dense mult/conv/bwdF/bwdD):	2/0/0/0.
Native mkl calls (sparse conv/bwdF/bwdD):	0/0/0.
Native mkl times (dense mult/conv/bwdF/bwdD):	18.489/0.000/0.000/0.000.
Cache hits (Mem/Li/WB/FS/HDFS):	25/0/0/0/1.
Cache writes (Li/WB/FS/HDFS):	0/9/0/1.
Cache times (ACQr/m, RLS, EXP):	3.625/0.000/0.003/0.459 sec.
HOP DAGs recompiled (PRED, SB):	0/2.
HOP DAGs recompile time:	0.006 sec.
Total JIT compile time:		3.687 sec.
Total JVM GC count:		2.
Total JVM GC time:		0.387 sec.
Heavy hitter instructions:
  #  Instruction  Time(s)  Count
  1  m_pca         42.626      1
  2  tsmm          18.226      2
  3  eigen         11.547      1
  4  uacmean        4.198      1
  5  /              3.794      5
  6  -              3.148      3
  7  ba+*           0.645      2
  8  uacsqk+        0.490      1
  9  write          0.459      1
 10  uack+          0.437      1

real 46.11
user 328.36
sys 15.63
SystemDS Statistics:
Total elapsed time:		44.369 sec.
Total compilation time:		0.786 sec.
Total execution time:		43.583 sec.
Native mkl calls (dense mult/conv/bwdF/bwdD):	2/0/0/0.
Native mkl calls (sparse conv/bwdF/bwdD):	0/0/0.
Native mkl times (dense mult/conv/bwdF/bwdD):	18.402/0.000/0.000/0.000.
Cache hits (Mem/Li/WB/FS/HDFS):	25/0/0/0/1.
Cache writes (Li/WB/FS/HDFS):	0/9/0/1.
Cache times (ACQr/m, RLS, EXP):	3.818/0.000/0.003/0.588 sec.
HOP DAGs recompiled (PRED, SB):	0/2.
HOP DAGs recompile time:	0.005 sec.
Total JIT compile time:		3.976 sec.
Total JVM GC count:		2.
Total JVM GC time:		0.515 sec.
Heavy hitter instructions:
  #  Instruction  Time(s)  Count
  1  m_pca         42.994      1
  2  tsmm          18.146      2
  3  eigen         12.055      1
  4  uacmean        4.409      1
  5  /              3.752      5
  6  -              2.941      3
  7  ba+*           0.590      2
  8  write          0.588      1
  9  uacsqk+        0.503      1
 10  uack+          0.443      1

real 46.61
user 332.96
sys 15.52
SystemDS Statistics:
Total elapsed time:		44.130 sec.
Total compilation time:		0.822 sec.
Total execution time:		43.307 sec.
Native mkl calls (dense mult/conv/bwdF/bwdD):	2/0/0/0.
Native mkl calls (sparse conv/bwdF/bwdD):	0/0/0.
Native mkl times (dense mult/conv/bwdF/bwdD):	17.621/0.000/0.000/0.000.
Cache hits (Mem/Li/WB/FS/HDFS):	25/0/0/0/1.
Cache writes (Li/WB/FS/HDFS):	0/9/0/1.
Cache times (ACQr/m, RLS, EXP):	4.012/0.000/0.003/0.502 sec.
HOP DAGs recompiled (PRED, SB):	0/2.
HOP DAGs recompile time:	0.006 sec.
Total JIT compile time:		3.199 sec.
Total JVM GC count:		2.
Total JVM GC time:		0.427 sec.
Heavy hitter instructions:
  #  Instruction  Time(s)  Count
  1  m_pca         42.803      1
  2  tsmm          17.291      2
  3  eigen         11.859      1
  4  uacmean        4.587      1
  5  /              4.202      5
  6  -              3.063      3
  7  ba+*           0.685      2
  8  uacsqk+        0.531      1
  9  write          0.502      1
 10  uack+          0.437      1

real 46.35
user 325.28
sys 15.96
SystemDS Statistics:
Total elapsed time:		44.322 sec.
Total compilation time:		0.787 sec.
Total execution time:		43.535 sec.
Native mkl calls (dense mult/conv/bwdF/bwdD):	2/0/0/0.
Native mkl calls (sparse conv/bwdF/bwdD):	0/0/0.
Native mkl times (dense mult/conv/bwdF/bwdD):	18.069/0.000/0.000/0.000.
Cache hits (Mem/Li/WB/FS/HDFS):	25/0/0/0/1.
Cache writes (Li/WB/FS/HDFS):	0/9/0/1.
Cache times (ACQr/m, RLS, EXP):	3.784/0.000/0.003/0.587 sec.
HOP DAGs recompiled (PRED, SB):	0/2.
HOP DAGs recompile time:	0.005 sec.
Total JIT compile time:		3.885 sec.
Total JVM GC count:		2.
Total JVM GC time:		0.512 sec.
Heavy hitter instructions:
  #  Instruction  Time(s)  Count
  1  m_pca         42.947      1
  2  tsmm          17.813      2
  3  eigen         11.769      1
  4  uacmean        4.394      1
  5  /              3.702      5
  6  -              3.592      3
  7  write          0.587      1
  8  ba+*           0.574      2
  9  uacsqk+        0.498      1
 10  uack+          0.469      1

real 46.55
user 330.28
sys 16.09
SystemDS Statistics:
Total elapsed time:		45.209 sec.
Total compilation time:		0.788 sec.
Total execution time:		44.421 sec.
Native mkl calls (dense mult/conv/bwdF/bwdD):	2/0/0/0.
Native mkl calls (sparse conv/bwdF/bwdD):	0/0/0.
Native mkl times (dense mult/conv/bwdF/bwdD):	18.527/0.000/0.000/0.000.
Cache hits (Mem/Li/WB/FS/HDFS):	25/0/0/0/1.
Cache writes (Li/WB/FS/HDFS):	0/9/0/1.
Cache times (ACQr/m, RLS, EXP):	3.914/0.000/0.003/0.587 sec.
HOP DAGs recompiled (PRED, SB):	0/2.
HOP DAGs recompile time:	0.005 sec.
Total JIT compile time:		3.317 sec.
Total JVM GC count:		2.
Total JVM GC time:		0.511 sec.
Heavy hitter instructions:
  #  Instruction  Time(s)  Count
  1  m_pca         43.831      1
  2  tsmm          18.187      2
  3  eigen         12.152      1
  4  uacmean        4.493      1
  5  /              4.367      5
  6  -              2.908      3
  7  ba+*           0.617      2
  8  write          0.588      1
  9  uacsqk+        0.505      1
 10  uack+          0.441      1

real 47.43
user 333.98
sys 17.24
