21/03/28 23:38:47 INFO org.apache.sysds.api.DMLScript: BEGIN DML run 03/28/2021 23:38:47
21/03/28 23:38:47 INFO org.apache.sysds.utils.NativeHelper: Using native blas: mkl
21/03/28 23:38:50 INFO org.apache.sysds.runtime.instructions.cp.ParamservBuiltinCPInstruction: PARAMETER SERVER
21/03/28 23:38:50 INFO org.apache.sysds.runtime.instructions.cp.ParamservBuiltinCPInstruction: [+] Running in federated mode
21/03/28 23:38:50 INFO org.apache.sysds.runtime.instructions.cp.ParamservBuiltinCPInstruction: [+] Update Type: BSP
21/03/28 23:38:50 INFO org.apache.sysds.runtime.instructions.cp.ParamservBuiltinCPInstruction: [+] Frequency: EPOCH
21/03/28 23:38:50 INFO org.apache.sysds.runtime.instructions.cp.ParamservBuiltinCPInstruction: [+] Data Partitioning: KEEP_DATA_ON_WORKER
21/03/28 23:38:50 INFO org.apache.sysds.runtime.instructions.cp.ParamservBuiltinCPInstruction: [+] Runtime Balancing: NONE
21/03/28 23:38:50 INFO org.apache.sysds.runtime.instructions.cp.ParamservBuiltinCPInstruction: [+] Weighting: false
21/03/28 23:38:50 INFO org.apache.sysds.runtime.instructions.cp.ParamservBuiltinCPInstruction: [+] Seed: 2059827131
21/03/28 23:38:50 INFO org.apache.sysds.runtime.controlprogram.paramserv.ParamServer: Setup config for worker Federated worker_0
21/03/28 23:38:50 INFO org.apache.sysds.runtime.controlprogram.paramserv.ParamServer: Batch size: 128 possible batches: 79 batches to run: 79 weighting factor: 1.0
21/03/28 23:38:50 INFO org.apache.sysds.runtime.controlprogram.paramserv.ParamServer: Setup config for worker Federated worker_1
21/03/28 23:38:50 INFO org.apache.sysds.runtime.controlprogram.paramserv.ParamServer: Batch size: 128 possible batches: 79 batches to run: 79 weighting factor: 1.0
21/03/28 23:38:51 INFO org.apache.sysds.runtime.controlprogram.paramserv.ParamServer: Setup config for worker Federated worker_2
21/03/28 23:38:51 INFO org.apache.sysds.runtime.controlprogram.paramserv.ParamServer: Batch size: 128 possible batches: 79 batches to run: 79 weighting factor: 1.0
21/03/28 23:38:51 INFO org.apache.sysds.runtime.controlprogram.paramserv.ParamServer: Setup config for worker Federated worker_3
21/03/28 23:38:51 INFO org.apache.sysds.runtime.controlprogram.paramserv.ParamServer: Batch size: 128 possible batches: 79 batches to run: 79 weighting factor: 1.0
21/03/28 23:38:51 INFO org.apache.sysds.runtime.controlprogram.paramserv.ParamServer: Setup config for worker Federated worker_4
21/03/28 23:38:51 INFO org.apache.sysds.runtime.controlprogram.paramserv.ParamServer: Batch size: 128 possible batches: 79 batches to run: 79 weighting factor: 1.0
21/03/28 23:38:51 INFO org.apache.sysds.runtime.controlprogram.paramserv.ParamServer: Setup config for worker Federated worker_5
21/03/28 23:38:51 INFO org.apache.sysds.runtime.controlprogram.paramserv.ParamServer: Batch size: 128 possible batches: 79 batches to run: 79 weighting factor: 1.0
21/03/28 23:39:37 INFO org.apache.sysds.runtime.controlprogram.paramserv.ParamServer: [+] PARAMSERV: completed EPOCH 0
21/03/28 23:39:37 INFO org.apache.sysds.runtime.controlprogram.paramserv.ParamServer: [+] PARAMSERV: epoch timer: 47.338 secs.
21/03/28 23:40:25 INFO org.apache.sysds.runtime.controlprogram.paramserv.ParamServer: [+] PARAMSERV: completed EPOCH 1
21/03/28 23:40:25 INFO org.apache.sysds.runtime.controlprogram.paramserv.ParamServer: [+] PARAMSERV: epoch timer: 94.729 secs.
channels   : 1
epochs     : 2
freq       : EPOCH
batch_size : 128
-24.929208938137215
SystemDS Statistics:
Total elapsed time:		97.517 sec.
Total compilation time:		0.745 sec.
Total execution time:		96.772 sec.
Native mkl calls (dense mult/conv/bwdF/bwdD):	0/0/0/0.
Native mkl calls (sparse conv/bwdF/bwdD):	0/0/0.
Native mkl times (dense mult/conv/bwdF/bwdD):	0.000/0.000/0.000/0.000.
Cache hits (Mem/Li/WB/FS/HDFS):	770/0/0/0/0.
Cache writes (Li/WB/FS/HDFS):	2/80/0/0.
Cache times (ACQr/m, RLS, EXP):	0.009/0.002/0.013/0.000 sec.
HOP DAGs recompiled (PRED, SB):	0/3.
HOP DAGs recompile time:	0.018 sec.
Paramserv total execution time:	94.811 secs.
Paramserv total num workers:	6.
Paramserv setup time:		1.413 secs.
PS fed data partitioning time:	0.227 secs.
PS fed comm time (cum):		129.014 secs.
PS fed worker comp time (cum):	354.007 secs.
PS fed grad. weigh. time (cum):	0.000 secs.
PS fed global model agg time:	0.091 secs.
Paramserv valdiation time:	0.000 secs.
Federated I/O (Read, Put, Get):	12/14/2.
Federated Execute (Inst, UDF):	10/24.
Total JIT compile time:		4.109 sec.
Total JVM GC count:		3.
Total JVM GC time:		0.04 sec.
Heavy hitter instructions:
  #  Instruction  Time(s)  Count
  1  paramserv     94.814      1
  2  fed_uamin      1.128      1
  3  fed_-          0.285      1
  4  fed_/          0.215      1
  5  fed_uamax      0.135      1
  6  rand           0.083     13
  7  *              0.060     35
  8  -              0.038     17
  9  rmvar          0.038     49
 10  -*             0.019     16
 11  uak+           0.016      1
 12  +*             0.013     16
 13  nvlist         0.002      1
 14  createvar      0.002     87
 15  /              0.001     13
 16  list           0.001      3
 17  print          0.001      5
 18  sqrt           0.000     10
 19  mvvar          0.000     54
 20  rightIndex     0.000      1
 21  +              0.000     12
 22  castdtm        0.000      1
 23  ==             0.000      3

21/03/28 23:40:25 INFO org.apache.sysds.api.DMLScript: END DML run 03/28/2021 23:40:25
real 101,00
user 13,75
sys 1,45
21/03/28 23:40:28 INFO org.apache.sysds.api.DMLScript: BEGIN DML run 03/28/2021 23:40:28
21/03/28 23:40:28 INFO org.apache.sysds.utils.NativeHelper: Using native blas: mkl
21/03/28 23:40:30 INFO org.apache.sysds.runtime.instructions.cp.ParamservBuiltinCPInstruction: PARAMETER SERVER
21/03/28 23:40:30 INFO org.apache.sysds.runtime.instructions.cp.ParamservBuiltinCPInstruction: [+] Running in federated mode
21/03/28 23:40:30 INFO org.apache.sysds.runtime.instructions.cp.ParamservBuiltinCPInstruction: [+] Update Type: BSP
21/03/28 23:40:30 INFO org.apache.sysds.runtime.instructions.cp.ParamservBuiltinCPInstruction: [+] Frequency: EPOCH
21/03/28 23:40:30 INFO org.apache.sysds.runtime.instructions.cp.ParamservBuiltinCPInstruction: [+] Data Partitioning: KEEP_DATA_ON_WORKER
21/03/28 23:40:30 INFO org.apache.sysds.runtime.instructions.cp.ParamservBuiltinCPInstruction: [+] Runtime Balancing: NONE
21/03/28 23:40:30 INFO org.apache.sysds.runtime.instructions.cp.ParamservBuiltinCPInstruction: [+] Weighting: false
21/03/28 23:40:30 INFO org.apache.sysds.runtime.instructions.cp.ParamservBuiltinCPInstruction: [+] Seed: 2059927449
21/03/28 23:40:31 INFO org.apache.sysds.runtime.controlprogram.paramserv.ParamServer: Setup config for worker Federated worker_0
21/03/28 23:40:31 INFO org.apache.sysds.runtime.controlprogram.paramserv.ParamServer: Batch size: 128 possible batches: 79 batches to run: 79 weighting factor: 1.0
21/03/28 23:40:31 INFO org.apache.sysds.runtime.controlprogram.paramserv.ParamServer: Setup config for worker Federated worker_1
21/03/28 23:40:31 INFO org.apache.sysds.runtime.controlprogram.paramserv.ParamServer: Batch size: 128 possible batches: 79 batches to run: 79 weighting factor: 1.0
21/03/28 23:40:31 INFO org.apache.sysds.runtime.controlprogram.paramserv.ParamServer: Setup config for worker Federated worker_2
21/03/28 23:40:31 INFO org.apache.sysds.runtime.controlprogram.paramserv.ParamServer: Batch size: 128 possible batches: 79 batches to run: 79 weighting factor: 1.0
21/03/28 23:40:31 INFO org.apache.sysds.runtime.controlprogram.paramserv.ParamServer: Setup config for worker Federated worker_3
21/03/28 23:40:31 INFO org.apache.sysds.runtime.controlprogram.paramserv.ParamServer: Batch size: 128 possible batches: 79 batches to run: 79 weighting factor: 1.0
21/03/28 23:40:31 INFO org.apache.sysds.runtime.controlprogram.paramserv.ParamServer: Setup config for worker Federated worker_4
21/03/28 23:40:31 INFO org.apache.sysds.runtime.controlprogram.paramserv.ParamServer: Batch size: 128 possible batches: 79 batches to run: 79 weighting factor: 1.0
21/03/28 23:40:32 INFO org.apache.sysds.runtime.controlprogram.paramserv.ParamServer: Setup config for worker Federated worker_5
21/03/28 23:40:32 INFO org.apache.sysds.runtime.controlprogram.paramserv.ParamServer: Batch size: 128 possible batches: 79 batches to run: 79 weighting factor: 1.0
21/03/28 23:41:14 INFO org.apache.sysds.runtime.controlprogram.paramserv.ParamServer: [+] PARAMSERV: completed EPOCH 0
21/03/28 23:41:14 INFO org.apache.sysds.runtime.controlprogram.paramserv.ParamServer: [+] PARAMSERV: epoch timer: 43.502 secs.
21/03/28 23:42:03 INFO org.apache.sysds.runtime.controlprogram.paramserv.ParamServer: [+] PARAMSERV: completed EPOCH 1
21/03/28 23:42:03 INFO org.apache.sysds.runtime.controlprogram.paramserv.ParamServer: [+] PARAMSERV: epoch timer: 92.561 secs.
channels   : 1
epochs     : 2
freq       : EPOCH
batch_size : 128
-26.31274442121517
SystemDS Statistics:
Total elapsed time:		94.666 sec.
Total compilation time:		0.768 sec.
Total execution time:		93.898 sec.
Native mkl calls (dense mult/conv/bwdF/bwdD):	0/0/0/0.
Native mkl calls (sparse conv/bwdF/bwdD):	0/0/0.
Native mkl times (dense mult/conv/bwdF/bwdD):	0.000/0.000/0.000/0.000.
Cache hits (Mem/Li/WB/FS/HDFS):	770/0/0/0/0.
Cache writes (Li/WB/FS/HDFS):	2/80/0/0.
Cache times (ACQr/m, RLS, EXP):	0.011/0.002/0.009/0.000 sec.
HOP DAGs recompiled (PRED, SB):	0/3.
HOP DAGs recompile time:	0.016 sec.
Paramserv total execution time:	92.654 secs.
Paramserv total num workers:	6.
Paramserv setup time:		1.320 secs.
PS fed data partitioning time:	0.210 secs.
PS fed comm time (cum):		141.240 secs.
PS fed worker comp time (cum):	351.685 secs.
PS fed grad. weigh. time (cum):	0.000 secs.
PS fed global model agg time:	0.091 secs.
Paramserv valdiation time:	0.000 secs.
Federated I/O (Read, Put, Get):	12/14/2.
Federated Execute (Inst, UDF):	10/24.
Total JIT compile time:		3.825 sec.
Total JVM GC count:		3.
Total JVM GC time:		0.042 sec.
Heavy hitter instructions:
  #  Instruction  Time(s)  Count
  1  paramserv     92.656      1
  2  fed_uamin      0.570      1
  3  fed_uamax      0.182      1
  4  fed_/          0.175      1
  5  fed_-          0.159      1
  6  *              0.059     35
  7  rand           0.058     13
  8  -              0.037     17
  9  rmvar          0.026     49
 10  -*             0.020     16
 11  uak+           0.016      1
 12  +*             0.014     16
 13  nvlist         0.001      1
 14  createvar      0.001     87
 15  /              0.001     13
 16  print          0.001      5
 17  list           0.001      3
 18  sqrt           0.000     10
 19  mvvar          0.000     54
 20  rightIndex     0.000      1
 21  +              0.000     12
 22  castdtm        0.000      1
 23  ==             0.000      3

21/03/28 23:42:03 INFO org.apache.sysds.api.DMLScript: END DML run 03/28/2021 23:42:03
real 97,72
user 14,21
sys 1,42
21/03/28 23:42:06 INFO org.apache.sysds.api.DMLScript: BEGIN DML run 03/28/2021 23:42:06
21/03/28 23:42:06 INFO org.apache.sysds.utils.NativeHelper: Using native blas: mkl
21/03/28 23:42:08 INFO org.apache.sysds.runtime.instructions.cp.ParamservBuiltinCPInstruction: PARAMETER SERVER
21/03/28 23:42:08 INFO org.apache.sysds.runtime.instructions.cp.ParamservBuiltinCPInstruction: [+] Running in federated mode
21/03/28 23:42:08 INFO org.apache.sysds.runtime.instructions.cp.ParamservBuiltinCPInstruction: [+] Update Type: BSP
21/03/28 23:42:08 INFO org.apache.sysds.runtime.instructions.cp.ParamservBuiltinCPInstruction: [+] Frequency: EPOCH
21/03/28 23:42:08 INFO org.apache.sysds.runtime.instructions.cp.ParamservBuiltinCPInstruction: [+] Data Partitioning: KEEP_DATA_ON_WORKER
21/03/28 23:42:08 INFO org.apache.sysds.runtime.instructions.cp.ParamservBuiltinCPInstruction: [+] Runtime Balancing: NONE
21/03/28 23:42:08 INFO org.apache.sysds.runtime.instructions.cp.ParamservBuiltinCPInstruction: [+] Weighting: false
21/03/28 23:42:08 INFO org.apache.sysds.runtime.instructions.cp.ParamservBuiltinCPInstruction: [+] Seed: 2060025321
21/03/28 23:42:08 INFO org.apache.sysds.runtime.controlprogram.paramserv.ParamServer: Setup config for worker Federated worker_0
21/03/28 23:42:08 INFO org.apache.sysds.runtime.controlprogram.paramserv.ParamServer: Batch size: 128 possible batches: 79 batches to run: 79 weighting factor: 1.0
21/03/28 23:42:09 INFO org.apache.sysds.runtime.controlprogram.paramserv.ParamServer: Setup config for worker Federated worker_1
21/03/28 23:42:09 INFO org.apache.sysds.runtime.controlprogram.paramserv.ParamServer: Batch size: 128 possible batches: 79 batches to run: 79 weighting factor: 1.0
21/03/28 23:42:09 INFO org.apache.sysds.runtime.controlprogram.paramserv.ParamServer: Setup config for worker Federated worker_2
21/03/28 23:42:09 INFO org.apache.sysds.runtime.controlprogram.paramserv.ParamServer: Batch size: 128 possible batches: 79 batches to run: 79 weighting factor: 1.0
21/03/28 23:42:09 INFO org.apache.sysds.runtime.controlprogram.paramserv.ParamServer: Setup config for worker Federated worker_3
21/03/28 23:42:09 INFO org.apache.sysds.runtime.controlprogram.paramserv.ParamServer: Batch size: 128 possible batches: 79 batches to run: 79 weighting factor: 1.0
21/03/28 23:42:09 INFO org.apache.sysds.runtime.controlprogram.paramserv.ParamServer: Setup config for worker Federated worker_4
21/03/28 23:42:09 INFO org.apache.sysds.runtime.controlprogram.paramserv.ParamServer: Batch size: 128 possible batches: 79 batches to run: 79 weighting factor: 1.0
21/03/28 23:42:09 INFO org.apache.sysds.runtime.controlprogram.paramserv.ParamServer: Setup config for worker Federated worker_5
21/03/28 23:42:09 INFO org.apache.sysds.runtime.controlprogram.paramserv.ParamServer: Batch size: 128 possible batches: 79 batches to run: 79 weighting factor: 1.0
21/03/28 23:42:57 INFO org.apache.sysds.runtime.controlprogram.paramserv.ParamServer: [+] PARAMSERV: completed EPOCH 0
21/03/28 23:42:57 INFO org.apache.sysds.runtime.controlprogram.paramserv.ParamServer: [+] PARAMSERV: epoch timer: 48.477 secs.
21/03/28 23:43:42 INFO org.apache.sysds.runtime.controlprogram.paramserv.ParamServer: [+] PARAMSERV: completed EPOCH 1
21/03/28 23:43:42 INFO org.apache.sysds.runtime.controlprogram.paramserv.ParamServer: [+] PARAMSERV: epoch timer: 93.589 secs.
channels   : 1
epochs     : 2
freq       : EPOCH
batch_size : 128
-26.830725658019727
SystemDS Statistics:
Total elapsed time:		95.776 sec.
Total compilation time:		0.750 sec.
Total execution time:		95.026 sec.
Native mkl calls (dense mult/conv/bwdF/bwdD):	0/0/0/0.
Native mkl calls (sparse conv/bwdF/bwdD):	0/0/0.
Native mkl times (dense mult/conv/bwdF/bwdD):	0.000/0.000/0.000/0.000.
Cache hits (Mem/Li/WB/FS/HDFS):	770/0/0/0/0.
Cache writes (Li/WB/FS/HDFS):	2/80/0/0.
Cache times (ACQr/m, RLS, EXP):	0.015/0.002/0.014/0.000 sec.
HOP DAGs recompiled (PRED, SB):	0/3.
HOP DAGs recompile time:	0.014 sec.
Paramserv total execution time:	93.677 secs.
Paramserv total num workers:	6.
Paramserv setup time:		1.319 secs.
PS fed data partitioning time:	0.241 secs.
PS fed comm time (cum):		131.889 secs.
PS fed worker comp time (cum):	356.198 secs.
PS fed grad. weigh. time (cum):	0.000 secs.
PS fed global model agg time:	0.081 secs.
Paramserv valdiation time:	0.000 secs.
Federated I/O (Read, Put, Get):	12/14/2.
Federated Execute (Inst, UDF):	10/24.
Total JIT compile time:		4.254 sec.
Total JVM GC count:		3.
Total JVM GC time:		0.044 sec.
Heavy hitter instructions:
  #  Instruction  Time(s)  Count
  1  paramserv     93.678      1
  2  fed_uamin      0.623      1
  3  fed_/          0.199      1
  4  fed_-          0.180      1
  5  fed_uamax      0.173      1
  6  rand           0.072     13
  7  *              0.056     35
  8  rmvar          0.033     49
  9  -              0.030     17
 10  -*             0.018     16
 11  uak+           0.016      1
 12  +*             0.015     16
 13  createvar      0.002     87
 14  nvlist         0.001      1
 15  /              0.001     13
 16  print          0.001      5
 17  list           0.001      3
 18  sqrt           0.000     10
 19  mvvar          0.000     54
 20  rightIndex     0.000      1
 21  +              0.000     12
 22  castdtm        0.000      1
 23  ==             0.000      3

21/03/28 23:43:42 INFO org.apache.sysds.api.DMLScript: END DML run 03/28/2021 23:43:42
real 98,78
user 13,46
sys 1,62
