K-means: No output is produced. Try increasing the number of iterations and/or lower eps.
SystemDS Statistics:
Total elapsed time:		446.660 sec.
Total compilation time:		0.627 sec.
Total execution time:		446.034 sec.
Native mkl calls (dense mult/conv/bwdF/bwdD):	100/0/0/0.
Native mkl calls (sparse conv/bwdF/bwdD):	0/0/0.
Native mkl times (dense mult/conv/bwdF/bwdD):	0.254/0.000/0.000/0.000.
Cache hits (Mem/Li/WB/FS/HDFS):	2471/0/0/0/0.
Cache writes (Li/WB/FS/HDFS):	1/435/0/1.
Cache times (ACQr/m, RLS, EXP):	0.006/0.005/0.046/0.717 sec.
HOP DAGs recompiled (PRED, SB):	0/53.
HOP DAGs recompile time:	0.113 sec.
Functions recompiled:		1.
Functions recompile time:	0.023 sec.
ParFor loops optimized:		1.
ParFor optimize time:		0.017 sec.
ParFor initialize time:		0.002 sec.
ParFor result merge time:	0.031 sec.
ParFor total update in-place:	0/3/4
Federated I/O (Read, Put, Get):	6/846/242.
Federated Execute (Inst, UDF):	1444/0.
Total JIT compile time:		13.406 sec.
Total JVM GC count:		8.
Total JVM GC time:		0.097 sec.
Heavy hitter instructions:
  #  Instruction   Time(s)  Count
  1  m_kmeans      445.316      1
  2  fed_<=         81.777     60
  3  fed_ba+*       78.804    121
  4  fed_/          73.413     60
  5  fed_uarmin     71.289     60
  6  fed_uark+      69.053     60
  7  fed_r'         23.050     60
  8  fed_+          20.307     60
  9  fed_uack+      10.408     60
 10  fed_*           9.696     60
 11  fed_uasqk+      3.306      1
 12  rmvar           2.321   2160
 13  write           0.717      1
 14  ba+*            0.561    150
 15  *               0.551    221
 16  uak+            0.122    169
 17  uark+           0.115     51
 18  uarsqk+         0.058     61
 19  /               0.046     63
 20  rand            0.045     56
 21  +               0.035    335
 22  r'              0.034    180
 23  createvar       0.023   2095
 24  log             0.013      2
 25  ucumk+          0.011     51
 26  <               0.007    111
 27  min             0.006     50
 28  ctable          0.006      1
 29  rexpand         0.005    101
 30  <=              0.004     60
 31  +*              0.003    101
 32  -*              0.003     50
 33  mvvar           0.002    545
 34  seq             0.002    103
 35  leftIndex       0.002      4
 36  castdts         0.002    101
 37  rightIndex      0.001     53
 38  uasqk+          0.001     50
 39  -               0.001     66
 40  cpvar           0.001    235
 41  ifelse          0.001     50
 42  round           0.001      3
 43  assignvar       0.001    188
 44  sqrt            0.000      1
 45  ==              0.000    112
 46  castdtm         0.000     50
 47  >               0.000     60
 48  >=              0.000     60
 49  ncol            0.000      2
 50  print           0.000      1
 51  ctableexpand    0.000      1
 52  castvti         0.000      1

real 450,42
user 55,67
sys 13,04
