K-means: No output is produced. Try increasing the number of iterations and/or lower eps.
SystemDS Statistics:
Total elapsed time:		548.586 sec.
Total compilation time:		0.676 sec.
Total execution time:		547.910 sec.
Native mkl calls (dense mult/conv/bwdF/bwdD):	100/0/0/0.
Native mkl calls (sparse conv/bwdF/bwdD):	0/0/0.
Native mkl times (dense mult/conv/bwdF/bwdD):	0.248/0.000/0.000/0.000.
Cache hits (Mem/Li/WB/FS/HDFS):	2471/0/0/0/0.
Cache writes (Li/WB/FS/HDFS):	1/435/0/1.
Cache times (ACQr/m, RLS, EXP):	0.006/0.004/0.038/0.714 sec.
HOP DAGs recompiled (PRED, SB):	0/53.
HOP DAGs recompile time:	0.111 sec.
Functions recompiled:		1.
Functions recompile time:	0.020 sec.
ParFor loops optimized:		1.
ParFor optimize time:		0.017 sec.
ParFor initialize time:		0.002 sec.
ParFor result merge time:	0.083 sec.
ParFor total update in-place:	0/3/4
Federated I/O (Read, Put, Get):	6/846/242.
Federated Execute (Inst, UDF):	1444/0.
Total JIT compile time:		23.422 sec.
Total JVM GC count:		15.
Total JVM GC time:		0.176 sec.
Heavy hitter instructions:
  #  Instruction   Time(s)  Count
  1  m_kmeans      547.195      1
  2  fed_ba+*      104.614    121
  3  fed_uark+      90.316     60
  4  fed_uarmin     89.998     60
  5  fed_<=         85.779     60
  6  fed_/          82.241     60
  7  fed_r'         27.786     60
  8  fed_+          22.468     60
  9  fed_uack+      20.427     60
 10  fed_*          14.849     60
 11  fed_uasqk+      4.261      1
 12  rmvar           2.599   2160
 13  write           0.714      1
 14  ba+*            0.548    150
 15  *               0.533    221
 16  uark+           0.128     51
 17  uak+            0.089    169
 18  uarsqk+         0.061     61
 19  /               0.043     63
 20  +               0.036    335
 21  r'              0.034    180
 22  createvar       0.022   2095
 23  rand            0.019     56
 24  ucumk+          0.011     51
 25  log             0.010      2
 26  rexpand         0.007    101
 27  <               0.007    111
 28  ctable          0.006      1
 29  min             0.006     50
 30  <=              0.004     60
 31  +*              0.003    101
 32  -*              0.003     50
 33  mvvar           0.003    545
 34  leftIndex       0.002      4
 35  seq             0.002    103
 36  rightIndex      0.001     53
 37  -               0.001     66
 38  uasqk+          0.001     50
 39  cpvar           0.001    235
 40  ==              0.001    112
 41  castdts         0.001    101
 42  round           0.001      3
 43  ifelse          0.001     50
 44  assignvar       0.001    188
 45  castdtm         0.000     50
 46  >               0.000     60
 47  sqrt            0.000      1
 48  >=              0.000     60
 49  ncol            0.000      2
 50  print           0.000      1
 51  ctableexpand    0.000      1
 52  castvti         0.000      1

real 552,75
user 117,96
sys 13,84
