SystemDS Statistics:
Total elapsed time:		3.311 sec.
Total compilation time:		1.018 sec.
Total execution time:		2.293 sec.
Native mkl calls (dense mult/conv/bwdF/bwdD):	41/0/0/0.
Native mkl calls (sparse conv/bwdF/bwdD):	0/0/0.
Native mkl times (dense mult/conv/bwdF/bwdD):	0.002/0.000/0.000/0.000.
Cache hits (Mem/Li/WB/FS/HDFS):	367/0/0/0/1.
Cache writes (Li/WB/FS/HDFS):	0/1/0/1.
Cache times (ACQr/m, RLS, EXP):	0.119/0.001/0.004/0.045 sec.
HOP DAGs recompiled (PRED, SB):	0/0.
HOP DAGs recompile time:	0.000 sec.
Federated I/O (Read, Put, Get):	6/26/21.
Federated Execute (Inst, UDF):	42/0.
Total JIT compile time:		3.524 sec.
Total JVM GC count:		3.
Total JVM GC time:		0.106 sec.
Heavy hitter instructions:
  #  Instruction  Time(s)  Count
  1  m_lmCG         2.247      1
  2  fed_ba+*       1.303      1
  3  fed_mmchain    0.740     20
  4  r'             0.125     23
  5  write          0.045      1
  6  +*             0.017     60
  7  -              0.015     34
  8  <=             0.011      1
  9  ba+*           0.010     21
 10  rand           0.009      2
 11  *              0.006     21
 12  +              0.006     40
 13  createvar      0.005    210
 14  rmvar          0.004    233
 15  tsmm           0.001     20
 16  castdts        0.001     41
 17  mvvar          0.001     51
 18  /              0.000     40
 19  cpvar          0.000     65
 20  assignvar      0.000     45
 21  >              0.000     23
 22  ==             0.000     11
 23  <              0.000     21
 24  &&             0.000     21
 25  ||             0.000      2
 26  ^              0.000      1
 27  >=             0.000      1

real 6.97
user 13.04
sys 0.92
SystemDS Statistics:
Total elapsed time:		3.052 sec.
Total compilation time:		1.011 sec.
Total execution time:		2.042 sec.
Native mkl calls (dense mult/conv/bwdF/bwdD):	41/0/0/0.
Native mkl calls (sparse conv/bwdF/bwdD):	0/0/0.
Native mkl times (dense mult/conv/bwdF/bwdD):	0.002/0.000/0.000/0.000.
Cache hits (Mem/Li/WB/FS/HDFS):	367/0/0/0/1.
Cache writes (Li/WB/FS/HDFS):	0/1/0/1.
Cache times (ACQr/m, RLS, EXP):	0.116/0.001/0.003/0.046 sec.
HOP DAGs recompiled (PRED, SB):	0/0.
HOP DAGs recompile time:	0.000 sec.
Federated I/O (Read, Put, Get):	6/26/21.
Federated Execute (Inst, UDF):	42/0.
Total JIT compile time:		3.535 sec.
Total JVM GC count:		3.
Total JVM GC time:		0.104 sec.
Heavy hitter instructions:
  #  Instruction  Time(s)  Count
  1  m_lmCG         1.995      1
  2  fed_ba+*       1.154      1
  3  fed_mmchain    0.642     20
  4  r'             0.122     23
  5  write          0.046      1
  6  +*             0.016     60
  7  -              0.014     34
  8  <=             0.011      1
  9  ba+*           0.010     21
 10  rand           0.009      2
 11  *              0.006     21
 12  +              0.006     40
 13  createvar      0.005    210
 14  rmvar          0.004    233
 15  tsmm           0.001     20
 16  castdts        0.001     41
 17  mvvar          0.001     51
 18  /              0.000     40
 19  assignvar      0.000     45
 20  cpvar          0.000     65
 21  ==             0.000     11
 22  >              0.000     23
 23  <              0.000     21
 24  &&             0.000     21
 25  ^              0.000      1
 26  ||             0.000      2
 27  >=             0.000      1

real 6.97
user 12.78
sys 0.91
SystemDS Statistics:
Total elapsed time:		3.530 sec.
Total compilation time:		1.003 sec.
Total execution time:		2.527 sec.
Native mkl calls (dense mult/conv/bwdF/bwdD):	41/0/0/0.
Native mkl calls (sparse conv/bwdF/bwdD):	0/0/0.
Native mkl times (dense mult/conv/bwdF/bwdD):	0.002/0.000/0.000/0.000.
Cache hits (Mem/Li/WB/FS/HDFS):	367/0/0/0/1.
Cache writes (Li/WB/FS/HDFS):	0/1/0/1.
Cache times (ACQr/m, RLS, EXP):	0.108/0.001/0.003/0.052 sec.
HOP DAGs recompiled (PRED, SB):	0/0.
HOP DAGs recompile time:	0.000 sec.
Federated I/O (Read, Put, Get):	6/26/21.
Federated Execute (Inst, UDF):	42/0.
Total JIT compile time:		3.647 sec.
Total JVM GC count:		3.
Total JVM GC time:		0.103 sec.
Heavy hitter instructions:
  #  Instruction  Time(s)  Count
  1  m_lmCG         2.475      1
  2  fed_ba+*       1.614      1
  3  fed_mmchain    0.667     20
  4  r'             0.113     23
  5  write          0.052      1
  6  +*             0.016     60
  7  -              0.014     34
  8  rand           0.011      2
  9  <=             0.011      1
 10  ba+*           0.010     21
 11  *              0.007     21
 12  +              0.005     40
 13  createvar      0.005    210
 14  rmvar          0.004    233
 15  tsmm           0.001     20
 16  castdts        0.001     41
 17  mvvar          0.001     51
 18  /              0.000     40
 19  assignvar      0.000     45
 20  cpvar          0.000     65
 21  ==             0.000     11
 22  >              0.000     23
 23  <              0.000     21
 24  &&             0.000     21
 25  ^              0.000      1
 26  ||             0.000      2
 27  >=             0.000      1

real 6.91
user 12.93
sys 0.95
SystemDS Statistics:
Total elapsed time:		3.834 sec.
Total compilation time:		1.019 sec.
Total execution time:		2.815 sec.
Native mkl calls (dense mult/conv/bwdF/bwdD):	41/0/0/0.
Native mkl calls (sparse conv/bwdF/bwdD):	0/0/0.
Native mkl times (dense mult/conv/bwdF/bwdD):	0.002/0.000/0.000/0.000.
Cache hits (Mem/Li/WB/FS/HDFS):	367/0/0/0/1.
Cache writes (Li/WB/FS/HDFS):	0/1/0/1.
Cache times (ACQr/m, RLS, EXP):	0.116/0.001/0.003/0.049 sec.
HOP DAGs recompiled (PRED, SB):	0/0.
HOP DAGs recompile time:	0.000 sec.
Federated I/O (Read, Put, Get):	6/26/21.
Federated Execute (Inst, UDF):	42/0.
Total JIT compile time:		3.499 sec.
Total JVM GC count:		3.
Total JVM GC time:		0.108 sec.
Heavy hitter instructions:
  #  Instruction  Time(s)  Count
  1  m_lmCG         2.765      1
  2  fed_ba+*       1.881      1
  3  fed_mmchain    0.682     20
  4  r'             0.122     23
  5  write          0.049      1
  6  +*             0.017     60
  7  -              0.015     34
  8  <=             0.011      1
  9  ba+*           0.010     21
 10  rand           0.009      2
 11  *              0.007     21
 12  createvar      0.006    210
 13  +              0.005     40
 14  rmvar          0.004    233
 15  tsmm           0.001     20
 16  castdts        0.001     41
 17  mvvar          0.001     51
 18  /              0.000     40
 19  assignvar      0.000     45
 20  cpvar          0.000     65
 21  <              0.000     21
 22  >              0.000     23
 23  ==             0.000     11
 24  &&             0.000     21
 25  ^              0.000      1
 26  ||             0.000      2
 27  >=             0.000      1

real 7.97
user 13.99
sys 0.94
SystemDS Statistics:
Total elapsed time:		3.213 sec.
Total compilation time:		1.017 sec.
Total execution time:		2.196 sec.
Native mkl calls (dense mult/conv/bwdF/bwdD):	41/0/0/0.
Native mkl calls (sparse conv/bwdF/bwdD):	0/0/0.
Native mkl times (dense mult/conv/bwdF/bwdD):	0.002/0.000/0.000/0.000.
Cache hits (Mem/Li/WB/FS/HDFS):	367/0/0/0/1.
Cache writes (Li/WB/FS/HDFS):	0/1/0/1.
Cache times (ACQr/m, RLS, EXP):	0.116/0.001/0.003/0.043 sec.
HOP DAGs recompiled (PRED, SB):	0/0.
HOP DAGs recompile time:	0.000 sec.
Federated I/O (Read, Put, Get):	6/26/21.
Federated Execute (Inst, UDF):	42/0.
Total JIT compile time:		3.492 sec.
Total JVM GC count:		3.
Total JVM GC time:		0.103 sec.
Heavy hitter instructions:
  #  Instruction  Time(s)  Count
  1  m_lmCG         2.152      1
  2  fed_ba+*       1.312      1
  3  fed_mmchain    0.642     20
  4  r'             0.121     23
  5  write          0.043      1
  6  +*             0.016     60
  7  -              0.014     34
  8  <=             0.011      1
  9  ba+*           0.010     21
 10  rand           0.009      2
 11  +              0.006     40
 12  *              0.006     21
 13  createvar      0.005    210
 14  rmvar          0.004    233
 15  tsmm           0.001     20
 16  castdts        0.001     41
 17  mvvar          0.001     51
 18  /              0.000     40
 19  cpvar          0.000     65
 20  assignvar      0.000     45
 21  ==             0.000     11
 22  >              0.000     23
 23  <              0.000     21
 24  &&             0.000     21
 25  ^              0.000      1
 26  ||             0.000      2
 27  >=             0.000      1

real 6.97
user 13.45
sys 0.92
