21/02/14 20:50:27 INFO org.apache.sysds.api.DMLScript: BEGIN DML run 02/14/2021 20:50:27
21/02/14 20:50:27 INFO org.apache.sysds.utils.NativeHelper: Using native blas: mkl
21/02/14 20:50:57 INFO org.apache.sysds.runtime.instructions.cp.ParamservBuiltinCPInstruction: PARAMETER SERVER
21/02/14 20:50:57 INFO org.apache.sysds.runtime.instructions.cp.ParamservBuiltinCPInstruction: [+] Running in federated mode
21/02/14 20:50:57 INFO org.apache.sysds.runtime.instructions.cp.ParamservBuiltinCPInstruction: [+] Update Type: BSP
21/02/14 20:50:57 INFO org.apache.sysds.runtime.instructions.cp.ParamservBuiltinCPInstruction: [+] Frequency: EPOCH
21/02/14 20:50:57 INFO org.apache.sysds.runtime.instructions.cp.ParamservBuiltinCPInstruction: [+] Data Partitioning: KEEP_DATA_ON_WORKER
21/02/14 20:50:57 INFO org.apache.sysds.runtime.instructions.cp.ParamservBuiltinCPInstruction: [+] Runtime Balancing: NONE
21/02/14 20:50:57 INFO org.apache.sysds.runtime.instructions.cp.ParamservBuiltinCPInstruction: [+] Weighing: false
21/02/14 20:50:57 INFO org.apache.sysds.runtime.instructions.cp.ParamservBuiltinCPInstruction: [+] Seed: -1575445844
21/02/14 20:50:57 INFO org.apache.sysds.runtime.controlprogram.paramserv.ParamServer: Setup config for worker Federated worker_0
21/02/14 20:50:57 INFO org.apache.sysds.runtime.controlprogram.paramserv.ParamServer: Batch size: 512 possible batches: 228 batches to run: 228 weighing factor: 1.000128623980655
21/02/14 20:50:57 INFO org.apache.sysds.runtime.controlprogram.paramserv.ParamServer: Setup config for worker Federated worker_1
21/02/14 20:50:57 INFO org.apache.sysds.runtime.controlprogram.paramserv.ParamServer: Batch size: 512 possible batches: 228 batches to run: 228 weighing factor: 0.9987480599216251
21/02/14 20:50:57 INFO org.apache.sysds.runtime.controlprogram.paramserv.ParamServer: Setup config for worker Federated worker_2
21/02/14 20:50:57 INFO org.apache.sysds.runtime.controlprogram.paramserv.ParamServer: Batch size: 512 possible batches: 228 batches to run: 228 weighing factor: 1.000788893748017
21/02/14 20:50:57 INFO org.apache.sysds.runtime.controlprogram.paramserv.ParamServer: Setup config for worker Federated worker_3
21/02/14 20:50:57 INFO org.apache.sysds.runtime.controlprogram.paramserv.ParamServer: Batch size: 512 possible batches: 228 batches to run: 228 weighing factor: 1.0006945694955367
21/02/14 20:50:57 INFO org.apache.sysds.runtime.controlprogram.paramserv.ParamServer: Setup config for worker Federated worker_4
21/02/14 20:50:57 INFO org.apache.sysds.runtime.controlprogram.paramserv.ParamServer: Batch size: 512 possible batches: 228 batches to run: 228 weighing factor: 1.000634544971231
21/02/14 20:50:57 INFO org.apache.sysds.runtime.controlprogram.paramserv.ParamServer: Setup config for worker Federated worker_5
21/02/14 20:50:57 INFO org.apache.sysds.runtime.controlprogram.paramserv.ParamServer: Batch size: 512 possible batches: 228 batches to run: 228 weighing factor: 0.9990053078829351
21/02/14 20:51:02 INFO org.apache.sysds.runtime.controlprogram.paramserv.ParamServer: [+] PARAMSERV: completed EPOCH 0
21/02/14 20:51:07 INFO org.apache.sysds.runtime.controlprogram.paramserv.ParamServer: [+] PARAMSERV: completed EPOCH 1
21/02/14 20:51:11 INFO org.apache.sysds.runtime.controlprogram.paramserv.ParamServer: [+] PARAMSERV: completed EPOCH 2
21/02/14 20:51:15 INFO org.apache.sysds.runtime.controlprogram.paramserv.ParamServer: [+] PARAMSERV: completed EPOCH 3
21/02/14 20:51:20 INFO org.apache.sysds.runtime.controlprogram.paramserv.ParamServer: [+] PARAMSERV: completed EPOCH 4
[+] test loss: 1.4987963142909986E-11, test accuracy: 1.4987963142909986E-11

SystemDS Statistics:
Total elapsed time:		54.065 sec.
Total compilation time:		1.217 sec.
Total execution time:		52.848 sec.
Native mkl calls (dense mult/conv/bwdF/bwdD):	0/0/0/0.
Native mkl calls (sparse conv/bwdF/bwdD):	0/0/0.
Native mkl times (dense mult/conv/bwdF/bwdD):	0.000/0.000/0.000/0.000.
Cache hits (Mem/Li/WB/FS/HDFS):	828/0/0/0/0.
Cache writes (Li/WB/FS/HDFS):	2/52/0/0.
Cache times (ACQr/m, RLS, EXP):	0.029/0.010/0.021/0.000 sec.
HOP DAGs recompiled (PRED, SB):	0/9.
HOP DAGs recompile time:	0.031 sec.
Paramserv total execution time:	22.789 secs.
Paramserv total num workers:	6.
Paramserv setup time:		0.279 secs.
PS fed data partitioning time:	0.012 secs.
PS fed comm time (cum):		0.655 secs.
PS fed worker comp time (cum):	122.449 secs.
PS fed grad weigh time (cum):	0.000 secs.
PS fed global model agg time:	0.021 secs.
Paramserv valdiation time:	0.000 secs.
Federated I/O (Read, Put, Get):	12/70/7.
Federated Execute (Inst, UDF):	73/78.
Total JIT compile time:		9.022 sec.
Total JVM GC count:		3.
Total JVM GC time:		0.108 sec.
Heavy hitter instructions:
  #  Instruction          Time(s)  Count
  1  paramserv             22.790      1
  2  fed_transformencode    8.043      1
  3  fed_castdtf            5.590      1
  4  fed_>                  2.567      1
  5  fed_*                  2.471      3
  6  fed_<                  2.263      1
  7  m_scale                2.131      1
  8  fed_||                 1.580      1
  9  m_split                1.575      1
 10  fed_-                  1.573      3
 11  fed_rmempty            1.158      4
 12  fed_+                  0.970      3
 13  fed_uacvar             0.866      1
 14  fed_/                  0.753      1
 15  fed_ba+*               0.455      3
 16  rand                   0.393      7
 17  fed_uacmean            0.348      2
 18  fed_max                0.184      2
 19  fed_uacsqk+            0.175      1
 20  rmvar                  0.170     66
 21  -                      0.094      3
 22  uark+                  0.068      1
 23  uarmax                 0.064      1
 24  log                    0.053      1
 25  <=                     0.045      2
 26  /                      0.044      8
 27  +                      0.035     10
 28  >                      0.017      1
 29  fed_uak+               0.016      1
 30  exp                    0.015      1
 31  createvar              0.013     96
 32  sqrt                   0.008     12
 33  *                      0.008      4
 34  -*                     0.004     30
 35  nvlist                 0.002      1
 36  list                   0.001      6
 37  replace                0.001      2
 38  nrow                   0.001      1
 39  rightIndex             0.001      6
 40  mvvar                  0.000     28
 41  print                  0.000      1
 42  castdtm                0.000      6
 43  cpvar                  0.000      9
 44  ==                     0.000      1
 45  ||                     0.000      1
 46  !=                     0.000      1
 47  >=                     0.000      1

21/02/14 20:51:21 INFO org.apache.sysds.api.DMLScript: END DML run 02/14/2021 20:51:21
real 58.06
user 39.34
sys 1.45
