
Accuracy:
--sum(ytest) = -41304.95570222369
--sum(yhat) = -13355.83232605924
--AVG_RES_Y: -0.09353382676176888
--SS_AVG_RES_Y: 1.4545185765757152E8
--R2: 0.8443884384923979
SystemDS Statistics:
Total elapsed time:		37.918 sec.
Total compilation time:		0.575 sec.
Total execution time:		37.344 sec.
Native mkl calls (dense mult/conv/bwdF/bwdD):	17/0/0/0.
Native mkl calls (sparse conv/bwdF/bwdD):	0/0/0.
Native mkl times (dense mult/conv/bwdF/bwdD):	0.032/0.000/0.000/0.000.
Cache hits (Mem/Li/WB/FS/HDFS):	169/0/0/0/1.
Cache writes (Li/WB/FS/HDFS):	1/8/0/1.
Cache times (ACQr/m, RLS, EXP):	0.095/0.007/0.003/0.060 sec.
HOP DAGs recompiled (PRED, SB):	0/4.
HOP DAGs recompile time:	0.023 sec.
Functions recompiled:		1.
Functions recompile time:	0.014 sec.
Federated I/O (Read, Put, Get):	6/31/14.
Federated Execute (Inst, UDF):	60/24.
Total JIT compile time:		4.345 sec.
Total JVM GC count:		3.
Total JVM GC time:		0.039 sec.
Heavy hitter instructions:
  #  Instruction          Time(s)  Count
  1  fed_transformencode    8.324      1
  2  fed_castdtf            4.880      1
  3  m_lm                   4.679      1
  4  m_lmCG                 4.678      1
  5  m_split                3.411      1
  6  m_scale                3.221      1
  7  fed_rmempty            3.158      2
  8  fed_mmchain            3.104      7
  9  fed_>                  2.445      1
 10  fed_-                  2.442      2
 11  fed_*                  2.355      2
 12  fed_<                  2.273      1
 13  fed_ba+*               2.001      2
 14  fed_||                 1.663      1
 15  fed_/                  1.423      1
 16  fed_+                  0.971      1
 17  fed_uacvar             0.745      1
 18  fed_uacmean            0.655      2
 19  fed_uacsqk+            0.339      1
 20  rmempty                0.142      2
 21  rmvar                  0.113    141
 22  rand                   0.074      4
 23  write                  0.060      2
 24  tsmm                   0.032      9
 25  <=                     0.025      3
 26  +                      0.012     30
 27  uak+                   0.011      3
 28  -                      0.010     15
 29  +*                     0.009     21
 30  rlit                   0.009      1
 31  >                      0.009      9
 32  ba+*                   0.008      8
 33  sqrt                   0.006      2
 34  createvar              0.005    117
 35  *                      0.003     11
 36  r'                     0.002     10
 37  /                      0.001     18
 38  replace                0.001      2
 39  print                  0.001      1
 40  castdts                0.001     18
 41  mvvar                  0.000     47
 42  cpvar                  0.000     35
 43  assignvar              0.000     20
 44  ==                     0.000     20
 45  nrow                   0.000      1
 46  ^                      0.000      3
 47  <                      0.000      8
 48  &&                     0.000      8
 49  ||                     0.000      5
 50  >=                     0.000      2
 51  ncol                   0.000      1
 52  !=                     0.000      1

real 41,43
user 12,84
sys 1,02
