SystemDS Statistics:
Total elapsed time:		24.946 sec.
Total compilation time:		0.792 sec.
Total execution time:		24.154 sec.
Native mkl calls (dense mult/conv/bwdF/bwdD):	0/0/0/0.
Native mkl calls (sparse conv/bwdF/bwdD):	0/0/0.
Native mkl times (dense mult/conv/bwdF/bwdD):	0.000/0.000/0.000/0.000.
Cache hits (Mem/Li/WB/FS/HDFS):	19/0/0/0/0.
Cache writes (Li/WB/FS/HDFS):	0/6/0/1.
Cache times (ACQr/m, RLS, EXP):	0.000/0.001/0.003/0.090 sec.
HOP DAGs recompiled (PRED, SB):	0/2.
HOP DAGs recompile time:	0.005 sec.
Federated I/O (Read, Put, Get):	6/3/4.
Federated Execute (Inst, UDF):	16/0.
Total JIT compile time:		4.156 sec.
Total JVM GC count:		2.
Total JVM GC time:		0.091 sec.
Heavy hitter instructions:
  #  Instruction   Time(s)  Count
  1  m_pca          24.062      1
  2  eigen          13.240      1
  3  fed_tsmm        3.686      1
  4  fed_/           2.430      1
  5  fed_-           2.424      1
  6  fed_uacmean     1.224      1
  7  ba+*            0.318      1
  8  fed_uacsqk+     0.179      1
  9  /               0.142      4
 10  -*              0.123      1
 11  fed_ba+*        0.108      1
 12  fed_uack+       0.102      1
 13  write           0.090      1
 14  tsmm            0.037      1
 15  rmvar           0.020     15
 16  -               0.011      2
 17  sqrt            0.007      1
 18  rsort           0.006      1
 19  ctableexpand    0.006      1
 20  seq             0.002      1
 21  createvar       0.001     23
 22  replace         0.001      2
 23  rightIndex      0.001      1
 24  mvvar           0.000      3
 25  cpvar           0.000      5

real 29.06
user 39.18
sys 0.94
SystemDS Statistics:
Total elapsed time:		24.472 sec.
Total compilation time:		0.788 sec.
Total execution time:		23.684 sec.
Native mkl calls (dense mult/conv/bwdF/bwdD):	0/0/0/0.
Native mkl calls (sparse conv/bwdF/bwdD):	0/0/0.
Native mkl times (dense mult/conv/bwdF/bwdD):	0.000/0.000/0.000/0.000.
Cache hits (Mem/Li/WB/FS/HDFS):	19/0/0/0/0.
Cache writes (Li/WB/FS/HDFS):	0/6/0/1.
Cache times (ACQr/m, RLS, EXP):	0.000/0.001/0.002/0.070 sec.
HOP DAGs recompiled (PRED, SB):	0/2.
HOP DAGs recompile time:	0.005 sec.
Federated I/O (Read, Put, Get):	6/3/4.
Federated Execute (Inst, UDF):	16/0.
Total JIT compile time:		4.374 sec.
Total JVM GC count:		2.
Total JVM GC time:		0.089 sec.
Heavy hitter instructions:
  #  Instruction   Time(s)  Count
  1  m_pca          23.612      1
  2  eigen          13.134      1
  3  fed_tsmm        3.631      1
  4  fed_/           2.379      1
  5  fed_-           2.369      1
  6  fed_uacmean     1.193      1
  7  ba+*            0.257      1
  8  /               0.156      4
  9  -*              0.122      1
 10  fed_uacsqk+     0.106      1
 11  fed_ba+*        0.101      1
 12  fed_uack+       0.081      1
 13  write           0.070      1
 14  tsmm            0.031      1
 15  rmvar           0.021     15
 16  -               0.011      2
 17  sqrt            0.008      1
 18  rsort           0.008      1
 19  ctableexpand    0.006      1
 20  seq             0.002      1
 21  createvar       0.001     23
 22  rightIndex      0.001      1
 23  replace         0.001      2
 24  mvvar           0.000      3
 25  cpvar           0.000      5

real 28.59
user 37.43
sys 0.87
SystemDS Statistics:
Total elapsed time:		25.046 sec.
Total compilation time:		0.802 sec.
Total execution time:		24.244 sec.
Native mkl calls (dense mult/conv/bwdF/bwdD):	0/0/0/0.
Native mkl calls (sparse conv/bwdF/bwdD):	0/0/0.
Native mkl times (dense mult/conv/bwdF/bwdD):	0.000/0.000/0.000/0.000.
Cache hits (Mem/Li/WB/FS/HDFS):	19/0/0/0/0.
Cache writes (Li/WB/FS/HDFS):	0/6/0/1.
Cache times (ACQr/m, RLS, EXP):	0.000/0.001/0.003/0.076 sec.
HOP DAGs recompiled (PRED, SB):	0/2.
HOP DAGs recompile time:	0.004 sec.
Federated I/O (Read, Put, Get):	6/3/4.
Federated Execute (Inst, UDF):	16/0.
Total JIT compile time:		3.339 sec.
Total JVM GC count:		2.
Total JVM GC time:		0.085 sec.
Heavy hitter instructions:
  #  Instruction   Time(s)  Count
  1  m_pca          24.166      1
  2  eigen          13.338      1
  3  fed_tsmm        3.638      1
  4  fed_-           2.426      1
  5  fed_/           2.044      1
  6  fed_uacmean     1.805      1
  7  ba+*            0.254      1
  8  /               0.142      4
  9  -*              0.131      1
 10  fed_ba+*        0.126      1
 11  fed_uacsqk+     0.111      1
 12  write           0.077      1
 13  fed_uack+       0.069      1
 14  tsmm            0.033      1
 15  rmvar           0.022     15
 16  -               0.011      2
 17  sqrt            0.008      1
 18  rsort           0.006      1
 19  ctableexpand    0.005      1
 20  seq             0.002      1
 21  createvar       0.001     23
 22  rightIndex      0.001      1
 23  replace         0.000      2
 24  mvvar           0.000      3
 25  cpvar           0.000      5

real 29.14
user 37.24
sys 0.92
SystemDS Statistics:
Total elapsed time:		24.377 sec.
Total compilation time:		0.788 sec.
Total execution time:		23.589 sec.
Native mkl calls (dense mult/conv/bwdF/bwdD):	0/0/0/0.
Native mkl calls (sparse conv/bwdF/bwdD):	0/0/0.
Native mkl times (dense mult/conv/bwdF/bwdD):	0.000/0.000/0.000/0.000.
Cache hits (Mem/Li/WB/FS/HDFS):	19/0/0/0/0.
Cache writes (Li/WB/FS/HDFS):	0/6/0/1.
Cache times (ACQr/m, RLS, EXP):	0.000/0.001/0.003/0.072 sec.
HOP DAGs recompiled (PRED, SB):	0/2.
HOP DAGs recompile time:	0.005 sec.
Federated I/O (Read, Put, Get):	6/3/4.
Federated Execute (Inst, UDF):	16/0.
Total JIT compile time:		3.291 sec.
Total JVM GC count:		2.
Total JVM GC time:		0.089 sec.
Heavy hitter instructions:
  #  Instruction   Time(s)  Count
  1  m_pca          23.515      1
  2  eigen          13.775      1
  3  fed_tsmm        3.650      1
  4  fed_-           2.370      1
  5  fed_/           1.690      1
  6  fed_uacmean     1.128      1
  7  ba+*            0.254      1
  8  /               0.138      4
  9  fed_uacsqk+     0.113      1
 10  fed_ba+*        0.111      1
 11  -*              0.106      1
 12  fed_uack+       0.093      1
 13  write           0.072      1
 14  tsmm            0.036      1
 15  rmvar           0.022     15
 16  -               0.011      2
 17  sqrt            0.008      1
 18  rsort           0.007      1
 19  ctableexpand    0.005      1
 20  seq             0.002      1
 21  createvar       0.001     23
 22  rightIndex      0.001      1
 23  replace         0.000      2
 24  mvvar           0.000      3
 25  cpvar           0.000      5

real 28.48
user 36.86
sys 0.86
SystemDS Statistics:
Total elapsed time:		25.016 sec.
Total compilation time:		0.789 sec.
Total execution time:		24.228 sec.
Native mkl calls (dense mult/conv/bwdF/bwdD):	0/0/0/0.
Native mkl calls (sparse conv/bwdF/bwdD):	0/0/0.
Native mkl times (dense mult/conv/bwdF/bwdD):	0.000/0.000/0.000/0.000.
Cache hits (Mem/Li/WB/FS/HDFS):	19/0/0/0/0.
Cache writes (Li/WB/FS/HDFS):	0/6/0/1.
Cache times (ACQr/m, RLS, EXP):	0.000/0.001/0.004/0.075 sec.
HOP DAGs recompiled (PRED, SB):	0/2.
HOP DAGs recompile time:	0.005 sec.
Federated I/O (Read, Put, Get):	6/3/4.
Federated Execute (Inst, UDF):	16/0.
Total JIT compile time:		4.31 sec.
Total JVM GC count:		2.
Total JVM GC time:		0.09 sec.
Heavy hitter instructions:
  #  Instruction   Time(s)  Count
  1  m_pca          24.151      1
  2  eigen          13.065      1
  3  fed_tsmm        3.751      1
  4  fed_-           2.704      1
  5  fed_/           2.551      1
  6  fed_uacmean     1.151      1
  7  ba+*            0.254      1
  8  -*              0.131      1
  9  /               0.128      4
 10  fed_ba+*        0.125      1
 11  fed_uacsqk+     0.117      1
 12  fed_uack+       0.086      1
 13  write           0.076      1
 14  tsmm            0.036      1
 15  rmvar           0.022     15
 16  -               0.011      2
 17  sqrt            0.008      1
 18  rsort           0.006      1
 19  ctableexpand    0.005      1
 20  seq             0.002      1
 21  createvar       0.001     23
 22  rightIndex      0.001      1
 23  replace         0.001      2
 24  mvvar           0.000      3
 25  cpvar           0.000      5

real 29.10
user 36.32
sys 0.90
SystemDS Statistics:
Total elapsed time:		23.927 sec.
Total compilation time:		0.790 sec.
Total execution time:		23.137 sec.
Native mkl calls (dense mult/conv/bwdF/bwdD):	0/0/0/0.
Native mkl calls (sparse conv/bwdF/bwdD):	0/0/0.
Native mkl times (dense mult/conv/bwdF/bwdD):	0.000/0.000/0.000/0.000.
Cache hits (Mem/Li/WB/FS/HDFS):	19/0/0/0/0.
Cache writes (Li/WB/FS/HDFS):	0/6/0/1.
Cache times (ACQr/m, RLS, EXP):	0.000/0.001/0.003/0.079 sec.
HOP DAGs recompiled (PRED, SB):	0/2.
HOP DAGs recompile time:	0.005 sec.
Federated I/O (Read, Put, Get):	6/3/4.
Federated Execute (Inst, UDF):	16/0.
Total JIT compile time:		3.703 sec.
Total JVM GC count:		2.
Total JVM GC time:		0.093 sec.
Heavy hitter instructions:
  #  Instruction   Time(s)  Count
  1  m_pca          23.056      1
  2  eigen          12.719      1
  3  fed_tsmm        3.637      1
  4  fed_-           2.393      1
  5  fed_/           2.220      1
  6  fed_uacmean     1.119      1
  7  ba+*            0.274      1
  8  /               0.152      4
  9  -*              0.144      1
 10  fed_ba+*        0.121      1
 11  fed_uacsqk+     0.103      1
 12  fed_uack+       0.082      1
 13  write           0.080      1
 14  tsmm            0.037      1
 15  rmvar           0.021     15
 16  -               0.011      2
 17  rsort           0.008      1
 18  ctableexpand    0.008      1
 19  sqrt            0.007      1
 20  seq             0.002      1
 21  rightIndex      0.001      1
 22  createvar       0.001     23
 23  replace         0.001      2
 24  mvvar           0.000      3
 25  cpvar           0.000      5

real 28.02
user 38.95
sys 0.83
