SystemDS Statistics:
Total elapsed time:		31.105 sec.
Total compilation time:		0.389 sec.
Total execution time:		30.716 sec.
Native mkl calls (dense mult/conv/bwdF/bwdD):	0/0/0/0.
Native mkl calls (sparse conv/bwdF/bwdD):	0/0/0.
Native mkl times (dense mult/conv/bwdF/bwdD):	0.000/0.000/0.000/0.000.
Cache hits (Mem/Li/WB/FS/HDFS):	19/0/0/0/0.
Cache writes (Li/WB/FS/HDFS):	0/6/0/1.
Cache times (ACQr/m, RLS, EXP):	0.000/0.001/0.001/0.074 sec.
HOP DAGs recompiled (PRED, SB):	0/2.
HOP DAGs recompile time:	0.005 sec.
Federated I/O (Read, Put, Get):	6/3/4.
Federated Execute (Inst, UDF):	16/0.
Total JIT compile time:		2.58 sec.
Total JVM GC count:		2.
Total JVM GC time:		0.026 sec.
Heavy hitter instructions:
  #  Instruction   Time(s)  Count
  1  m_pca          30.640      1
  2  eigen          14.715      1
  3  fed_tsmm        9.777      1
  4  fed_uacmean     2.953      1
  5  fed_/           1.568      1
  6  fed_-           0.623      1
  7  fed_uacsqk+     0.306      1
  8  fed_ba+*        0.283      1
  9  fed_uack+       0.225      1
 10  write           0.075      1
 11  ba+*            0.041      1
 12  tsmm            0.037      1
 13  rmvar           0.033     15
 14  /               0.026      4
 15  -*              0.022      1
 16  sqrt            0.014      1
 17  -               0.005      2
 18  ctableexpand    0.004      1
 19  rsort           0.003      1
 20  seq             0.002      1
 21  createvar       0.001     23
 22  replace         0.001      2
 23  rightIndex      0.001      1
 24  cpvar           0.000      5
 25  mvvar           0.000      3

real 34,67
user 22,88
sys 0,72
SystemDS Statistics:
Total elapsed time:		28.331 sec.
Total compilation time:		0.394 sec.
Total execution time:		27.937 sec.
Native mkl calls (dense mult/conv/bwdF/bwdD):	0/0/0/0.
Native mkl calls (sparse conv/bwdF/bwdD):	0/0/0.
Native mkl times (dense mult/conv/bwdF/bwdD):	0.000/0.000/0.000/0.000.
Cache hits (Mem/Li/WB/FS/HDFS):	19/0/0/0/0.
Cache writes (Li/WB/FS/HDFS):	0/6/0/1.
Cache times (ACQr/m, RLS, EXP):	0.000/0.001/0.001/0.068 sec.
HOP DAGs recompiled (PRED, SB):	0/2.
HOP DAGs recompile time:	0.004 sec.
Federated I/O (Read, Put, Get):	6/3/4.
Federated Execute (Inst, UDF):	16/0.
Total JIT compile time:		2.348 sec.
Total JVM GC count:		2.
Total JVM GC time:		0.026 sec.
Heavy hitter instructions:
  #  Instruction   Time(s)  Count
  1  m_pca          27.867      1
  2  eigen          14.667      1
  3  fed_tsmm        7.769      1
  4  fed_/           1.920      1
  5  fed_uacmean     1.372      1
  6  fed_-           1.131      1
  7  fed_ba+*        0.324      1
  8  fed_uacsqk+     0.248      1
  9  fed_uack+       0.219      1
 10  write           0.068      1
 11  tsmm            0.052      1
 12  ba+*            0.043      1
 13  rmvar           0.036     15
 14  /               0.035      4
 15  -*              0.033      1
 16  -               0.005      2
 17  ctableexpand    0.004      1
 18  rsort           0.003      1
 19  sqrt            0.003      1
 20  seq             0.001      1
 21  createvar       0.001     23
 22  rightIndex      0.001      1
 23  replace         0.000      2
 24  cpvar           0.000      5
 25  mvvar           0.000      3

real 31,92
user 22,83
sys 0,78
SystemDS Statistics:
Total elapsed time:		28.107 sec.
Total compilation time:		0.444 sec.
Total execution time:		27.662 sec.
Native mkl calls (dense mult/conv/bwdF/bwdD):	0/0/0/0.
Native mkl calls (sparse conv/bwdF/bwdD):	0/0/0.
Native mkl times (dense mult/conv/bwdF/bwdD):	0.000/0.000/0.000/0.000.
Cache hits (Mem/Li/WB/FS/HDFS):	19/0/0/0/0.
Cache writes (Li/WB/FS/HDFS):	0/6/0/1.
Cache times (ACQr/m, RLS, EXP):	0.000/0.001/0.001/0.051 sec.
HOP DAGs recompiled (PRED, SB):	0/2.
HOP DAGs recompile time:	0.003 sec.
Federated I/O (Read, Put, Get):	6/3/4.
Federated Execute (Inst, UDF):	16/0.
Total JIT compile time:		2.524 sec.
Total JVM GC count:		2.
Total JVM GC time:		0.026 sec.
Heavy hitter instructions:
  #  Instruction   Time(s)  Count
  1  m_pca          27.609      1
  2  eigen          15.030      1
  3  fed_tsmm        8.311      1
  4  fed_/           1.650      1
  5  fed_uacmean     1.071      1
  6  fed_-           0.581      1
  7  fed_ba+*        0.321      1
  8  fed_uacsqk+     0.232      1
  9  fed_uack+       0.223      1
 10  write           0.052      1
 11  tsmm            0.046      1
 12  rmvar           0.040     15
 13  ba+*            0.033      1
 14  /               0.027      4
 15  -*              0.026      1
 16  -               0.006      2
 17  ctableexpand    0.004      1
 18  rsort           0.003      1
 19  sqrt            0.003      1
 20  seq             0.001      1
 21  createvar       0.001     23
 22  rightIndex      0.001      1
 23  replace         0.000      2
 24  cpvar           0.000      5
 25  mvvar           0.000      3

real 31,66
user 23,14
sys 0,81
SystemDS Statistics:
Total elapsed time:		28.416 sec.
Total compilation time:		0.394 sec.
Total execution time:		28.022 sec.
Native mkl calls (dense mult/conv/bwdF/bwdD):	0/0/0/0.
Native mkl calls (sparse conv/bwdF/bwdD):	0/0/0.
Native mkl times (dense mult/conv/bwdF/bwdD):	0.000/0.000/0.000/0.000.
Cache hits (Mem/Li/WB/FS/HDFS):	19/0/0/0/0.
Cache writes (Li/WB/FS/HDFS):	0/6/0/1.
Cache times (ACQr/m, RLS, EXP):	0.000/0.001/0.001/0.095 sec.
HOP DAGs recompiled (PRED, SB):	0/2.
HOP DAGs recompile time:	0.003 sec.
Federated I/O (Read, Put, Get):	6/3/4.
Federated Execute (Inst, UDF):	16/0.
Total JIT compile time:		2.619 sec.
Total JVM GC count:		2.
Total JVM GC time:		0.025 sec.
Heavy hitter instructions:
  #  Instruction   Time(s)  Count
  1  m_pca          27.925      1
  2  eigen          16.315      1
  3  fed_tsmm        7.617      1
  4  fed_-           1.168      1
  5  fed_uacmean     1.025      1
  6  fed_/           0.781      1
  7  fed_ba+*        0.314      1
  8  fed_uacsqk+     0.288      1
  9  fed_uack+       0.221      1
 10  write           0.096      1
 11  ba+*            0.060      1
 12  tsmm            0.037      1
 13  /               0.029      4
 14  -*              0.023      1
 15  rmvar           0.019     15
 16  sqrt            0.014      1
 17  -               0.005      2
 18  ctableexpand    0.004      1
 19  rsort           0.004      1
 20  seq             0.001      1
 21  createvar       0.001     23
 22  replace         0.001      2
 23  rightIndex      0.001      1
 24  cpvar           0.000      5
 25  mvvar           0.000      3

real 31,91
user 24,80
sys 0,76
