21/03/29 11:19:36 INFO org.apache.sysds.api.DMLScript: BEGIN DML run 03/29/2021 11:19:36
21/03/29 11:19:36 INFO org.apache.sysds.utils.NativeHelper: Using native blas: mkl
21/03/29 11:19:54 INFO org.apache.sysds.runtime.instructions.cp.ParamservBuiltinCPInstruction: PARAMETER SERVER
21/03/29 11:19:54 INFO org.apache.sysds.runtime.instructions.cp.ParamservBuiltinCPInstruction: [+] Running in federated mode
21/03/29 11:19:54 INFO org.apache.sysds.runtime.instructions.cp.ParamservBuiltinCPInstruction: [+] Update Type: BSP
21/03/29 11:19:54 INFO org.apache.sysds.runtime.instructions.cp.ParamservBuiltinCPInstruction: [+] Frequency: EPOCH
21/03/29 11:19:54 INFO org.apache.sysds.runtime.instructions.cp.ParamservBuiltinCPInstruction: [+] Data Partitioning: KEEP_DATA_ON_WORKER
21/03/29 11:19:54 INFO org.apache.sysds.runtime.instructions.cp.ParamservBuiltinCPInstruction: [+] Runtime Balancing: NONE
21/03/29 11:19:54 INFO org.apache.sysds.runtime.instructions.cp.ParamservBuiltinCPInstruction: [+] Weighting: false
21/03/29 11:19:54 INFO org.apache.sysds.runtime.instructions.cp.ParamservBuiltinCPInstruction: [+] Seed: 2101890832
21/03/29 11:19:54 INFO org.apache.sysds.runtime.controlprogram.paramserv.ParamServer: Setup config for worker Federated worker_0
21/03/29 11:19:54 INFO org.apache.sysds.runtime.controlprogram.paramserv.ParamServer: Batch size: 512 possible batches: 326 batches to run: 326 weighting factor: 1.000006000024
21/03/29 11:19:54 INFO org.apache.sysds.runtime.controlprogram.paramserv.ParamServer: Setup config for worker Federated worker_1
21/03/29 11:19:54 INFO org.apache.sysds.runtime.controlprogram.paramserv.ParamServer: Batch size: 512 possible batches: 326 batches to run: 326 weighting factor: 1.000006000024
21/03/29 11:19:54 INFO org.apache.sysds.runtime.controlprogram.paramserv.ParamServer: Setup config for worker Federated worker_2
21/03/29 11:19:54 INFO org.apache.sysds.runtime.controlprogram.paramserv.ParamServer: Batch size: 512 possible batches: 326 batches to run: 326 weighting factor: 1.000006000024
21/03/29 11:19:54 INFO org.apache.sysds.runtime.controlprogram.paramserv.ParamServer: Setup config for worker Federated worker_3
21/03/29 11:19:54 INFO org.apache.sysds.runtime.controlprogram.paramserv.ParamServer: Batch size: 512 possible batches: 326 batches to run: 326 weighting factor: 1.000006000024
21/03/29 11:19:54 INFO org.apache.sysds.runtime.controlprogram.paramserv.ParamServer: Setup config for worker Federated worker_4
21/03/29 11:19:54 INFO org.apache.sysds.runtime.controlprogram.paramserv.ParamServer: Batch size: 512 possible batches: 326 batches to run: 326 weighting factor: 1.000006000024
21/03/29 11:19:54 INFO org.apache.sysds.runtime.controlprogram.paramserv.ParamServer: Setup config for worker Federated worker_5
21/03/29 11:19:54 INFO org.apache.sysds.runtime.controlprogram.paramserv.ParamServer: Batch size: 512 possible batches: 326 batches to run: 326 weighting factor: 0.9999939999759999
21/03/29 11:20:02 INFO org.apache.sysds.runtime.controlprogram.paramserv.ParamServer: [+] PARAMSERV: completed EPOCH 0
21/03/29 11:20:02 INFO org.apache.sysds.runtime.controlprogram.paramserv.ParamServer: [+] PARAMSERV: epoch timer: 8.094 secs.
21/03/29 11:20:08 INFO org.apache.sysds.runtime.controlprogram.paramserv.ParamServer: [+] PARAMSERV: completed EPOCH 1
21/03/29 11:20:08 INFO org.apache.sysds.runtime.controlprogram.paramserv.ParamServer: [+] PARAMSERV: epoch timer: 14.613 secs.
21/03/29 11:20:14 INFO org.apache.sysds.runtime.controlprogram.paramserv.ParamServer: [+] PARAMSERV: completed EPOCH 2
21/03/29 11:20:14 INFO org.apache.sysds.runtime.controlprogram.paramserv.ParamServer: [+] PARAMSERV: epoch timer: 20.439 secs.
21/03/29 11:20:20 INFO org.apache.sysds.runtime.controlprogram.paramserv.ParamServer: [+] PARAMSERV: completed EPOCH 3
21/03/29 11:20:20 INFO org.apache.sysds.runtime.controlprogram.paramserv.ParamServer: [+] PARAMSERV: epoch timer: 26.171 secs.
21/03/29 11:20:25 INFO org.apache.sysds.runtime.controlprogram.paramserv.ParamServer: [+] PARAMSERV: completed EPOCH 4
21/03/29 11:20:25 INFO org.apache.sysds.runtime.controlprogram.paramserv.ParamServer: [+] PARAMSERV: epoch timer: 31.738 secs.
[+] test loss: 1.4872586632199265E-11, test accuracy: 1.4872586632199265E-11

SystemDS Statistics:
Total elapsed time:		60.424 sec.
Total compilation time:		1.086 sec.
Total execution time:		59.338 sec.
Native mkl calls (dense mult/conv/bwdF/bwdD):	2/0/0/0.
Native mkl calls (sparse conv/bwdF/bwdD):	0/0/0.
Native mkl times (dense mult/conv/bwdF/bwdD):	2.846/0.000/0.000/0.000.
Cache hits (Mem/Li/WB/FS/HDFS):	817/0/0/0/2.
Cache writes (Li/WB/FS/HDFS):	1/60/0/0.
Cache times (ACQr/m, RLS, EXP):	3.918/0.003/0.022/0.000 sec.
HOP DAGs recompiled (PRED, SB):	0/6.
HOP DAGs recompile time:	0.034 sec.
Paramserv total execution time:	31.743 secs.
Paramserv total num workers:	6.
Paramserv setup time:		0.204 secs.
PS fed data partitioning time:	0.029 secs.
PS fed comm time (cum):		1.759 secs.
PS fed worker comp time (cum):	168.506 secs.
PS fed grad. weigh. time (cum):	0.000 secs.
PS fed global model agg time:	0.029 secs.
Paramserv valdiation time:	0.000 secs.
Federated I/O (Read, Put, Get):	12/32/4.
Federated Execute (Inst, UDF):	14/42.
Total JIT compile time:		6.214 sec.
Total JVM GC count:		4.
Total JVM GC time:		1.555 sec.
Heavy hitter instructions:
  #  Instruction  Time(s)  Count
  1  paramserv     31.747      1
  2  -              6.536      5
  3  +              4.910     10
  4  ba+*           3.877      3
  5  fed_uamin      3.191      2
  6  /              2.928      8
  7  fed_-          2.453      1
  8  max            1.656      2
  9  fed_/          1.037      1
 10  fed_uamax      0.235      2
 11  *              0.213      4
 12  uark+          0.208      1
 13  log            0.152      1
 14  uarmax         0.103      1
 15  rand           0.048      6
 16  rmvar          0.027     47
 17  exp            0.007      1
 18  -*             0.004     30
 19  uak+           0.004      1
 20  createvar      0.003     71
 21  nvlist         0.002      1
 22  list           0.001      6
 23  sqrt           0.001     10
 24  rightIndex     0.001      6
 25  mvvar          0.000     22
 26  print          0.000      1
 27  castdtm        0.000      6
 28  ==             0.000      1

21/03/29 11:20:37 INFO org.apache.sysds.api.DMLScript: END DML run 03/29/2021 11:20:37
real 66.18
user 191.98
sys 17.72
21/03/29 11:20:42 INFO org.apache.sysds.api.DMLScript: BEGIN DML run 03/29/2021 11:20:42
21/03/29 11:20:42 INFO org.apache.sysds.utils.NativeHelper: Using native blas: mkl
21/03/29 11:20:58 INFO org.apache.sysds.runtime.instructions.cp.ParamservBuiltinCPInstruction: PARAMETER SERVER
21/03/29 11:20:58 INFO org.apache.sysds.runtime.instructions.cp.ParamservBuiltinCPInstruction: [+] Running in federated mode
21/03/29 11:20:58 INFO org.apache.sysds.runtime.instructions.cp.ParamservBuiltinCPInstruction: [+] Update Type: BSP
21/03/29 11:20:58 INFO org.apache.sysds.runtime.instructions.cp.ParamservBuiltinCPInstruction: [+] Frequency: EPOCH
21/03/29 11:20:58 INFO org.apache.sysds.runtime.instructions.cp.ParamservBuiltinCPInstruction: [+] Data Partitioning: KEEP_DATA_ON_WORKER
21/03/29 11:20:58 INFO org.apache.sysds.runtime.instructions.cp.ParamservBuiltinCPInstruction: [+] Runtime Balancing: NONE
21/03/29 11:20:58 INFO org.apache.sysds.runtime.instructions.cp.ParamservBuiltinCPInstruction: [+] Weighting: false
21/03/29 11:20:58 INFO org.apache.sysds.runtime.instructions.cp.ParamservBuiltinCPInstruction: [+] Seed: 2101955524
21/03/29 11:20:58 INFO org.apache.sysds.runtime.controlprogram.paramserv.ParamServer: Setup config for worker Federated worker_0
21/03/29 11:20:58 INFO org.apache.sysds.runtime.controlprogram.paramserv.ParamServer: Batch size: 512 possible batches: 326 batches to run: 326 weighting factor: 1.000006000024
21/03/29 11:20:58 INFO org.apache.sysds.runtime.controlprogram.paramserv.ParamServer: Setup config for worker Federated worker_1
21/03/29 11:20:58 INFO org.apache.sysds.runtime.controlprogram.paramserv.ParamServer: Batch size: 512 possible batches: 326 batches to run: 326 weighting factor: 1.000006000024
21/03/29 11:20:58 INFO org.apache.sysds.runtime.controlprogram.paramserv.ParamServer: Setup config for worker Federated worker_2
21/03/29 11:20:58 INFO org.apache.sysds.runtime.controlprogram.paramserv.ParamServer: Batch size: 512 possible batches: 326 batches to run: 326 weighting factor: 1.000006000024
21/03/29 11:20:58 INFO org.apache.sysds.runtime.controlprogram.paramserv.ParamServer: Setup config for worker Federated worker_3
21/03/29 11:20:58 INFO org.apache.sysds.runtime.controlprogram.paramserv.ParamServer: Batch size: 512 possible batches: 326 batches to run: 326 weighting factor: 1.000006000024
21/03/29 11:20:59 INFO org.apache.sysds.runtime.controlprogram.paramserv.ParamServer: Setup config for worker Federated worker_4
21/03/29 11:20:59 INFO org.apache.sysds.runtime.controlprogram.paramserv.ParamServer: Batch size: 512 possible batches: 326 batches to run: 326 weighting factor: 0.9999939999759999
21/03/29 11:20:59 INFO org.apache.sysds.runtime.controlprogram.paramserv.ParamServer: Setup config for worker Federated worker_5
21/03/29 11:20:59 INFO org.apache.sysds.runtime.controlprogram.paramserv.ParamServer: Batch size: 512 possible batches: 326 batches to run: 326 weighting factor: 1.000006000024
21/03/29 11:21:05 INFO org.apache.sysds.runtime.controlprogram.paramserv.ParamServer: [+] PARAMSERV: completed EPOCH 0
21/03/29 11:21:05 INFO org.apache.sysds.runtime.controlprogram.paramserv.ParamServer: [+] PARAMSERV: epoch timer: 7.058 secs.
21/03/29 11:21:12 INFO org.apache.sysds.runtime.controlprogram.paramserv.ParamServer: [+] PARAMSERV: completed EPOCH 1
21/03/29 11:21:12 INFO org.apache.sysds.runtime.controlprogram.paramserv.ParamServer: [+] PARAMSERV: epoch timer: 13.241 secs.
21/03/29 11:21:17 INFO org.apache.sysds.runtime.controlprogram.paramserv.ParamServer: [+] PARAMSERV: completed EPOCH 2
21/03/29 11:21:17 INFO org.apache.sysds.runtime.controlprogram.paramserv.ParamServer: [+] PARAMSERV: epoch timer: 19.037 secs.
21/03/29 11:21:23 INFO org.apache.sysds.runtime.controlprogram.paramserv.ParamServer: [+] PARAMSERV: completed EPOCH 3
21/03/29 11:21:23 INFO org.apache.sysds.runtime.controlprogram.paramserv.ParamServer: [+] PARAMSERV: epoch timer: 24.685 secs.
21/03/29 11:21:28 INFO org.apache.sysds.runtime.controlprogram.paramserv.ParamServer: [+] PARAMSERV: completed EPOCH 4
21/03/29 11:21:28 INFO org.apache.sysds.runtime.controlprogram.paramserv.ParamServer: [+] PARAMSERV: epoch timer: 30.154 secs.
[+] test loss: 1.4872586632199265E-11, test accuracy: 1.4872586632199265E-11

SystemDS Statistics:
Total elapsed time:		57.405 sec.
Total compilation time:		1.069 sec.
Total execution time:		56.337 sec.
Native mkl calls (dense mult/conv/bwdF/bwdD):	2/0/0/0.
Native mkl calls (sparse conv/bwdF/bwdD):	0/0/0.
Native mkl times (dense mult/conv/bwdF/bwdD):	2.982/0.000/0.000/0.000.
Cache hits (Mem/Li/WB/FS/HDFS):	817/0/0/0/2.
Cache writes (Li/WB/FS/HDFS):	1/60/0/0.
Cache times (ACQr/m, RLS, EXP):	3.890/0.002/0.019/0.000 sec.
HOP DAGs recompiled (PRED, SB):	0/6.
HOP DAGs recompile time:	0.035 sec.
Paramserv total execution time:	30.159 secs.
Paramserv total num workers:	6.
Paramserv setup time:		0.190 secs.
PS fed data partitioning time:	0.028 secs.
PS fed comm time (cum):		1.386 secs.
PS fed worker comp time (cum):	165.772 secs.
PS fed grad. weigh. time (cum):	0.000 secs.
PS fed global model agg time:	0.030 secs.
Paramserv valdiation time:	0.000 secs.
Federated I/O (Read, Put, Get):	12/32/4.
Federated Execute (Inst, UDF):	14/42.
Total JIT compile time:		5.936 sec.
Total JVM GC count:		4.
Total JVM GC time:		1.273 sec.
Heavy hitter instructions:
  #  Instruction  Time(s)  Count
  1  paramserv     30.162      1
  2  -              7.181      5
  3  +              5.056     10
  4  ba+*           4.019      3
  5  /              2.977      8
  6  fed_-          2.452      1
  7  fed_uamin      1.854      2
  8  max            1.442      2
  9  fed_/          0.248      1
 10  uark+          0.247      1
 11  fed_uamax      0.208      2
 12  *              0.181      4
 13  log            0.122      1
 14  uarmax         0.094      1
 15  rand           0.046      6
 16  rmvar          0.026     47
 17  exp            0.011      1
 18  -*             0.005     30
 19  uak+           0.004      1
 20  createvar      0.003     71
 21  nvlist         0.002      1
 22  list           0.001      6
 23  sqrt           0.001     10
 24  rightIndex     0.001      6
 25  mvvar          0.000     22
 26  print          0.000      1
 27  castdtm        0.000      6
 28  ==             0.000      1

21/03/29 11:21:40 INFO org.apache.sysds.api.DMLScript: END DML run 03/29/2021 11:21:40
real 63.14
user 183.84
sys 17.89
21/03/29 11:21:46 INFO org.apache.sysds.api.DMLScript: BEGIN DML run 03/29/2021 11:21:46
21/03/29 11:21:46 INFO org.apache.sysds.utils.NativeHelper: Using native blas: mkl
21/03/29 11:22:00 INFO org.apache.sysds.runtime.instructions.cp.ParamservBuiltinCPInstruction: PARAMETER SERVER
21/03/29 11:22:00 INFO org.apache.sysds.runtime.instructions.cp.ParamservBuiltinCPInstruction: [+] Running in federated mode
21/03/29 11:22:00 INFO org.apache.sysds.runtime.instructions.cp.ParamservBuiltinCPInstruction: [+] Update Type: BSP
21/03/29 11:22:00 INFO org.apache.sysds.runtime.instructions.cp.ParamservBuiltinCPInstruction: [+] Frequency: EPOCH
21/03/29 11:22:00 INFO org.apache.sysds.runtime.instructions.cp.ParamservBuiltinCPInstruction: [+] Data Partitioning: KEEP_DATA_ON_WORKER
21/03/29 11:22:00 INFO org.apache.sysds.runtime.instructions.cp.ParamservBuiltinCPInstruction: [+] Runtime Balancing: NONE
21/03/29 11:22:00 INFO org.apache.sysds.runtime.instructions.cp.ParamservBuiltinCPInstruction: [+] Weighting: false
21/03/29 11:22:00 INFO org.apache.sysds.runtime.instructions.cp.ParamservBuiltinCPInstruction: [+] Seed: 2102017463
21/03/29 11:22:00 INFO org.apache.sysds.runtime.controlprogram.paramserv.ParamServer: Setup config for worker Federated worker_0
21/03/29 11:22:00 INFO org.apache.sysds.runtime.controlprogram.paramserv.ParamServer: Batch size: 512 possible batches: 326 batches to run: 326 weighting factor: 1.000006000024
21/03/29 11:22:00 INFO org.apache.sysds.runtime.controlprogram.paramserv.ParamServer: Setup config for worker Federated worker_1
21/03/29 11:22:00 INFO org.apache.sysds.runtime.controlprogram.paramserv.ParamServer: Batch size: 512 possible batches: 326 batches to run: 326 weighting factor: 1.000006000024
21/03/29 11:22:00 INFO org.apache.sysds.runtime.controlprogram.paramserv.ParamServer: Setup config for worker Federated worker_2
21/03/29 11:22:00 INFO org.apache.sysds.runtime.controlprogram.paramserv.ParamServer: Batch size: 512 possible batches: 326 batches to run: 326 weighting factor: 1.000006000024
21/03/29 11:22:00 INFO org.apache.sysds.runtime.controlprogram.paramserv.ParamServer: Setup config for worker Federated worker_3
21/03/29 11:22:00 INFO org.apache.sysds.runtime.controlprogram.paramserv.ParamServer: Batch size: 512 possible batches: 326 batches to run: 326 weighting factor: 1.000006000024
21/03/29 11:22:00 INFO org.apache.sysds.runtime.controlprogram.paramserv.ParamServer: Setup config for worker Federated worker_4
21/03/29 11:22:00 INFO org.apache.sysds.runtime.controlprogram.paramserv.ParamServer: Batch size: 512 possible batches: 326 batches to run: 326 weighting factor: 1.000006000024
21/03/29 11:22:00 INFO org.apache.sysds.runtime.controlprogram.paramserv.ParamServer: Setup config for worker Federated worker_5
21/03/29 11:22:00 INFO org.apache.sysds.runtime.controlprogram.paramserv.ParamServer: Batch size: 512 possible batches: 326 batches to run: 326 weighting factor: 0.9999939999759999
21/03/29 11:22:07 INFO org.apache.sysds.runtime.controlprogram.paramserv.ParamServer: [+] PARAMSERV: completed EPOCH 0
21/03/29 11:22:07 INFO org.apache.sysds.runtime.controlprogram.paramserv.ParamServer: [+] PARAMSERV: epoch timer: 7.165 secs.
21/03/29 11:22:14 INFO org.apache.sysds.runtime.controlprogram.paramserv.ParamServer: [+] PARAMSERV: completed EPOCH 1
21/03/29 11:22:14 INFO org.apache.sysds.runtime.controlprogram.paramserv.ParamServer: [+] PARAMSERV: epoch timer: 13.29 secs.
21/03/29 11:22:19 INFO org.apache.sysds.runtime.controlprogram.paramserv.ParamServer: [+] PARAMSERV: completed EPOCH 2
21/03/29 11:22:19 INFO org.apache.sysds.runtime.controlprogram.paramserv.ParamServer: [+] PARAMSERV: epoch timer: 18.842 secs.
21/03/29 11:22:25 INFO org.apache.sysds.runtime.controlprogram.paramserv.ParamServer: [+] PARAMSERV: completed EPOCH 3
21/03/29 11:22:25 INFO org.apache.sysds.runtime.controlprogram.paramserv.ParamServer: [+] PARAMSERV: epoch timer: 24.356 secs.
21/03/29 11:22:30 INFO org.apache.sysds.runtime.controlprogram.paramserv.ParamServer: [+] PARAMSERV: completed EPOCH 4
21/03/29 11:22:30 INFO org.apache.sysds.runtime.controlprogram.paramserv.ParamServer: [+] PARAMSERV: epoch timer: 29.664 secs.
[+] test loss: 1.4872586632199265E-11, test accuracy: 1.4872586632199265E-11

SystemDS Statistics:
Total elapsed time:		55.085 sec.
Total compilation time:		1.092 sec.
Total execution time:		53.992 sec.
Native mkl calls (dense mult/conv/bwdF/bwdD):	2/0/0/0.
Native mkl calls (sparse conv/bwdF/bwdD):	0/0/0.
Native mkl times (dense mult/conv/bwdF/bwdD):	2.647/0.000/0.000/0.000.
Cache hits (Mem/Li/WB/FS/HDFS):	817/0/0/0/2.
Cache writes (Li/WB/FS/HDFS):	1/60/0/0.
Cache times (ACQr/m, RLS, EXP):	3.945/0.002/0.018/0.000 sec.
HOP DAGs recompiled (PRED, SB):	0/6.
HOP DAGs recompile time:	0.035 sec.
Paramserv total execution time:	29.671 secs.
Paramserv total num workers:	6.
Paramserv setup time:		0.182 secs.
PS fed data partitioning time:	0.029 secs.
PS fed comm time (cum):		1.502 secs.
PS fed worker comp time (cum):	164.064 secs.
PS fed grad. weigh. time (cum):	0.000 secs.
PS fed global model agg time:	0.030 secs.
Paramserv valdiation time:	0.000 secs.
Federated I/O (Read, Put, Get):	12/32/4.
Federated Execute (Inst, UDF):	14/42.
Total JIT compile time:		5.971 sec.
Total JVM GC count:		4.
Total JVM GC time:		1.689 sec.
Heavy hitter instructions:
  #  Instruction  Time(s)  Count
  1  paramserv     29.675      1
  2  -              6.717      5
  3  +              4.767     10
  4  ba+*           3.546      3
  5  /              2.950      8
  6  fed_-          2.434      1
  7  max            1.720      2
  8  fed_uamin      1.149      2
  9  fed_/          0.248      1
 10  *              0.232      4
 11  fed_uamax      0.209      2
 12  uarmax         0.092      1
 13  uark+          0.085      1
 14  log            0.072      1
 15  rand           0.050      6
 16  rmvar          0.026     47
 17  exp            0.007      1
 18  -*             0.005     30
 19  uak+           0.005      1
 20  createvar      0.003     71
 21  nvlist         0.002      1
 22  list           0.002      6
 23  sqrt           0.001     10
 24  rightIndex     0.001      6
 25  mvvar          0.000     22
 26  print          0.000      1
 27  castdtm        0.000      6
 28  ==             0.000      1

21/03/29 11:22:41 INFO org.apache.sysds.api.DMLScript: END DML run 03/29/2021 11:22:41
real 60.83
user 192.48
sys 17.53
