21/03/29 10:29:45 INFO org.apache.sysds.api.DMLScript: BEGIN DML run 03/29/2021 10:29:45
21/03/29 10:29:45 INFO org.apache.sysds.utils.NativeHelper: Using native blas: mkl
21/03/29 10:29:49 INFO org.apache.sysds.runtime.instructions.cp.ParamservBuiltinCPInstruction: PARAMETER SERVER
21/03/29 10:29:49 INFO org.apache.sysds.runtime.instructions.cp.ParamservBuiltinCPInstruction: [+] Running in federated mode
21/03/29 10:29:49 INFO org.apache.sysds.runtime.instructions.cp.ParamservBuiltinCPInstruction: [+] Update Type: BSP
21/03/29 10:29:49 INFO org.apache.sysds.runtime.instructions.cp.ParamservBuiltinCPInstruction: [+] Frequency: EPOCH
21/03/29 10:29:49 INFO org.apache.sysds.runtime.instructions.cp.ParamservBuiltinCPInstruction: [+] Data Partitioning: KEEP_DATA_ON_WORKER
21/03/29 10:29:49 INFO org.apache.sysds.runtime.instructions.cp.ParamservBuiltinCPInstruction: [+] Runtime Balancing: NONE
21/03/29 10:29:49 INFO org.apache.sysds.runtime.instructions.cp.ParamservBuiltinCPInstruction: [+] Weighting: false
21/03/29 10:29:49 INFO org.apache.sysds.runtime.instructions.cp.ParamservBuiltinCPInstruction: [+] Seed: 2098885966
21/03/29 10:29:49 INFO org.apache.sysds.runtime.controlprogram.paramserv.ParamServer: Setup config for worker Federated worker_0
21/03/29 10:29:49 INFO org.apache.sysds.runtime.controlprogram.paramserv.ParamServer: Batch size: 128 possible batches: 235 batches to run: 235 weighting factor: 1.0
21/03/29 10:29:49 INFO org.apache.sysds.runtime.controlprogram.paramserv.ParamServer: Setup config for worker Federated worker_1
21/03/29 10:29:49 INFO org.apache.sysds.runtime.controlprogram.paramserv.ParamServer: Batch size: 128 possible batches: 235 batches to run: 235 weighting factor: 1.0
21/03/29 10:30:34 INFO org.apache.sysds.runtime.controlprogram.paramserv.ParamServer: [+] PARAMSERV: completed EPOCH 0
21/03/29 10:30:34 INFO org.apache.sysds.runtime.controlprogram.paramserv.ParamServer: [+] PARAMSERV: epoch timer: 44.787 secs.
21/03/29 10:31:13 INFO org.apache.sysds.runtime.controlprogram.paramserv.ParamServer: [+] PARAMSERV: completed EPOCH 1
21/03/29 10:31:13 INFO org.apache.sysds.runtime.controlprogram.paramserv.ParamServer: [+] PARAMSERV: epoch timer: 83.759 secs.
channels   : 1
epochs     : 2
freq       : EPOCH
batch_size : 128
-1.6611555683996113
SystemDS Statistics:
Total elapsed time:		87.354 sec.
Total compilation time:		1.378 sec.
Total execution time:		85.975 sec.
Native mkl calls (dense mult/conv/bwdF/bwdD):	0/0/0/0.
Native mkl calls (sparse conv/bwdF/bwdD):	0/0/0.
Native mkl times (dense mult/conv/bwdF/bwdD):	0.000/0.000/0.000/0.000.
Cache hits (Mem/Li/WB/FS/HDFS):	322/0/0/0/0.
Cache writes (Li/WB/FS/HDFS):	1/20/0/0.
Cache times (ACQr/m, RLS, EXP):	0.011/0.002/0.008/0.000 sec.
HOP DAGs recompiled (PRED, SB):	0/3.
HOP DAGs recompile time:	0.025 sec.
Paramserv total execution time:	83.767 secs.
Paramserv total num workers:	2.
Paramserv setup time:		0.289 secs.
PS fed data partitioning time:	0.026 secs.
PS fed comm time (cum):		0.821 secs.
PS fed worker comp time (cum):	159.292 secs.
PS fed grad. weigh. time (cum):	0.000 secs.
PS fed global model agg time:	0.412 secs.
Paramserv valdiation time:	0.000 secs.
Federated I/O (Read, Put, Get):	4/6/2.
Federated Execute (Inst, UDF):	10/8.
Total JIT compile time:		5.066 sec.
Total JVM GC count:		2.
Total JVM GC time:		0.1 sec.
Heavy hitter instructions:
  #  Instruction  Time(s)  Count
  1  paramserv     83.769      1
  2  fed_uamin      1.483      1
  3  *              0.347     35
  4  fed_-          0.233      1
  5  fed_/          0.129      1
  6  -              0.127     17
  7  rand           0.119     13
  8  -*             0.053     16
  9  +*             0.048     16
 10  fed_uamax      0.035      1
 11  rmvar          0.011     49
 12  uak+           0.009      1
 13  createvar      0.003     87
 14  /              0.002     13
 15  nvlist         0.002      1
 16  list           0.001      3
 17  sqrt           0.001     10
 18  mvvar          0.001     54
 19  +              0.000     12
 20  print          0.000      5
 21  rightIndex     0.000      1
 22  castdtm        0.000      1
 23  ==             0.000      3

21/03/29 10:31:13 INFO org.apache.sysds.api.DMLScript: END DML run 03/29/2021 10:31:13
real 91.34
user 29.74
sys 1.01
21/03/29 10:31:17 INFO org.apache.sysds.api.DMLScript: BEGIN DML run 03/29/2021 10:31:17
21/03/29 10:31:17 INFO org.apache.sysds.utils.NativeHelper: Using native blas: mkl
21/03/29 10:31:19 INFO org.apache.sysds.runtime.instructions.cp.ParamservBuiltinCPInstruction: PARAMETER SERVER
21/03/29 10:31:19 INFO org.apache.sysds.runtime.instructions.cp.ParamservBuiltinCPInstruction: [+] Running in federated mode
21/03/29 10:31:19 INFO org.apache.sysds.runtime.instructions.cp.ParamservBuiltinCPInstruction: [+] Update Type: BSP
21/03/29 10:31:19 INFO org.apache.sysds.runtime.instructions.cp.ParamservBuiltinCPInstruction: [+] Frequency: EPOCH
21/03/29 10:31:19 INFO org.apache.sysds.runtime.instructions.cp.ParamservBuiltinCPInstruction: [+] Data Partitioning: KEEP_DATA_ON_WORKER
21/03/29 10:31:19 INFO org.apache.sysds.runtime.instructions.cp.ParamservBuiltinCPInstruction: [+] Runtime Balancing: NONE
21/03/29 10:31:19 INFO org.apache.sysds.runtime.instructions.cp.ParamservBuiltinCPInstruction: [+] Weighting: false
21/03/29 10:31:19 INFO org.apache.sysds.runtime.instructions.cp.ParamservBuiltinCPInstruction: [+] Seed: 2098976460
21/03/29 10:31:19 INFO org.apache.sysds.runtime.controlprogram.paramserv.ParamServer: Setup config for worker Federated worker_0
21/03/29 10:31:19 INFO org.apache.sysds.runtime.controlprogram.paramserv.ParamServer: Batch size: 128 possible batches: 235 batches to run: 235 weighting factor: 1.0
21/03/29 10:31:19 INFO org.apache.sysds.runtime.controlprogram.paramserv.ParamServer: Setup config for worker Federated worker_1
21/03/29 10:31:19 INFO org.apache.sysds.runtime.controlprogram.paramserv.ParamServer: Batch size: 128 possible batches: 235 batches to run: 235 weighting factor: 1.0
21/03/29 10:32:01 INFO org.apache.sysds.runtime.controlprogram.paramserv.ParamServer: [+] PARAMSERV: completed EPOCH 0
21/03/29 10:32:01 INFO org.apache.sysds.runtime.controlprogram.paramserv.ParamServer: [+] PARAMSERV: epoch timer: 41.726 secs.
21/03/29 10:32:42 INFO org.apache.sysds.runtime.controlprogram.paramserv.ParamServer: [+] PARAMSERV: completed EPOCH 1
21/03/29 10:32:42 INFO org.apache.sysds.runtime.controlprogram.paramserv.ParamServer: [+] PARAMSERV: epoch timer: 82.631 secs.
channels   : 1
epochs     : 2
freq       : EPOCH
batch_size : 128
-1.825658348849993
SystemDS Statistics:
Total elapsed time:		85.346 sec.
Total compilation time:		1.388 sec.
Total execution time:		83.958 sec.
Native mkl calls (dense mult/conv/bwdF/bwdD):	0/0/0/0.
Native mkl calls (sparse conv/bwdF/bwdD):	0/0/0.
Native mkl times (dense mult/conv/bwdF/bwdD):	0.000/0.000/0.000/0.000.
Cache hits (Mem/Li/WB/FS/HDFS):	322/0/0/0/0.
Cache writes (Li/WB/FS/HDFS):	1/20/0/0.
Cache times (ACQr/m, RLS, EXP):	0.012/0.002/0.010/0.000 sec.
HOP DAGs recompiled (PRED, SB):	0/3.
HOP DAGs recompile time:	0.028 sec.
Paramserv total execution time:	82.640 secs.
Paramserv total num workers:	2.
Paramserv setup time:		0.222 secs.
PS fed data partitioning time:	0.019 secs.
PS fed comm time (cum):		0.718 secs.
PS fed worker comp time (cum):	162.140 secs.
PS fed grad. weigh. time (cum):	0.000 secs.
PS fed global model agg time:	0.412 secs.
Paramserv valdiation time:	0.000 secs.
Federated I/O (Read, Put, Get):	4/6/2.
Federated Execute (Inst, UDF):	10/8.
Total JIT compile time:		4.953 sec.
Total JVM GC count:		2.
Total JVM GC time:		0.099 sec.
Heavy hitter instructions:
  #  Instruction  Time(s)  Count
  1  paramserv     82.642      1
  2  fed_uamin      0.885      1
  3  *              0.378     35
  4  rand           0.121     13
  5  -              0.115     17
  6  -*             0.057     16
  7  +*             0.048     16
  8  fed_/          0.034      1
  9  fed_-          0.025      1
 10  fed_uamax      0.017      1
 11  rmvar          0.011     49
 12  uak+           0.010      1
 13  createvar      0.003     87
 14  nvlist         0.002      1
 15  /              0.002     13
 16  list           0.001      3
 17  sqrt           0.001     10
 18  mvvar          0.001     54
 19  +              0.001     12
 20  print          0.000      5
 21  castdtm        0.000      1
 22  rightIndex     0.000      1
 23  ==             0.000      3

21/03/29 10:32:42 INFO org.apache.sysds.api.DMLScript: END DML run 03/29/2021 10:32:42
real 89.40
user 30.03
sys 1.05
21/03/29 10:32:46 INFO org.apache.sysds.api.DMLScript: BEGIN DML run 03/29/2021 10:32:46
21/03/29 10:32:46 INFO org.apache.sysds.utils.NativeHelper: Using native blas: mkl
21/03/29 10:32:49 INFO org.apache.sysds.runtime.instructions.cp.ParamservBuiltinCPInstruction: PARAMETER SERVER
21/03/29 10:32:49 INFO org.apache.sysds.runtime.instructions.cp.ParamservBuiltinCPInstruction: [+] Running in federated mode
21/03/29 10:32:49 INFO org.apache.sysds.runtime.instructions.cp.ParamservBuiltinCPInstruction: [+] Update Type: BSP
21/03/29 10:32:49 INFO org.apache.sysds.runtime.instructions.cp.ParamservBuiltinCPInstruction: [+] Frequency: EPOCH
21/03/29 10:32:49 INFO org.apache.sysds.runtime.instructions.cp.ParamservBuiltinCPInstruction: [+] Data Partitioning: KEEP_DATA_ON_WORKER
21/03/29 10:32:49 INFO org.apache.sysds.runtime.instructions.cp.ParamservBuiltinCPInstruction: [+] Runtime Balancing: NONE
21/03/29 10:32:49 INFO org.apache.sysds.runtime.instructions.cp.ParamservBuiltinCPInstruction: [+] Weighting: false
21/03/29 10:32:49 INFO org.apache.sysds.runtime.instructions.cp.ParamservBuiltinCPInstruction: [+] Seed: 2099065827
21/03/29 10:32:49 INFO org.apache.sysds.runtime.controlprogram.paramserv.ParamServer: Setup config for worker Federated worker_0
21/03/29 10:32:49 INFO org.apache.sysds.runtime.controlprogram.paramserv.ParamServer: Batch size: 128 possible batches: 235 batches to run: 235 weighting factor: 1.0
21/03/29 10:32:49 INFO org.apache.sysds.runtime.controlprogram.paramserv.ParamServer: Setup config for worker Federated worker_1
21/03/29 10:32:49 INFO org.apache.sysds.runtime.controlprogram.paramserv.ParamServer: Batch size: 128 possible batches: 235 batches to run: 235 weighting factor: 1.0
21/03/29 10:33:31 INFO org.apache.sysds.runtime.controlprogram.paramserv.ParamServer: [+] PARAMSERV: completed EPOCH 0
21/03/29 10:33:31 INFO org.apache.sysds.runtime.controlprogram.paramserv.ParamServer: [+] PARAMSERV: epoch timer: 42.017 secs.
21/03/29 10:34:12 INFO org.apache.sysds.runtime.controlprogram.paramserv.ParamServer: [+] PARAMSERV: completed EPOCH 1
21/03/29 10:34:12 INFO org.apache.sysds.runtime.controlprogram.paramserv.ParamServer: [+] PARAMSERV: epoch timer: 83.369 secs.
channels   : 1
epochs     : 2
freq       : EPOCH
batch_size : 128
-1.8602918047271193
SystemDS Statistics:
Total elapsed time:		86.062 sec.
Total compilation time:		1.432 sec.
Total execution time:		84.631 sec.
Native mkl calls (dense mult/conv/bwdF/bwdD):	0/0/0/0.
Native mkl calls (sparse conv/bwdF/bwdD):	0/0/0.
Native mkl times (dense mult/conv/bwdF/bwdD):	0.000/0.000/0.000/0.000.
Cache hits (Mem/Li/WB/FS/HDFS):	322/0/0/0/0.
Cache writes (Li/WB/FS/HDFS):	1/20/0/0.
Cache times (ACQr/m, RLS, EXP):	0.011/0.002/0.008/0.000 sec.
HOP DAGs recompiled (PRED, SB):	0/3.
HOP DAGs recompile time:	0.028 sec.
Paramserv total execution time:	83.378 secs.
Paramserv total num workers:	2.
Paramserv setup time:		0.208 secs.
PS fed data partitioning time:	0.019 secs.
PS fed comm time (cum):		0.710 secs.
PS fed worker comp time (cum):	162.677 secs.
PS fed grad. weigh. time (cum):	0.000 secs.
PS fed global model agg time:	0.363 secs.
Paramserv valdiation time:	0.000 secs.
Federated I/O (Read, Put, Get):	4/6/2.
Federated Execute (Inst, UDF):	10/8.
Total JIT compile time:		4.954 sec.
Total JVM GC count:		2.
Total JVM GC time:		0.099 sec.
Heavy hitter instructions:
  #  Instruction  Time(s)  Count
  1  paramserv     83.381      1
  2  fed_uamin      0.877      1
  3  *              0.320     35
  4  -              0.110     17
  5  rand           0.106     13
  6  -*             0.051     16
  7  +*             0.047     16
  8  fed_-          0.023      1
  9  fed_/          0.020      1
 10  fed_uamax      0.011      1
 11  rmvar          0.011     49
 12  uak+           0.009      1
 13  createvar      0.003     87
 14  nvlist         0.002      1
 15  /              0.002     13
 16  list           0.001      3
 17  sqrt           0.001     10
 18  mvvar          0.001     54
 19  +              0.000     12
 20  print          0.000      5
 21  rightIndex     0.000      1
 22  ==             0.000      3
 23  castdtm        0.000      1

21/03/29 10:34:12 INFO org.apache.sysds.api.DMLScript: END DML run 03/29/2021 10:34:12
real 89.37
user 29.14
sys 1.07
