K-means: No output is produced. Try increasing the number of iterations and/or lower eps.
SystemDS Statistics:
Total elapsed time:		526.898 sec.
Total compilation time:		0.708 sec.
Total execution time:		526.190 sec.
Native mkl calls (dense mult/conv/bwdF/bwdD):	100/0/0/0.
Native mkl calls (sparse conv/bwdF/bwdD):	0/0/0.
Native mkl times (dense mult/conv/bwdF/bwdD):	0.254/0.000/0.000/0.000.
Cache hits (Mem/Li/WB/FS/HDFS):	2471/0/0/0/0.
Cache writes (Li/WB/FS/HDFS):	1/435/0/1.
Cache times (ACQr/m, RLS, EXP):	0.005/0.005/0.041/0.789 sec.
HOP DAGs recompiled (PRED, SB):	0/53.
HOP DAGs recompile time:	0.110 sec.
Functions recompiled:		1.
Functions recompile time:	0.018 sec.
ParFor loops optimized:		1.
ParFor optimize time:		0.015 sec.
ParFor initialize time:		0.002 sec.
ParFor result merge time:	0.014 sec.
ParFor total update in-place:	0/3/4
Federated I/O (Read, Put, Get):	2/362/242.
Federated Execute (Inst, UDF):	1444/0.
Total JIT compile time:		9.573 sec.
Total JVM GC count:		7.
Total JVM GC time:		0.073 sec.
Heavy hitter instructions:
  #  Instruction   Time(s)  Count
  1  m_kmeans      525.400      1
  2  fed_uarmin     92.024     60
  3  fed_uark+      84.857     60
  4  fed_<=         82.520     60
  5  fed_ba+*       81.589    121
  6  fed_/          76.511     60
  7  fed_r'         42.462     60
  8  fed_+          32.223     60
  9  fed_*          11.464     60
 10  fed_uack+       9.883     60
 11  fed_uasqk+      9.051      1
 12  rmvar           0.916   2160
 13  write           0.789      1
 14  ba+*            0.582    150
 15  *               0.568    221
 16  uark+           0.107     51
 17  uak+            0.094    169
 18  uarsqk+         0.059     61
 19  /               0.056     63
 20  rand            0.054     56
 21  r'              0.036    180
 22  +               0.036    335
 23  createvar       0.022   2095
 24  rexpand         0.013    101
 25  log             0.012      2
 26  ucumk+          0.012     51
 27  <               0.006    111
 28  min             0.006     50
 29  ctable          0.006      1
 30  +*              0.005    101
 31  <=              0.004     60
 32  -*              0.003     50
 33  mvvar           0.003    545
 34  seq             0.002    103
 35  rightIndex      0.002     53
 36  -               0.002     66
 37  uasqk+          0.001     50
 38  leftIndex       0.001      4
 39  cpvar           0.001    235
 40  ncol            0.001      2
 41  ifelse          0.001     50
 42  castdts         0.001    101
 43  round           0.001      3
 44  ==              0.001    112
 45  assignvar       0.001    188
 46  castdtm         0.000     50
 47  sqrt            0.000      1
 48  >               0.000     60
 49  >=              0.000     60
 50  print           0.000      1
 51  ctableexpand    0.000      1
 52  castvti         0.000      1

real 531,01
user 42,44
sys 7,38
