L2SVM: WARNING invalid number of labels in Y: 1.0 1.0
SystemDS Statistics:
Total elapsed time:		86.066 sec.
Total compilation time:		0.481 sec.
Total execution time:		85.584 sec.
Native mkl calls (dense mult/conv/bwdF/bwdD):	239/0/0/0.
Native mkl calls (sparse conv/bwdF/bwdD):	0/0/0.
Native mkl times (dense mult/conv/bwdF/bwdD):	0.060/0.000/0.000/0.000.
Cache hits (Mem/Li/WB/FS/HDFS):	8920/0/0/0/1.
Cache writes (Li/WB/FS/HDFS):	0/3184/0/1.
Cache times (ACQr/m, RLS, EXP):	0.071/0.005/0.059/0.020 sec.
HOP DAGs recompiled (PRED, SB):	0/0.
HOP DAGs recompile time:	0.002 sec.
Federated I/O (Read, Put, Get):	2/92/61.
Federated Execute (Inst, UDF):	122/0.
Total JIT compile time:		4.883 sec.
Total JVM GC count:		12.
Total JVM GC time:		0.064 sec.
Heavy hitter instructions:
  #  Instruction  Time(s)  Count
  1  m_l2svm       85.564      1
  2  fed_ba+*      77.125     61
  3  max            1.735    630
  4  +*             1.558    690
  5  >              1.388    600
  6  *              1.379   2011
  7  tak+*          1.202   1200
  8  1-*            0.773    630
  9  r'             0.087    122
 10  uamin          0.086      1
 11  tsmm           0.062    180
 12  ==             0.041      3
 13  -              0.021   1232
 14  write          0.020      1
 15  rmvar          0.020   8870
 16  uamax          0.017      1
 17  createvar      0.014   3641
 18  uak+           0.013      2
 19  <              0.006    666
 20  ba+*           0.005     60
 21  +              0.003   1867
 22  mvvar          0.002    706
 23  castdts        0.002    240
 24  rand           0.002      2
 25  assignvar      0.001   2016
 26  /              0.001   1233
 27  &&             0.001    692
 28  >=             0.001    630
 29  cpvar          0.001    124
 30  print          0.000      1
 31  !=             0.000     34
 32  ||             0.000      1

real 89,00
user 133,95
sys 3,37
L2SVM: WARNING invalid number of labels in Y: 1.0 1.0
SystemDS Statistics:
Total elapsed time:		83.872 sec.
Total compilation time:		0.472 sec.
Total execution time:		83.400 sec.
Native mkl calls (dense mult/conv/bwdF/bwdD):	239/0/0/0.
Native mkl calls (sparse conv/bwdF/bwdD):	0/0/0.
Native mkl times (dense mult/conv/bwdF/bwdD):	0.062/0.000/0.000/0.000.
Cache hits (Mem/Li/WB/FS/HDFS):	8920/0/0/0/1.
Cache writes (Li/WB/FS/HDFS):	0/3184/0/1.
Cache times (ACQr/m, RLS, EXP):	0.067/0.005/0.058/0.024 sec.
HOP DAGs recompiled (PRED, SB):	0/0.
HOP DAGs recompile time:	0.002 sec.
Federated I/O (Read, Put, Get):	2/92/61.
Federated Execute (Inst, UDF):	122/0.
Total JIT compile time:		5.108 sec.
Total JVM GC count:		12.
Total JVM GC time:		0.064 sec.
Heavy hitter instructions:
  #  Instruction  Time(s)  Count
  1  m_l2svm       83.376      1
  2  fed_ba+*      74.905     61
  3  max            1.726    630
  4  +*             1.558    690
  5  >              1.397    600
  6  *              1.386   2011
  7  tak+*          1.204   1200
  8  1-*            0.786    630
  9  r'             0.087    122
 10  uamin          0.084      1
 11  tsmm           0.064    180
 12  ==             0.051      3
 13  write          0.024      1
 14  -              0.023   1232
 15  rmvar          0.020   8870
 16  uamax          0.016      1
 17  createvar      0.014   3641
 18  uak+           0.012      2
 19  <              0.006    666
 20  ba+*           0.005     60
 21  +              0.003   1867
 22  mvvar          0.003    706
 23  castdts        0.002    240
 24  rand           0.002      2
 25  assignvar      0.001   2016
 26  /              0.001   1233
 27  >=             0.001    630
 28  &&             0.001    692
 29  cpvar          0.001    124
 30  !=             0.000     34
 31  print          0.000      1
 32  ||             0.000      1

real 86,87
user 133,46
sys 3,38
