SystemDS Statistics:
Total elapsed time:		4.388 sec.
Total compilation time:		1.022 sec.
Total execution time:		3.366 sec.
Native mkl calls (dense mult/conv/bwdF/bwdD):	41/0/0/0.
Native mkl calls (sparse conv/bwdF/bwdD):	0/0/0.
Native mkl times (dense mult/conv/bwdF/bwdD):	0.002/0.000/0.000/0.000.
Cache hits (Mem/Li/WB/FS/HDFS):	367/0/0/0/1.
Cache writes (Li/WB/FS/HDFS):	0/1/0/1.
Cache times (ACQr/m, RLS, EXP):	0.114/0.001/0.003/0.045 sec.
HOP DAGs recompiled (PRED, SB):	0/0.
HOP DAGs recompile time:	0.000 sec.
Federated I/O (Read, Put, Get):	2/22/21.
Federated Execute (Inst, UDF):	42/0.
Total JIT compile time:		3.267 sec.
Total JVM GC count:		2.
Total JVM GC time:		0.093 sec.
Heavy hitter instructions:
  #  Instruction  Time(s)  Count
  1  m_lmCG         3.321      1
  2  fed_ba+*       1.712      1
  3  fed_mmchain    1.410     20
  4  r'             0.119     23
  5  write          0.045      1
  6  +*             0.016     60
  7  -              0.014     34
  8  <=             0.011      1
  9  ba+*           0.010     21
 10  rand           0.009      2
 11  *              0.007     21
 12  createvar      0.005    210
 13  +              0.005     40
 14  rmvar          0.004    233
 15  tsmm           0.001     20
 16  castdts        0.001     41
 17  assignvar      0.001     45
 18  mvvar          0.001     51
 19  /              0.000     40
 20  cpvar          0.000     65
 21  ==             0.000     11
 22  >              0.000     23
 23  <              0.000     21
 24  &&             0.000     21
 25  ^              0.000      1
 26  ||             0.000      2
 27  >=             0.000      1

real 7.96
user 11.56
sys 0.86
SystemDS Statistics:
Total elapsed time:		4.207 sec.
Total compilation time:		1.024 sec.
Total execution time:		3.183 sec.
Native mkl calls (dense mult/conv/bwdF/bwdD):	41/0/0/0.
Native mkl calls (sparse conv/bwdF/bwdD):	0/0/0.
Native mkl times (dense mult/conv/bwdF/bwdD):	0.002/0.000/0.000/0.000.
Cache hits (Mem/Li/WB/FS/HDFS):	367/0/0/0/1.
Cache writes (Li/WB/FS/HDFS):	0/1/0/1.
Cache times (ACQr/m, RLS, EXP):	0.113/0.002/0.003/0.043 sec.
HOP DAGs recompiled (PRED, SB):	0/0.
HOP DAGs recompile time:	0.000 sec.
Federated I/O (Read, Put, Get):	2/22/21.
Federated Execute (Inst, UDF):	42/0.
Total JIT compile time:		3.26 sec.
Total JVM GC count:		2.
Total JVM GC time:		0.096 sec.
Heavy hitter instructions:
  #  Instruction  Time(s)  Count
  1  m_lmCG         3.140      1
  2  fed_ba+*       1.702      1
  3  fed_mmchain    1.246     20
  4  r'             0.118     23
  5  write          0.043      1
  6  +*             0.014     60
  7  -              0.013     34
  8  <=             0.011      1
  9  ba+*           0.009     21
 10  rand           0.009      2
 11  *              0.006     21
 12  +              0.005     40
 13  createvar      0.005    210
 14  rmvar          0.004    233
 15  tsmm           0.001     20
 16  castdts        0.001     41
 17  assignvar      0.001     45
 18  mvvar          0.001     51
 19  /              0.000     40
 20  cpvar          0.000     65
 21  ==             0.000     11
 22  <              0.000     21
 23  >              0.000     23
 24  &&             0.000     21
 25  ||             0.000      2
 26  ^              0.000      1
 27  >=             0.000      1

real 7.96
user 12.01
sys 0.79
SystemDS Statistics:
Total elapsed time:		4.968 sec.
Total compilation time:		1.020 sec.
Total execution time:		3.948 sec.
Native mkl calls (dense mult/conv/bwdF/bwdD):	41/0/0/0.
Native mkl calls (sparse conv/bwdF/bwdD):	0/0/0.
Native mkl times (dense mult/conv/bwdF/bwdD):	0.002/0.000/0.000/0.000.
Cache hits (Mem/Li/WB/FS/HDFS):	367/0/0/0/1.
Cache writes (Li/WB/FS/HDFS):	0/1/0/1.
Cache times (ACQr/m, RLS, EXP):	0.119/0.001/0.003/0.044 sec.
HOP DAGs recompiled (PRED, SB):	0/0.
HOP DAGs recompile time:	0.000 sec.
Federated I/O (Read, Put, Get):	2/22/21.
Federated Execute (Inst, UDF):	42/0.
Total JIT compile time:		3.244 sec.
Total JVM GC count:		2.
Total JVM GC time:		0.093 sec.
Heavy hitter instructions:
  #  Instruction  Time(s)  Count
  1  m_lmCG         3.904      1
  2  fed_ba+*       2.444      1
  3  fed_mmchain    1.259     20
  4  r'             0.124     23
  5  write          0.044      1
  6  +*             0.016     60
  7  -              0.013     34
  8  <=             0.011      1
  9  ba+*           0.009     21
 10  rand           0.009      2
 11  *              0.007     21
 12  createvar      0.005    210
 13  +              0.005     40
 14  rmvar          0.003    233
 15  castdts        0.001     41
 16  tsmm           0.001     20
 17  mvvar          0.001     51
 18  /              0.001     40
 19  assignvar      0.000     45
 20  cpvar          0.000     65
 21  ==             0.000     11
 22  >              0.000     23
 23  <              0.000     21
 24  &&             0.000     21
 25  ||             0.000      2
 26  ^              0.000      1
 27  >=             0.000      1

real 8.96
user 11.94
sys 0.88
SystemDS Statistics:
Total elapsed time:		4.218 sec.
Total compilation time:		1.021 sec.
Total execution time:		3.197 sec.
Native mkl calls (dense mult/conv/bwdF/bwdD):	41/0/0/0.
Native mkl calls (sparse conv/bwdF/bwdD):	0/0/0.
Native mkl times (dense mult/conv/bwdF/bwdD):	0.002/0.000/0.000/0.000.
Cache hits (Mem/Li/WB/FS/HDFS):	367/0/0/0/1.
Cache writes (Li/WB/FS/HDFS):	0/1/0/1.
Cache times (ACQr/m, RLS, EXP):	0.113/0.002/0.003/0.045 sec.
HOP DAGs recompiled (PRED, SB):	0/0.
HOP DAGs recompile time:	0.000 sec.
Federated I/O (Read, Put, Get):	2/22/21.
Federated Execute (Inst, UDF):	42/0.
Total JIT compile time:		3.145 sec.
Total JVM GC count:		2.
Total JVM GC time:		0.094 sec.
Heavy hitter instructions:
  #  Instruction  Time(s)  Count
  1  m_lmCG         3.151      1
  2  fed_ba+*       1.708      1
  3  fed_mmchain    1.247     20
  4  r'             0.119     23
  5  write          0.045      1
  6  +*             0.016     60
  7  -              0.014     34
  8  <=             0.011      1
  9  ba+*           0.009     21
 10  rand           0.009      2
 11  *              0.006     21
 12  +              0.006     40
 13  createvar      0.005    210
 14  rmvar          0.004    233
 15  tsmm           0.001     20
 16  castdts        0.001     41
 17  mvvar          0.001     51
 18  /              0.000     40
 19  cpvar          0.000     65
 20  assignvar      0.000     45
 21  ==             0.000     11
 22  >              0.000     23
 23  <              0.000     21
 24  &&             0.000     21
 25  ||             0.000      2
 26  ^              0.000      1
 27  >=             0.000      1

real 7.95
user 11.76
sys 0.81
SystemDS Statistics:
Total elapsed time:		4.364 sec.
Total compilation time:		1.032 sec.
Total execution time:		3.332 sec.
Native mkl calls (dense mult/conv/bwdF/bwdD):	41/0/0/0.
Native mkl calls (sparse conv/bwdF/bwdD):	0/0/0.
Native mkl times (dense mult/conv/bwdF/bwdD):	0.002/0.000/0.000/0.000.
Cache hits (Mem/Li/WB/FS/HDFS):	367/0/0/0/1.
Cache writes (Li/WB/FS/HDFS):	0/1/0/1.
Cache times (ACQr/m, RLS, EXP):	0.114/0.002/0.003/0.044 sec.
HOP DAGs recompiled (PRED, SB):	0/0.
HOP DAGs recompile time:	0.000 sec.
Federated I/O (Read, Put, Get):	2/22/21.
Federated Execute (Inst, UDF):	42/0.
Total JIT compile time:		3.167 sec.
Total JVM GC count:		2.
Total JVM GC time:		0.097 sec.
Heavy hitter instructions:
  #  Instruction  Time(s)  Count
  1  m_lmCG         3.288      1
  2  fed_ba+*       1.833      1
  3  fed_mmchain    1.261     20
  4  r'             0.120     23
  5  write          0.044      1
  6  +*             0.016     60
  7  -              0.013     34
  8  <=             0.011      1
  9  ba+*           0.010     21
 10  rand           0.009      2
 11  *              0.006     21
 12  +              0.005     40
 13  createvar      0.005    210
 14  rmvar          0.003    233
 15  tsmm           0.001     20
 16  castdts        0.001     41
 17  mvvar          0.001     51
 18  /              0.000     40
 19  assignvar      0.000     45
 20  cpvar          0.000     65
 21  ==             0.000     11
 22  >              0.000     23
 23  <              0.000     21
 24  &&             0.000     21
 25  ||             0.000      2
 26  ^              0.000      1
 27  >=             0.000      1

real 7.98
user 11.57
sys 0.87
