SystemDS Statistics:
Total elapsed time:		9.244 sec.
Total compilation time:		0.600 sec.
Total execution time:		8.644 sec.
Native mkl calls (dense mult/conv/bwdF/bwdD):	41/0/0/0.
Native mkl calls (sparse conv/bwdF/bwdD):	0/0/0.
Native mkl times (dense mult/conv/bwdF/bwdD):	0.002/0.000/0.000/0.000.
Cache hits (Mem/Li/WB/FS/HDFS):	367/0/0/0/1.
Cache writes (Li/WB/FS/HDFS):	0/1/0/1.
Cache times (ACQr/m, RLS, EXP):	0.068/0.002/0.004/0.035 sec.
HOP DAGs recompiled (PRED, SB):	0/0.
HOP DAGs recompile time:	0.000 sec.
Federated I/O (Read, Put, Get):	2/22/21.
Federated Execute (Inst, UDF):	42/0.
Total JIT compile time:		2.008 sec.
Total JVM GC count:		2.
Total JVM GC time:		0.03 sec.
Heavy hitter instructions:
  #  Instruction  Time(s)  Count
  1  m_lmCG         8.608      1
  2  fed_mmchain    5.557     20
  3  fed_ba+*       2.891      1
  4  r'             0.069     23
  5  write          0.036      1
  6  +*             0.020     60
  7  -              0.016     34
  8  *              0.011     21
  9  +              0.008     40
 10  createvar      0.007    210
 11  ba+*           0.007     21
 12  <=             0.005      1
 13  rmvar          0.005    233
 14  rand           0.005      2
 15  tsmm           0.002     20
 16  castdts        0.001     41
 17  /              0.001     40
 18  mvvar          0.000     51
 19  assignvar      0.000     45
 20  cpvar          0.000     65
 21  <              0.000     21
 22  >              0.000     23
 23  ==             0.000     11
 24  &&             0.000     21
 25  ^              0.000      1
 26  ||             0.000      2
 27  >=             0.000      1

real 12,70
user 7,26
sys 0,54
SystemDS Statistics:
Total elapsed time:		8.048 sec.
Total compilation time:		0.540 sec.
Total execution time:		7.508 sec.
Native mkl calls (dense mult/conv/bwdF/bwdD):	41/0/0/0.
Native mkl calls (sparse conv/bwdF/bwdD):	0/0/0.
Native mkl times (dense mult/conv/bwdF/bwdD):	0.002/0.000/0.000/0.000.
Cache hits (Mem/Li/WB/FS/HDFS):	367/0/0/0/1.
Cache writes (Li/WB/FS/HDFS):	0/1/0/1.
Cache times (ACQr/m, RLS, EXP):	0.060/0.002/0.004/0.019 sec.
HOP DAGs recompiled (PRED, SB):	0/0.
HOP DAGs recompile time:	0.000 sec.
Federated I/O (Read, Put, Get):	2/22/21.
Federated Execute (Inst, UDF):	42/0.
Total JIT compile time:		1.982 sec.
Total JVM GC count:		2.
Total JVM GC time:		0.03 sec.
Heavy hitter instructions:
  #  Instruction  Time(s)  Count
  1  m_lmCG         7.488      1
  2  fed_mmchain    4.430     20
  3  fed_ba+*       2.896      1
  4  r'             0.064     23
  5  +*             0.026     60
  6  write          0.019      1
  7  -              0.017     34
  8  *              0.011     21
  9  +              0.009     40
 10  createvar      0.008    210
 11  ba+*           0.007     21
 12  <=             0.006      1
 13  rmvar          0.005    233
 14  rand           0.004      2
 15  tsmm           0.002     20
 16  castdts        0.001     41
 17  /              0.001     40
 18  mvvar          0.001     51
 19  assignvar      0.000     45
 20  cpvar          0.000     65
 21  >              0.000     23
 22  <              0.000     21
 23  &&             0.000     21
 24  ==             0.000     11
 25  ^              0.000      1
 26  ||             0.000      2
 27  >=             0.000      1

real 11,59
user 7,09
sys 0,48
SystemDS Statistics:
Total elapsed time:		12.437 sec.
Total compilation time:		0.583 sec.
Total execution time:		11.854 sec.
Native mkl calls (dense mult/conv/bwdF/bwdD):	41/0/0/0.
Native mkl calls (sparse conv/bwdF/bwdD):	0/0/0.
Native mkl times (dense mult/conv/bwdF/bwdD):	0.003/0.000/0.000/0.000.
Cache hits (Mem/Li/WB/FS/HDFS):	367/0/0/0/1.
Cache writes (Li/WB/FS/HDFS):	0/1/0/1.
Cache times (ACQr/m, RLS, EXP):	0.073/0.002/0.004/0.019 sec.
HOP DAGs recompiled (PRED, SB):	0/0.
HOP DAGs recompile time:	0.000 sec.
Federated I/O (Read, Put, Get):	2/22/21.
Federated Execute (Inst, UDF):	42/0.
Total JIT compile time:		2.075 sec.
Total JVM GC count:		2.
Total JVM GC time:		0.028 sec.
Heavy hitter instructions:
  #  Instruction  Time(s)  Count
  1  m_lmCG        11.835      1
  2  fed_ba+*       7.145      1
  3  fed_mmchain    4.501     20
  4  r'             0.075     23
  5  +*             0.026     60
  6  -              0.022     34
  7  write          0.019      1
  8  ba+*           0.015     21
  9  *              0.011     21
 10  +              0.009     40
 11  createvar      0.008    210
 12  <=             0.006      1
 13  rmvar          0.005    233
 14  rand           0.005      2
 15  tsmm           0.002     20
 16  castdts        0.001     41
 17  /              0.001     40
 18  mvvar          0.001     51
 19  assignvar      0.000     45
 20  cpvar          0.000     65
 21  <              0.000     21
 22  >              0.000     23
 23  ==             0.000     11
 24  &&             0.000     21
 25  ||             0.000      2
 26  ^              0.000      1
 27  >=             0.000      1

real 15,98
user 7,47
sys 0,55
SystemDS Statistics:
Total elapsed time:		13.260 sec.
Total compilation time:		0.549 sec.
Total execution time:		12.711 sec.
Native mkl calls (dense mult/conv/bwdF/bwdD):	41/0/0/0.
Native mkl calls (sparse conv/bwdF/bwdD):	0/0/0.
Native mkl times (dense mult/conv/bwdF/bwdD):	0.002/0.000/0.000/0.000.
Cache hits (Mem/Li/WB/FS/HDFS):	367/0/0/0/1.
Cache writes (Li/WB/FS/HDFS):	0/1/0/1.
Cache times (ACQr/m, RLS, EXP):	0.069/0.002/0.004/0.020 sec.
HOP DAGs recompiled (PRED, SB):	0/0.
HOP DAGs recompile time:	0.000 sec.
Federated I/O (Read, Put, Get):	2/22/21.
Federated Execute (Inst, UDF):	42/0.
Total JIT compile time:		2.104 sec.
Total JVM GC count:		2.
Total JVM GC time:		0.03 sec.
Heavy hitter instructions:
  #  Instruction  Time(s)  Count
  1  m_lmCG        12.691      1
  2  fed_mmchain    9.352     20
  3  fed_ba+*       3.165      1
  4  r'             0.072     23
  5  +*             0.024     60
  6  write          0.020      1
  7  -              0.017     34
  8  *              0.012     21
  9  +              0.009     40
 10  createvar      0.008    210
 11  ba+*           0.007     21
 12  rmvar          0.006    233
 13  <=             0.005      1
 14  rand           0.004      2
 15  tsmm           0.002     20
 16  castdts        0.001     41
 17  /              0.001     40
 18  mvvar          0.000     51
 19  assignvar      0.000     45
 20  cpvar          0.000     65
 21  <              0.000     21
 22  >              0.000     23
 23  &&             0.000     21
 24  ==             0.000     11
 25  ||             0.000      2
 26  ^              0.000      1
 27  >=             0.000      1

real 16,06
user 7,00
sys 0,58
