21/02/14 20:20:30 INFO org.apache.sysds.api.DMLScript: BEGIN DML run 02/14/2021 20:20:30
21/02/14 20:20:30 INFO org.apache.sysds.utils.NativeHelper: Using native blas: mkl
21/02/14 20:22:04 INFO org.apache.sysds.runtime.instructions.cp.ParamservBuiltinCPInstruction: PARAMETER SERVER
21/02/14 20:22:04 INFO org.apache.sysds.runtime.instructions.cp.ParamservBuiltinCPInstruction: [+] Running in federated mode
21/02/14 20:22:04 INFO org.apache.sysds.runtime.instructions.cp.ParamservBuiltinCPInstruction: [+] Update Type: BSP
21/02/14 20:22:04 INFO org.apache.sysds.runtime.instructions.cp.ParamservBuiltinCPInstruction: [+] Frequency: EPOCH
21/02/14 20:22:04 INFO org.apache.sysds.runtime.instructions.cp.ParamservBuiltinCPInstruction: [+] Data Partitioning: KEEP_DATA_ON_WORKER
21/02/14 20:22:04 INFO org.apache.sysds.runtime.instructions.cp.ParamservBuiltinCPInstruction: [+] Runtime Balancing: NONE
21/02/14 20:22:04 INFO org.apache.sysds.runtime.instructions.cp.ParamservBuiltinCPInstruction: [+] Weighing: false
21/02/14 20:22:04 INFO org.apache.sysds.runtime.instructions.cp.ParamservBuiltinCPInstruction: [+] Seed: -1577179228
21/02/14 20:22:04 INFO org.apache.sysds.runtime.controlprogram.paramserv.ParamServer: Setup config for worker Federated worker_0
21/02/14 20:22:04 INFO org.apache.sysds.runtime.controlprogram.paramserv.ParamServer: Batch size: 512 possible batches: 684 batches to run: 684 weighing factor: 0.998446788220716
21/02/14 20:22:04 INFO org.apache.sysds.runtime.controlprogram.paramserv.ParamServer: Setup config for worker Federated worker_1
21/02/14 20:22:04 INFO org.apache.sysds.runtime.controlprogram.paramserv.ParamServer: Batch size: 512 possible batches: 686 batches to run: 686 weighing factor: 1.001556066947996
21/02/14 20:22:28 INFO org.apache.sysds.runtime.controlprogram.paramserv.ParamServer: [+] PARAMSERV: completed EPOCH 0
21/02/14 20:22:52 INFO org.apache.sysds.runtime.controlprogram.paramserv.ParamServer: [+] PARAMSERV: completed EPOCH 1
21/02/14 20:23:16 INFO org.apache.sysds.runtime.controlprogram.paramserv.ParamServer: [+] PARAMSERV: completed EPOCH 2
21/02/14 20:23:40 INFO org.apache.sysds.runtime.controlprogram.paramserv.ParamServer: [+] PARAMSERV: completed EPOCH 3
21/02/14 20:24:05 INFO org.apache.sysds.runtime.controlprogram.paramserv.ParamServer: [+] PARAMSERV: completed EPOCH 4
[+] test loss: 1.4890535809846844E-11, test accuracy: 1.4890535809846844E-11

SystemDS Statistics:
Total elapsed time:		220.175 sec.
Total compilation time:		0.720 sec.
Total execution time:		219.455 sec.
Native mkl calls (dense mult/conv/bwdF/bwdD):	0/0/0/0.
Native mkl calls (sparse conv/bwdF/bwdD):	0/0/0.
Native mkl times (dense mult/conv/bwdF/bwdD):	0.000/0.000/0.000/0.000.
Cache hits (Mem/Li/WB/FS/HDFS):	324/0/0/0/0.
Cache writes (Li/WB/FS/HDFS):	3/46/0/0.
Cache times (ACQr/m, RLS, EXP):	0.014/0.004/0.007/0.000 sec.
HOP DAGs recompiled (PRED, SB):	0/9.
HOP DAGs recompile time:	0.033 sec.
Paramserv total execution time:	121.253 secs.
Paramserv total num workers:	2.
Paramserv setup time:		0.297 secs.
PS fed data partitioning time:	0.003 secs.
PS fed comm time (cum):		8.416 secs.
PS fed worker comp time (cum):	226.107 secs.
PS fed grad weigh time (cum):	0.000 secs.
PS fed global model agg time:	0.022 secs.
Paramserv valdiation time:	0.000 secs.
Federated I/O (Read, Put, Get):	4/30/7.
Federated Execute (Inst, UDF):	73/26.
Total JIT compile time:		3.853 sec.
Total JVM GC count:		3.
Total JVM GC time:		0.04 sec.
Heavy hitter instructions:
  #  Instruction          Time(s)  Count
  1  paramserv            121.253      1
  2  fed_transformencode   33.552      1
  3  fed_castdtf           17.425      1
  4  m_split                9.559      1
  5  fed_rmempty            9.438      4
  6  fed_*                  8.162      3
  7  m_scale                5.778      1
  8  fed_<                  4.381      1
  9  fed_>                  4.313      1
 10  fed_-                  3.718      3
 11  fed_uacvar             3.316      1
 12  fed_+                  3.305      3
 13  fed_||                 3.010      1
 14  fed_/                  2.613      1
 15  fed_ba+*               2.350      3
 16  fed_uacmean            0.979      2
 17  fed_max                0.569      2
 18  fed_uacsqk+            0.540      1
 19  fed_uak+               0.163      1
 20  rmvar                  0.095     66
 21  rand                   0.077      7
 22  >                      0.032      1
 23  /                      0.031      8
 24  <=                     0.025      2
 25  +                      0.017     10
 26  uark+                  0.015      1
 27  -                      0.013      3
 28  uarmax                 0.011      1
 29  log                    0.009      1
 30  exp                    0.006      1
 31  sqrt                   0.006     12
 32  -*                     0.004     30
 33  createvar              0.003     96
 34  nvlist                 0.003      1
 35  *                      0.002      4
 36  rightIndex             0.001      6
 37  nrow                   0.001      1
 38  replace                0.001      2
 39  list                   0.001      6
 40  print                  0.000      1
 41  mvvar                  0.000     28
 42  cpvar                  0.000      9
 43  castdtm                0.000      6
 44  ==                     0.000      1
 45  !=                     0.000      1
 46  ||                     0.000      1
 47  >=                     0.000      1

21/02/14 20:24:10 INFO org.apache.sysds.api.DMLScript: END DML run 02/14/2021 20:24:10
real 223,49
user 11,75
sys 0,91
