21/02/14 21:12:06 INFO org.apache.sysds.api.DMLScript: BEGIN DML run 02/14/2021 21:12:06
21/02/14 21:12:06 INFO org.apache.sysds.utils.NativeHelper: Using native blas: mkl
21/02/14 21:13:37 INFO org.apache.sysds.runtime.instructions.cp.ParamservBuiltinCPInstruction: PARAMETER SERVER
21/02/14 21:13:37 INFO org.apache.sysds.runtime.instructions.cp.ParamservBuiltinCPInstruction: [+] Running in federated mode
21/02/14 21:13:37 INFO org.apache.sysds.runtime.instructions.cp.ParamservBuiltinCPInstruction: [+] Update Type: BSP
21/02/14 21:13:37 INFO org.apache.sysds.runtime.instructions.cp.ParamservBuiltinCPInstruction: [+] Frequency: EPOCH
21/02/14 21:13:37 INFO org.apache.sysds.runtime.instructions.cp.ParamservBuiltinCPInstruction: [+] Data Partitioning: KEEP_DATA_ON_WORKER
21/02/14 21:13:37 INFO org.apache.sysds.runtime.instructions.cp.ParamservBuiltinCPInstruction: [+] Runtime Balancing: NONE
21/02/14 21:13:37 INFO org.apache.sysds.runtime.instructions.cp.ParamservBuiltinCPInstruction: [+] Weighing: false
21/02/14 21:13:37 INFO org.apache.sysds.runtime.instructions.cp.ParamservBuiltinCPInstruction: [+] Seed: -1574086105
21/02/14 21:13:37 INFO org.apache.sysds.runtime.controlprogram.paramserv.ParamServer: Setup config for worker Federated worker_0
21/02/14 21:13:37 INFO org.apache.sysds.runtime.controlprogram.paramserv.ParamServer: Batch size: 512 possible batches: 684 batches to run: 684 weighing factor: 0.9996059867177551
21/02/14 21:13:37 INFO org.apache.sysds.runtime.controlprogram.paramserv.ParamServer: Setup config for worker Federated worker_1
21/02/14 21:13:37 INFO org.apache.sysds.runtime.controlprogram.paramserv.ParamServer: Batch size: 512 possible batches: 685 batches to run: 685 weighing factor: 1.0003940132822449
21/02/14 21:14:15 INFO org.apache.sysds.runtime.controlprogram.paramserv.ParamServer: [+] PARAMSERV: completed EPOCH 0
21/02/14 21:14:52 INFO org.apache.sysds.runtime.controlprogram.paramserv.ParamServer: [+] PARAMSERV: completed EPOCH 1
21/02/14 21:15:29 INFO org.apache.sysds.runtime.controlprogram.paramserv.ParamServer: [+] PARAMSERV: completed EPOCH 2
21/02/14 21:16:07 INFO org.apache.sysds.runtime.controlprogram.paramserv.ParamServer: [+] PARAMSERV: completed EPOCH 3
21/02/14 21:16:44 INFO org.apache.sysds.runtime.controlprogram.paramserv.ParamServer: [+] PARAMSERV: completed EPOCH 4
[+] test loss: 1.3601374595217887E-11, test accuracy: 1.3601374595217887E-11

SystemDS Statistics:
Total elapsed time:		286.136 sec.
Total compilation time:		0.667 sec.
Total execution time:		285.468 sec.
Native mkl calls (dense mult/conv/bwdF/bwdD):	0/0/0/0.
Native mkl calls (sparse conv/bwdF/bwdD):	0/0/0.
Native mkl times (dense mult/conv/bwdF/bwdD):	0.000/0.000/0.000/0.000.
Cache hits (Mem/Li/WB/FS/HDFS):	324/0/0/0/0.
Cache writes (Li/WB/FS/HDFS):	3/46/0/0.
Cache times (ACQr/m, RLS, EXP):	0.022/0.013/0.007/0.000 sec.
HOP DAGs recompiled (PRED, SB):	0/9.
HOP DAGs recompile time:	0.052 sec.
Paramserv total execution time:	187.615 secs.
Paramserv total num workers:	2.
Paramserv setup time:		0.483 secs.
PS fed data partitioning time:	0.004 secs.
PS fed comm time (cum):		10.589 secs.
PS fed worker comp time (cum):	338.457 secs.
PS fed grad weigh time (cum):	0.000 secs.
PS fed global model agg time:	0.025 secs.
Paramserv valdiation time:	0.000 secs.
Federated I/O (Read, Put, Get):	4/30/7.
Federated Execute (Inst, UDF):	73/26.
Total JIT compile time:		7.243 sec.
Total JVM GC count:		3.
Total JVM GC time:		0.043 sec.
Heavy hitter instructions:
  #  Instruction          Time(s)  Count
  1  paramserv            187.616      1
  2  fed_transformencode   33.798      1
  3  fed_castdtf           14.887      1
  4  m_split                9.692      1
  5  fed_rmempty            9.544      4
  6  fed_<                  7.647      1
  7  m_scale                5.831      1
  8  fed_*                  5.273      3
  9  fed_>                  4.902      1
 10  fed_-                  4.250      3
 11  fed_||                 2.938      1
 12  fed_ba+*               2.739      3
 13  fed_+                  2.711      3
 14  fed_/                  2.387      1
 15  fed_max                2.158      2
 16  fed_uacvar             1.893      1
 17  fed_uacmean            1.431      2
 18  fed_uacsqk+            0.547      1
 19  fed_uak+               0.319      1
 20  rmvar                  0.112     66
 21  rand                   0.098      7
 22  >                      0.050      1
 23  /                      0.026      8
 24  <=                     0.024      2
 25  uark+                  0.018      1
 26  +                      0.016     10
 27  -                      0.014      3
 28  uarmax                 0.010      1
 29  log                    0.008      1
 30  exp                    0.006      1
 31  createvar              0.004     96
 32  -*                     0.004     30
 33  nvlist                 0.004      1
 34  sqrt                   0.004     12
 35  *                      0.002      4
 36  rightIndex             0.001      6
 37  list                   0.001      6
 38  mvvar                  0.000     28
 39  castdtm                0.000      6
 40  nrow                   0.000      1
 41  replace                0.000      2
 42  cpvar                  0.000      9
 43  print                  0.000      1
 44  ==                     0.000      1
 45  ||                     0.000      1
 46  >=                     0.000      1
 47  !=                     0.000      1

21/02/14 21:16:52 INFO org.apache.sysds.api.DMLScript: END DML run 02/14/2021 21:16:52
real 289,69
user 18,13
sys 1,22
