
Accuracy:
--sum(ytest) = -27814.54162117529
--sum(yhat) = 10750.688826830605
--AVG_RES_Y: -0.12858334260681337
--SS_AVG_RES_Y: 1.4631004151476422E8
--R2: 0.8434678651674296
SystemDS Statistics:
Total elapsed time:		84.377 sec.
Total compilation time:		1.142 sec.
Total execution time:		83.235 sec.
Native mkl calls (dense mult/conv/bwdF/bwdD):	17/0/0/0.
Native mkl calls (sparse conv/bwdF/bwdD):	0/0/0.
Native mkl times (dense mult/conv/bwdF/bwdD):	0.040/0.000/0.000/0.000.
Cache hits (Mem/Li/WB/FS/HDFS):	169/0/0/0/1.
Cache writes (Li/WB/FS/HDFS):	1/8/0/1.
Cache times (ACQr/m, RLS, EXP):	0.101/0.009/0.005/0.093 sec.
HOP DAGs recompiled (PRED, SB):	0/4.
HOP DAGs recompile time:	0.030 sec.
Functions recompiled:		1.
Functions recompile time:	0.023 sec.
Federated I/O (Read, Put, Get):	2/19/14.
Federated Execute (Inst, UDF):	60/8.
Total JIT compile time:		6.259 sec.
Total JVM GC count:		3.
Total JVM GC time:		0.106 sec.
Heavy hitter instructions:
  #  Instruction          Time(s)  Count
  1  fed_transformencode   36.901      1
  2  fed_castdtf           14.440      1
  3  fed_*                  5.963      2
  4  fed_>                  4.129      1
  5  fed_<                  3.957      1
  6  m_scale                3.889      1
  7  m_split                3.188      1
  8  fed_-                  3.069      2
  9  fed_uacmean            2.578      2
 10  fed_||                 2.443      1
 11  fed_rmempty            2.374      2
 12  fed_+                  2.171      1
 13  fed_/                  1.828      1
 14  fed_uacvar             1.211      1
 15  m_lm                   0.701      1
 16  m_lmCG                 0.701      1
 17  fed_mmchain            0.515      7
 18  rand                   0.350      4
 19  fed_uacsqk+            0.299      1
 20  >                      0.217      9
 21  rmempty                0.193      2
 22  fed_ba+*               0.183      2
 23  write                  0.094      2
 24  uak+                   0.066      3
 25  <=                     0.049      3
 26  rmvar                  0.046    141
 27  tsmm                   0.039      9
 28  +                      0.021     30
 29  -                      0.016     15
 30  rlit                   0.011      1
 31  ba+*                   0.009      8
 32  sqrt                   0.009      2
 33  +*                     0.006     21
 34  createvar              0.003    117
 35  *                      0.002     11
 36  r'                     0.002     10
 37  replace                0.001      2
 38  mvvar                  0.001     47
 39  nrow                   0.001      1
 40  /                      0.000     18
 41  castdts                0.000     18
 42  ==                     0.000     20
 43  print                  0.000      1
 44  cpvar                  0.000     35
 45  assignvar              0.000     20
 46  ^                      0.000      3
 47  ||                     0.000      5
 48  <                      0.000      8
 49  &&                     0.000      8
 50  >=                     0.000      2
 51  !=                     0.000      1
 52  ncol                   0.000      1

real 88.38
user 33.88
sys 1.18
