21/02/14 21:45:10 INFO org.apache.sysds.api.DMLScript: BEGIN DML run 02/14/2021 21:45:10
21/02/14 21:45:10 INFO org.apache.sysds.utils.NativeHelper: Using native blas: mkl
21/02/14 21:45:59 INFO org.apache.sysds.runtime.instructions.cp.ParamservBuiltinCPInstruction: PARAMETER SERVER
21/02/14 21:45:59 INFO org.apache.sysds.runtime.instructions.cp.ParamservBuiltinCPInstruction: [+] Running in federated mode
21/02/14 21:45:59 INFO org.apache.sysds.runtime.instructions.cp.ParamservBuiltinCPInstruction: [+] Update Type: BSP
21/02/14 21:45:59 INFO org.apache.sysds.runtime.instructions.cp.ParamservBuiltinCPInstruction: [+] Frequency: EPOCH
21/02/14 21:45:59 INFO org.apache.sysds.runtime.instructions.cp.ParamservBuiltinCPInstruction: [+] Data Partitioning: KEEP_DATA_ON_WORKER
21/02/14 21:45:59 INFO org.apache.sysds.runtime.instructions.cp.ParamservBuiltinCPInstruction: [+] Runtime Balancing: NONE
21/02/14 21:45:59 INFO org.apache.sysds.runtime.instructions.cp.ParamservBuiltinCPInstruction: [+] Weighing: false
21/02/14 21:45:59 INFO org.apache.sysds.runtime.instructions.cp.ParamservBuiltinCPInstruction: [+] Seed: -1572143540
21/02/14 21:46:00 INFO org.apache.sysds.runtime.controlprogram.paramserv.ParamServer: Setup config for worker Federated worker_0
21/02/14 21:46:00 INFO org.apache.sysds.runtime.controlprogram.paramserv.ParamServer: Batch size: 512 possible batches: 977 batches to run: 977 weighing factor: 1.0
21/02/14 21:46:00 INFO org.apache.sysds.runtime.controlprogram.paramserv.ParamServer: Setup config for worker Federated worker_1
21/02/14 21:46:00 INFO org.apache.sysds.runtime.controlprogram.paramserv.ParamServer: Batch size: 512 possible batches: 977 batches to run: 977 weighing factor: 1.0
21/02/14 21:46:50 INFO org.apache.sysds.runtime.controlprogram.paramserv.ParamServer: [+] PARAMSERV: completed EPOCH 0
21/02/14 21:47:38 INFO org.apache.sysds.runtime.controlprogram.paramserv.ParamServer: [+] PARAMSERV: completed EPOCH 1
21/02/14 21:48:26 INFO org.apache.sysds.runtime.controlprogram.paramserv.ParamServer: [+] PARAMSERV: completed EPOCH 2
21/02/14 21:49:14 INFO org.apache.sysds.runtime.controlprogram.paramserv.ParamServer: [+] PARAMSERV: completed EPOCH 3
21/02/14 21:50:02 INFO org.apache.sysds.runtime.controlprogram.paramserv.ParamServer: [+] PARAMSERV: completed EPOCH 4
21/02/14 21:50:11 WARN org.apache.sysds.runtime.matrix.data.LibMatrixNative: matrixMult: Native mat mult failed. Falling back to java version (loaded=true, sparse=false)
[+] test loss: 1.4872586632199265E-11, test accuracy: 1.4872586632199265E-11

SystemDS Statistics:
Total elapsed time:		301.508 sec.
Total compilation time:		0.680 sec.
Total execution time:		300.828 sec.
Native mkl calls (dense mult/conv/bwdF/bwdD):	2/0/0/0.
Native mkl calls (sparse conv/bwdF/bwdD):	0/0/0.
Native mkl times (dense mult/conv/bwdF/bwdD):	2.068/0.000/0.000/0.000.
Cache hits (Mem/Li/WB/FS/HDFS):	313/0/0/0/2.
Cache writes (Li/WB/FS/HDFS):	2/52/2/0.
Cache times (ACQr/m, RLS, EXP):	6.138/0.001/17.264/0.000 sec.
HOP DAGs recompiled (PRED, SB):	0/6.
HOP DAGs recompile time:	0.034 sec.
Paramserv total execution time:	243.231 secs.
Paramserv total num workers:	2.
Paramserv setup time:		0.626 secs.
PS fed data partitioning time:	0.218 secs.
PS fed comm time (cum):		11.168 secs.
PS fed worker comp time (cum):	447.177 secs.
PS fed grad weigh time (cum):	0.000 secs.
PS fed global model agg time:	0.036 secs.
Paramserv valdiation time:	0.000 secs.
Federated I/O (Read, Put, Get):	4/12/4.
Federated Execute (Inst, UDF):	14/14.
Total JIT compile time:		5.293 sec.
Total JVM GC count:		4.
Total JVM GC time:		0.508 sec.
Heavy hitter instructions:
  #  Instruction  Time(s)  Count
  1  paramserv    243.236      1
  2  -             16.988      5
  3  /             12.321      8
  4  fed_uamin     10.129      2
  5  fed_-          4.413      1
  6  +              4.174     10
  7  fed_/          3.389      1
  8  ba+*           2.635      3
  9  max            1.825      2
 10  fed_uamax      1.349      2
 11  rand           0.124      6
 12  rmvar          0.047     47
 13  uark+          0.045      1
 14  *              0.044      4
 15  uarmax         0.041      1
 16  log            0.031      1
 17  exp            0.024      1
 18  nvlist         0.007      1
 19  -*             0.004     30
 20  createvar      0.003     71
 21  rightIndex     0.002      6
 22  uak+           0.001      1
 23  list           0.001      6
 24  sqrt           0.000     10
 25  print          0.000      1
 26  mvvar          0.000     22
 27  castdtm        0.000      6
 28  ==             0.000      1

21/02/14 21:50:11 INFO org.apache.sysds.api.DMLScript: END DML run 02/14/2021 21:50:11
real 306,67
user 124,25
sys 31,73
