21/03/29 11:01:38 INFO org.apache.sysds.api.DMLScript: BEGIN DML run 03/29/2021 11:01:38
21/03/29 11:01:38 INFO org.apache.sysds.utils.NativeHelper: Using native blas: mkl
21/03/29 11:02:04 INFO org.apache.sysds.runtime.instructions.cp.ParamservBuiltinCPInstruction: PARAMETER SERVER
21/03/29 11:02:04 INFO org.apache.sysds.runtime.instructions.cp.ParamservBuiltinCPInstruction: [+] Running in federated mode
21/03/29 11:02:04 INFO org.apache.sysds.runtime.instructions.cp.ParamservBuiltinCPInstruction: [+] Update Type: BSP
21/03/29 11:02:04 INFO org.apache.sysds.runtime.instructions.cp.ParamservBuiltinCPInstruction: [+] Frequency: EPOCH
21/03/29 11:02:04 INFO org.apache.sysds.runtime.instructions.cp.ParamservBuiltinCPInstruction: [+] Data Partitioning: KEEP_DATA_ON_WORKER
21/03/29 11:02:04 INFO org.apache.sysds.runtime.instructions.cp.ParamservBuiltinCPInstruction: [+] Runtime Balancing: NONE
21/03/29 11:02:04 INFO org.apache.sysds.runtime.instructions.cp.ParamservBuiltinCPInstruction: [+] Weighting: false
21/03/29 11:02:04 INFO org.apache.sysds.runtime.instructions.cp.ParamservBuiltinCPInstruction: [+] Seed: 2100821542
21/03/29 11:02:04 INFO org.apache.sysds.runtime.controlprogram.paramserv.ParamServer: Setup config for worker Federated worker_0
21/03/29 11:02:04 INFO org.apache.sysds.runtime.controlprogram.paramserv.ParamServer: Batch size: 512 possible batches: 977 batches to run: 977 weighting factor: 1.0
21/03/29 11:02:04 INFO org.apache.sysds.runtime.controlprogram.paramserv.ParamServer: Setup config for worker Federated worker_1
21/03/29 11:02:04 INFO org.apache.sysds.runtime.controlprogram.paramserv.ParamServer: Batch size: 512 possible batches: 977 batches to run: 977 weighting factor: 1.0
21/03/29 11:02:24 INFO org.apache.sysds.runtime.controlprogram.paramserv.ParamServer: [+] PARAMSERV: completed EPOCH 0
21/03/29 11:02:24 INFO org.apache.sysds.runtime.controlprogram.paramserv.ParamServer: [+] PARAMSERV: epoch timer: 19.619 secs.
21/03/29 11:02:40 INFO org.apache.sysds.runtime.controlprogram.paramserv.ParamServer: [+] PARAMSERV: completed EPOCH 1
21/03/29 11:02:40 INFO org.apache.sysds.runtime.controlprogram.paramserv.ParamServer: [+] PARAMSERV: epoch timer: 35.545 secs.
21/03/29 11:02:56 INFO org.apache.sysds.runtime.controlprogram.paramserv.ParamServer: [+] PARAMSERV: completed EPOCH 2
21/03/29 11:02:56 INFO org.apache.sysds.runtime.controlprogram.paramserv.ParamServer: [+] PARAMSERV: epoch timer: 51.371 secs.
21/03/29 11:03:11 INFO org.apache.sysds.runtime.controlprogram.paramserv.ParamServer: [+] PARAMSERV: completed EPOCH 3
21/03/29 11:03:11 INFO org.apache.sysds.runtime.controlprogram.paramserv.ParamServer: [+] PARAMSERV: epoch timer: 67.127 secs.
21/03/29 11:03:27 INFO org.apache.sysds.runtime.controlprogram.paramserv.ParamServer: [+] PARAMSERV: completed EPOCH 4
21/03/29 11:03:27 INFO org.apache.sysds.runtime.controlprogram.paramserv.ParamServer: [+] PARAMSERV: epoch timer: 83.114 secs.
[+] test loss: 1.4872586632199265E-11, test accuracy: 1.4872586632199265E-11

SystemDS Statistics:
Total elapsed time:		119.439 sec.
Total compilation time:		1.070 sec.
Total execution time:		118.369 sec.
Native mkl calls (dense mult/conv/bwdF/bwdD):	2/0/0/0.
Native mkl calls (sparse conv/bwdF/bwdD):	0/0/0.
Native mkl times (dense mult/conv/bwdF/bwdD):	2.886/0.000/0.000/0.000.
Cache hits (Mem/Li/WB/FS/HDFS):	313/0/0/0/2.
Cache writes (Li/WB/FS/HDFS):	1/36/0/0.
Cache times (ACQr/m, RLS, EXP):	4.195/0.001/0.010/0.000 sec.
HOP DAGs recompiled (PRED, SB):	0/6.
HOP DAGs recompile time:	0.032 sec.
Paramserv total execution time:	83.121 secs.
Paramserv total num workers:	2.
Paramserv setup time:		0.153 secs.
PS fed data partitioning time:	0.022 secs.
PS fed comm time (cum):		0.357 secs.
PS fed worker comp time (cum):	160.956 secs.
PS fed grad. weigh. time (cum):	0.000 secs.
PS fed global model agg time:	0.026 secs.
Paramserv valdiation time:	0.000 secs.
Federated I/O (Read, Put, Get):	4/12/4.
Federated Execute (Inst, UDF):	14/14.
Total JIT compile time:		7.957 sec.
Total JVM GC count:		3.
Total JVM GC time:		0.666 sec.
Heavy hitter instructions:
  #  Instruction  Time(s)  Count
  1  paramserv     83.124      1
  2  -              7.161      5
  3  fed_uamin      5.994      2
  4  fed_-          5.535      1
  5  +              4.035     10
  6  ba+*           3.944      3
  7  /              3.009      8
  8  fed_/          2.812      1
  9  max            1.559      2
 10  fed_uamax      0.556      2
 11  *              0.204      4
 12  log            0.143      1
 13  uark+          0.116      1
 14  uarmax         0.090      1
 15  rand           0.047      6
 16  exp            0.013      1
 17  rmvar          0.013     47
 18  uak+           0.007      1
 19  -*             0.005     30
 20  createvar      0.003     71
 21  nvlist         0.002      1
 22  list           0.001      6
 23  sqrt           0.001     10
 24  rightIndex     0.001      6
 25  mvvar          0.000     22
 26  print          0.000      1
 27  castdtm        0.000      6
 28  ==             0.000      1

21/03/29 11:03:38 INFO org.apache.sysds.api.DMLScript: END DML run 03/29/2021 11:03:38
real 125.21
user 163.97
sys 15.86
21/03/29 11:03:43 INFO org.apache.sysds.api.DMLScript: BEGIN DML run 03/29/2021 11:03:43
21/03/29 11:03:43 INFO org.apache.sysds.utils.NativeHelper: Using native blas: mkl
21/03/29 11:04:04 INFO org.apache.sysds.runtime.instructions.cp.ParamservBuiltinCPInstruction: PARAMETER SERVER
21/03/29 11:04:04 INFO org.apache.sysds.runtime.instructions.cp.ParamservBuiltinCPInstruction: [+] Running in federated mode
21/03/29 11:04:04 INFO org.apache.sysds.runtime.instructions.cp.ParamservBuiltinCPInstruction: [+] Update Type: BSP
21/03/29 11:04:04 INFO org.apache.sysds.runtime.instructions.cp.ParamservBuiltinCPInstruction: [+] Frequency: EPOCH
21/03/29 11:04:04 INFO org.apache.sysds.runtime.instructions.cp.ParamservBuiltinCPInstruction: [+] Data Partitioning: KEEP_DATA_ON_WORKER
21/03/29 11:04:04 INFO org.apache.sysds.runtime.instructions.cp.ParamservBuiltinCPInstruction: [+] Runtime Balancing: NONE
21/03/29 11:04:04 INFO org.apache.sysds.runtime.instructions.cp.ParamservBuiltinCPInstruction: [+] Weighting: false
21/03/29 11:04:04 INFO org.apache.sysds.runtime.instructions.cp.ParamservBuiltinCPInstruction: [+] Seed: 2100941141
21/03/29 11:04:04 INFO org.apache.sysds.runtime.controlprogram.paramserv.ParamServer: Setup config for worker Federated worker_0
21/03/29 11:04:04 INFO org.apache.sysds.runtime.controlprogram.paramserv.ParamServer: Batch size: 512 possible batches: 977 batches to run: 977 weighting factor: 1.0
21/03/29 11:04:04 INFO org.apache.sysds.runtime.controlprogram.paramserv.ParamServer: Setup config for worker Federated worker_1
21/03/29 11:04:04 INFO org.apache.sysds.runtime.controlprogram.paramserv.ParamServer: Batch size: 512 possible batches: 977 batches to run: 977 weighting factor: 1.0
21/03/29 11:04:22 INFO org.apache.sysds.runtime.controlprogram.paramserv.ParamServer: [+] PARAMSERV: completed EPOCH 0
21/03/29 11:04:22 INFO org.apache.sysds.runtime.controlprogram.paramserv.ParamServer: [+] PARAMSERV: epoch timer: 18.267 secs.
21/03/29 11:04:38 INFO org.apache.sysds.runtime.controlprogram.paramserv.ParamServer: [+] PARAMSERV: completed EPOCH 1
21/03/29 11:04:38 INFO org.apache.sysds.runtime.controlprogram.paramserv.ParamServer: [+] PARAMSERV: epoch timer: 34.341 secs.
21/03/29 11:04:54 INFO org.apache.sysds.runtime.controlprogram.paramserv.ParamServer: [+] PARAMSERV: completed EPOCH 2
21/03/29 11:04:54 INFO org.apache.sysds.runtime.controlprogram.paramserv.ParamServer: [+] PARAMSERV: epoch timer: 50.35 secs.
21/03/29 11:05:10 INFO org.apache.sysds.runtime.controlprogram.paramserv.ParamServer: [+] PARAMSERV: completed EPOCH 3
21/03/29 11:05:10 INFO org.apache.sysds.runtime.controlprogram.paramserv.ParamServer: [+] PARAMSERV: epoch timer: 65.835 secs.
21/03/29 11:05:25 INFO org.apache.sysds.runtime.controlprogram.paramserv.ParamServer: [+] PARAMSERV: completed EPOCH 4
21/03/29 11:05:25 INFO org.apache.sysds.runtime.controlprogram.paramserv.ParamServer: [+] PARAMSERV: epoch timer: 81.498 secs.
[+] test loss: 1.4872586632199265E-11, test accuracy: 1.4872586632199265E-11

SystemDS Statistics:
Total elapsed time:		113.190 sec.
Total compilation time:		1.052 sec.
Total execution time:		112.138 sec.
Native mkl calls (dense mult/conv/bwdF/bwdD):	2/0/0/0.
Native mkl calls (sparse conv/bwdF/bwdD):	0/0/0.
Native mkl times (dense mult/conv/bwdF/bwdD):	2.963/0.000/0.000/0.000.
Cache hits (Mem/Li/WB/FS/HDFS):	313/0/0/0/2.
Cache writes (Li/WB/FS/HDFS):	1/36/0/0.
Cache times (ACQr/m, RLS, EXP):	4.035/0.001/0.011/0.000 sec.
HOP DAGs recompiled (PRED, SB):	0/6.
HOP DAGs recompile time:	0.032 sec.
Paramserv total execution time:	81.504 secs.
Paramserv total num workers:	2.
Paramserv setup time:		0.113 secs.
PS fed data partitioning time:	0.021 secs.
PS fed comm time (cum):		0.321 secs.
PS fed worker comp time (cum):	159.210 secs.
PS fed grad. weigh. time (cum):	0.000 secs.
PS fed global model agg time:	0.026 secs.
Paramserv valdiation time:	0.000 secs.
Federated I/O (Read, Put, Get):	4/12/4.
Federated Execute (Inst, UDF):	14/14.
Total JIT compile time:		8.11 sec.
Total JVM GC count:		3.
Total JVM GC time:		1.001 sec.
Heavy hitter instructions:
  #  Instruction  Time(s)  Count
  1  paramserv     81.508      1
  2  -              7.053      5
  3  +              4.292     10
  4  fed_-          4.090      1
  5  ba+*           4.010      3
  6  /              3.021      8
  7  fed_/          2.993      1
  8  max            1.971      2
  9  fed_uamin      1.898      2
 10  fed_uamax      0.514      2
 11  *              0.242      4
 12  uark+          0.230      1
 13  log            0.121      1
 14  uarmax         0.116      1
 15  rand           0.045      6
 16  exp            0.012      1
 17  rmvar          0.012     47
 18  -*             0.004     30
 19  uak+           0.004      1
 20  createvar      0.003     71
 21  nvlist         0.002      1
 22  list           0.001      6
 23  sqrt           0.001     10
 24  rightIndex     0.001      6
 25  mvvar          0.000     22
 26  print          0.000      1
 27  castdtm        0.000      6
 28  ==             0.000      1

21/03/29 11:05:37 INFO org.apache.sysds.api.DMLScript: END DML run 03/29/2021 11:05:37
real 118.86
user 181.30
sys 17.57
21/03/29 11:05:42 INFO org.apache.sysds.api.DMLScript: BEGIN DML run 03/29/2021 11:05:42
21/03/29 11:05:42 INFO org.apache.sysds.utils.NativeHelper: Using native blas: mkl
21/03/29 11:06:04 INFO org.apache.sysds.runtime.instructions.cp.ParamservBuiltinCPInstruction: PARAMETER SERVER
21/03/29 11:06:04 INFO org.apache.sysds.runtime.instructions.cp.ParamservBuiltinCPInstruction: [+] Running in federated mode
21/03/29 11:06:04 INFO org.apache.sysds.runtime.instructions.cp.ParamservBuiltinCPInstruction: [+] Update Type: BSP
21/03/29 11:06:04 INFO org.apache.sysds.runtime.instructions.cp.ParamservBuiltinCPInstruction: [+] Frequency: EPOCH
21/03/29 11:06:04 INFO org.apache.sysds.runtime.instructions.cp.ParamservBuiltinCPInstruction: [+] Data Partitioning: KEEP_DATA_ON_WORKER
21/03/29 11:06:04 INFO org.apache.sysds.runtime.instructions.cp.ParamservBuiltinCPInstruction: [+] Runtime Balancing: NONE
21/03/29 11:06:04 INFO org.apache.sysds.runtime.instructions.cp.ParamservBuiltinCPInstruction: [+] Weighting: false
21/03/29 11:06:04 INFO org.apache.sysds.runtime.instructions.cp.ParamservBuiltinCPInstruction: [+] Seed: 2101061112
21/03/29 11:06:04 INFO org.apache.sysds.runtime.controlprogram.paramserv.ParamServer: Setup config for worker Federated worker_0
21/03/29 11:06:04 INFO org.apache.sysds.runtime.controlprogram.paramserv.ParamServer: Batch size: 512 possible batches: 977 batches to run: 977 weighting factor: 1.0
21/03/29 11:06:04 INFO org.apache.sysds.runtime.controlprogram.paramserv.ParamServer: Setup config for worker Federated worker_1
21/03/29 11:06:04 INFO org.apache.sysds.runtime.controlprogram.paramserv.ParamServer: Batch size: 512 possible batches: 977 batches to run: 977 weighting factor: 1.0
21/03/29 11:06:22 INFO org.apache.sysds.runtime.controlprogram.paramserv.ParamServer: [+] PARAMSERV: completed EPOCH 0
21/03/29 11:06:22 INFO org.apache.sysds.runtime.controlprogram.paramserv.ParamServer: [+] PARAMSERV: epoch timer: 18.352 secs.
21/03/29 11:06:38 INFO org.apache.sysds.runtime.controlprogram.paramserv.ParamServer: [+] PARAMSERV: completed EPOCH 1
21/03/29 11:06:38 INFO org.apache.sysds.runtime.controlprogram.paramserv.ParamServer: [+] PARAMSERV: epoch timer: 34.061 secs.
21/03/29 11:06:54 INFO org.apache.sysds.runtime.controlprogram.paramserv.ParamServer: [+] PARAMSERV: completed EPOCH 2
21/03/29 11:06:54 INFO org.apache.sysds.runtime.controlprogram.paramserv.ParamServer: [+] PARAMSERV: epoch timer: 50.01 secs.
21/03/29 11:07:10 INFO org.apache.sysds.runtime.controlprogram.paramserv.ParamServer: [+] PARAMSERV: completed EPOCH 3
21/03/29 11:07:10 INFO org.apache.sysds.runtime.controlprogram.paramserv.ParamServer: [+] PARAMSERV: epoch timer: 65.986 secs.
21/03/29 11:07:26 INFO org.apache.sysds.runtime.controlprogram.paramserv.ParamServer: [+] PARAMSERV: completed EPOCH 4
21/03/29 11:07:26 INFO org.apache.sysds.runtime.controlprogram.paramserv.ParamServer: [+] PARAMSERV: epoch timer: 81.876 secs.
[+] test loss: 1.4872586632199265E-11, test accuracy: 1.4872586632199265E-11

SystemDS Statistics:
Total elapsed time:		114.642 sec.
Total compilation time:		1.068 sec.
Total execution time:		113.574 sec.
Native mkl calls (dense mult/conv/bwdF/bwdD):	2/0/0/0.
Native mkl calls (sparse conv/bwdF/bwdD):	0/0/0.
Native mkl times (dense mult/conv/bwdF/bwdD):	3.013/0.000/0.000/0.000.
Cache hits (Mem/Li/WB/FS/HDFS):	313/0/0/0/2.
Cache writes (Li/WB/FS/HDFS):	1/36/0/0.
Cache times (ACQr/m, RLS, EXP):	3.949/0.001/0.011/0.000 sec.
HOP DAGs recompiled (PRED, SB):	0/6.
HOP DAGs recompile time:	0.036 sec.
Paramserv total execution time:	81.882 secs.
Paramserv total num workers:	2.
Paramserv setup time:		0.089 secs.
PS fed data partitioning time:	0.021 secs.
PS fed comm time (cum):		0.323 secs.
PS fed worker comp time (cum):	157.162 secs.
PS fed grad. weigh. time (cum):	0.000 secs.
PS fed global model agg time:	0.031 secs.
Paramserv valdiation time:	0.000 secs.
Federated I/O (Read, Put, Get):	4/12/4.
Federated Execute (Inst, UDF):	14/14.
Total JIT compile time:		8.234 sec.
Total JVM GC count:		3.
Total JVM GC time:		0.884 sec.
Heavy hitter instructions:
  #  Instruction  Time(s)  Count
  1  paramserv     81.885      1
  2  -              6.594      5
  3  +              4.550     10
  4  fed_/          4.420      1
  5  fed_-          4.112      1
  6  ba+*           4.037      3
  7  /              3.006      8
  8  fed_uamin      2.020      2
  9  max            1.741      2
 10  fed_uamax      0.511      2
 11  *              0.220      4
 12  uark+          0.193      1
 13  log            0.108      1
 14  uarmax         0.108      1
 15  rand           0.033      6
 16  exp            0.013      1
 17  rmvar          0.012     47
 18  -*             0.005     30
 19  uak+           0.005      1
 20  createvar      0.003     71
 21  nvlist         0.002      1
 22  list           0.001      6
 23  sqrt           0.001     10
 24  rightIndex     0.001      6
 25  mvvar          0.000     22
 26  print          0.000      1
 27  castdtm        0.000      6
 28  ==             0.000      1

21/03/29 11:07:37 INFO org.apache.sysds.api.DMLScript: END DML run 03/29/2021 11:07:37
real 119.32
user 176.93
sys 17.15
