21/02/14 18:41:09 INFO org.apache.sysds.api.DMLScript: BEGIN DML run 02/14/2021 18:41:09
21/02/14 18:41:09 INFO org.apache.sysds.utils.NativeHelper: Using native blas: mkl
21/02/14 18:41:56 INFO org.apache.sysds.runtime.instructions.cp.ParamservBuiltinCPInstruction: PARAMETER SERVER
21/02/14 18:41:56 INFO org.apache.sysds.runtime.instructions.cp.ParamservBuiltinCPInstruction: [+] Running in federated mode
21/02/14 18:41:56 INFO org.apache.sysds.runtime.instructions.cp.ParamservBuiltinCPInstruction: [+] Update Type: BSP
21/02/14 18:41:56 INFO org.apache.sysds.runtime.instructions.cp.ParamservBuiltinCPInstruction: [+] Frequency: EPOCH
21/02/14 18:41:56 INFO org.apache.sysds.runtime.instructions.cp.ParamservBuiltinCPInstruction: [+] Data Partitioning: KEEP_DATA_ON_WORKER
21/02/14 18:41:56 INFO org.apache.sysds.runtime.instructions.cp.ParamservBuiltinCPInstruction: [+] Runtime Balancing: NONE
21/02/14 18:41:56 INFO org.apache.sysds.runtime.instructions.cp.ParamservBuiltinCPInstruction: [+] Weighing: false
21/02/14 18:41:56 INFO org.apache.sysds.runtime.instructions.cp.ParamservBuiltinCPInstruction: [+] Seed: -1583187059
21/02/14 18:41:56 INFO org.apache.sysds.runtime.controlprogram.paramserv.ParamServer: Setup config for worker Federated worker_0
21/02/14 18:41:56 INFO org.apache.sysds.runtime.controlprogram.paramserv.ParamServer: Batch size: 512 possible batches: 977 batches to run: 977 weighing factor: 1.0
21/02/14 18:41:56 INFO org.apache.sysds.runtime.controlprogram.paramserv.ParamServer: Setup config for worker Federated worker_1
21/02/14 18:41:56 INFO org.apache.sysds.runtime.controlprogram.paramserv.ParamServer: Batch size: 512 possible batches: 977 batches to run: 977 weighing factor: 1.0
21/02/14 18:42:45 INFO org.apache.sysds.runtime.controlprogram.paramserv.ParamServer: [+] PARAMSERV: completed EPOCH 0
21/02/14 18:43:33 INFO org.apache.sysds.runtime.controlprogram.paramserv.ParamServer: [+] PARAMSERV: completed EPOCH 1
21/02/14 18:44:20 INFO org.apache.sysds.runtime.controlprogram.paramserv.ParamServer: [+] PARAMSERV: completed EPOCH 2
21/02/14 18:45:08 INFO org.apache.sysds.runtime.controlprogram.paramserv.ParamServer: [+] PARAMSERV: completed EPOCH 3
21/02/14 18:45:55 INFO org.apache.sysds.runtime.controlprogram.paramserv.ParamServer: [+] PARAMSERV: completed EPOCH 4
21/02/14 18:46:05 WARN org.apache.sysds.runtime.matrix.data.LibMatrixNative: matrixMult: Native mat mult failed. Falling back to java version (loaded=true, sparse=false)
[+] test loss: 1.4872586632199265E-11, test accuracy: 1.4872586632199265E-11

SystemDS Statistics:
Total elapsed time:		296.297 sec.
Total compilation time:		0.716 sec.
Total execution time:		295.581 sec.
Native mkl calls (dense mult/conv/bwdF/bwdD):	2/0/0/0.
Native mkl calls (sparse conv/bwdF/bwdD):	0/0/0.
Native mkl times (dense mult/conv/bwdF/bwdD):	2.150/0.000/0.000/0.000.
Cache hits (Mem/Li/WB/FS/HDFS):	313/0/0/0/2.
Cache writes (Li/WB/FS/HDFS):	2/52/2/0.
Cache times (ACQr/m, RLS, EXP):	6.689/0.002/18.175/0.000 sec.
HOP DAGs recompiled (PRED, SB):	0/6.
HOP DAGs recompile time:	0.030 sec.
Paramserv total execution time:	239.239 secs.
Paramserv total num workers:	2.
Paramserv setup time:		0.406 secs.
PS fed data partitioning time:	0.100 secs.
PS fed comm time (cum):		8.673 secs.
PS fed worker comp time (cum):	425.724 secs.
PS fed grad weigh time (cum):	0.000 secs.
PS fed global model agg time:	0.036 secs.
Paramserv valdiation time:	0.000 secs.
Federated I/O (Read, Put, Get):	4/12/4.
Federated Execute (Inst, UDF):	14/14.
Total JIT compile time:		7.497 sec.
Total JVM GC count:		4.
Total JVM GC time:		0.701 sec.
Heavy hitter instructions:
  #  Instruction  Time(s)  Count
  1  paramserv    239.240      1
  2  -             18.586      5
  3  /             12.584      8
  4  fed_uamin      5.923      2
  5  fed_-          4.447      1
  6  +              4.341     10
  7  fed_/          3.279      1
  8  max            3.071      2
  9  ba+*           2.687      3
 10  fed_uamax      1.110      2
 11  rand           0.103      6
 12  uark+          0.048      1
 13  *              0.044      4
 14  uarmax         0.042      1
 15  rmvar          0.028     47
 16  log            0.025      1
 17  exp            0.011      1
 18  -*             0.007     30
 19  nvlist         0.007      1
 20  createvar      0.002     71
 21  list           0.002      6
 22  uak+           0.001      1
 23  rightIndex     0.001      6
 24  sqrt           0.001     10
 25  mvvar          0.000     22
 26  castdtm        0.000      6
 27  print          0.000      1
 28  ==             0.000      1

21/02/14 18:46:05 INFO org.apache.sysds.api.DMLScript: END DML run 02/14/2021 18:46:05
real 301,36
user 129,53
sys 33,71
