K-means: No output is produced. Try increasing the number of iterations and/or lower eps.
SystemDS Statistics:
Total elapsed time:		563.246 sec.
Total compilation time:		0.658 sec.
Total execution time:		562.588 sec.
Native mkl calls (dense mult/conv/bwdF/bwdD):	100/0/0/0.
Native mkl calls (sparse conv/bwdF/bwdD):	0/0/0.
Native mkl times (dense mult/conv/bwdF/bwdD):	0.241/0.000/0.000/0.000.
Cache hits (Mem/Li/WB/FS/HDFS):	2471/0/0/0/0.
Cache writes (Li/WB/FS/HDFS):	1/435/0/1.
Cache times (ACQr/m, RLS, EXP):	0.005/0.004/0.035/0.771 sec.
HOP DAGs recompiled (PRED, SB):	0/53.
HOP DAGs recompile time:	0.108 sec.
Functions recompiled:		1.
Functions recompile time:	0.018 sec.
ParFor loops optimized:		1.
ParFor optimize time:		0.017 sec.
ParFor initialize time:		0.002 sec.
ParFor result merge time:	0.009 sec.
ParFor total update in-place:	0/3/4
Federated I/O (Read, Put, Get):	5/725/242.
Federated Execute (Inst, UDF):	1444/0.
Total JIT compile time:		20.381 sec.
Total JVM GC count:		15.
Total JVM GC time:		0.159 sec.
Heavy hitter instructions:
  #  Instruction   Time(s)  Count
  1  m_kmeans      561.816      1
  2  fed_ba+*      101.253    121
  3  fed_uarmin     97.331     60
  4  fed_uark+      93.257     60
  5  fed_<=         87.508     60
  6  fed_/          85.213     60
  7  fed_r'         29.879     60
  8  fed_+          22.279     60
  9  fed_uack+      20.109     60
 10  fed_*          16.120     60
 11  fed_uasqk+      4.850      1
 12  rmvar           2.288   2160
 13  write           0.771      1
 14  *               0.543    221
 15  ba+*            0.534    150
 16  uark+           0.106     51
 17  uak+            0.069    169
 18  uarsqk+         0.064     61
 19  +               0.035    335
 20  /               0.035     63
 21  r'              0.032    180
 22  createvar       0.021   2095
 23  rand            0.017     56
 24  ucumk+          0.011     51
 25  log             0.009      2
 26  rexpand         0.007    101
 27  <               0.007    111
 28  min             0.006     50
 29  ctable          0.006      1
 30  <=              0.004     60
 31  +*              0.003    101
 32  -*              0.003     50
 33  mvvar           0.002    545
 34  seq             0.002    103
 35  leftIndex       0.002      4
 36  -               0.002     66
 37  rightIndex      0.002     53
 38  uasqk+          0.001     50
 39  cpvar           0.001    235
 40  round           0.001      3
 41  ifelse          0.001     50
 42  castdts         0.001    101
 43  ==              0.001    112
 44  sqrt            0.000      1
 45  castdtm         0.000     50
 46  assignvar       0.000    188
 47  >               0.000     60
 48  >=              0.000     60
 49  ncol            0.000      2
 50  print           0.000      1
 51  ctableexpand    0.000      1
 52  castvti         0.000      1

real 566,69
user 107,76
sys 12,51
