L2SVM: WARNING invalid number of labels in Y: 1.0 1.0
SystemDS Statistics:
Total elapsed time:		71.877 sec.
Total compilation time:		0.459 sec.
Total execution time:		71.418 sec.
Native mkl calls (dense mult/conv/bwdF/bwdD):	239/0/0/0.
Native mkl calls (sparse conv/bwdF/bwdD):	0/0/0.
Native mkl times (dense mult/conv/bwdF/bwdD):	0.062/0.000/0.000/0.000.
Cache hits (Mem/Li/WB/FS/HDFS):	8920/0/0/0/1.
Cache writes (Li/WB/FS/HDFS):	0/3184/0/1.
Cache times (ACQr/m, RLS, EXP):	0.074/0.005/0.066/0.054 sec.
HOP DAGs recompiled (PRED, SB):	0/0.
HOP DAGs recompile time:	0.002 sec.
Federated I/O (Read, Put, Get):	5/185/61.
Federated Execute (Inst, UDF):	122/0.
Total JIT compile time:		6.324 sec.
Total JVM GC count:		12.
Total JVM GC time:		0.07 sec.
Heavy hitter instructions:
  #  Instruction  Time(s)  Count
  1  m_l2svm       71.363      1
  2  fed_ba+*      62.287     61
  3  max            1.841    630
  4  +*             1.694    690
  5  *              1.526   2011
  6  >              1.454    600
  7  tak+*          1.240   1200
  8  1-*            0.893    630
  9  uamin          0.089      1
 10  r'             0.088    122
 11  tsmm           0.064    180
 12  write          0.054      1
 13  ==             0.043      3
 14  uamax          0.026      1
 15  -              0.023   1232
 16  rmvar          0.021   8870
 17  createvar      0.015   3641
 18  uak+           0.012      2
 19  <              0.007    666
 20  ba+*           0.006     60
 21  +              0.003   1867
 22  mvvar          0.003    706
 23  castdts        0.002    240
 24  rand           0.002      2
 25  assignvar      0.001   2016
 26  /              0.001   1233
 27  &&             0.001    692
 28  >=             0.001    630
 29  cpvar          0.001    124
 30  print          0.000      1
 31  !=             0.000     34
 32  ||             0.000      1

real 75,61
user 141,14
sys 3,80
L2SVM: WARNING invalid number of labels in Y: 1.0 1.0
SystemDS Statistics:
Total elapsed time:		67.361 sec.
Total compilation time:		0.481 sec.
Total execution time:		66.880 sec.
Native mkl calls (dense mult/conv/bwdF/bwdD):	239/0/0/0.
Native mkl calls (sparse conv/bwdF/bwdD):	0/0/0.
Native mkl times (dense mult/conv/bwdF/bwdD):	0.064/0.000/0.000/0.000.
Cache hits (Mem/Li/WB/FS/HDFS):	8920/0/0/0/1.
Cache writes (Li/WB/FS/HDFS):	0/3184/0/1.
Cache times (ACQr/m, RLS, EXP):	0.064/0.005/0.061/0.025 sec.
HOP DAGs recompiled (PRED, SB):	0/0.
HOP DAGs recompile time:	0.002 sec.
Federated I/O (Read, Put, Get):	5/185/61.
Federated Execute (Inst, UDF):	122/0.
Total JIT compile time:		6.237 sec.
Total JVM GC count:		12.
Total JVM GC time:		0.066 sec.
Heavy hitter instructions:
  #  Instruction  Time(s)  Count
  1  m_l2svm       66.855      1
  2  fed_ba+*      58.396     61
  3  max            1.727    630
  4  +*             1.632    690
  5  >              1.399    600
  6  *              1.389   2011
  7  tak+*          1.083   1200
  8  1-*            0.824    630
  9  r'             0.088    122
 10  uamin          0.084      1
 11  tsmm           0.066    180
 12  ==             0.039      3
 13  write          0.025      1
 14  -              0.023   1232
 15  rmvar          0.020   8870
 16  createvar      0.015   3641
 17  uak+           0.013      2
 18  ba+*           0.010     60
 19  uamax          0.009      1
 20  <              0.006    666
 21  +              0.003   1867
 22  mvvar          0.002    706
 23  castdts        0.002    240
 24  rand           0.002      2
 25  assignvar      0.001   2016
 26  /              0.001   1233
 27  &&             0.001    692
 28  >=             0.001    630
 29  cpvar          0.001    124
 30  print          0.000      1
 31  !=             0.000     34
 32  ||             0.000      1

real 71,08
user 136,31
sys 3,68
