L2SVM: WARNING invalid number of labels in Y: 1.0 1.0
SystemDS Statistics:
Total elapsed time:		19.727 sec.
Total compilation time:		0.891 sec.
Total execution time:		18.836 sec.
Native mkl calls (dense mult/conv/bwdF/bwdD):	239/0/0/0.
Native mkl calls (sparse conv/bwdF/bwdD):	0/0/0.
Native mkl times (dense mult/conv/bwdF/bwdD):	0.109/0.000/0.000/0.000.
Cache hits (Mem/Li/WB/FS/HDFS):	8920/0/0/0/1.
Cache writes (Li/WB/FS/HDFS):	0/3184/0/1.
Cache times (ACQr/m, RLS, EXP):	0.128/0.008/0.127/0.045 sec.
HOP DAGs recompiled (PRED, SB):	0/0.
HOP DAGs recompile time:	0.004 sec.
Federated I/O (Read, Put, Get):	5/185/61.
Federated Execute (Inst, UDF):	122/0.
Total JIT compile time:		12.523 sec.
Total JVM GC count:		6.
Total JVM GC time:		0.126 sec.
Heavy hitter instructions:
  #  Instruction  Time(s)  Count
  1  m_l2svm       18.790      1
  2  fed_ba+*       5.841     61
  3  max            2.419    630
  4  +*             2.273    690
  5  *              2.099   2011
  6  >              2.078    600
  7  tak+*          1.566   1200
  8  1-*            1.556    630
  9  uamin          0.228      1
 10  ==             0.203      3
 11  r'             0.172    122
 12  tsmm           0.111    180
 13  write          0.045      1
 14  -              0.043   1232
 15  rmvar          0.036   8870
 16  uak+           0.027      2
 17  createvar      0.026   3641
 18  uamax          0.024      1
 19  <              0.013    666
 20  ba+*           0.012     60
 21  +              0.006   1867
 22  mvvar          0.005    706
 23  rand           0.004      2
 24  assignvar      0.003   2016
 25  castdts        0.002    240
 26  /              0.002   1233
 27  &&             0.002    692
 28  >=             0.002    630
 29  cpvar          0.001    124
 30  print          0.000      1
 31  !=             0.000     34
 32  ||             0.000      1

real 23.56
user 271.16
sys 7.97
L2SVM: WARNING invalid number of labels in Y: 1.0 1.0
SystemDS Statistics:
Total elapsed time:		18.029 sec.
Total compilation time:		0.892 sec.
Total execution time:		17.137 sec.
Native mkl calls (dense mult/conv/bwdF/bwdD):	239/0/0/0.
Native mkl calls (sparse conv/bwdF/bwdD):	0/0/0.
Native mkl times (dense mult/conv/bwdF/bwdD):	0.102/0.000/0.000/0.000.
Cache hits (Mem/Li/WB/FS/HDFS):	8920/0/0/0/1.
Cache writes (Li/WB/FS/HDFS):	0/3184/0/1.
Cache times (ACQr/m, RLS, EXP):	0.135/0.009/0.130/0.039 sec.
HOP DAGs recompiled (PRED, SB):	0/0.
HOP DAGs recompile time:	0.004 sec.
Federated I/O (Read, Put, Get):	5/185/61.
Federated Execute (Inst, UDF):	122/0.
Total JIT compile time:		13.119 sec.
Total JVM GC count:		6.
Total JVM GC time:		0.128 sec.
Heavy hitter instructions:
  #  Instruction  Time(s)  Count
  1  m_l2svm       17.097      1
  2  fed_ba+*       3.954     61
  3  max            2.402    630
  4  +*             2.336    690
  5  >              2.094    600
  6  *              2.036   2011
  7  tak+*          1.621   1200
  8  1-*            1.536    630
  9  ==             0.338      3
 10  uamin          0.234      1
 11  r'             0.182    122
 12  tsmm           0.104    180
 13  -              0.047   1232
 14  write          0.039      1
 15  rmvar          0.038   8870
 16  uak+           0.031      2
 17  createvar      0.027   3641
 18  uamax          0.023      1
 19  ba+*           0.014     60
 20  <              0.013    666
 21  +              0.006   1867
 22  mvvar          0.006    706
 23  rand           0.004      2
 24  assignvar      0.003   2016
 25  castdts        0.003    240
 26  /              0.002   1233
 27  &&             0.002    692
 28  >=             0.002    630
 29  cpvar          0.001    124
 30  print          0.000      1
 31  !=             0.000     34
 32  ||             0.000      1

real 21.86
user 276.42
sys 8.53
L2SVM: WARNING invalid number of labels in Y: 1.0 1.0
SystemDS Statistics:
Total elapsed time:		18.038 sec.
Total compilation time:		0.898 sec.
Total execution time:		17.140 sec.
Native mkl calls (dense mult/conv/bwdF/bwdD):	239/0/0/0.
Native mkl calls (sparse conv/bwdF/bwdD):	0/0/0.
Native mkl times (dense mult/conv/bwdF/bwdD):	0.103/0.000/0.000/0.000.
Cache hits (Mem/Li/WB/FS/HDFS):	8920/0/0/0/1.
Cache writes (Li/WB/FS/HDFS):	0/3184/0/1.
Cache times (ACQr/m, RLS, EXP):	0.128/0.008/0.122/0.043 sec.
HOP DAGs recompiled (PRED, SB):	0/0.
HOP DAGs recompile time:	0.004 sec.
Federated I/O (Read, Put, Get):	5/185/61.
Federated Execute (Inst, UDF):	122/0.
Total JIT compile time:		12.451 sec.
Total JVM GC count:		6.
Total JVM GC time:		0.126 sec.
Heavy hitter instructions:
  #  Instruction  Time(s)  Count
  1  m_l2svm       17.097      1
  2  fed_ba+*       4.246     61
  3  max            2.353    630
  4  +*             2.293    690
  5  *              2.074   2011
  6  >              2.048    600
  7  tak+*          1.575   1200
  8  1-*            1.560    630
  9  uamin          0.229      1
 10  ==             0.191      3
 11  r'             0.179    122
 12  tsmm           0.105    180
 13  write          0.043      1
 14  -              0.041   1232
 15  rmvar          0.038   8870
 16  uak+           0.028      2
 17  createvar      0.026   3641
 18  uamax          0.022      1
 19  <              0.013    666
 20  ba+*           0.012     60
 21  +              0.006   1867
 22  mvvar          0.005    706
 23  rand           0.004      2
 24  assignvar      0.004   2016
 25  castdts        0.003    240
 26  /              0.002   1233
 27  &&             0.002    692
 28  >=             0.002    630
 29  cpvar          0.001    124
 30  print          0.000      1
 31  !=             0.000     34
 32  ||             0.000      1

real 22.06
user 265.13
sys 7.92
L2SVM: WARNING invalid number of labels in Y: 1.0 1.0
SystemDS Statistics:
Total elapsed time:		18.189 sec.
Total compilation time:		0.899 sec.
Total execution time:		17.289 sec.
Native mkl calls (dense mult/conv/bwdF/bwdD):	239/0/0/0.
Native mkl calls (sparse conv/bwdF/bwdD):	0/0/0.
Native mkl times (dense mult/conv/bwdF/bwdD):	0.106/0.000/0.000/0.000.
Cache hits (Mem/Li/WB/FS/HDFS):	8920/0/0/0/1.
Cache writes (Li/WB/FS/HDFS):	0/3184/0/1.
Cache times (ACQr/m, RLS, EXP):	0.127/0.008/0.122/0.044 sec.
HOP DAGs recompiled (PRED, SB):	0/0.
HOP DAGs recompile time:	0.005 sec.
Federated I/O (Read, Put, Get):	5/185/61.
Federated Execute (Inst, UDF):	122/0.
Total JIT compile time:		12.862 sec.
Total JVM GC count:		6.
Total JVM GC time:		0.134 sec.
Heavy hitter instructions:
  #  Instruction  Time(s)  Count
  1  m_l2svm       17.245      1
  2  fed_ba+*       4.072     61
  3  max            2.418    630
  4  +*             2.329    690
  5  *              2.136   2011
  6  >              2.101    600
  7  1-*            1.582    630
  8  tak+*          1.557   1200
  9  ==             0.282      3
 10  uamin          0.226      1
 11  r'             0.185    122
 12  tsmm           0.108    180
 13  write          0.044      1
 14  -              0.041   1232
 15  rmvar          0.037   8870
 16  uak+           0.030      2
 17  createvar      0.029   3641
 18  uamax          0.021      1
 19  <              0.013    666
 20  ba+*           0.012     60
 21  +              0.006   1867
 22  mvvar          0.005    706
 23  rand           0.004      2
 24  assignvar      0.003   2016
 25  castdts        0.003    240
 26  &&             0.003    692
 27  /              0.002   1233
 28  >=             0.002    630
 29  cpvar          0.001    124
 30  print          0.000      1
 31  !=             0.000     34
 32  ||             0.000      1

real 22.02
user 276.73
sys 8.58
L2SVM: WARNING invalid number of labels in Y: 1.0 1.0
SystemDS Statistics:
Total elapsed time:		17.865 sec.
Total compilation time:		0.913 sec.
Total execution time:		16.953 sec.
Native mkl calls (dense mult/conv/bwdF/bwdD):	239/0/0/0.
Native mkl calls (sparse conv/bwdF/bwdD):	0/0/0.
Native mkl times (dense mult/conv/bwdF/bwdD):	0.107/0.000/0.000/0.000.
Cache hits (Mem/Li/WB/FS/HDFS):	8920/0/0/0/1.
Cache writes (Li/WB/FS/HDFS):	0/3184/0/1.
Cache times (ACQr/m, RLS, EXP):	0.127/0.008/0.124/0.047 sec.
HOP DAGs recompiled (PRED, SB):	0/0.
HOP DAGs recompile time:	0.004 sec.
Federated I/O (Read, Put, Get):	5/185/61.
Federated Execute (Inst, UDF):	122/0.
Total JIT compile time:		12.435 sec.
Total JVM GC count:		6.
Total JVM GC time:		0.135 sec.
Heavy hitter instructions:
  #  Instruction  Time(s)  Count
  1  m_l2svm       16.905      1
  2  fed_ba+*       3.874     61
  3  max            2.409    630
  4  +*             2.341    690
  5  *              2.108   2011
  6  >              2.105    600
  7  1-*            1.534    630
  8  tak+*          1.512   1200
  9  ==             0.248      3
 10  uamin          0.234      1
 11  r'             0.183    122
 12  tsmm           0.109    180
 13  write          0.047      1
 14  -              0.043   1232
 15  rmvar          0.038   8870
 16  uak+           0.031      2
 17  createvar      0.027   3641
 18  uamax          0.020      1
 19  <              0.013    666
 20  ba+*           0.012     60
 21  +              0.006   1867
 22  mvvar          0.005    706
 23  rand           0.004      2
 24  assignvar      0.003   2016
 25  castdts        0.002    240
 26  /              0.002   1233
 27  &&             0.002    692
 28  >=             0.002    630
 29  cpvar          0.001    124
 30  print          0.000      1
 31  !=             0.000     34
 32  ||             0.000      1

real 21.73
user 269.35
sys 8.62
