SystemDS Statistics:
Total elapsed time:		12.310 sec.
Total compilation time:		0.596 sec.
Total execution time:		11.714 sec.
Native mkl calls (dense mult/conv/bwdF/bwdD):	41/0/0/0.
Native mkl calls (sparse conv/bwdF/bwdD):	0/0/0.
Native mkl times (dense mult/conv/bwdF/bwdD):	0.002/0.000/0.000/0.000.
Cache hits (Mem/Li/WB/FS/HDFS):	367/0/0/0/1.
Cache writes (Li/WB/FS/HDFS):	0/1/0/1.
Cache times (ACQr/m, RLS, EXP):	0.061/0.002/0.003/0.021 sec.
HOP DAGs recompiled (PRED, SB):	0/0.
HOP DAGs recompile time:	0.000 sec.
Federated I/O (Read, Put, Get):	5/25/21.
Federated Execute (Inst, UDF):	42/0.
Total JIT compile time:		4.678 sec.
Total JVM GC count:		3.
Total JVM GC time:		0.038 sec.
Heavy hitter instructions:
  #  Instruction  Time(s)  Count
  1  m_lmCG        11.693      1
  2  fed_mmchain    7.880     20
  3  fed_ba+*       3.658      1
  4  r'             0.064     23
  5  +*             0.021     60
  6  write          0.021      1
  7  -              0.018     34
  8  *              0.010     21
  9  +              0.008     40
 10  createvar      0.008    210
 11  ba+*           0.006     21
 12  <=             0.005      1
 13  rmvar          0.005    233
 14  rand           0.004      2
 15  tsmm           0.002     20
 16  castdts        0.001     41
 17  /              0.001     40
 18  mvvar          0.000     51
 19  assignvar      0.000     45
 20  cpvar          0.000     65
 21  <              0.000     21
 22  ==             0.000     11
 23  >              0.000     23
 24  &&             0.000     21
 25  ^              0.000      1
 26  ||             0.000      2
 27  >=             0.000      1

real 16,14
user 12,62
sys 0,97
SystemDS Statistics:
Total elapsed time:		11.238 sec.
Total compilation time:		0.563 sec.
Total execution time:		10.675 sec.
Native mkl calls (dense mult/conv/bwdF/bwdD):	41/0/0/0.
Native mkl calls (sparse conv/bwdF/bwdD):	0/0/0.
Native mkl times (dense mult/conv/bwdF/bwdD):	0.003/0.000/0.000/0.000.
Cache hits (Mem/Li/WB/FS/HDFS):	367/0/0/0/1.
Cache writes (Li/WB/FS/HDFS):	0/1/0/1.
Cache times (ACQr/m, RLS, EXP):	0.073/0.002/0.004/0.019 sec.
HOP DAGs recompiled (PRED, SB):	0/0.
HOP DAGs recompile time:	0.000 sec.
Federated I/O (Read, Put, Get):	5/25/21.
Federated Execute (Inst, UDF):	42/0.
Total JIT compile time:		4.799 sec.
Total JVM GC count:		3.
Total JVM GC time:		0.036 sec.
Heavy hitter instructions:
  #  Instruction  Time(s)  Count
  1  m_lmCG        10.655      1
  2  fed_mmchain    7.623     20
  3  fed_ba+*       2.848      1
  4  r'             0.075     23
  5  +*             0.023     60
  6  -              0.022     34
  7  write          0.019      1
  8  ba+*           0.016     21
  9  *              0.009     21
 10  +              0.008     40
 11  createvar      0.007    210
 12  rand           0.006      2
 13  rmvar          0.006    233
 14  <=             0.006      1
 15  tsmm           0.002     20
 16  castdts        0.001     41
 17  /              0.001     40
 18  mvvar          0.001     51
 19  assignvar      0.000     45
 20  cpvar          0.000     65
 21  <              0.000     21
 22  >              0.000     23
 23  ==             0.000     11
 24  &&             0.000     21
 25  ||             0.000      2
 26  ^              0.000      1
 27  >=             0.000      1

real 14,39
user 12,78
sys 0,95
SystemDS Statistics:
Total elapsed time:		9.036 sec.
Total compilation time:		0.516 sec.
Total execution time:		8.520 sec.
Native mkl calls (dense mult/conv/bwdF/bwdD):	41/0/0/0.
Native mkl calls (sparse conv/bwdF/bwdD):	0/0/0.
Native mkl times (dense mult/conv/bwdF/bwdD):	0.002/0.000/0.000/0.000.
Cache hits (Mem/Li/WB/FS/HDFS):	367/0/0/0/1.
Cache writes (Li/WB/FS/HDFS):	0/1/0/1.
Cache times (ACQr/m, RLS, EXP):	0.061/0.002/0.004/0.020 sec.
HOP DAGs recompiled (PRED, SB):	0/0.
HOP DAGs recompile time:	0.000 sec.
Federated I/O (Read, Put, Get):	5/25/21.
Federated Execute (Inst, UDF):	42/0.
Total JIT compile time:		4.464 sec.
Total JVM GC count:		3.
Total JVM GC time:		0.039 sec.
Heavy hitter instructions:
  #  Instruction  Time(s)  Count
  1  m_lmCG         8.500      1
  2  fed_mmchain    5.850     20
  3  fed_ba+*       2.486      1
  4  r'             0.064     23
  5  +*             0.026     60
  6  write          0.020      1
  7  -              0.019     34
  8  *              0.010     21
  9  +              0.009     40
 10  createvar      0.008    210
 11  ba+*           0.007     21
 12  <=             0.005      1
 13  rmvar          0.005    233
 14  rand           0.004      2
 15  tsmm           0.002     20
 16  castdts        0.001     41
 17  /              0.001     40
 18  mvvar          0.000     51
 19  assignvar      0.000     45
 20  cpvar          0.000     65
 21  <              0.000     21
 22  >              0.000     23
 23  &&             0.000     21
 24  ==             0.000     11
 25  ^              0.000      1
 26  ||             0.000      2
 27  >=             0.000      1

real 12,34
user 12,02
sys 0,91
SystemDS Statistics:
Total elapsed time:		13.076 sec.
Total compilation time:		0.548 sec.
Total execution time:		12.528 sec.
Native mkl calls (dense mult/conv/bwdF/bwdD):	41/0/0/0.
Native mkl calls (sparse conv/bwdF/bwdD):	0/0/0.
Native mkl times (dense mult/conv/bwdF/bwdD):	0.003/0.000/0.000/0.000.
Cache hits (Mem/Li/WB/FS/HDFS):	367/0/0/0/1.
Cache writes (Li/WB/FS/HDFS):	0/1/0/1.
Cache times (ACQr/m, RLS, EXP):	0.060/0.002/0.003/0.061 sec.
HOP DAGs recompiled (PRED, SB):	0/0.
HOP DAGs recompile time:	0.000 sec.
Federated I/O (Read, Put, Get):	5/25/21.
Federated Execute (Inst, UDF):	42/0.
Total JIT compile time:		4.494 sec.
Total JVM GC count:		3.
Total JVM GC time:		0.039 sec.
Heavy hitter instructions:
  #  Instruction  Time(s)  Count
  1  m_lmCG        12.466      1
  2  fed_mmchain    9.483     20
  3  fed_ba+*       2.815      1
  4  r'             0.062     23
  5  write          0.061      1
  6  +*             0.023     60
  7  -              0.022     34
  8  ba+*           0.015     21
  9  *              0.009     21
 10  createvar      0.008    210
 11  +              0.007     40
 12  <=             0.005      1
 13  rmvar          0.005    233
 14  rand           0.004      2
 15  tsmm           0.002     20
 16  /              0.001     40
 17  castdts        0.001     41
 18  mvvar          0.000     51
 19  cpvar          0.000     65
 20  assignvar      0.000     45
 21  <              0.000     21
 22  >              0.000     23
 23  &&             0.000     21
 24  ==             0.000     11
 25  ^              0.000      1
 26  ||             0.000      2
 27  >=             0.000      1

real 16,55
user 12,13
sys 0,81
SystemDS Statistics:
Total elapsed time:		9.295 sec.
Total compilation time:		0.604 sec.
Total execution time:		8.691 sec.
Native mkl calls (dense mult/conv/bwdF/bwdD):	41/0/0/0.
Native mkl calls (sparse conv/bwdF/bwdD):	0/0/0.
Native mkl times (dense mult/conv/bwdF/bwdD):	0.002/0.000/0.000/0.000.
Cache hits (Mem/Li/WB/FS/HDFS):	367/0/0/0/1.
Cache writes (Li/WB/FS/HDFS):	0/1/0/1.
Cache times (ACQr/m, RLS, EXP):	0.073/0.002/0.004/0.060 sec.
HOP DAGs recompiled (PRED, SB):	0/0.
HOP DAGs recompile time:	0.000 sec.
Federated I/O (Read, Put, Get):	5/25/21.
Federated Execute (Inst, UDF):	42/0.
Total JIT compile time:		4.662 sec.
Total JVM GC count:		3.
Total JVM GC time:		0.037 sec.
Heavy hitter instructions:
  #  Instruction  Time(s)  Count
  1  m_lmCG         8.630      1
  2  fed_mmchain    6.071     20
  3  fed_ba+*       2.384      1
  4  r'             0.077     23
  5  write          0.060      1
  6  +*             0.027     60
  7  -              0.016     34
  8  *              0.010     21
  9  +              0.009     40
 10  <=             0.008      1
 11  createvar      0.008    210
 12  ba+*           0.007     21
 13  rmvar          0.005    233
 14  rand           0.004      2
 15  tsmm           0.002     20
 16  castdts        0.002     41
 17  /              0.001     40
 18  mvvar          0.001     51
 19  assignvar      0.001     45
 20  cpvar          0.000     65
 21  <              0.000     21
 22  >              0.000     23
 23  &&             0.000     21
 24  ==             0.000     11
 25  ||             0.000      2
 26  ^              0.000      1
 27  >=             0.000      1

real 12,37
user 12,42
sys 1,02
