SystemDS Statistics:
Total elapsed time:		3.331 sec.
Total compilation time:		1.025 sec.
Total execution time:		2.306 sec.
Native mkl calls (dense mult/conv/bwdF/bwdD):	41/0/0/0.
Native mkl calls (sparse conv/bwdF/bwdD):	0/0/0.
Native mkl times (dense mult/conv/bwdF/bwdD):	0.002/0.000/0.000/0.000.
Cache hits (Mem/Li/WB/FS/HDFS):	367/0/0/0/1.
Cache writes (Li/WB/FS/HDFS):	0/1/0/1.
Cache times (ACQr/m, RLS, EXP):	0.117/0.001/0.003/0.043 sec.
HOP DAGs recompiled (PRED, SB):	0/0.
HOP DAGs recompile time:	0.000 sec.
Federated I/O (Read, Put, Get):	5/25/21.
Federated Execute (Inst, UDF):	42/0.
Total JIT compile time:		3.424 sec.
Total JVM GC count:		3.
Total JVM GC time:		0.105 sec.
Heavy hitter instructions:
  #  Instruction  Time(s)  Count
  1  m_lmCG         2.262      1
  2  fed_ba+*       1.253      1
  3  fed_mmchain    0.809     20
  4  r'             0.123     23
  5  write          0.043      1
  6  +*             0.016     60
  7  -              0.014     34
  8  <=             0.012      1
  9  ba+*           0.010     21
 10  rand           0.009      2
 11  *              0.006     21
 12  +              0.005     40
 13  createvar      0.005    210
 14  rmvar          0.003    233
 15  tsmm           0.001     20
 16  castdts        0.001     41
 17  mvvar          0.001     51
 18  /              0.000     40
 19  cpvar          0.000     65
 20  assignvar      0.000     45
 21  ==             0.000     11
 22  >              0.000     23
 23  <              0.000     21
 24  &&             0.000     21
 25  ^              0.000      1
 26  ||             0.000      2
 27  >=             0.000      1

real 6.98
user 12.64
sys 1.02
SystemDS Statistics:
Total elapsed time:		3.643 sec.
Total compilation time:		1.008 sec.
Total execution time:		2.635 sec.
Native mkl calls (dense mult/conv/bwdF/bwdD):	41/0/0/0.
Native mkl calls (sparse conv/bwdF/bwdD):	0/0/0.
Native mkl times (dense mult/conv/bwdF/bwdD):	0.002/0.000/0.000/0.000.
Cache hits (Mem/Li/WB/FS/HDFS):	367/0/0/0/1.
Cache writes (Li/WB/FS/HDFS):	0/1/0/1.
Cache times (ACQr/m, RLS, EXP):	0.114/0.001/0.003/0.050 sec.
HOP DAGs recompiled (PRED, SB):	0/0.
HOP DAGs recompile time:	0.000 sec.
Federated I/O (Read, Put, Get):	5/25/21.
Federated Execute (Inst, UDF):	42/0.
Total JIT compile time:		3.486 sec.
Total JVM GC count:		3.
Total JVM GC time:		0.106 sec.
Heavy hitter instructions:
  #  Instruction  Time(s)  Count
  1  m_lmCG         2.585      1
  2  fed_ba+*       1.670      1
  3  fed_mmchain    0.717     20
  4  r'             0.120     23
  5  write          0.050      1
  6  +*             0.017     60
  7  -              0.014     34
  8  <=             0.011      1
  9  ba+*           0.010     21
 10  rand           0.009      2
 11  *              0.006     21
 12  +              0.006     40
 13  createvar      0.005    210
 14  rmvar          0.004    233
 15  tsmm           0.001     20
 16  castdts        0.001     41
 17  mvvar          0.001     51
 18  /              0.000     40
 19  assignvar      0.000     45
 20  cpvar          0.000     65
 21  ==             0.000     11
 22  >              0.000     23
 23  <              0.000     21
 24  &&             0.000     21
 25  ^              0.000      1
 26  ||             0.000      2
 27  >=             0.000      1

real 6.95
user 12.85
sys 0.87
SystemDS Statistics:
Total elapsed time:		3.201 sec.
Total compilation time:		1.013 sec.
Total execution time:		2.187 sec.
Native mkl calls (dense mult/conv/bwdF/bwdD):	41/0/0/0.
Native mkl calls (sparse conv/bwdF/bwdD):	0/0/0.
Native mkl times (dense mult/conv/bwdF/bwdD):	0.002/0.000/0.000/0.000.
Cache hits (Mem/Li/WB/FS/HDFS):	367/0/0/0/1.
Cache writes (Li/WB/FS/HDFS):	0/1/0/1.
Cache times (ACQr/m, RLS, EXP):	0.114/0.001/0.003/0.043 sec.
HOP DAGs recompiled (PRED, SB):	0/0.
HOP DAGs recompile time:	0.000 sec.
Federated I/O (Read, Put, Get):	5/25/21.
Federated Execute (Inst, UDF):	42/0.
Total JIT compile time:		3.391 sec.
Total JVM GC count:		3.
Total JVM GC time:		0.103 sec.
Heavy hitter instructions:
  #  Instruction  Time(s)  Count
  1  m_lmCG         2.144      1
  2  fed_ba+*       1.290      1
  3  fed_mmchain    0.655     20
  4  r'             0.120     23
  5  write          0.043      1
  6  +*             0.016     60
  7  -              0.014     34
  8  <=             0.011      1
  9  ba+*           0.010     21
 10  rand           0.009      2
 11  *              0.006     21
 12  +              0.005     40
 13  createvar      0.005    210
 14  rmvar          0.003    233
 15  tsmm           0.001     20
 16  castdts        0.001     41
 17  mvvar          0.001     51
 18  /              0.000     40
 19  assignvar      0.000     45
 20  cpvar          0.000     65
 21  >              0.000     23
 22  ==             0.000     11
 23  <              0.000     21
 24  &&             0.000     21
 25  ^              0.000      1
 26  ||             0.000      2
 27  >=             0.000      1

real 6.96
user 12.55
sys 0.94
SystemDS Statistics:
Total elapsed time:		3.304 sec.
Total compilation time:		1.026 sec.
Total execution time:		2.278 sec.
Native mkl calls (dense mult/conv/bwdF/bwdD):	41/0/0/0.
Native mkl calls (sparse conv/bwdF/bwdD):	0/0/0.
Native mkl times (dense mult/conv/bwdF/bwdD):	0.002/0.000/0.000/0.000.
Cache hits (Mem/Li/WB/FS/HDFS):	367/0/0/0/1.
Cache writes (Li/WB/FS/HDFS):	0/1/0/1.
Cache times (ACQr/m, RLS, EXP):	0.115/0.001/0.003/0.041 sec.
HOP DAGs recompiled (PRED, SB):	0/0.
HOP DAGs recompile time:	0.000 sec.
Federated I/O (Read, Put, Get):	5/25/21.
Federated Execute (Inst, UDF):	42/0.
Total JIT compile time:		3.352 sec.
Total JVM GC count:		3.
Total JVM GC time:		0.106 sec.
Heavy hitter instructions:
  #  Instruction  Time(s)  Count
  1  m_lmCG         2.236      1
  2  fed_ba+*       1.356      1
  3  fed_mmchain    0.681     20
  4  r'             0.121     23
  5  write          0.042      1
  6  +*             0.017     60
  7  -              0.014     34
  8  <=             0.011      1
  9  ba+*           0.010     21
 10  rand           0.009      2
 11  *              0.006     21
 12  +              0.005     40
 13  createvar      0.005    210
 14  rmvar          0.004    233
 15  tsmm           0.001     20
 16  castdts        0.001     41
 17  mvvar          0.001     51
 18  /              0.000     40
 19  cpvar          0.000     65
 20  assignvar      0.000     45
 21  ==             0.000     11
 22  >              0.000     23
 23  <              0.000     21
 24  &&             0.000     21
 25  ^              0.000      1
 26  ||             0.000      2
 27  >=             0.000      1

real 6.99
user 12.65
sys 0.91
SystemDS Statistics:
Total elapsed time:		3.172 sec.
Total compilation time:		1.008 sec.
Total execution time:		2.164 sec.
Native mkl calls (dense mult/conv/bwdF/bwdD):	41/0/0/0.
Native mkl calls (sparse conv/bwdF/bwdD):	0/0/0.
Native mkl times (dense mult/conv/bwdF/bwdD):	0.002/0.000/0.000/0.000.
Cache hits (Mem/Li/WB/FS/HDFS):	367/0/0/0/1.
Cache writes (Li/WB/FS/HDFS):	0/1/0/1.
Cache times (ACQr/m, RLS, EXP):	0.117/0.001/0.003/0.042 sec.
HOP DAGs recompiled (PRED, SB):	0/0.
HOP DAGs recompile time:	0.000 sec.
Federated I/O (Read, Put, Get):	5/25/21.
Federated Execute (Inst, UDF):	42/0.
Total JIT compile time:		3.346 sec.
Total JVM GC count:		3.
Total JVM GC time:		0.107 sec.
Heavy hitter instructions:
  #  Instruction  Time(s)  Count
  1  m_lmCG         2.122      1
  2  fed_ba+*       1.244      1
  3  fed_mmchain    0.676     20
  4  r'             0.122     23
  5  write          0.042      1
  6  +*             0.016     60
  7  -              0.014     34
  8  rand           0.011      2
  9  <=             0.011      1
 10  ba+*           0.010     21
 11  *              0.006     21
 12  +              0.005     40
 13  createvar      0.005    210
 14  rmvar          0.003    233
 15  tsmm           0.001     20
 16  castdts        0.001     41
 17  /              0.001     40
 18  mvvar          0.001     51
 19  <              0.000     21
 20  cpvar          0.000     65
 21  assignvar      0.000     45
 22  ==             0.000     11
 23  >              0.000     23
 24  &&             0.000     21
 25  ^              0.000      1
 26  ||             0.000      2
 27  >=             0.000      1

real 6.96
user 12.41
sys 0.89
