SystemDS Statistics:
Total elapsed time:		244.680 sec.
Total compilation time:		0.618 sec.
Total execution time:		244.062 sec.
Native mkl calls (dense mult/conv/bwdF/bwdD):	567/0/0/0.
Native mkl calls (sparse conv/bwdF/bwdD):	0/0/0.
Native mkl times (dense mult/conv/bwdF/bwdD):	0.009/0.000/0.000/0.000.
Cache hits (Mem/Li/WB/FS/HDFS):	4562/0/0/0/1.
Cache writes (Li/WB/FS/HDFS):	1/626/0/1.
Cache times (ACQr/m, RLS, EXP):	0.065/0.005/0.031/0.060 sec.
HOP DAGs recompiled (PRED, SB):	0/351.
HOP DAGs recompile time:	0.599 sec.
Functions recompiled:		1.
Functions recompile time:	0.032 sec.
Federated I/O (Read, Put, Get):	5/953/191.
Federated Execute (Inst, UDF):	384/0.
Total JIT compile time:		9.109 sec.
Total JVM GC count:		7.
Total JVM GC time:		0.08 sec.
Heavy hitter instructions:
  #  Instruction    Time(s)  Count
  1  m_multiLogReg  243.874      1
  2  fed_mmchain    165.520    128
  3  fed_ba+*        69.867     61
  4  fed_isnan        2.234      1
  5  sprop            1.227    128
  6  fed_uarsqk+      1.093      1
  7  append           0.630     30
  8  rightIndex       0.512    190
  9  -                0.483    277
 10  /                0.326    348
 11  exp              0.259     30
 12  uark+            0.228     30
 13  fed_uak+         0.130      1
 14  log              0.120     31
 15  uarmax           0.120     30
 16  tak+*            0.105     60
 17  <                0.101    152
 18  write            0.060      1
 19  uamax            0.053      2
 20  +                0.043    381
 21  uak+             0.042     30
 22  +*               0.038    256
 23  rexpand          0.027      1
 24  rmvar            0.027   4174
 25  *                0.024    558
 26  tsmm             0.018    318
 27  createvar        0.018   2398
 28  -*               0.017    128
 29  sqrt             0.014    221
 30  ba+*             0.013    249
 31  uamin            0.012      1
 32  rand             0.012     64
 33  r'               0.011    251
 34  castdts          0.006    823
 35  ==               0.006     72
 36  assignvar        0.004   1293
 37  n+               0.004     30
 38  mvvar            0.004    746
 39  cpvar            0.004    855
 40  <=               0.004    315
 41  ^                0.001     32
 42  !                0.001    189
 43  ||               0.001    191
 44  >                0.001    190
 45  abs              0.000     90
 46  ifelse           0.000     30
 47  &&               0.000     30
 48  max              0.000     60
 49  >=               0.000      2
 50  min              0.000     31

real 248,11
user 35,10
sys 3,45
SystemDS Statistics:
Total elapsed time:		250.815 sec.
Total compilation time:		0.587 sec.
Total execution time:		250.229 sec.
Native mkl calls (dense mult/conv/bwdF/bwdD):	567/0/0/0.
Native mkl calls (sparse conv/bwdF/bwdD):	0/0/0.
Native mkl times (dense mult/conv/bwdF/bwdD):	0.008/0.000/0.000/0.000.
Cache hits (Mem/Li/WB/FS/HDFS):	4562/0/0/0/1.
Cache writes (Li/WB/FS/HDFS):	1/626/0/1.
Cache times (ACQr/m, RLS, EXP):	0.067/0.005/0.030/0.050 sec.
HOP DAGs recompiled (PRED, SB):	0/351.
HOP DAGs recompile time:	0.632 sec.
Functions recompiled:		1.
Functions recompile time:	0.029 sec.
Federated I/O (Read, Put, Get):	5/953/191.
Federated Execute (Inst, UDF):	384/0.
Total JIT compile time:		9.744 sec.
Total JVM GC count:		7.
Total JVM GC time:		0.072 sec.
Heavy hitter instructions:
  #  Instruction    Time(s)  Count
  1  m_multiLogReg  250.044      1
  2  fed_mmchain    171.738    128
  3  fed_ba+*        69.450     61
  4  fed_isnan        1.873      1
  5  fed_uarsqk+      1.727      1
  6  sprop            1.236    128
  7  append           0.626     30
  8  -                0.571    277
  9  rightIndex       0.552    190
 10  /                0.308    348
 11  exp              0.242     30
 12  uark+            0.218     30
 13  fed_uak+         0.132      1
 14  uarmax           0.124     30
 15  log              0.123     31
 16  <                0.107    152
 17  tak+*            0.103     60
 18  write            0.050      1
 19  +                0.045    381
 20  +*               0.042    256
 21  rmvar            0.029   4174
 22  uak+             0.028     30
 23  rexpand          0.027      1
 24  *                0.025    558
 25  uamax            0.024      2
 26  createvar        0.018   2398
 27  uamin            0.017      1
 28  -*               0.017    128
 29  tsmm             0.016    318
 30  sqrt             0.014    221
 31  ba+*             0.013    249
 32  rand             0.012     64
 33  r'               0.011    251
 34  castdts          0.006    823
 35  ==               0.006     72
 36  assignvar        0.005   1293
 37  mvvar            0.004    746
 38  cpvar            0.004    855
 39  <=               0.004    315
 40  n+               0.004     30
 41  ^                0.001     32
 42  !                0.001    189
 43  ||               0.001    191
 44  >                0.001    190
 45  abs              0.000     90
 46  ifelse           0.000     30
 47  &&               0.000     30
 48  max              0.000     60
 49  >=               0.000      2
 50  min              0.000     31

real 254,44
user 35,20
sys 3,41
