21/02/14 20:49:15 INFO org.apache.sysds.api.DMLScript: BEGIN DML run 02/14/2021 20:49:15
21/02/14 20:49:15 INFO org.apache.sysds.utils.NativeHelper: Using native blas: mkl
21/02/14 20:49:54 INFO org.apache.sysds.runtime.instructions.cp.ParamservBuiltinCPInstruction: PARAMETER SERVER
21/02/14 20:49:54 INFO org.apache.sysds.runtime.instructions.cp.ParamservBuiltinCPInstruction: [+] Running in federated mode
21/02/14 20:49:54 INFO org.apache.sysds.runtime.instructions.cp.ParamservBuiltinCPInstruction: [+] Update Type: BSP
21/02/14 20:49:54 INFO org.apache.sysds.runtime.instructions.cp.ParamservBuiltinCPInstruction: [+] Frequency: EPOCH
21/02/14 20:49:54 INFO org.apache.sysds.runtime.instructions.cp.ParamservBuiltinCPInstruction: [+] Data Partitioning: KEEP_DATA_ON_WORKER
21/02/14 20:49:54 INFO org.apache.sysds.runtime.instructions.cp.ParamservBuiltinCPInstruction: [+] Runtime Balancing: NONE
21/02/14 20:49:54 INFO org.apache.sysds.runtime.instructions.cp.ParamservBuiltinCPInstruction: [+] Weighing: false
21/02/14 20:49:54 INFO org.apache.sysds.runtime.instructions.cp.ParamservBuiltinCPInstruction: [+] Seed: -1575508358
21/02/14 20:49:55 INFO org.apache.sysds.runtime.controlprogram.paramserv.ParamServer: Setup config for worker Federated worker_0
21/02/14 20:49:55 INFO org.apache.sysds.runtime.controlprogram.paramserv.ParamServer: Batch size: 512 possible batches: 274 batches to run: 274 weighing factor: 1.0001000636118675
21/02/14 20:49:55 INFO org.apache.sysds.runtime.controlprogram.paramserv.ParamServer: Setup config for worker Federated worker_1
21/02/14 20:49:55 INFO org.apache.sysds.runtime.controlprogram.paramserv.ParamServer: Batch size: 512 possible batches: 273 batches to run: 273 weighing factor: 0.9986134042355498
21/02/14 20:49:55 INFO org.apache.sysds.runtime.controlprogram.paramserv.ParamServer: Setup config for worker Federated worker_2
21/02/14 20:49:55 INFO org.apache.sysds.runtime.controlprogram.paramserv.ParamServer: Batch size: 512 possible batches: 274 batches to run: 274 weighing factor: 1.001279384751735
21/02/14 20:49:55 INFO org.apache.sysds.runtime.controlprogram.paramserv.ParamServer: Setup config for worker Federated worker_3
21/02/14 20:49:55 INFO org.apache.sysds.runtime.controlprogram.paramserv.ParamServer: Batch size: 512 possible batches: 274 batches to run: 274 weighing factor: 1.0008719829034172
21/02/14 20:49:55 INFO org.apache.sysds.runtime.controlprogram.paramserv.ParamServer: Setup config for worker Federated worker_4
21/02/14 20:49:55 INFO org.apache.sysds.runtime.controlprogram.paramserv.ParamServer: Batch size: 512 possible batches: 274 batches to run: 274 weighing factor: 0.9991494592991259
21/02/14 20:50:01 INFO org.apache.sysds.runtime.controlprogram.paramserv.ParamServer: [+] PARAMSERV: completed EPOCH 0
21/02/14 20:50:06 INFO org.apache.sysds.runtime.controlprogram.paramserv.ParamServer: [+] PARAMSERV: completed EPOCH 1
21/02/14 20:50:11 INFO org.apache.sysds.runtime.controlprogram.paramserv.ParamServer: [+] PARAMSERV: completed EPOCH 2
21/02/14 20:50:17 INFO org.apache.sysds.runtime.controlprogram.paramserv.ParamServer: [+] PARAMSERV: completed EPOCH 3
21/02/14 20:50:22 INFO org.apache.sysds.runtime.controlprogram.paramserv.ParamServer: [+] PARAMSERV: completed EPOCH 4
[+] test loss: 1.7240768741199696E-11, test accuracy: 1.7240768741199696E-11

SystemDS Statistics:
Total elapsed time:		68.306 sec.
Total compilation time:		1.218 sec.
Total execution time:		67.088 sec.
Native mkl calls (dense mult/conv/bwdF/bwdD):	0/0/0/0.
Native mkl calls (sparse conv/bwdF/bwdD):	0/0/0.
Native mkl times (dense mult/conv/bwdF/bwdD):	0.000/0.000/0.000/0.000.
Cache hits (Mem/Li/WB/FS/HDFS):	702/0/0/0/0.
Cache writes (Li/WB/FS/HDFS):	2/46/0/0.
Cache times (ACQr/m, RLS, EXP):	0.020/0.011/0.016/0.000 sec.
HOP DAGs recompiled (PRED, SB):	0/9.
HOP DAGs recompile time:	0.030 sec.
Paramserv total execution time:	27.153 secs.
Paramserv total num workers:	5.
Paramserv setup time:		0.263 secs.
PS fed data partitioning time:	0.011 secs.
PS fed comm time (cum):		0.530 secs.
PS fed worker comp time (cum):	122.000 secs.
PS fed grad weigh time (cum):	0.000 secs.
PS fed global model agg time:	0.019 secs.
Paramserv valdiation time:	0.000 secs.
Federated I/O (Read, Put, Get):	10/60/7.
Federated Execute (Inst, UDF):	73/65.
Total JIT compile time:		7.621 sec.
Total JVM GC count:		3.
Total JVM GC time:		0.109 sec.
Heavy hitter instructions:
  #  Instruction          Time(s)  Count
  1  paramserv             27.154      1
  2  fed_transformencode   13.159      1
  3  fed_castdtf            6.485      1
  4  m_split                3.191      1
  5  fed_<                  3.099      1
  6  fed_*                  3.042      3
  7  fed_rmempty            2.780      4
  8  m_scale                2.489      1
  9  fed_>                  2.134      1
 10  fed_-                  2.036      3
 11  fed_||                 1.808      1
 12  fed_/                  1.539      1
 13  fed_+                  0.981      3
 14  fed_uacvar             0.804      1
 15  fed_ba+*               0.410      3
 16  fed_uacmean            0.375      2
 17  rand                   0.241      7
 18  fed_uacsqk+            0.185      1
 19  >                      0.163      1
 20  rmvar                  0.136     66
 21  -                      0.098      3
 22  uarmax                 0.073      1
 23  uark+                  0.069      1
 24  fed_max                0.066      2
 25  log                    0.064      1
 26  <=                     0.046      2
 27  /                      0.042      8
 28  +                      0.034     10
 29  fed_uak+               0.016      1
 30  exp                    0.015      1
 31  sqrt                   0.008     12
 32  -*                     0.004     30
 33  *                      0.004      4
 34  createvar              0.004     96
 35  nvlist                 0.002      1
 36  list                   0.001      6
 37  rightIndex             0.001      6
 38  replace                0.001      2
 39  nrow                   0.001      1
 40  mvvar                  0.000     28
 41  print                  0.000      1
 42  castdtm                0.000      6
 43  cpvar                  0.000      9
 44  ==                     0.000      1
 45  ||                     0.000      1
 46  !=                     0.000      1
 47  >=                     0.000      1

21/02/14 20:50:23 INFO org.apache.sysds.api.DMLScript: END DML run 02/14/2021 20:50:23
real 72.46
user 36.78
sys 1.59
