21/02/14 21:22:50 INFO org.apache.sysds.api.DMLScript: BEGIN DML run 02/14/2021 21:22:50
21/02/14 21:22:50 INFO org.apache.sysds.utils.NativeHelper: Using native blas: mkl
21/02/14 21:23:39 INFO org.apache.sysds.runtime.instructions.cp.ParamservBuiltinCPInstruction: PARAMETER SERVER
21/02/14 21:23:39 INFO org.apache.sysds.runtime.instructions.cp.ParamservBuiltinCPInstruction: [+] Running in federated mode
21/02/14 21:23:39 INFO org.apache.sysds.runtime.instructions.cp.ParamservBuiltinCPInstruction: [+] Update Type: BSP
21/02/14 21:23:39 INFO org.apache.sysds.runtime.instructions.cp.ParamservBuiltinCPInstruction: [+] Frequency: EPOCH
21/02/14 21:23:39 INFO org.apache.sysds.runtime.instructions.cp.ParamservBuiltinCPInstruction: [+] Data Partitioning: KEEP_DATA_ON_WORKER
21/02/14 21:23:39 INFO org.apache.sysds.runtime.instructions.cp.ParamservBuiltinCPInstruction: [+] Runtime Balancing: NONE
21/02/14 21:23:39 INFO org.apache.sysds.runtime.instructions.cp.ParamservBuiltinCPInstruction: [+] Weighing: false
21/02/14 21:23:39 INFO org.apache.sysds.runtime.instructions.cp.ParamservBuiltinCPInstruction: [+] Seed: -1573484010
21/02/14 21:23:39 INFO org.apache.sysds.runtime.controlprogram.paramserv.ParamServer: Setup config for worker Federated worker_0
21/02/14 21:23:39 INFO org.apache.sysds.runtime.controlprogram.paramserv.ParamServer: Batch size: 512 possible batches: 274 batches to run: 274 weighing factor: 1.0028527712635131
21/02/14 21:23:39 INFO org.apache.sysds.runtime.controlprogram.paramserv.ParamServer: Setup config for worker Federated worker_1
21/02/14 21:23:39 INFO org.apache.sysds.runtime.controlprogram.paramserv.ParamServer: Batch size: 512 possible batches: 273 batches to run: 273 weighing factor: 0.9972258765658067
21/02/14 21:23:39 INFO org.apache.sysds.runtime.controlprogram.paramserv.ParamServer: Setup config for worker Federated worker_2
21/02/14 21:23:39 INFO org.apache.sysds.runtime.controlprogram.paramserv.ParamServer: Batch size: 512 possible batches: 274 batches to run: 274 weighing factor: 1.0022664874449465
21/02/14 21:23:39 INFO org.apache.sysds.runtime.controlprogram.paramserv.ParamServer: Setup config for worker Federated worker_3
21/02/14 21:23:39 INFO org.apache.sysds.runtime.controlprogram.paramserv.ParamServer: Batch size: 512 possible batches: 273 batches to run: 273 weighing factor: 0.9984055940056055
21/02/14 21:23:40 INFO org.apache.sysds.runtime.controlprogram.paramserv.ParamServer: Setup config for worker Federated worker_4
21/02/14 21:23:40 INFO org.apache.sysds.runtime.controlprogram.paramserv.ParamServer: Batch size: 512 possible batches: 273 batches to run: 273 weighing factor: 0.9992564205227936
21/02/14 21:23:56 INFO org.apache.sysds.runtime.controlprogram.paramserv.ParamServer: [+] PARAMSERV: completed EPOCH 0
21/02/14 21:24:12 INFO org.apache.sysds.runtime.controlprogram.paramserv.ParamServer: [+] PARAMSERV: completed EPOCH 1
21/02/14 21:24:28 INFO org.apache.sysds.runtime.controlprogram.paramserv.ParamServer: [+] PARAMSERV: completed EPOCH 2
21/02/14 21:24:44 INFO org.apache.sysds.runtime.controlprogram.paramserv.ParamServer: [+] PARAMSERV: completed EPOCH 3
21/02/14 21:24:59 INFO org.apache.sysds.runtime.controlprogram.paramserv.ParamServer: [+] PARAMSERV: completed EPOCH 4
[+] test loss: 1.2333115415744778E-11, test accuracy: 1.2333115415744778E-11

SystemDS Statistics:
Total elapsed time:		134.904 sec.
Total compilation time:		0.708 sec.
Total execution time:		134.196 sec.
Native mkl calls (dense mult/conv/bwdF/bwdD):	0/0/0/0.
Native mkl calls (sparse conv/bwdF/bwdD):	0/0/0.
Native mkl times (dense mult/conv/bwdF/bwdD):	0.000/0.000/0.000/0.000.
Cache hits (Mem/Li/WB/FS/HDFS):	702/0/0/0/0.
Cache writes (Li/WB/FS/HDFS):	3/82/0/0.
Cache times (ACQr/m, RLS, EXP):	0.021/0.015/0.016/0.000 sec.
HOP DAGs recompiled (PRED, SB):	0/9.
HOP DAGs recompile time:	0.062 sec.
Paramserv total execution time:	80.748 secs.
Paramserv total num workers:	5.
Paramserv setup time:		1.165 secs.
PS fed data partitioning time:	0.005 secs.
PS fed comm time (cum):		35.255 secs.
PS fed worker comp time (cum):	312.848 secs.
PS fed grad weigh time (cum):	0.000 secs.
PS fed global model agg time:	0.029 secs.
Paramserv valdiation time:	0.000 secs.
Federated I/O (Read, Put, Get):	10/60/7.
Federated Execute (Inst, UDF):	73/65.
Total JIT compile time:		11.031 sec.
Total JVM GC count:		4.
Total JVM GC time:		0.054 sec.
Heavy hitter instructions:
  #  Instruction          Time(s)  Count
  1  paramserv             80.749      1
  2  fed_transformencode   11.544      1
  3  m_split                7.766      1
  4  fed_rmempty            7.590      4
  5  fed_castdtf            6.627      1
  6  m_scale                4.357      1
  7  fed_*                  3.436      3
  8  fed_uacvar             3.232      1
  9  fed_>                  2.865      1
 10  fed_-                  2.697      3
 11  fed_ba+*               2.611      3
 12  fed_<                  2.556      1
 13  fed_+                  2.405      3
 14  fed_uacmean            2.079      2
 15  fed_/                  1.983      1
 16  fed_||                 1.714      1
 17  fed_max                0.741      2
 18  fed_uacsqk+            0.420      1
 19  fed_uak+               0.343      1
 20  rmvar                  0.226     66
 21  rand                   0.111      7
 22  >                      0.050      1
 23  +                      0.041     10
 24  /                      0.027      8
 25  <=                     0.020      2
 26  uark+                  0.016      1
 27  -                      0.014      3
 28  uarmax                 0.013      1
 29  log                    0.011      1
 30  exp                    0.006      1
 31  -*                     0.005     30
 32  createvar              0.005     96
 33  sqrt                   0.004     12
 34  nvlist                 0.004      1
 35  *                      0.002      4
 36  nrow                   0.001      1
 37  list                   0.001      6
 38  rightIndex             0.001      6
 39  replace                0.001      2
 40  mvvar                  0.000     28
 41  print                  0.000      1
 42  castdtm                0.000      6
 43  cpvar                  0.000      9
 44  !=                     0.000      1
 45  ==                     0.000      1
 46  ||                     0.000      1
 47  >=                     0.000      1

21/02/14 21:25:05 INFO org.apache.sysds.api.DMLScript: END DML run 02/14/2021 21:25:05
real 138,00
user 26,08
sys 2,03
