21/02/14 20:29:33 INFO org.apache.sysds.api.DMLScript: BEGIN DML run 02/14/2021 20:29:33
21/02/14 20:29:33 INFO org.apache.sysds.utils.NativeHelper: Using native blas: mkl
21/02/14 20:30:13 INFO org.apache.sysds.runtime.instructions.cp.ParamservBuiltinCPInstruction: PARAMETER SERVER
21/02/14 20:30:13 INFO org.apache.sysds.runtime.instructions.cp.ParamservBuiltinCPInstruction: [+] Running in federated mode
21/02/14 20:30:13 INFO org.apache.sysds.runtime.instructions.cp.ParamservBuiltinCPInstruction: [+] Update Type: BSP
21/02/14 20:30:13 INFO org.apache.sysds.runtime.instructions.cp.ParamservBuiltinCPInstruction: [+] Frequency: EPOCH
21/02/14 20:30:13 INFO org.apache.sysds.runtime.instructions.cp.ParamservBuiltinCPInstruction: [+] Data Partitioning: KEEP_DATA_ON_WORKER
21/02/14 20:30:13 INFO org.apache.sysds.runtime.instructions.cp.ParamservBuiltinCPInstruction: [+] Runtime Balancing: NONE
21/02/14 20:30:13 INFO org.apache.sysds.runtime.instructions.cp.ParamservBuiltinCPInstruction: [+] Weighing: false
21/02/14 20:30:13 INFO org.apache.sysds.runtime.instructions.cp.ParamservBuiltinCPInstruction: [+] Seed: -1576689413
21/02/14 20:30:13 INFO org.apache.sysds.runtime.controlprogram.paramserv.ParamServer: Setup config for worker Federated worker_0
21/02/14 20:30:13 INFO org.apache.sysds.runtime.controlprogram.paramserv.ParamServer: Batch size: 512 possible batches: 273 batches to run: 273 weighing factor: 0.9991850157277666
21/02/14 20:30:14 INFO org.apache.sysds.runtime.controlprogram.paramserv.ParamServer: Setup config for worker Federated worker_1
21/02/14 20:30:14 INFO org.apache.sysds.runtime.controlprogram.paramserv.ParamServer: Batch size: 512 possible batches: 273 batches to run: 273 weighing factor: 0.999106376894481
21/02/14 20:30:14 INFO org.apache.sysds.runtime.controlprogram.paramserv.ParamServer: Setup config for worker Federated worker_2
21/02/14 20:30:14 INFO org.apache.sysds.runtime.controlprogram.paramserv.ParamServer: Batch size: 512 possible batches: 274 batches to run: 274 weighing factor: 1.0003860451815842
21/02/14 20:30:14 INFO org.apache.sysds.runtime.controlprogram.paramserv.ParamServer: Setup config for worker Federated worker_3
21/02/14 20:30:14 INFO org.apache.sysds.runtime.controlprogram.paramserv.ParamServer: Batch size: 512 possible batches: 274 batches to run: 274 weighing factor: 1.000750643408636
21/02/14 20:30:14 INFO org.apache.sysds.runtime.controlprogram.paramserv.ParamServer: Setup config for worker Federated worker_4
21/02/14 20:30:14 INFO org.apache.sysds.runtime.controlprogram.paramserv.ParamServer: Batch size: 512 possible batches: 274 batches to run: 274 weighing factor: 1.0006005147269088
21/02/14 20:30:28 INFO org.apache.sysds.runtime.controlprogram.paramserv.ParamServer: [+] PARAMSERV: completed EPOCH 0
21/02/14 20:30:42 INFO org.apache.sysds.runtime.controlprogram.paramserv.ParamServer: [+] PARAMSERV: completed EPOCH 1
21/02/14 20:30:56 INFO org.apache.sysds.runtime.controlprogram.paramserv.ParamServer: [+] PARAMSERV: completed EPOCH 2
21/02/14 20:31:10 INFO org.apache.sysds.runtime.controlprogram.paramserv.ParamServer: [+] PARAMSERV: completed EPOCH 3
21/02/14 20:31:25 INFO org.apache.sysds.runtime.controlprogram.paramserv.ParamServer: [+] PARAMSERV: completed EPOCH 4
[+] test loss: 1.1493690194819633E-11, test accuracy: 1.1493690194819633E-11

SystemDS Statistics:
Total elapsed time:		116.061 sec.
Total compilation time:		0.666 sec.
Total execution time:		115.395 sec.
Native mkl calls (dense mult/conv/bwdF/bwdD):	0/0/0/0.
Native mkl calls (sparse conv/bwdF/bwdD):	0/0/0.
Native mkl times (dense mult/conv/bwdF/bwdD):	0.000/0.000/0.000/0.000.
Cache hits (Mem/Li/WB/FS/HDFS):	702/0/0/0/0.
Cache writes (Li/WB/FS/HDFS):	3/82/0/0.
Cache times (ACQr/m, RLS, EXP):	0.018/0.006/0.014/0.000 sec.
HOP DAGs recompiled (PRED, SB):	0/9.
HOP DAGs recompile time:	0.046 sec.
Paramserv total execution time:	71.709 secs.
Paramserv total num workers:	5.
Paramserv setup time:		0.815 secs.
PS fed data partitioning time:	0.004 secs.
PS fed comm time (cum):		29.663 secs.
PS fed worker comp time (cum):	298.524 secs.
PS fed grad weigh time (cum):	0.000 secs.
PS fed global model agg time:	0.029 secs.
Paramserv valdiation time:	0.000 secs.
Federated I/O (Read, Put, Get):	10/60/7.
Federated Execute (Inst, UDF):	73/65.
Total JIT compile time:		4.815 sec.
Total JVM GC count:		3.
Total JVM GC time:		0.042 sec.
Heavy hitter instructions:
  #  Instruction          Time(s)  Count
  1  paramserv             71.710      1
  2  fed_transformencode   11.322      1
  3  fed_castdtf            6.186      1
  4  m_split                5.263      1
  5  fed_rmempty            5.116      4
  6  m_scale                3.207      1
  7  fed_<                  3.162      1
  8  fed_*                  3.103      3
  9  fed_-                  2.388      3
 10  fed_||                 2.079      1
 11  fed_ba+*               2.056      3
 12  fed_>                  2.013      1
 13  fed_/                  1.844      1
 14  fed_+                  1.362      3
 15  fed_uacmean            0.831      2
 16  fed_uacvar             0.787      1
 17  fed_max                0.411      2
 18  fed_uacsqk+            0.329      1
 19  rmvar                  0.210     66
 20  fed_uak+               0.152      1
 21  rand                   0.095      7
 22  >                      0.046      1
 23  +                      0.027     10
 24  /                      0.023      8
 25  <=                     0.019      2
 26  uark+                  0.017      1
 27  -                      0.016      3
 28  sqrt                   0.015     12
 29  uarmax                 0.014      1
 30  log                    0.011      1
 31  -*                     0.006     30
 32  exp                    0.006      1
 33  createvar              0.005     96
 34  nvlist                 0.004      1
 35  *                      0.003      4
 36  list                   0.001      6
 37  replace                0.001      2
 38  rightIndex             0.001      6
 39  nrow                   0.001      1
 40  castdtm                0.000      6
 41  mvvar                  0.000     28
 42  print                  0.000      1
 43  cpvar                  0.000      9
 44  !=                     0.000      1
 45  ==                     0.000      1
 46  ||                     0.000      1
 47  >=                     0.000      1

21/02/14 20:31:29 INFO org.apache.sysds.api.DMLScript: END DML run 02/14/2021 20:31:29
real 119,77
user 14,17
sys 1,30
