
Accuracy:
--sum(ytest) = -45048.89585101577
--sum(yhat) = 2033.6646053937814
--AVG_RES_Y: -0.1570277100028334
--SS_AVG_RES_Y: 1.4685455056272137E8
--R2: 0.842882725155375
SystemDS Statistics:
Total elapsed time:		44.654 sec.
Total compilation time:		0.588 sec.
Total execution time:		44.066 sec.
Native mkl calls (dense mult/conv/bwdF/bwdD):	17/0/0/0.
Native mkl calls (sparse conv/bwdF/bwdD):	0/0/0.
Native mkl times (dense mult/conv/bwdF/bwdD):	0.033/0.000/0.000/0.000.
Cache hits (Mem/Li/WB/FS/HDFS):	169/0/0/0/1.
Cache writes (Li/WB/FS/HDFS):	1/8/0/1.
Cache times (ACQr/m, RLS, EXP):	0.061/0.006/0.003/0.040 sec.
HOP DAGs recompiled (PRED, SB):	0/4.
HOP DAGs recompile time:	0.025 sec.
Functions recompiled:		1.
Functions recompile time:	0.012 sec.
Federated I/O (Read, Put, Get):	5/28/14.
Federated Execute (Inst, UDF):	60/20.
Total JIT compile time:		4.238 sec.
Total JVM GC count:		3.
Total JVM GC time:		0.039 sec.
Heavy hitter instructions:
  #  Instruction          Time(s)  Count
  1  fed_transformencode   11.493      1
  2  fed_castdtf            5.529      1
  3  m_lm                   4.977      1
  4  m_lmCG                 4.977      1
  5  fed_mmchain            3.766      7
  6  m_split                3.399      1
  7  fed_rmempty            3.138      2
  8  fed_<                  3.136      1
  9  m_scale                3.133      1
 10  fed_*                  2.992      2
 11  fed_>                  2.663      1
 12  fed_-                  2.179      2
 13  fed_+                  1.809      1
 14  fed_/                  1.796      1
 15  fed_ba+*               1.643      2
 16  fed_||                 1.357      1
 17  fed_uacvar             0.934      1
 18  fed_uacmean            0.729      2
 19  fed_uacsqk+            0.349      1
 20  rmempty                0.110      2
 21  rmvar                  0.099    141
 22  rand                   0.086      4
 23  write                  0.041      2
 24  >                      0.037      9
 25  tsmm                   0.032      9
 26  <=                     0.020      3
 27  sqrt                   0.016      2
 28  -                      0.014     15
 29  +                      0.012     30
 30  ba+*                   0.009      8
 31  uak+                   0.008      3
 32  rlit                   0.007      1
 33  +*                     0.007     21
 34  createvar              0.005    117
 35  *                      0.004     11
 36  r'                     0.001     10
 37  replace                0.001      2
 38  nrow                   0.001      1
 39  /                      0.001     18
 40  mvvar                  0.001     47
 41  castdts                0.000     18
 42  cpvar                  0.000     35
 43  ==                     0.000     20
 44  assignvar              0.000     20
 45  print                  0.000      1
 46  <                      0.000      8
 47  &&                     0.000      8
 48  ^                      0.000      3
 49  ||                     0.000      5
 50  !=                     0.000      1
 51  >=                     0.000      2
 52  ncol                   0.000      1

real 47,74
user 13,00
sys 0,90
