
Accuracy:
--sum(ytest) = -41955.78409607906
--sum(yhat) = 7709.400596982459
--AVG_RES_Y: -0.16547890811668786
--SS_AVG_RES_Y: 1.46176002405511E8
--R2: 0.8436077853407258
SystemDS Statistics:
Total elapsed time:		37.915 sec.
Total compilation time:		1.136 sec.
Total execution time:		36.779 sec.
Native mkl calls (dense mult/conv/bwdF/bwdD):	17/0/0/0.
Native mkl calls (sparse conv/bwdF/bwdD):	0/0/0.
Native mkl times (dense mult/conv/bwdF/bwdD):	0.038/0.000/0.000/0.000.
Cache hits (Mem/Li/WB/FS/HDFS):	169/0/0/0/1.
Cache writes (Li/WB/FS/HDFS):	1/8/0/1.
Cache times (ACQr/m, RLS, EXP):	0.123/0.009/0.004/0.103 sec.
HOP DAGs recompiled (PRED, SB):	0/4.
HOP DAGs recompile time:	0.028 sec.
Functions recompiled:		1.
Functions recompile time:	0.024 sec.
Federated I/O (Read, Put, Get):	5/28/14.
Federated Execute (Inst, UDF):	60/20.
Total JIT compile time:		7.425 sec.
Total JVM GC count:		3.
Total JVM GC time:		0.102 sec.
Heavy hitter instructions:
  #  Instruction          Time(s)  Count
  1  fed_transformencode   11.957      1
  2  fed_castdtf            5.473      1
  3  fed_*                  3.464      2
  4  fed_<                  3.082      1
  5  m_split                2.616      1
  6  fed_>                  2.169      1
  7  m_scale                1.975      1
  8  fed_-                  1.961      2
  9  fed_rmempty            1.762      2
 10  fed_+                  1.694      1
 11  fed_||                 1.087      1
 12  fed_/                  1.049      1
 13  fed_uacvar             0.723      1
 14  m_lm                   0.513      1
 15  m_lmCG                 0.512      1
 16  rand                   0.406      4
 17  fed_uacmean            0.384      2
 18  fed_mmchain            0.354      7
 19  rmempty                0.225      2
 20  fed_uacsqk+            0.196      1
 21  >                      0.173      9
 22  fed_ba+*               0.140      2
 23  write                  0.103      2
 24  rmvar                  0.087    141
 25  uak+                   0.080      3
 26  <=                     0.044      3
 27  tsmm                   0.037      9
 28  +                      0.021     30
 29  -                      0.017     15
 30  ba+*                   0.011      8
 31  rlit                   0.010      1
 32  sqrt                   0.009      2
 33  +*                     0.006     21
 34  createvar              0.004    117
 35  *                      0.002     11
 36  r'                     0.002     10
 37  mvvar                  0.001     47
 38  replace                0.001      2
 39  nrow                   0.001      1
 40  /                      0.000     18
 41  castdts                0.000     18
 42  ==                     0.000     20
 43  print                  0.000      1
 44  cpvar                  0.000     35
 45  assignvar              0.000     20
 46  ^                      0.000      3
 47  ||                     0.000      5
 48  <                      0.000      8
 49  &&                     0.000      8
 50  >=                     0.000      2
 51  ncol                   0.000      1
 52  !=                     0.000      1

real 41.55
user 36.41
sys 1.33
