SystemDS Statistics:
Total elapsed time:		25.303 sec.
Total compilation time:		0.794 sec.
Total execution time:		24.509 sec.
Native mkl calls (dense mult/conv/bwdF/bwdD):	0/0/0/0.
Native mkl calls (sparse conv/bwdF/bwdD):	0/0/0.
Native mkl times (dense mult/conv/bwdF/bwdD):	0.000/0.000/0.000/0.000.
Cache hits (Mem/Li/WB/FS/HDFS):	19/0/0/0/0.
Cache writes (Li/WB/FS/HDFS):	0/6/0/1.
Cache times (ACQr/m, RLS, EXP):	0.000/0.001/0.003/0.105 sec.
HOP DAGs recompiled (PRED, SB):	0/2.
HOP DAGs recompile time:	0.005 sec.
Federated I/O (Read, Put, Get):	5/3/4.
Federated Execute (Inst, UDF):	16/0.
Total JIT compile time:		4.177 sec.
Total JVM GC count:		2.
Total JVM GC time:		0.09 sec.
Heavy hitter instructions:
  #  Instruction   Time(s)  Count
  1  m_pca          24.401      1
  2  eigen          12.820      1
  3  fed_tsmm        4.232      1
  4  fed_-           2.727      1
  5  fed_/           2.185      1
  6  fed_uacmean     1.305      1
  7  ba+*            0.271      1
  8  fed_uacsqk+     0.205      1
  9  /               0.155      4
 10  fed_ba+*        0.145      1
 11  fed_uack+       0.134      1
 12  -*              0.134      1
 13  write           0.106      1
 14  tsmm            0.038      1
 15  rmvar           0.017     15
 16  -               0.011      2
 17  rsort           0.008      1
 18  sqrt            0.008      1
 19  ctableexpand    0.007      1
 20  seq             0.002      1
 21  rightIndex      0.001      1
 22  createvar       0.001     23
 23  replace         0.001      2
 24  mvvar           0.000      3
 25  cpvar           0.000      5

real 29.37
user 38.07
sys 0.98
SystemDS Statistics:
Total elapsed time:		25.746 sec.
Total compilation time:		0.812 sec.
Total execution time:		24.934 sec.
Native mkl calls (dense mult/conv/bwdF/bwdD):	0/0/0/0.
Native mkl calls (sparse conv/bwdF/bwdD):	0/0/0.
Native mkl times (dense mult/conv/bwdF/bwdD):	0.000/0.000/0.000/0.000.
Cache hits (Mem/Li/WB/FS/HDFS):	19/0/0/0/0.
Cache writes (Li/WB/FS/HDFS):	0/6/0/1.
Cache times (ACQr/m, RLS, EXP):	0.000/0.001/0.003/0.081 sec.
HOP DAGs recompiled (PRED, SB):	0/2.
HOP DAGs recompile time:	0.004 sec.
Federated I/O (Read, Put, Get):	5/3/4.
Federated Execute (Inst, UDF):	16/0.
Total JIT compile time:		4.196 sec.
Total JVM GC count:		2.
Total JVM GC time:		0.089 sec.
Heavy hitter instructions:
  #  Instruction   Time(s)  Count
  1  m_pca          24.851      1
  2  eigen          12.510      1
  3  fed_tsmm        4.247      1
  4  fed_-           3.177      1
  5  fed_/           2.721      1
  6  fed_uacmean     1.201      1
  7  ba+*            0.292      1
  8  fed_ba+*        0.150      1
  9  /               0.145      4
 10  fed_uacsqk+     0.121      1
 11  -*              0.102      1
 12  fed_uack+       0.100      1
 13  write           0.081      1
 14  tsmm            0.033      1
 15  rmvar           0.017     15
 16  -               0.011      2
 17  rsort           0.008      1
 18  sqrt            0.008      1
 19  ctableexpand    0.007      1
 20  seq             0.002      1
 21  rightIndex      0.001      1
 22  createvar       0.001     23
 23  replace         0.001      2
 24  mvvar           0.000      3
 25  cpvar           0.000      5

real 29.82
user 38.45
sys 0.79
SystemDS Statistics:
Total elapsed time:		26.874 sec.
Total compilation time:		0.786 sec.
Total execution time:		26.088 sec.
Native mkl calls (dense mult/conv/bwdF/bwdD):	0/0/0/0.
Native mkl calls (sparse conv/bwdF/bwdD):	0/0/0.
Native mkl times (dense mult/conv/bwdF/bwdD):	0.000/0.000/0.000/0.000.
Cache hits (Mem/Li/WB/FS/HDFS):	19/0/0/0/0.
Cache writes (Li/WB/FS/HDFS):	0/6/0/1.
Cache times (ACQr/m, RLS, EXP):	0.000/0.001/0.003/0.077 sec.
HOP DAGs recompiled (PRED, SB):	0/2.
HOP DAGs recompile time:	0.004 sec.
Federated I/O (Read, Put, Get):	5/3/4.
Federated Execute (Inst, UDF):	16/0.
Total JIT compile time:		4.176 sec.
Total JVM GC count:		2.
Total JVM GC time:		0.091 sec.
Heavy hitter instructions:
  #  Instruction   Time(s)  Count
  1  m_pca          26.010      1
  2  eigen          13.115      1
  3  fed_tsmm        4.281      1
  4  fed_-           2.737      1
  5  fed_/           2.725      1
  6  fed_uacmean     2.094      1
  7  ba+*            0.296      1
  8  /               0.196      4
  9  -*              0.127      1
 10  fed_uacsqk+     0.126      1
 11  fed_ba+*        0.117      1
 12  fed_uack+       0.111      1
 13  write           0.077      1
 14  tsmm            0.035      1
 15  rmvar           0.018     15
 16  -               0.011      2
 17  sqrt            0.008      1
 18  rsort           0.008      1
 19  ctableexpand    0.006      1
 20  seq             0.002      1
 21  createvar       0.001     23
 22  rightIndex      0.001      1
 23  replace         0.001      2
 24  mvvar           0.000      3
 25  cpvar           0.000      5

real 30.99
user 40.87
sys 0.85
SystemDS Statistics:
Total elapsed time:		25.773 sec.
Total compilation time:		0.784 sec.
Total execution time:		24.989 sec.
Native mkl calls (dense mult/conv/bwdF/bwdD):	0/0/0/0.
Native mkl calls (sparse conv/bwdF/bwdD):	0/0/0.
Native mkl times (dense mult/conv/bwdF/bwdD):	0.000/0.000/0.000/0.000.
Cache hits (Mem/Li/WB/FS/HDFS):	19/0/0/0/0.
Cache writes (Li/WB/FS/HDFS):	0/6/0/1.
Cache times (ACQr/m, RLS, EXP):	0.000/0.001/0.004/0.077 sec.
HOP DAGs recompiled (PRED, SB):	0/2.
HOP DAGs recompile time:	0.005 sec.
Federated I/O (Read, Put, Get):	5/3/4.
Federated Execute (Inst, UDF):	16/0.
Total JIT compile time:		4.393 sec.
Total JVM GC count:		2.
Total JVM GC time:		0.089 sec.
Heavy hitter instructions:
  #  Instruction   Time(s)  Count
  1  m_pca          24.910      1
  2  eigen          11.807      1
  3  fed_tsmm        4.285      1
  4  fed_/           3.412      1
  5  fed_-           3.162      1
  6  fed_uacmean     1.191      1
  7  ba+*            0.282      1
  8  -*              0.173      1
  9  fed_ba+*        0.142      1
 10  /               0.142      4
 11  fed_uacsqk+     0.117      1
 12  fed_uack+       0.105      1
 13  write           0.077      1
 14  tsmm            0.039      1
 15  rmvar           0.018     15
 16  -               0.011      2
 17  rsort           0.009      1
 18  sqrt            0.008      1
 19  ctableexpand    0.006      1
 20  seq             0.002      1
 21  createvar       0.001     23
 22  replace         0.001      2
 23  rightIndex      0.001      1
 24  mvvar           0.000      3
 25  cpvar           0.000      5

real 29.87
user 38.80
sys 0.74
SystemDS Statistics:
Total elapsed time:		25.452 sec.
Total compilation time:		0.794 sec.
Total execution time:		24.658 sec.
Native mkl calls (dense mult/conv/bwdF/bwdD):	0/0/0/0.
Native mkl calls (sparse conv/bwdF/bwdD):	0/0/0.
Native mkl times (dense mult/conv/bwdF/bwdD):	0.000/0.000/0.000/0.000.
Cache hits (Mem/Li/WB/FS/HDFS):	19/0/0/0/0.
Cache writes (Li/WB/FS/HDFS):	0/6/0/1.
Cache times (ACQr/m, RLS, EXP):	0.000/0.001/0.003/0.077 sec.
HOP DAGs recompiled (PRED, SB):	0/2.
HOP DAGs recompile time:	0.005 sec.
Federated I/O (Read, Put, Get):	5/3/4.
Federated Execute (Inst, UDF):	16/0.
Total JIT compile time:		3.076 sec.
Total JVM GC count:		2.
Total JVM GC time:		0.096 sec.
Heavy hitter instructions:
  #  Instruction   Time(s)  Count
  1  m_pca          24.578      1
  2  eigen          12.807      1
  3  fed_tsmm        4.346      1
  4  fed_/           2.728      1
  5  fed_-           2.617      1
  6  fed_uacmean     1.183      1
  7  ba+*            0.245      1
  8  fed_uacsqk+     0.128      1
  9  /               0.128      4
 10  -*              0.127      1
 11  fed_uack+       0.107      1
 12  fed_ba+*        0.079      1
 13  write           0.078      1
 14  tsmm            0.036      1
 15  rmvar           0.018     15
 16  -               0.011      2
 17  sqrt            0.009      1
 18  rsort           0.007      1
 19  ctableexpand    0.006      1
 20  seq             0.002      1
 21  createvar       0.001     23
 22  rightIndex      0.001      1
 23  replace         0.001      2
 24  mvvar           0.000      3
 25  cpvar           0.000      5

real 29.60
user 35.38
sys 0.80
SystemDS Statistics:
Total elapsed time:		26.846 sec.
Total compilation time:		0.788 sec.
Total execution time:		26.058 sec.
Native mkl calls (dense mult/conv/bwdF/bwdD):	0/0/0/0.
Native mkl calls (sparse conv/bwdF/bwdD):	0/0/0.
Native mkl times (dense mult/conv/bwdF/bwdD):	0.000/0.000/0.000/0.000.
Cache hits (Mem/Li/WB/FS/HDFS):	19/0/0/0/0.
Cache writes (Li/WB/FS/HDFS):	0/6/0/1.
Cache times (ACQr/m, RLS, EXP):	0.000/0.001/0.003/0.078 sec.
HOP DAGs recompiled (PRED, SB):	0/2.
HOP DAGs recompile time:	0.005 sec.
Federated I/O (Read, Put, Get):	5/3/4.
Federated Execute (Inst, UDF):	16/0.
Total JIT compile time:		4.821 sec.
Total JVM GC count:		2.
Total JVM GC time:		0.091 sec.
Heavy hitter instructions:
  #  Instruction   Time(s)  Count
  1  m_pca          25.978      1
  2  eigen          13.524      1
  3  fed_tsmm        4.274      1
  4  fed_-           3.128      1
  5  fed_/           2.808      1
  6  fed_uacmean     1.206      1
  7  ba+*            0.300      1
  8  fed_ba+*        0.150      1
  9  /               0.147      4
 10  -*              0.130      1
 11  fed_uacsqk+     0.124      1
 12  fed_uack+       0.100      1
 13  write           0.078      1
 14  tsmm            0.036      1
 15  rmvar           0.019     15
 16  -               0.011      2
 17  rsort           0.008      1
 18  ctableexpand    0.008      1
 19  sqrt            0.007      1
 20  seq             0.002      1
 21  rightIndex      0.001      1
 22  createvar       0.001     23
 23  replace         0.001      2
 24  mvvar           0.000      3
 25  cpvar           0.000      5

real 30.92
user 39.92
sys 0.89
