SystemDS Statistics:
Total elapsed time:		30.609 sec.
Total compilation time:		0.422 sec.
Total execution time:		30.187 sec.
Native mkl calls (dense mult/conv/bwdF/bwdD):	0/0/0/0.
Native mkl calls (sparse conv/bwdF/bwdD):	0/0/0.
Native mkl times (dense mult/conv/bwdF/bwdD):	0.000/0.000/0.000/0.000.
Cache hits (Mem/Li/WB/FS/HDFS):	19/0/0/0/0.
Cache writes (Li/WB/FS/HDFS):	0/6/0/1.
Cache times (ACQr/m, RLS, EXP):	0.000/0.001/0.001/0.071 sec.
HOP DAGs recompiled (PRED, SB):	0/2.
HOP DAGs recompile time:	0.004 sec.
Federated I/O (Read, Put, Get):	5/3/4.
Federated Execute (Inst, UDF):	16/0.
Total JIT compile time:		2.579 sec.
Total JVM GC count:		2.
Total JVM GC time:		0.026 sec.
Heavy hitter instructions:
  #  Instruction   Time(s)  Count
  1  m_pca          30.114      1
  2  eigen          14.258      1
  3  fed_tsmm        8.917      1
  4  fed_uacmean     3.157      1
  5  fed_/           1.382      1
  6  fed_-           1.317      1
  7  fed_ba+*        0.313      1
  8  fed_uacsqk+     0.310      1
  9  fed_uack+       0.223      1
 10  write           0.071      1
 11  ba+*            0.062      1
 12  tsmm            0.052      1
 13  -*              0.034      1
 14  /               0.031      4
 15  rmvar           0.029     15
 16  sqrt            0.014      1
 17  -               0.006      2
 18  ctableexpand    0.004      1
 19  rsort           0.003      1
 20  seq             0.001      1
 21  createvar       0.001     23
 22  replace         0.001      2
 23  rightIndex      0.001      1
 24  cpvar           0.000      5
 25  mvvar           0.000      3

real 34,16
user 22,66
sys 0,71
SystemDS Statistics:
Total elapsed time:		30.183 sec.
Total compilation time:		0.391 sec.
Total execution time:		29.791 sec.
Native mkl calls (dense mult/conv/bwdF/bwdD):	0/0/0/0.
Native mkl calls (sparse conv/bwdF/bwdD):	0/0/0.
Native mkl times (dense mult/conv/bwdF/bwdD):	0.000/0.000/0.000/0.000.
Cache hits (Mem/Li/WB/FS/HDFS):	19/0/0/0/0.
Cache writes (Li/WB/FS/HDFS):	0/6/0/1.
Cache times (ACQr/m, RLS, EXP):	0.000/0.001/0.002/0.073 sec.
HOP DAGs recompiled (PRED, SB):	0/2.
HOP DAGs recompile time:	0.004 sec.
Federated I/O (Read, Put, Get):	5/3/4.
Federated Execute (Inst, UDF):	16/0.
Total JIT compile time:		2.428 sec.
Total JVM GC count:		2.
Total JVM GC time:		0.026 sec.
Heavy hitter instructions:
  #  Instruction   Time(s)  Count
  1  m_pca          29.717      1
  2  eigen          15.831      1
  3  fed_tsmm        7.341      1
  4  fed_uacmean     1.914      1
  5  fed_/           1.880      1
  6  fed_-           1.686      1
  7  fed_ba+*        0.329      1
  8  fed_uacsqk+     0.268      1
  9  fed_uack+       0.242      1
 10  write           0.073      1
 11  tsmm            0.062      1
 12  ba+*            0.036      1
 13  /               0.036      4
 14  -*              0.035      1
 15  rmvar           0.027     15
 16  sqrt            0.014      1
 17  -               0.006      2
 18  ctableexpand    0.004      1
 19  rsort           0.003      1
 20  seq             0.001      1
 21  createvar       0.001     23
 22  replace         0.001      2
 23  rightIndex      0.000      1
 24  cpvar           0.000      5
 25  mvvar           0.000      3

real 33,68
user 23,68
sys 0,77
SystemDS Statistics:
Total elapsed time:		27.048 sec.
Total compilation time:		0.406 sec.
Total execution time:		26.642 sec.
Native mkl calls (dense mult/conv/bwdF/bwdD):	0/0/0/0.
Native mkl calls (sparse conv/bwdF/bwdD):	0/0/0.
Native mkl times (dense mult/conv/bwdF/bwdD):	0.000/0.000/0.000/0.000.
Cache hits (Mem/Li/WB/FS/HDFS):	19/0/0/0/0.
Cache writes (Li/WB/FS/HDFS):	0/6/0/1.
Cache times (ACQr/m, RLS, EXP):	0.000/0.001/0.001/0.071 sec.
HOP DAGs recompiled (PRED, SB):	0/2.
HOP DAGs recompile time:	0.003 sec.
Federated I/O (Read, Put, Get):	5/3/4.
Federated Execute (Inst, UDF):	16/0.
Total JIT compile time:		2.742 sec.
Total JVM GC count:		2.
Total JVM GC time:		0.026 sec.
Heavy hitter instructions:
  #  Instruction   Time(s)  Count
  1  m_pca          26.569      1
  2  eigen          13.625      1
  3  fed_tsmm        7.717      1
  4  fed_uacsqk+     1.378      1
  5  fed_uacmean     1.150      1
  6  fed_/           1.150      1
  7  fed_-           0.843      1
  8  fed_ba+*        0.323      1
  9  fed_uack+       0.226      1
 10  write           0.071      1
 11  ba+*            0.041      1
 12  rmvar           0.032     15
 13  /               0.031      4
 14  -*              0.020      1
 15  tsmm            0.017      1
 16  -               0.005      2
 17  ctableexpand    0.003      1
 18  rsort           0.003      1
 19  sqrt            0.003      1
 20  seq             0.001      1
 21  createvar       0.001     23
 22  rightIndex      0.001      1
 23  replace         0.000      2
 24  mvvar           0.000      3
 25  cpvar           0.000      5

real 30,56
user 21,38
sys 0,75
SystemDS Statistics:
Total elapsed time:		27.350 sec.
Total compilation time:		0.395 sec.
Total execution time:		26.955 sec.
Native mkl calls (dense mult/conv/bwdF/bwdD):	0/0/0/0.
Native mkl calls (sparse conv/bwdF/bwdD):	0/0/0.
Native mkl times (dense mult/conv/bwdF/bwdD):	0.000/0.000/0.000/0.000.
Cache hits (Mem/Li/WB/FS/HDFS):	19/0/0/0/0.
Cache writes (Li/WB/FS/HDFS):	0/6/0/1.
Cache times (ACQr/m, RLS, EXP):	0.000/0.001/0.001/0.094 sec.
HOP DAGs recompiled (PRED, SB):	0/2.
HOP DAGs recompile time:	0.003 sec.
Federated I/O (Read, Put, Get):	5/3/4.
Federated Execute (Inst, UDF):	16/0.
Total JIT compile time:		2.65 sec.
Total JVM GC count:		2.
Total JVM GC time:		0.026 sec.
Heavy hitter instructions:
  #  Instruction   Time(s)  Count
  1  m_pca          26.859      1
  2  eigen          14.067      1
  3  fed_tsmm        7.557      1
  4  fed_/           1.802      1
  5  fed_-           1.317      1
  6  fed_uacmean     1.082      1
  7  fed_ba+*        0.337      1
  8  fed_uacsqk+     0.266      1
  9  fed_uack+       0.229      1
 10  write           0.094      1
 11  ba+*            0.050      1
 12  tsmm            0.047      1
 13  rmvar           0.032     15
 14  /               0.030      4
 15  -*              0.027      1
 16  -               0.005      2
 17  rsort           0.004      1
 18  ctableexpand    0.003      1
 19  sqrt            0.003      1
 20  seq             0.001      1
 21  createvar       0.001     23
 22  rightIndex      0.000      1
 23  replace         0.000      2
 24  cpvar           0.000      5
 25  mvvar           0.000      3

real 30,87
user 22,18
sys 0,75
