21/02/14 21:57:23 INFO org.apache.sysds.api.DMLScript: BEGIN DML run 02/14/2021 21:57:23
21/02/14 21:57:23 INFO org.apache.sysds.utils.NativeHelper: Using native blas: mkl
21/02/14 21:58:05 INFO org.apache.sysds.runtime.instructions.cp.ParamservBuiltinCPInstruction: PARAMETER SERVER
21/02/14 21:58:05 INFO org.apache.sysds.runtime.instructions.cp.ParamservBuiltinCPInstruction: [+] Running in federated mode
21/02/14 21:58:05 INFO org.apache.sysds.runtime.instructions.cp.ParamservBuiltinCPInstruction: [+] Update Type: BSP
21/02/14 21:58:05 INFO org.apache.sysds.runtime.instructions.cp.ParamservBuiltinCPInstruction: [+] Frequency: EPOCH
21/02/14 21:58:05 INFO org.apache.sysds.runtime.instructions.cp.ParamservBuiltinCPInstruction: [+] Data Partitioning: KEEP_DATA_ON_WORKER
21/02/14 21:58:05 INFO org.apache.sysds.runtime.instructions.cp.ParamservBuiltinCPInstruction: [+] Runtime Balancing: NONE
21/02/14 21:58:05 INFO org.apache.sysds.runtime.instructions.cp.ParamservBuiltinCPInstruction: [+] Weighing: false
21/02/14 21:58:05 INFO org.apache.sysds.runtime.instructions.cp.ParamservBuiltinCPInstruction: [+] Seed: -1571418102
21/02/14 21:58:05 INFO org.apache.sysds.runtime.controlprogram.paramserv.ParamServer: Setup config for worker Federated worker_0
21/02/14 21:58:05 INFO org.apache.sysds.runtime.controlprogram.paramserv.ParamServer: Batch size: 512 possible batches: 391 batches to run: 391 weighing factor: 1.0
21/02/14 21:58:05 INFO org.apache.sysds.runtime.controlprogram.paramserv.ParamServer: Setup config for worker Federated worker_1
21/02/14 21:58:05 INFO org.apache.sysds.runtime.controlprogram.paramserv.ParamServer: Batch size: 512 possible batches: 391 batches to run: 391 weighing factor: 1.0
21/02/14 21:58:06 INFO org.apache.sysds.runtime.controlprogram.paramserv.ParamServer: Setup config for worker Federated worker_2
21/02/14 21:58:06 INFO org.apache.sysds.runtime.controlprogram.paramserv.ParamServer: Batch size: 512 possible batches: 391 batches to run: 391 weighing factor: 1.0
21/02/14 21:58:06 INFO org.apache.sysds.runtime.controlprogram.paramserv.ParamServer: Setup config for worker Federated worker_3
21/02/14 21:58:06 INFO org.apache.sysds.runtime.controlprogram.paramserv.ParamServer: Batch size: 512 possible batches: 391 batches to run: 391 weighing factor: 1.0
21/02/14 21:58:06 INFO org.apache.sysds.runtime.controlprogram.paramserv.ParamServer: Setup config for worker Federated worker_4
21/02/14 21:58:06 INFO org.apache.sysds.runtime.controlprogram.paramserv.ParamServer: Batch size: 512 possible batches: 391 batches to run: 391 weighing factor: 1.0
21/02/14 21:58:29 INFO org.apache.sysds.runtime.controlprogram.paramserv.ParamServer: [+] PARAMSERV: completed EPOCH 0
21/02/14 21:58:50 INFO org.apache.sysds.runtime.controlprogram.paramserv.ParamServer: [+] PARAMSERV: completed EPOCH 1
21/02/14 21:59:13 INFO org.apache.sysds.runtime.controlprogram.paramserv.ParamServer: [+] PARAMSERV: completed EPOCH 2
21/02/14 21:59:36 INFO org.apache.sysds.runtime.controlprogram.paramserv.ParamServer: [+] PARAMSERV: completed EPOCH 3
21/02/14 21:59:58 INFO org.apache.sysds.runtime.controlprogram.paramserv.ParamServer: [+] PARAMSERV: completed EPOCH 4
21/02/14 22:00:06 WARN org.apache.sysds.runtime.matrix.data.LibMatrixNative: matrixMult: Native mat mult failed. Falling back to java version (loaded=true, sparse=false)
[+] test loss: 1.4872586632199265E-11, test accuracy: 1.4872586632199265E-11

SystemDS Statistics:
Total elapsed time:		163.908 sec.
Total compilation time:		0.725 sec.
Total execution time:		163.183 sec.
Native mkl calls (dense mult/conv/bwdF/bwdD):	2/0/0/0.
Native mkl calls (sparse conv/bwdF/bwdD):	0/0/0.
Native mkl times (dense mult/conv/bwdF/bwdD):	2.063/0.000/0.000/0.000.
Cache hits (Mem/Li/WB/FS/HDFS):	691/0/0/0/2.
Cache writes (Li/WB/FS/HDFS):	2/88/2/0.
Cache times (ACQr/m, RLS, EXP):	6.458/0.001/17.520/0.000 sec.
HOP DAGs recompiled (PRED, SB):	0/6.
HOP DAGs recompile time:	0.035 sec.
Paramserv total execution time:	113.280 secs.
Paramserv total num workers:	5.
Paramserv setup time:		1.451 secs.
PS fed data partitioning time:	0.215 secs.
PS fed comm time (cum):		36.102 secs.
PS fed worker comp time (cum):	421.909 secs.
PS fed grad weigh time (cum):	0.000 secs.
PS fed global model agg time:	0.034 secs.
Paramserv valdiation time:	0.000 secs.
Federated I/O (Read, Put, Get):	10/27/4.
Federated Execute (Inst, UDF):	14/35.
Total JIT compile time:		7.209 sec.
Total JVM GC count:		4.
Total JVM GC time:		0.428 sec.
Heavy hitter instructions:
  #  Instruction  Time(s)  Count
  1  paramserv    113.281      1
  2  -             18.372      5
  3  /             11.702      8
  4  fed_uamin      6.189      2
  5  +              4.133     10
  6  fed_-          2.957      1
  7  ba+*           2.573      3
  8  max            1.752      2
  9  fed_/          1.139      1
 10  fed_uamax      0.828      2
 11  uarmax         0.055      1
 12  uark+          0.050      1
 13  *              0.042      4
 14  rmvar          0.036     47
 15  log            0.030      1
 16  rand           0.026      6
 17  exp            0.011      1
 18  -*             0.005     30
 19  createvar      0.002     71
 20  uak+           0.001      1
 21  list           0.001      6
 22  nvlist         0.001      1
 23  rightIndex     0.001      6
 24  sqrt           0.000     10
 25  mvvar          0.000     22
 26  castdtm        0.000      6
 27  print          0.000      1
 28  ==             0.000      1

21/02/14 22:00:07 INFO org.apache.sysds.api.DMLScript: END DML run 02/14/2021 22:00:07
real 168,94
user 131,91
sys 33,44
