21/02/14 18:53:04 INFO org.apache.sysds.api.DMLScript: BEGIN DML run 02/14/2021 18:53:04
21/02/14 18:53:04 INFO org.apache.sysds.utils.NativeHelper: Using native blas: mkl
21/02/14 18:53:47 INFO org.apache.sysds.runtime.instructions.cp.ParamservBuiltinCPInstruction: PARAMETER SERVER
21/02/14 18:53:47 INFO org.apache.sysds.runtime.instructions.cp.ParamservBuiltinCPInstruction: [+] Running in federated mode
21/02/14 18:53:47 INFO org.apache.sysds.runtime.instructions.cp.ParamservBuiltinCPInstruction: [+] Update Type: BSP
21/02/14 18:53:47 INFO org.apache.sysds.runtime.instructions.cp.ParamservBuiltinCPInstruction: [+] Frequency: EPOCH
21/02/14 18:53:47 INFO org.apache.sysds.runtime.instructions.cp.ParamservBuiltinCPInstruction: [+] Data Partitioning: KEEP_DATA_ON_WORKER
21/02/14 18:53:47 INFO org.apache.sysds.runtime.instructions.cp.ParamservBuiltinCPInstruction: [+] Runtime Balancing: NONE
21/02/14 18:53:47 INFO org.apache.sysds.runtime.instructions.cp.ParamservBuiltinCPInstruction: [+] Weighing: false
21/02/14 18:53:47 INFO org.apache.sysds.runtime.instructions.cp.ParamservBuiltinCPInstruction: [+] Seed: -1582475664
21/02/14 18:53:47 INFO org.apache.sysds.runtime.controlprogram.paramserv.ParamServer: Setup config for worker Federated worker_0
21/02/14 18:53:47 INFO org.apache.sysds.runtime.controlprogram.paramserv.ParamServer: Batch size: 512 possible batches: 391 batches to run: 391 weighing factor: 1.0
21/02/14 18:53:47 INFO org.apache.sysds.runtime.controlprogram.paramserv.ParamServer: Setup config for worker Federated worker_1
21/02/14 18:53:47 INFO org.apache.sysds.runtime.controlprogram.paramserv.ParamServer: Batch size: 512 possible batches: 391 batches to run: 391 weighing factor: 1.0
21/02/14 18:53:48 INFO org.apache.sysds.runtime.controlprogram.paramserv.ParamServer: Setup config for worker Federated worker_2
21/02/14 18:53:48 INFO org.apache.sysds.runtime.controlprogram.paramserv.ParamServer: Batch size: 512 possible batches: 391 batches to run: 391 weighing factor: 1.0
21/02/14 18:53:48 INFO org.apache.sysds.runtime.controlprogram.paramserv.ParamServer: Setup config for worker Federated worker_3
21/02/14 18:53:48 INFO org.apache.sysds.runtime.controlprogram.paramserv.ParamServer: Batch size: 512 possible batches: 391 batches to run: 391 weighing factor: 1.0
21/02/14 18:53:48 INFO org.apache.sysds.runtime.controlprogram.paramserv.ParamServer: Setup config for worker Federated worker_4
21/02/14 18:53:48 INFO org.apache.sysds.runtime.controlprogram.paramserv.ParamServer: Batch size: 512 possible batches: 391 batches to run: 391 weighing factor: 1.0
21/02/14 18:54:09 INFO org.apache.sysds.runtime.controlprogram.paramserv.ParamServer: [+] PARAMSERV: completed EPOCH 0
21/02/14 18:54:30 INFO org.apache.sysds.runtime.controlprogram.paramserv.ParamServer: [+] PARAMSERV: completed EPOCH 1
21/02/14 18:54:52 INFO org.apache.sysds.runtime.controlprogram.paramserv.ParamServer: [+] PARAMSERV: completed EPOCH 2
21/02/14 18:55:13 INFO org.apache.sysds.runtime.controlprogram.paramserv.ParamServer: [+] PARAMSERV: completed EPOCH 3
21/02/14 18:55:34 INFO org.apache.sysds.runtime.controlprogram.paramserv.ParamServer: [+] PARAMSERV: completed EPOCH 4
21/02/14 18:55:44 WARN org.apache.sysds.runtime.matrix.data.LibMatrixNative: matrixMult: Native mat mult failed. Falling back to java version (loaded=true, sparse=false)
[+] test loss: 1.4872586632199265E-11, test accuracy: 1.4872586632199265E-11

SystemDS Statistics:
Total elapsed time:		160.598 sec.
Total compilation time:		0.712 sec.
Total execution time:		159.887 sec.
Native mkl calls (dense mult/conv/bwdF/bwdD):	2/0/0/0.
Native mkl calls (sparse conv/bwdF/bwdD):	0/0/0.
Native mkl times (dense mult/conv/bwdF/bwdD):	2.182/0.000/0.000/0.000.
Cache hits (Mem/Li/WB/FS/HDFS):	691/0/0/0/2.
Cache writes (Li/WB/FS/HDFS):	2/88/2/0.
Cache times (ACQr/m, RLS, EXP):	6.488/0.001/18.780/0.000 sec.
HOP DAGs recompiled (PRED, SB):	0/6.
HOP DAGs recompile time:	0.032 sec.
Paramserv total execution time:	106.727 secs.
Paramserv total num workers:	5.
Paramserv setup time:		0.822 secs.
PS fed data partitioning time:	0.098 secs.
PS fed comm time (cum):		29.314 secs.
PS fed worker comp time (cum):	381.963 secs.
PS fed grad weigh time (cum):	0.000 secs.
PS fed global model agg time:	0.035 secs.
Paramserv valdiation time:	0.000 secs.
Federated I/O (Read, Put, Get):	10/27/4.
Federated Execute (Inst, UDF):	14/35.
Total JIT compile time:		4.437 sec.
Total JVM GC count:		4.
Total JVM GC time:		0.892 sec.
Heavy hitter instructions:
  #  Instruction  Time(s)  Count
  1  paramserv    106.728      1
  2  -             19.021      5
  3  /             12.617      8
  4  fed_uamin      4.473      2
  5  +              4.459     10
  6  max            3.494      2
  7  fed_/          3.090      1
  8  ba+*           2.760      3
  9  fed_-          2.393      1
 10  fed_uamax      0.616      2
 11  uark+          0.057      1
 12  uarmax         0.041      1
 13  *              0.041      4
 14  rand           0.029      6
 15  log            0.027      1
 16  rmvar          0.025     47
 17  exp            0.009      1
 18  -*             0.006     30
 19  uak+           0.003      1
 20  createvar      0.002     71
 21  nvlist         0.001      1
 22  list           0.001      6
 23  sqrt           0.001     10
 24  rightIndex     0.001      6
 25  mvvar          0.000     22
 26  castdtm        0.000      6
 27  print          0.000      1
 28  ==             0.000      1

21/02/14 18:55:45 INFO org.apache.sysds.api.DMLScript: END DML run 02/14/2021 18:55:45
real 165,66
user 131,47
sys 34,11
