2021-03-29 20:24:50.567189: W tensorflow/stream_executor/platform/default/dso_loader.cc:59] Could not load dynamic library 'libcudart.so.10.1'; dlerror: libcudart.so.10.1: cannot open shared object file: No such file or directory; LD_LIBRARY_PATH: /opt/intel/compilers_and_libraries_2019.5.281/linux/compiler/lib/intel64_lin:/opt/intel/compilers_and_libraries_2019.5.281/linux/tbb/lib/intel64_lin/gcc4.7:/opt/intel/compilers_and_libraries_2019.5.281/linux/compiler/lib/intel64_lin:/opt/intel/compilers_and_libraries_2019.5.281/linux/mkl/lib/intel64_lin:/opt/intel/compilers_and_libraries_2019.5.281/linux/compiler/lib/intel64_lin:/opt/intel/compilers_and_libraries_2019.5.281/linux/tbb/lib/intel64_lin/gcc4.7:/opt/intel/compilers_and_libraries_2019.5.281/linux/compiler/lib/intel64_lin:/opt/intel/compilers_and_libraries_2019.5.281/linux/mkl/lib/intel64_lin
2021-03-29 20:24:50.567257: I tensorflow/stream_executor/cuda/cudart_stub.cc:29] Ignore above cudart dlerror if you do not have a GPU set up on your machine.
2021-03-29 20:24:52.617434: W tensorflow/stream_executor/platform/default/dso_loader.cc:59] Could not load dynamic library 'libcuda.so.1'; dlerror: libcuda.so.1: cannot open shared object file: No such file or directory; LD_LIBRARY_PATH: /opt/intel/compilers_and_libraries_2019.5.281/linux/compiler/lib/intel64_lin:/opt/intel/compilers_and_libraries_2019.5.281/linux/tbb/lib/intel64_lin/gcc4.7:/opt/intel/compilers_and_libraries_2019.5.281/linux/compiler/lib/intel64_lin:/opt/intel/compilers_and_libraries_2019.5.281/linux/mkl/lib/intel64_lin:/opt/intel/compilers_and_libraries_2019.5.281/linux/compiler/lib/intel64_lin:/opt/intel/compilers_and_libraries_2019.5.281/linux/tbb/lib/intel64_lin/gcc4.7:/opt/intel/compilers_and_libraries_2019.5.281/linux/compiler/lib/intel64_lin:/opt/intel/compilers_and_libraries_2019.5.281/linux/mkl/lib/intel64_lin
2021-03-29 20:24:52.617483: W tensorflow/stream_executor/cuda/cuda_driver.cc:312] failed call to cuInit: UNKNOWN ERROR (303)
2021-03-29 20:24:52.617509: I tensorflow/stream_executor/cuda/cuda_diagnostics.cc:156] kernel driver does not appear to be running on this host (charlie): /proc/driver/nvidia/version does not exist
2021-03-29 20:24:52.617832: I tensorflow/core/platform/cpu_feature_guard.cc:142] This TensorFlow binary is optimized with oneAPI Deep Neural Network Library (oneDNN)to use the following CPU instructions in performance-critical operations:  AVX2 FMA
To enable them in other operations, rebuild TensorFlow with the appropriate compiler flags.
2021-03-29 20:24:52.644721: I tensorflow/core/platform/profile_utils/cpu_utils.cc:104] CPU Frequency: 2994305000 Hz
2021-03-29 20:24:52.646919: I tensorflow/compiler/xla/service/service.cc:168] XLA service 0x5969cf0 initialized for platform Host (this does not guarantee that XLA will be used). Devices:
2021-03-29 20:24:52.646955: I tensorflow/compiler/xla/service/service.cc:176]   StreamExecutor device (0): Host, Default Version
(60000, 28, 28)
Batch size: 256
floatSize: float64
Epoch 1, Loss: 0.25419310485111907, Accuracy: 92.36, Test Loss: 0.06670572299335617, Test Accuracy: 97.86
Epoch 2, Loss: 0.06454413512206458, Accuracy: 98.01166666666667, Test Loss: 0.037716228843055435, Test Accuracy: 98.72
Epoch 3, Loss: 0.04548632021438568, Accuracy: 98.64666666666668, Test Loss: 0.0345931216257668, Test Accuracy: 98.81
Epoch 4, Loss: 0.035886388331493164, Accuracy: 98.93333333333332, Test Loss: 0.026989822656832984, Test Accuracy: 99.1
Epoch 5, Loss: 0.027936731323480922, Accuracy: 99.105, Test Loss: 0.023419527727492097, Test Accuracy: 99.15
real 65.74
user 1435.00
sys 102.19
