2021-03-29 20:27:20.217311: W tensorflow/stream_executor/platform/default/dso_loader.cc:59] Could not load dynamic library 'libcudart.so.10.1'; dlerror: libcudart.so.10.1: cannot open shared object file: No such file or directory; LD_LIBRARY_PATH: /opt/intel/compilers_and_libraries_2019.5.281/linux/compiler/lib/intel64_lin:/opt/intel/compilers_and_libraries_2019.5.281/linux/tbb/lib/intel64_lin/gcc4.7:/opt/intel/compilers_and_libraries_2019.5.281/linux/compiler/lib/intel64_lin:/opt/intel/compilers_and_libraries_2019.5.281/linux/mkl/lib/intel64_lin:/opt/intel/compilers_and_libraries_2019.5.281/linux/compiler/lib/intel64_lin:/opt/intel/compilers_and_libraries_2019.5.281/linux/tbb/lib/intel64_lin/gcc4.7:/opt/intel/compilers_and_libraries_2019.5.281/linux/compiler/lib/intel64_lin:/opt/intel/compilers_and_libraries_2019.5.281/linux/mkl/lib/intel64_lin
2021-03-29 20:27:20.217379: I tensorflow/stream_executor/cuda/cudart_stub.cc:29] Ignore above cudart dlerror if you do not have a GPU set up on your machine.
2021-03-29 20:27:22.268493: W tensorflow/stream_executor/platform/default/dso_loader.cc:59] Could not load dynamic library 'libcuda.so.1'; dlerror: libcuda.so.1: cannot open shared object file: No such file or directory; LD_LIBRARY_PATH: /opt/intel/compilers_and_libraries_2019.5.281/linux/compiler/lib/intel64_lin:/opt/intel/compilers_and_libraries_2019.5.281/linux/tbb/lib/intel64_lin/gcc4.7:/opt/intel/compilers_and_libraries_2019.5.281/linux/compiler/lib/intel64_lin:/opt/intel/compilers_and_libraries_2019.5.281/linux/mkl/lib/intel64_lin:/opt/intel/compilers_and_libraries_2019.5.281/linux/compiler/lib/intel64_lin:/opt/intel/compilers_and_libraries_2019.5.281/linux/tbb/lib/intel64_lin/gcc4.7:/opt/intel/compilers_and_libraries_2019.5.281/linux/compiler/lib/intel64_lin:/opt/intel/compilers_and_libraries_2019.5.281/linux/mkl/lib/intel64_lin
2021-03-29 20:27:22.268579: W tensorflow/stream_executor/cuda/cuda_driver.cc:312] failed call to cuInit: UNKNOWN ERROR (303)
2021-03-29 20:27:22.268608: I tensorflow/stream_executor/cuda/cuda_diagnostics.cc:156] kernel driver does not appear to be running on this host (charlie): /proc/driver/nvidia/version does not exist
2021-03-29 20:27:22.268930: I tensorflow/core/platform/cpu_feature_guard.cc:142] This TensorFlow binary is optimized with oneAPI Deep Neural Network Library (oneDNN)to use the following CPU instructions in performance-critical operations:  AVX2 FMA
To enable them in other operations, rebuild TensorFlow with the appropriate compiler flags.
2021-03-29 20:27:22.296769: I tensorflow/core/platform/profile_utils/cpu_utils.cc:104] CPU Frequency: 2994305000 Hz
2021-03-29 20:27:22.298766: I tensorflow/compiler/xla/service/service.cc:168] XLA service 0x4cd64f0 initialized for platform Host (this does not guarantee that XLA will be used). Devices:
2021-03-29 20:27:22.298797: I tensorflow/compiler/xla/service/service.cc:176]   StreamExecutor device (0): Host, Default Version
(60000, 28, 28)
Batch size: 128
floatSize: float64
Epoch 1, Loss: 0.20225193882698633, Accuracy: 93.73833333333333, Test Loss: 0.0425948273218119, Test Accuracy: 98.61999999999999
Epoch 2, Loss: 0.056523355507929286, Accuracy: 98.27333333333334, Test Loss: 0.03153568164731341, Test Accuracy: 99.02
Epoch 3, Loss: 0.03880209481812267, Accuracy: 98.815, Test Loss: 0.029682897982868932, Test Accuracy: 98.97
Epoch 4, Loss: 0.0314900642834298, Accuracy: 98.995, Test Loss: 0.021914843034958525, Test Accuracy: 99.14
Epoch 5, Loss: 0.02413954561142358, Accuracy: 99.24666666666667, Test Loss: 0.01937162667652242, Test Accuracy: 99.33999999999999
real 72.54
user 1563.04
sys 46.54
