2021-03-29 20:19:55.725665: W tensorflow/stream_executor/platform/default/dso_loader.cc:59] Could not load dynamic library 'libcudart.so.10.1'; dlerror: libcudart.so.10.1: cannot open shared object file: No such file or directory; LD_LIBRARY_PATH: /opt/intel/compilers_and_libraries_2019.5.281/linux/compiler/lib/intel64_lin:/opt/intel/compilers_and_libraries_2019.5.281/linux/tbb/lib/intel64_lin/gcc4.7:/opt/intel/compilers_and_libraries_2019.5.281/linux/compiler/lib/intel64_lin:/opt/intel/compilers_and_libraries_2019.5.281/linux/mkl/lib/intel64_lin:/opt/intel/compilers_and_libraries_2019.5.281/linux/compiler/lib/intel64_lin:/opt/intel/compilers_and_libraries_2019.5.281/linux/tbb/lib/intel64_lin/gcc4.7:/opt/intel/compilers_and_libraries_2019.5.281/linux/compiler/lib/intel64_lin:/opt/intel/compilers_and_libraries_2019.5.281/linux/mkl/lib/intel64_lin
2021-03-29 20:19:55.725745: I tensorflow/stream_executor/cuda/cudart_stub.cc:29] Ignore above cudart dlerror if you do not have a GPU set up on your machine.
2021-03-29 20:19:57.771729: W tensorflow/stream_executor/platform/default/dso_loader.cc:59] Could not load dynamic library 'libcuda.so.1'; dlerror: libcuda.so.1: cannot open shared object file: No such file or directory; LD_LIBRARY_PATH: /opt/intel/compilers_and_libraries_2019.5.281/linux/compiler/lib/intel64_lin:/opt/intel/compilers_and_libraries_2019.5.281/linux/tbb/lib/intel64_lin/gcc4.7:/opt/intel/compilers_and_libraries_2019.5.281/linux/compiler/lib/intel64_lin:/opt/intel/compilers_and_libraries_2019.5.281/linux/mkl/lib/intel64_lin:/opt/intel/compilers_and_libraries_2019.5.281/linux/compiler/lib/intel64_lin:/opt/intel/compilers_and_libraries_2019.5.281/linux/tbb/lib/intel64_lin/gcc4.7:/opt/intel/compilers_and_libraries_2019.5.281/linux/compiler/lib/intel64_lin:/opt/intel/compilers_and_libraries_2019.5.281/linux/mkl/lib/intel64_lin
2021-03-29 20:19:57.771776: W tensorflow/stream_executor/cuda/cuda_driver.cc:312] failed call to cuInit: UNKNOWN ERROR (303)
2021-03-29 20:19:57.771801: I tensorflow/stream_executor/cuda/cuda_diagnostics.cc:156] kernel driver does not appear to be running on this host (charlie): /proc/driver/nvidia/version does not exist
2021-03-29 20:19:57.772118: I tensorflow/core/platform/cpu_feature_guard.cc:142] This TensorFlow binary is optimized with oneAPI Deep Neural Network Library (oneDNN)to use the following CPU instructions in performance-critical operations:  AVX2 FMA
To enable them in other operations, rebuild TensorFlow with the appropriate compiler flags.
2021-03-29 20:19:57.800757: I tensorflow/core/platform/profile_utils/cpu_utils.cc:104] CPU Frequency: 2994305000 Hz
2021-03-29 20:19:57.802756: I tensorflow/compiler/xla/service/service.cc:168] XLA service 0x4bee040 initialized for platform Host (this does not guarantee that XLA will be used). Devices:
2021-03-29 20:19:57.802791: I tensorflow/compiler/xla/service/service.cc:176]   StreamExecutor device (0): Host, Default Version
(60000, 28, 28)
Batch size: 512
floatSize: float64
Epoch 1, Loss: 0.36810760559924577, Accuracy: 89.045, Test Loss: 0.07648575729690492, Test Accuracy: 97.6
Epoch 2, Loss: 0.08713743295836246, Accuracy: 97.31833333333333, Test Loss: 0.044160739076323806, Test Accuracy: 98.59
Epoch 3, Loss: 0.06033286043458571, Accuracy: 98.18833333333333, Test Loss: 0.0325227786321193, Test Accuracy: 98.9
Epoch 4, Loss: 0.04653462345348829, Accuracy: 98.57666666666667, Test Loss: 0.029869405552744865, Test Accuracy: 99.09
Epoch 5, Loss: 0.03753285639193225, Accuracy: 98.83833333333332, Test Loss: 0.026526002190075816, Test Accuracy: 99.03999999999999
real 62.34
user 1376.38
sys 114.35
