2021-02-10 17:52:01.961508: W tensorflow/stream_executor/platform/default/dso_loader.cc:59] Could not load dynamic library 'libcudart.so.10.1'; dlerror: libcudart.so.10.1: cannot open shared object file: No such file or directory; LD_LIBRARY_PATH: /opt/intel/compilers_and_libraries_2019.5.281/linux/compiler/lib/intel64_lin:/opt/intel/compilers_and_libraries_2019.5.281/linux/tbb/lib/intel64_lin/gcc4.7:/opt/intel/compilers_and_libraries_2019.5.281/linux/compiler/lib/intel64_lin:/opt/intel/compilers_and_libraries_2019.5.281/linux/mkl/lib/intel64_lin:/opt/intel/compilers_and_libraries_2019.5.281/linux/compiler/lib/intel64_lin:/opt/intel/compilers_and_libraries_2019.5.281/linux/tbb/lib/intel64_lin/gcc4.7:/opt/intel/compilers_and_libraries_2019.5.281/linux/compiler/lib/intel64_lin:/opt/intel/compilers_and_libraries_2019.5.281/linux/mkl/lib/intel64_lin
2021-02-10 17:52:01.961574: I tensorflow/stream_executor/cuda/cudart_stub.cc:29] Ignore above cudart dlerror if you do not have a GPU set up on your machine.
2021-02-10 17:52:04.998948: W tensorflow/stream_executor/platform/default/dso_loader.cc:59] Could not load dynamic library 'libcuda.so.1'; dlerror: libcuda.so.1: cannot open shared object file: No such file or directory; LD_LIBRARY_PATH: /opt/intel/compilers_and_libraries_2019.5.281/linux/compiler/lib/intel64_lin:/opt/intel/compilers_and_libraries_2019.5.281/linux/tbb/lib/intel64_lin/gcc4.7:/opt/intel/compilers_and_libraries_2019.5.281/linux/compiler/lib/intel64_lin:/opt/intel/compilers_and_libraries_2019.5.281/linux/mkl/lib/intel64_lin:/opt/intel/compilers_and_libraries_2019.5.281/linux/compiler/lib/intel64_lin:/opt/intel/compilers_and_libraries_2019.5.281/linux/tbb/lib/intel64_lin/gcc4.7:/opt/intel/compilers_and_libraries_2019.5.281/linux/compiler/lib/intel64_lin:/opt/intel/compilers_and_libraries_2019.5.281/linux/mkl/lib/intel64_lin
2021-02-10 17:52:04.998996: W tensorflow/stream_executor/cuda/cuda_driver.cc:312] failed call to cuInit: UNKNOWN ERROR (303)
2021-02-10 17:52:04.999028: I tensorflow/stream_executor/cuda/cuda_diagnostics.cc:156] kernel driver does not appear to be running on this host (charlie): /proc/driver/nvidia/version does not exist
2021-02-10 17:52:05.000960: I tensorflow/core/platform/cpu_feature_guard.cc:142] This TensorFlow binary is optimized with oneAPI Deep Neural Network Library (oneDNN)to use the following CPU instructions in performance-critical operations:  AVX2 FMA
To enable them in other operations, rebuild TensorFlow with the appropriate compiler flags.
2021-02-10 17:52:05.038208: I tensorflow/core/platform/profile_utils/cpu_utils.cc:104] CPU Frequency: 2994595000 Hz
2021-02-10 17:52:05.039808: I tensorflow/compiler/xla/service/service.cc:168] XLA service 0x4ee4e80 initialized for platform Host (this does not guarantee that XLA will be used). Devices:
2021-02-10 17:52:05.039837: I tensorflow/compiler/xla/service/service.cc:176]   StreamExecutor device (0): Host, Default Version
Epoch 1, Loss: 0.10459693521261215, Accuracy: 96.75333404541016, Test Loss: 0.03998759761452675, Test Accuracy: 98.72000122070312
Epoch 2, Loss: 0.03654540702700615, Accuracy: 98.91166687011719, Test Loss: 0.028929229825735092, Test Accuracy: 99.08999633789062
real 32.28
user 415.72
sys 23.52
2021-02-10 17:52:33.676513: W tensorflow/stream_executor/platform/default/dso_loader.cc:59] Could not load dynamic library 'libcudart.so.10.1'; dlerror: libcudart.so.10.1: cannot open shared object file: No such file or directory; LD_LIBRARY_PATH: /opt/intel/compilers_and_libraries_2019.5.281/linux/compiler/lib/intel64_lin:/opt/intel/compilers_and_libraries_2019.5.281/linux/tbb/lib/intel64_lin/gcc4.7:/opt/intel/compilers_and_libraries_2019.5.281/linux/compiler/lib/intel64_lin:/opt/intel/compilers_and_libraries_2019.5.281/linux/mkl/lib/intel64_lin:/opt/intel/compilers_and_libraries_2019.5.281/linux/compiler/lib/intel64_lin:/opt/intel/compilers_and_libraries_2019.5.281/linux/tbb/lib/intel64_lin/gcc4.7:/opt/intel/compilers_and_libraries_2019.5.281/linux/compiler/lib/intel64_lin:/opt/intel/compilers_and_libraries_2019.5.281/linux/mkl/lib/intel64_lin
2021-02-10 17:52:33.676589: I tensorflow/stream_executor/cuda/cudart_stub.cc:29] Ignore above cudart dlerror if you do not have a GPU set up on your machine.
2021-02-10 17:52:35.661494: W tensorflow/stream_executor/platform/default/dso_loader.cc:59] Could not load dynamic library 'libcuda.so.1'; dlerror: libcuda.so.1: cannot open shared object file: No such file or directory; LD_LIBRARY_PATH: /opt/intel/compilers_and_libraries_2019.5.281/linux/compiler/lib/intel64_lin:/opt/intel/compilers_and_libraries_2019.5.281/linux/tbb/lib/intel64_lin/gcc4.7:/opt/intel/compilers_and_libraries_2019.5.281/linux/compiler/lib/intel64_lin:/opt/intel/compilers_and_libraries_2019.5.281/linux/mkl/lib/intel64_lin:/opt/intel/compilers_and_libraries_2019.5.281/linux/compiler/lib/intel64_lin:/opt/intel/compilers_and_libraries_2019.5.281/linux/tbb/lib/intel64_lin/gcc4.7:/opt/intel/compilers_and_libraries_2019.5.281/linux/compiler/lib/intel64_lin:/opt/intel/compilers_and_libraries_2019.5.281/linux/mkl/lib/intel64_lin
2021-02-10 17:52:35.661534: W tensorflow/stream_executor/cuda/cuda_driver.cc:312] failed call to cuInit: UNKNOWN ERROR (303)
2021-02-10 17:52:35.661556: I tensorflow/stream_executor/cuda/cuda_diagnostics.cc:156] kernel driver does not appear to be running on this host (charlie): /proc/driver/nvidia/version does not exist
2021-02-10 17:52:35.661852: I tensorflow/core/platform/cpu_feature_guard.cc:142] This TensorFlow binary is optimized with oneAPI Deep Neural Network Library (oneDNN)to use the following CPU instructions in performance-critical operations:  AVX2 FMA
To enable them in other operations, rebuild TensorFlow with the appropriate compiler flags.
2021-02-10 17:52:35.690267: I tensorflow/core/platform/profile_utils/cpu_utils.cc:104] CPU Frequency: 2994595000 Hz
2021-02-10 17:52:35.691906: I tensorflow/compiler/xla/service/service.cc:168] XLA service 0x423b890 initialized for platform Host (this does not guarantee that XLA will be used). Devices:
2021-02-10 17:52:35.691939: I tensorflow/compiler/xla/service/service.cc:176]   StreamExecutor device (0): Host, Default Version
Epoch 1, Loss: 0.10832983255386353, Accuracy: 96.75499725341797, Test Loss: 0.03780407831072807, Test Accuracy: 98.77999877929688
Epoch 2, Loss: 0.03778262063860893, Accuracy: 98.82333374023438, Test Loss: 0.044746991246938705, Test Accuracy: 98.5999984741211
real 30.27
user 417.21
sys 23.48
2021-02-10 17:53:03.945402: W tensorflow/stream_executor/platform/default/dso_loader.cc:59] Could not load dynamic library 'libcudart.so.10.1'; dlerror: libcudart.so.10.1: cannot open shared object file: No such file or directory; LD_LIBRARY_PATH: /opt/intel/compilers_and_libraries_2019.5.281/linux/compiler/lib/intel64_lin:/opt/intel/compilers_and_libraries_2019.5.281/linux/tbb/lib/intel64_lin/gcc4.7:/opt/intel/compilers_and_libraries_2019.5.281/linux/compiler/lib/intel64_lin:/opt/intel/compilers_and_libraries_2019.5.281/linux/mkl/lib/intel64_lin:/opt/intel/compilers_and_libraries_2019.5.281/linux/compiler/lib/intel64_lin:/opt/intel/compilers_and_libraries_2019.5.281/linux/tbb/lib/intel64_lin/gcc4.7:/opt/intel/compilers_and_libraries_2019.5.281/linux/compiler/lib/intel64_lin:/opt/intel/compilers_and_libraries_2019.5.281/linux/mkl/lib/intel64_lin
2021-02-10 17:53:03.945453: I tensorflow/stream_executor/cuda/cudart_stub.cc:29] Ignore above cudart dlerror if you do not have a GPU set up on your machine.
2021-02-10 17:53:05.928166: W tensorflow/stream_executor/platform/default/dso_loader.cc:59] Could not load dynamic library 'libcuda.so.1'; dlerror: libcuda.so.1: cannot open shared object file: No such file or directory; LD_LIBRARY_PATH: /opt/intel/compilers_and_libraries_2019.5.281/linux/compiler/lib/intel64_lin:/opt/intel/compilers_and_libraries_2019.5.281/linux/tbb/lib/intel64_lin/gcc4.7:/opt/intel/compilers_and_libraries_2019.5.281/linux/compiler/lib/intel64_lin:/opt/intel/compilers_and_libraries_2019.5.281/linux/mkl/lib/intel64_lin:/opt/intel/compilers_and_libraries_2019.5.281/linux/compiler/lib/intel64_lin:/opt/intel/compilers_and_libraries_2019.5.281/linux/tbb/lib/intel64_lin/gcc4.7:/opt/intel/compilers_and_libraries_2019.5.281/linux/compiler/lib/intel64_lin:/opt/intel/compilers_and_libraries_2019.5.281/linux/mkl/lib/intel64_lin
2021-02-10 17:53:05.928218: W tensorflow/stream_executor/cuda/cuda_driver.cc:312] failed call to cuInit: UNKNOWN ERROR (303)
2021-02-10 17:53:05.928240: I tensorflow/stream_executor/cuda/cuda_diagnostics.cc:156] kernel driver does not appear to be running on this host (charlie): /proc/driver/nvidia/version does not exist
2021-02-10 17:53:05.928533: I tensorflow/core/platform/cpu_feature_guard.cc:142] This TensorFlow binary is optimized with oneAPI Deep Neural Network Library (oneDNN)to use the following CPU instructions in performance-critical operations:  AVX2 FMA
To enable them in other operations, rebuild TensorFlow with the appropriate compiler flags.
2021-02-10 17:53:05.954188: I tensorflow/core/platform/profile_utils/cpu_utils.cc:104] CPU Frequency: 2994595000 Hz
2021-02-10 17:53:05.955488: I tensorflow/compiler/xla/service/service.cc:168] XLA service 0x52b90a0 initialized for platform Host (this does not guarantee that XLA will be used). Devices:
2021-02-10 17:53:05.955505: I tensorflow/compiler/xla/service/service.cc:176]   StreamExecutor device (0): Host, Default Version
Epoch 1, Loss: 0.10719142854213715, Accuracy: 96.70500183105469, Test Loss: 0.04063115268945694, Test Accuracy: 98.69999694824219
Epoch 2, Loss: 0.03668517991900444, Accuracy: 98.8316650390625, Test Loss: 0.035932887345552444, Test Accuracy: 98.83000183105469
real 30.23
user 417.52
sys 22.48
2021-02-10 17:53:34.178336: W tensorflow/stream_executor/platform/default/dso_loader.cc:59] Could not load dynamic library 'libcudart.so.10.1'; dlerror: libcudart.so.10.1: cannot open shared object file: No such file or directory; LD_LIBRARY_PATH: /opt/intel/compilers_and_libraries_2019.5.281/linux/compiler/lib/intel64_lin:/opt/intel/compilers_and_libraries_2019.5.281/linux/tbb/lib/intel64_lin/gcc4.7:/opt/intel/compilers_and_libraries_2019.5.281/linux/compiler/lib/intel64_lin:/opt/intel/compilers_and_libraries_2019.5.281/linux/mkl/lib/intel64_lin:/opt/intel/compilers_and_libraries_2019.5.281/linux/compiler/lib/intel64_lin:/opt/intel/compilers_and_libraries_2019.5.281/linux/tbb/lib/intel64_lin/gcc4.7:/opt/intel/compilers_and_libraries_2019.5.281/linux/compiler/lib/intel64_lin:/opt/intel/compilers_and_libraries_2019.5.281/linux/mkl/lib/intel64_lin
2021-02-10 17:53:34.178389: I tensorflow/stream_executor/cuda/cudart_stub.cc:29] Ignore above cudart dlerror if you do not have a GPU set up on your machine.
2021-02-10 17:53:36.165814: W tensorflow/stream_executor/platform/default/dso_loader.cc:59] Could not load dynamic library 'libcuda.so.1'; dlerror: libcuda.so.1: cannot open shared object file: No such file or directory; LD_LIBRARY_PATH: /opt/intel/compilers_and_libraries_2019.5.281/linux/compiler/lib/intel64_lin:/opt/intel/compilers_and_libraries_2019.5.281/linux/tbb/lib/intel64_lin/gcc4.7:/opt/intel/compilers_and_libraries_2019.5.281/linux/compiler/lib/intel64_lin:/opt/intel/compilers_and_libraries_2019.5.281/linux/mkl/lib/intel64_lin:/opt/intel/compilers_and_libraries_2019.5.281/linux/compiler/lib/intel64_lin:/opt/intel/compilers_and_libraries_2019.5.281/linux/tbb/lib/intel64_lin/gcc4.7:/opt/intel/compilers_and_libraries_2019.5.281/linux/compiler/lib/intel64_lin:/opt/intel/compilers_and_libraries_2019.5.281/linux/mkl/lib/intel64_lin
2021-02-10 17:53:36.165859: W tensorflow/stream_executor/cuda/cuda_driver.cc:312] failed call to cuInit: UNKNOWN ERROR (303)
2021-02-10 17:53:36.165882: I tensorflow/stream_executor/cuda/cuda_diagnostics.cc:156] kernel driver does not appear to be running on this host (charlie): /proc/driver/nvidia/version does not exist
2021-02-10 17:53:36.166212: I tensorflow/core/platform/cpu_feature_guard.cc:142] This TensorFlow binary is optimized with oneAPI Deep Neural Network Library (oneDNN)to use the following CPU instructions in performance-critical operations:  AVX2 FMA
To enable them in other operations, rebuild TensorFlow with the appropriate compiler flags.
2021-02-10 17:53:36.194180: I tensorflow/core/platform/profile_utils/cpu_utils.cc:104] CPU Frequency: 2994595000 Hz
2021-02-10 17:53:36.195630: I tensorflow/compiler/xla/service/service.cc:168] XLA service 0x4196ab0 initialized for platform Host (this does not guarantee that XLA will be used). Devices:
2021-02-10 17:53:36.195656: I tensorflow/compiler/xla/service/service.cc:176]   StreamExecutor device (0): Host, Default Version
Epoch 1, Loss: 0.10474959015846252, Accuracy: 96.70333099365234, Test Loss: 0.0422433502972126, Test Accuracy: 98.73999786376953
Epoch 2, Loss: 0.03766283765435219, Accuracy: 98.84166717529297, Test Loss: 0.030840164050459862, Test Accuracy: 99.08999633789062
real 30.25
user 416.59
sys 22.97
2021-02-10 17:54:04.434761: W tensorflow/stream_executor/platform/default/dso_loader.cc:59] Could not load dynamic library 'libcudart.so.10.1'; dlerror: libcudart.so.10.1: cannot open shared object file: No such file or directory; LD_LIBRARY_PATH: /opt/intel/compilers_and_libraries_2019.5.281/linux/compiler/lib/intel64_lin:/opt/intel/compilers_and_libraries_2019.5.281/linux/tbb/lib/intel64_lin/gcc4.7:/opt/intel/compilers_and_libraries_2019.5.281/linux/compiler/lib/intel64_lin:/opt/intel/compilers_and_libraries_2019.5.281/linux/mkl/lib/intel64_lin:/opt/intel/compilers_and_libraries_2019.5.281/linux/compiler/lib/intel64_lin:/opt/intel/compilers_and_libraries_2019.5.281/linux/tbb/lib/intel64_lin/gcc4.7:/opt/intel/compilers_and_libraries_2019.5.281/linux/compiler/lib/intel64_lin:/opt/intel/compilers_and_libraries_2019.5.281/linux/mkl/lib/intel64_lin
2021-02-10 17:54:04.434814: I tensorflow/stream_executor/cuda/cudart_stub.cc:29] Ignore above cudart dlerror if you do not have a GPU set up on your machine.
2021-02-10 17:54:06.402964: W tensorflow/stream_executor/platform/default/dso_loader.cc:59] Could not load dynamic library 'libcuda.so.1'; dlerror: libcuda.so.1: cannot open shared object file: No such file or directory; LD_LIBRARY_PATH: /opt/intel/compilers_and_libraries_2019.5.281/linux/compiler/lib/intel64_lin:/opt/intel/compilers_and_libraries_2019.5.281/linux/tbb/lib/intel64_lin/gcc4.7:/opt/intel/compilers_and_libraries_2019.5.281/linux/compiler/lib/intel64_lin:/opt/intel/compilers_and_libraries_2019.5.281/linux/mkl/lib/intel64_lin:/opt/intel/compilers_and_libraries_2019.5.281/linux/compiler/lib/intel64_lin:/opt/intel/compilers_and_libraries_2019.5.281/linux/tbb/lib/intel64_lin/gcc4.7:/opt/intel/compilers_and_libraries_2019.5.281/linux/compiler/lib/intel64_lin:/opt/intel/compilers_and_libraries_2019.5.281/linux/mkl/lib/intel64_lin
2021-02-10 17:54:06.403007: W tensorflow/stream_executor/cuda/cuda_driver.cc:312] failed call to cuInit: UNKNOWN ERROR (303)
2021-02-10 17:54:06.403029: I tensorflow/stream_executor/cuda/cuda_diagnostics.cc:156] kernel driver does not appear to be running on this host (charlie): /proc/driver/nvidia/version does not exist
2021-02-10 17:54:06.403332: I tensorflow/core/platform/cpu_feature_guard.cc:142] This TensorFlow binary is optimized with oneAPI Deep Neural Network Library (oneDNN)to use the following CPU instructions in performance-critical operations:  AVX2 FMA
To enable them in other operations, rebuild TensorFlow with the appropriate compiler flags.
2021-02-10 17:54:06.430192: I tensorflow/core/platform/profile_utils/cpu_utils.cc:104] CPU Frequency: 2994595000 Hz
2021-02-10 17:54:06.431592: I tensorflow/compiler/xla/service/service.cc:168] XLA service 0x5689480 initialized for platform Host (this does not guarantee that XLA will be used). Devices:
2021-02-10 17:54:06.431619: I tensorflow/compiler/xla/service/service.cc:176]   StreamExecutor device (0): Host, Default Version
Epoch 1, Loss: 0.10315538942813873, Accuracy: 96.82833862304688, Test Loss: 0.033755578100681305, Test Accuracy: 98.94000244140625
Epoch 2, Loss: 0.03809858858585358, Accuracy: 98.81666564941406, Test Loss: 0.03716827556490898, Test Accuracy: 98.8499984741211
real 30.15
user 416.66
sys 22.95
2021-02-10 18:13:21.429818: W tensorflow/stream_executor/platform/default/dso_loader.cc:59] Could not load dynamic library 'libcudart.so.10.1'; dlerror: libcudart.so.10.1: cannot open shared object file: No such file or directory; LD_LIBRARY_PATH: /opt/intel/compilers_and_libraries_2019.5.281/linux/compiler/lib/intel64_lin:/opt/intel/compilers_and_libraries_2019.5.281/linux/tbb/lib/intel64_lin/gcc4.7:/opt/intel/compilers_and_libraries_2019.5.281/linux/compiler/lib/intel64_lin:/opt/intel/compilers_and_libraries_2019.5.281/linux/mkl/lib/intel64_lin:/opt/intel/compilers_and_libraries_2019.5.281/linux/compiler/lib/intel64_lin:/opt/intel/compilers_and_libraries_2019.5.281/linux/tbb/lib/intel64_lin/gcc4.7:/opt/intel/compilers_and_libraries_2019.5.281/linux/compiler/lib/intel64_lin:/opt/intel/compilers_and_libraries_2019.5.281/linux/mkl/lib/intel64_lin
2021-02-10 18:13:21.429889: I tensorflow/stream_executor/cuda/cudart_stub.cc:29] Ignore above cudart dlerror if you do not have a GPU set up on your machine.
2021-02-10 18:13:23.436467: W tensorflow/stream_executor/platform/default/dso_loader.cc:59] Could not load dynamic library 'libcuda.so.1'; dlerror: libcuda.so.1: cannot open shared object file: No such file or directory; LD_LIBRARY_PATH: /opt/intel/compilers_and_libraries_2019.5.281/linux/compiler/lib/intel64_lin:/opt/intel/compilers_and_libraries_2019.5.281/linux/tbb/lib/intel64_lin/gcc4.7:/opt/intel/compilers_and_libraries_2019.5.281/linux/compiler/lib/intel64_lin:/opt/intel/compilers_and_libraries_2019.5.281/linux/mkl/lib/intel64_lin:/opt/intel/compilers_and_libraries_2019.5.281/linux/compiler/lib/intel64_lin:/opt/intel/compilers_and_libraries_2019.5.281/linux/tbb/lib/intel64_lin/gcc4.7:/opt/intel/compilers_and_libraries_2019.5.281/linux/compiler/lib/intel64_lin:/opt/intel/compilers_and_libraries_2019.5.281/linux/mkl/lib/intel64_lin
2021-02-10 18:13:23.436521: W tensorflow/stream_executor/cuda/cuda_driver.cc:312] failed call to cuInit: UNKNOWN ERROR (303)
2021-02-10 18:13:23.436546: I tensorflow/stream_executor/cuda/cuda_diagnostics.cc:156] kernel driver does not appear to be running on this host (charlie): /proc/driver/nvidia/version does not exist
2021-02-10 18:13:23.436877: I tensorflow/core/platform/cpu_feature_guard.cc:142] This TensorFlow binary is optimized with oneAPI Deep Neural Network Library (oneDNN)to use the following CPU instructions in performance-critical operations:  AVX2 FMA
To enable them in other operations, rebuild TensorFlow with the appropriate compiler flags.
2021-02-10 18:13:23.466217: I tensorflow/core/platform/profile_utils/cpu_utils.cc:104] CPU Frequency: 2994595000 Hz
2021-02-10 18:13:23.467925: I tensorflow/compiler/xla/service/service.cc:168] XLA service 0x40944c0 initialized for platform Host (this does not guarantee that XLA will be used). Devices:
2021-02-10 18:13:23.467962: I tensorflow/compiler/xla/service/service.cc:176]   StreamExecutor device (0): Host, Default Version
Epoch 1, Loss: 0.10562445968389511, Accuracy: 96.71166229248047, Test Loss: 0.03498118370771408, Test Accuracy: 98.87999725341797
Epoch 2, Loss: 0.035463716834783554, Accuracy: 98.9383316040039, Test Loss: 0.027701985090970993, Test Accuracy: 99.13999938964844
real 30.34
user 419.22
sys 19.04
2021-02-10 18:13:51.792224: W tensorflow/stream_executor/platform/default/dso_loader.cc:59] Could not load dynamic library 'libcudart.so.10.1'; dlerror: libcudart.so.10.1: cannot open shared object file: No such file or directory; LD_LIBRARY_PATH: /opt/intel/compilers_and_libraries_2019.5.281/linux/compiler/lib/intel64_lin:/opt/intel/compilers_and_libraries_2019.5.281/linux/tbb/lib/intel64_lin/gcc4.7:/opt/intel/compilers_and_libraries_2019.5.281/linux/compiler/lib/intel64_lin:/opt/intel/compilers_and_libraries_2019.5.281/linux/mkl/lib/intel64_lin:/opt/intel/compilers_and_libraries_2019.5.281/linux/compiler/lib/intel64_lin:/opt/intel/compilers_and_libraries_2019.5.281/linux/tbb/lib/intel64_lin/gcc4.7:/opt/intel/compilers_and_libraries_2019.5.281/linux/compiler/lib/intel64_lin:/opt/intel/compilers_and_libraries_2019.5.281/linux/mkl/lib/intel64_lin
2021-02-10 18:13:51.792277: I tensorflow/stream_executor/cuda/cudart_stub.cc:29] Ignore above cudart dlerror if you do not have a GPU set up on your machine.
2021-02-10 18:13:53.832273: W tensorflow/stream_executor/platform/default/dso_loader.cc:59] Could not load dynamic library 'libcuda.so.1'; dlerror: libcuda.so.1: cannot open shared object file: No such file or directory; LD_LIBRARY_PATH: /opt/intel/compilers_and_libraries_2019.5.281/linux/compiler/lib/intel64_lin:/opt/intel/compilers_and_libraries_2019.5.281/linux/tbb/lib/intel64_lin/gcc4.7:/opt/intel/compilers_and_libraries_2019.5.281/linux/compiler/lib/intel64_lin:/opt/intel/compilers_and_libraries_2019.5.281/linux/mkl/lib/intel64_lin:/opt/intel/compilers_and_libraries_2019.5.281/linux/compiler/lib/intel64_lin:/opt/intel/compilers_and_libraries_2019.5.281/linux/tbb/lib/intel64_lin/gcc4.7:/opt/intel/compilers_and_libraries_2019.5.281/linux/compiler/lib/intel64_lin:/opt/intel/compilers_and_libraries_2019.5.281/linux/mkl/lib/intel64_lin
2021-02-10 18:13:53.832324: W tensorflow/stream_executor/cuda/cuda_driver.cc:312] failed call to cuInit: UNKNOWN ERROR (303)
2021-02-10 18:13:53.832351: I tensorflow/stream_executor/cuda/cuda_diagnostics.cc:156] kernel driver does not appear to be running on this host (charlie): /proc/driver/nvidia/version does not exist
2021-02-10 18:13:53.832712: I tensorflow/core/platform/cpu_feature_guard.cc:142] This TensorFlow binary is optimized with oneAPI Deep Neural Network Library (oneDNN)to use the following CPU instructions in performance-critical operations:  AVX2 FMA
To enable them in other operations, rebuild TensorFlow with the appropriate compiler flags.
2021-02-10 18:13:53.862217: I tensorflow/core/platform/profile_utils/cpu_utils.cc:104] CPU Frequency: 2994595000 Hz
2021-02-10 18:13:53.863693: I tensorflow/compiler/xla/service/service.cc:168] XLA service 0x5509dc0 initialized for platform Host (this does not guarantee that XLA will be used). Devices:
2021-02-10 18:13:53.863727: I tensorflow/compiler/xla/service/service.cc:176]   StreamExecutor device (0): Host, Default Version
Epoch 1, Loss: 0.10458443313837051, Accuracy: 96.83833312988281, Test Loss: 0.03420502692461014, Test Accuracy: 98.90999603271484
Epoch 2, Loss: 0.035527173429727554, Accuracy: 98.87833404541016, Test Loss: 0.03476226329803467, Test Accuracy: 98.83999633789062
real 30.61
user 418.59
sys 22.29
2021-02-10 18:14:22.393934: W tensorflow/stream_executor/platform/default/dso_loader.cc:59] Could not load dynamic library 'libcudart.so.10.1'; dlerror: libcudart.so.10.1: cannot open shared object file: No such file or directory; LD_LIBRARY_PATH: /opt/intel/compilers_and_libraries_2019.5.281/linux/compiler/lib/intel64_lin:/opt/intel/compilers_and_libraries_2019.5.281/linux/tbb/lib/intel64_lin/gcc4.7:/opt/intel/compilers_and_libraries_2019.5.281/linux/compiler/lib/intel64_lin:/opt/intel/compilers_and_libraries_2019.5.281/linux/mkl/lib/intel64_lin:/opt/intel/compilers_and_libraries_2019.5.281/linux/compiler/lib/intel64_lin:/opt/intel/compilers_and_libraries_2019.5.281/linux/tbb/lib/intel64_lin/gcc4.7:/opt/intel/compilers_and_libraries_2019.5.281/linux/compiler/lib/intel64_lin:/opt/intel/compilers_and_libraries_2019.5.281/linux/mkl/lib/intel64_lin
2021-02-10 18:14:22.393987: I tensorflow/stream_executor/cuda/cudart_stub.cc:29] Ignore above cudart dlerror if you do not have a GPU set up on your machine.
2021-02-10 18:14:24.382631: W tensorflow/stream_executor/platform/default/dso_loader.cc:59] Could not load dynamic library 'libcuda.so.1'; dlerror: libcuda.so.1: cannot open shared object file: No such file or directory; LD_LIBRARY_PATH: /opt/intel/compilers_and_libraries_2019.5.281/linux/compiler/lib/intel64_lin:/opt/intel/compilers_and_libraries_2019.5.281/linux/tbb/lib/intel64_lin/gcc4.7:/opt/intel/compilers_and_libraries_2019.5.281/linux/compiler/lib/intel64_lin:/opt/intel/compilers_and_libraries_2019.5.281/linux/mkl/lib/intel64_lin:/opt/intel/compilers_and_libraries_2019.5.281/linux/compiler/lib/intel64_lin:/opt/intel/compilers_and_libraries_2019.5.281/linux/tbb/lib/intel64_lin/gcc4.7:/opt/intel/compilers_and_libraries_2019.5.281/linux/compiler/lib/intel64_lin:/opt/intel/compilers_and_libraries_2019.5.281/linux/mkl/lib/intel64_lin
2021-02-10 18:14:24.382687: W tensorflow/stream_executor/cuda/cuda_driver.cc:312] failed call to cuInit: UNKNOWN ERROR (303)
2021-02-10 18:14:24.382710: I tensorflow/stream_executor/cuda/cuda_diagnostics.cc:156] kernel driver does not appear to be running on this host (charlie): /proc/driver/nvidia/version does not exist
2021-02-10 18:14:24.382996: I tensorflow/core/platform/cpu_feature_guard.cc:142] This TensorFlow binary is optimized with oneAPI Deep Neural Network Library (oneDNN)to use the following CPU instructions in performance-critical operations:  AVX2 FMA
To enable them in other operations, rebuild TensorFlow with the appropriate compiler flags.
2021-02-10 18:14:24.410237: I tensorflow/core/platform/profile_utils/cpu_utils.cc:104] CPU Frequency: 2994595000 Hz
2021-02-10 18:14:24.411640: I tensorflow/compiler/xla/service/service.cc:168] XLA service 0x59d81e0 initialized for platform Host (this does not guarantee that XLA will be used). Devices:
2021-02-10 18:14:24.411662: I tensorflow/compiler/xla/service/service.cc:176]   StreamExecutor device (0): Host, Default Version
Epoch 1, Loss: 0.10541344434022903, Accuracy: 96.74666595458984, Test Loss: 0.039642322808504105, Test Accuracy: 98.80999755859375
Epoch 2, Loss: 0.03645170480012894, Accuracy: 98.87166595458984, Test Loss: 0.036919496953487396, Test Accuracy: 98.87999725341797
real 30.22
user 418.16
sys 24.01
2021-02-10 18:14:52.639164: W tensorflow/stream_executor/platform/default/dso_loader.cc:59] Could not load dynamic library 'libcudart.so.10.1'; dlerror: libcudart.so.10.1: cannot open shared object file: No such file or directory; LD_LIBRARY_PATH: /opt/intel/compilers_and_libraries_2019.5.281/linux/compiler/lib/intel64_lin:/opt/intel/compilers_and_libraries_2019.5.281/linux/tbb/lib/intel64_lin/gcc4.7:/opt/intel/compilers_and_libraries_2019.5.281/linux/compiler/lib/intel64_lin:/opt/intel/compilers_and_libraries_2019.5.281/linux/mkl/lib/intel64_lin:/opt/intel/compilers_and_libraries_2019.5.281/linux/compiler/lib/intel64_lin:/opt/intel/compilers_and_libraries_2019.5.281/linux/tbb/lib/intel64_lin/gcc4.7:/opt/intel/compilers_and_libraries_2019.5.281/linux/compiler/lib/intel64_lin:/opt/intel/compilers_and_libraries_2019.5.281/linux/mkl/lib/intel64_lin
2021-02-10 18:14:52.639218: I tensorflow/stream_executor/cuda/cudart_stub.cc:29] Ignore above cudart dlerror if you do not have a GPU set up on your machine.
2021-02-10 18:14:54.694891: W tensorflow/stream_executor/platform/default/dso_loader.cc:59] Could not load dynamic library 'libcuda.so.1'; dlerror: libcuda.so.1: cannot open shared object file: No such file or directory; LD_LIBRARY_PATH: /opt/intel/compilers_and_libraries_2019.5.281/linux/compiler/lib/intel64_lin:/opt/intel/compilers_and_libraries_2019.5.281/linux/tbb/lib/intel64_lin/gcc4.7:/opt/intel/compilers_and_libraries_2019.5.281/linux/compiler/lib/intel64_lin:/opt/intel/compilers_and_libraries_2019.5.281/linux/mkl/lib/intel64_lin:/opt/intel/compilers_and_libraries_2019.5.281/linux/compiler/lib/intel64_lin:/opt/intel/compilers_and_libraries_2019.5.281/linux/tbb/lib/intel64_lin/gcc4.7:/opt/intel/compilers_and_libraries_2019.5.281/linux/compiler/lib/intel64_lin:/opt/intel/compilers_and_libraries_2019.5.281/linux/mkl/lib/intel64_lin
2021-02-10 18:14:54.694942: W tensorflow/stream_executor/cuda/cuda_driver.cc:312] failed call to cuInit: UNKNOWN ERROR (303)
2021-02-10 18:14:54.694969: I tensorflow/stream_executor/cuda/cuda_diagnostics.cc:156] kernel driver does not appear to be running on this host (charlie): /proc/driver/nvidia/version does not exist
2021-02-10 18:14:54.695322: I tensorflow/core/platform/cpu_feature_guard.cc:142] This TensorFlow binary is optimized with oneAPI Deep Neural Network Library (oneDNN)to use the following CPU instructions in performance-critical operations:  AVX2 FMA
To enable them in other operations, rebuild TensorFlow with the appropriate compiler flags.
2021-02-10 18:14:54.722218: I tensorflow/core/platform/profile_utils/cpu_utils.cc:104] CPU Frequency: 2994595000 Hz
2021-02-10 18:14:54.723740: I tensorflow/compiler/xla/service/service.cc:168] XLA service 0x3edba40 initialized for platform Host (this does not guarantee that XLA will be used). Devices:
2021-02-10 18:14:54.723766: I tensorflow/compiler/xla/service/service.cc:176]   StreamExecutor device (0): Host, Default Version
Epoch 1, Loss: 0.10535887628793716, Accuracy: 96.75, Test Loss: 0.03359672799706459, Test Accuracy: 98.93000030517578
Epoch 2, Loss: 0.036146312952041626, Accuracy: 98.87333679199219, Test Loss: 0.04164793714880943, Test Accuracy: 98.77999877929688
real 30.45
user 419.02
sys 19.16
2021-02-10 18:15:23.096713: W tensorflow/stream_executor/platform/default/dso_loader.cc:59] Could not load dynamic library 'libcudart.so.10.1'; dlerror: libcudart.so.10.1: cannot open shared object file: No such file or directory; LD_LIBRARY_PATH: /opt/intel/compilers_and_libraries_2019.5.281/linux/compiler/lib/intel64_lin:/opt/intel/compilers_and_libraries_2019.5.281/linux/tbb/lib/intel64_lin/gcc4.7:/opt/intel/compilers_and_libraries_2019.5.281/linux/compiler/lib/intel64_lin:/opt/intel/compilers_and_libraries_2019.5.281/linux/mkl/lib/intel64_lin:/opt/intel/compilers_and_libraries_2019.5.281/linux/compiler/lib/intel64_lin:/opt/intel/compilers_and_libraries_2019.5.281/linux/tbb/lib/intel64_lin/gcc4.7:/opt/intel/compilers_and_libraries_2019.5.281/linux/compiler/lib/intel64_lin:/opt/intel/compilers_and_libraries_2019.5.281/linux/mkl/lib/intel64_lin
2021-02-10 18:15:23.096768: I tensorflow/stream_executor/cuda/cudart_stub.cc:29] Ignore above cudart dlerror if you do not have a GPU set up on your machine.
2021-02-10 18:15:25.097044: W tensorflow/stream_executor/platform/default/dso_loader.cc:59] Could not load dynamic library 'libcuda.so.1'; dlerror: libcuda.so.1: cannot open shared object file: No such file or directory; LD_LIBRARY_PATH: /opt/intel/compilers_and_libraries_2019.5.281/linux/compiler/lib/intel64_lin:/opt/intel/compilers_and_libraries_2019.5.281/linux/tbb/lib/intel64_lin/gcc4.7:/opt/intel/compilers_and_libraries_2019.5.281/linux/compiler/lib/intel64_lin:/opt/intel/compilers_and_libraries_2019.5.281/linux/mkl/lib/intel64_lin:/opt/intel/compilers_and_libraries_2019.5.281/linux/compiler/lib/intel64_lin:/opt/intel/compilers_and_libraries_2019.5.281/linux/tbb/lib/intel64_lin/gcc4.7:/opt/intel/compilers_and_libraries_2019.5.281/linux/compiler/lib/intel64_lin:/opt/intel/compilers_and_libraries_2019.5.281/linux/mkl/lib/intel64_lin
2021-02-10 18:15:25.097085: W tensorflow/stream_executor/cuda/cuda_driver.cc:312] failed call to cuInit: UNKNOWN ERROR (303)
2021-02-10 18:15:25.097111: I tensorflow/stream_executor/cuda/cuda_diagnostics.cc:156] kernel driver does not appear to be running on this host (charlie): /proc/driver/nvidia/version does not exist
2021-02-10 18:15:25.097409: I tensorflow/core/platform/cpu_feature_guard.cc:142] This TensorFlow binary is optimized with oneAPI Deep Neural Network Library (oneDNN)to use the following CPU instructions in performance-critical operations:  AVX2 FMA
To enable them in other operations, rebuild TensorFlow with the appropriate compiler flags.
2021-02-10 18:15:25.122289: I tensorflow/core/platform/profile_utils/cpu_utils.cc:104] CPU Frequency: 2994595000 Hz
2021-02-10 18:15:25.123715: I tensorflow/compiler/xla/service/service.cc:168] XLA service 0x3f27e70 initialized for platform Host (this does not guarantee that XLA will be used). Devices:
2021-02-10 18:15:25.123738: I tensorflow/compiler/xla/service/service.cc:176]   StreamExecutor device (0): Host, Default Version
Epoch 1, Loss: 0.10915608704090118, Accuracy: 96.58000183105469, Test Loss: 0.037228066474199295, Test Accuracy: 98.83999633789062
Epoch 2, Loss: 0.03871385380625725, Accuracy: 98.80999755859375, Test Loss: 0.031021133065223694, Test Accuracy: 99.04999542236328
real 30.54
user 415.32
sys 28.92
