nohup: ignoring input
sysds: 13dd8cb68260cec6692b2006271f651150519e42
00:04:07
00:04:16
loc - CNN mkl	  mnist Dataset - rep:...
00:10:33
Starting Workers.
Permission denied, please try again.
Permission denied, please try again.
Permission denied, please try again.
Permission denied, please try again.
Permission denied, please try again.
Permission denied, please try again.
Permission denied, please try again.
Permission denied, please try again.
Permission denied, please try again.
sbaunsgaard@uniform.dm.isds.tugraz.at: Permission denied (publickey,password).
sbaunsgaard@mike.dm.isds.tugraz.at: Permission denied (publickey,password).
Permission denied, please try again.
Permission denied, please try again.
Permission denied, please try again.
sbaunsgaard@india.dm.isds.tugraz.at: Permission denied (publickey,password).
sbaunsgaard@delta.dm.isds.tugraz.at: Permission denied (publickey,password).
sbaunsgaard@romeo.dm.isds.tugraz.at: Permission denied (publickey,password).
sbaunsgaard@papa.dm.isds.tugraz.at: Permission denied (publickey,password).
Permission denied, please try again.
Permission denied, please try again.
sbaunsgaard@sierra.dm.isds.tugraz.at: Permission denied (publickey,password).
fed 1W mkl - CNN	  mnist Dataset - rep:.