21/03/29 10:37:26 INFO org.apache.sysds.api.DMLScript: BEGIN DML run 03/29/2021 10:37:26
21/03/29 10:37:26 INFO org.apache.sysds.utils.NativeHelper: Using native blas: mkl
21/03/29 10:37:30 INFO org.apache.sysds.runtime.instructions.cp.ParamservBuiltinCPInstruction: PARAMETER SERVER
21/03/29 10:37:30 INFO org.apache.sysds.runtime.instructions.cp.ParamservBuiltinCPInstruction: [+] Running in federated mode
21/03/29 10:37:30 INFO org.apache.sysds.runtime.instructions.cp.ParamservBuiltinCPInstruction: [+] Update Type: BSP
21/03/29 10:37:30 INFO org.apache.sysds.runtime.instructions.cp.ParamservBuiltinCPInstruction: [+] Frequency: EPOCH
21/03/29 10:37:30 INFO org.apache.sysds.runtime.instructions.cp.ParamservBuiltinCPInstruction: [+] Data Partitioning: KEEP_DATA_ON_WORKER
21/03/29 10:37:30 INFO org.apache.sysds.runtime.instructions.cp.ParamservBuiltinCPInstruction: [+] Runtime Balancing: NONE
21/03/29 10:37:30 INFO org.apache.sysds.runtime.instructions.cp.ParamservBuiltinCPInstruction: [+] Weighting: false
21/03/29 10:37:30 INFO org.apache.sysds.runtime.instructions.cp.ParamservBuiltinCPInstruction: [+] Seed: 2099347046
21/03/29 10:37:30 INFO org.apache.sysds.runtime.controlprogram.paramserv.ParamServer: Setup config for worker Federated worker_0
21/03/29 10:37:30 INFO org.apache.sysds.runtime.controlprogram.paramserv.ParamServer: Batch size: 128 possible batches: 118 batches to run: 118 weighting factor: 1.0
21/03/29 10:37:30 INFO org.apache.sysds.runtime.controlprogram.paramserv.ParamServer: Setup config for worker Federated worker_1
21/03/29 10:37:30 INFO org.apache.sysds.runtime.controlprogram.paramserv.ParamServer: Batch size: 128 possible batches: 118 batches to run: 118 weighting factor: 1.0
21/03/29 10:37:30 INFO org.apache.sysds.runtime.controlprogram.paramserv.ParamServer: Setup config for worker Federated worker_2
21/03/29 10:37:30 INFO org.apache.sysds.runtime.controlprogram.paramserv.ParamServer: Batch size: 128 possible batches: 118 batches to run: 118 weighting factor: 1.0
21/03/29 10:37:30 INFO org.apache.sysds.runtime.controlprogram.paramserv.ParamServer: Setup config for worker Federated worker_3
21/03/29 10:37:30 INFO org.apache.sysds.runtime.controlprogram.paramserv.ParamServer: Batch size: 128 possible batches: 118 batches to run: 118 weighting factor: 1.0
21/03/29 10:37:55 INFO org.apache.sysds.runtime.controlprogram.paramserv.ParamServer: [+] PARAMSERV: completed EPOCH 0
21/03/29 10:37:55 INFO org.apache.sysds.runtime.controlprogram.paramserv.ParamServer: [+] PARAMSERV: epoch timer: 24.996 secs.
21/03/29 10:38:17 INFO org.apache.sysds.runtime.controlprogram.paramserv.ParamServer: [+] PARAMSERV: completed EPOCH 1
21/03/29 10:38:17 INFO org.apache.sysds.runtime.controlprogram.paramserv.ParamServer: [+] PARAMSERV: epoch timer: 46.766 secs.
channels   : 1
epochs     : 2
freq       : EPOCH
batch_size : 128
-7.397750502916328
SystemDS Statistics:
Total elapsed time:		50.200 sec.
Total compilation time:		1.408 sec.
Total execution time:		48.792 sec.
Native mkl calls (dense mult/conv/bwdF/bwdD):	0/0/0/0.
Native mkl calls (sparse conv/bwdF/bwdD):	0/0/0.
Native mkl times (dense mult/conv/bwdF/bwdD):	0.000/0.000/0.000/0.000.
Cache hits (Mem/Li/WB/FS/HDFS):	546/0/0/0/0.
Cache writes (Li/WB/FS/HDFS):	1/30/0/0.
Cache times (ACQr/m, RLS, EXP):	0.012/0.003/0.015/0.000 sec.
HOP DAGs recompiled (PRED, SB):	0/3.
HOP DAGs recompile time:	0.028 sec.
Paramserv total execution time:	46.776 secs.
Paramserv total num workers:	4.
Paramserv setup time:		0.367 secs.
PS fed data partitioning time:	0.034 secs.
PS fed comm time (cum):		2.015 secs.
PS fed worker comp time (cum):	167.840 secs.
PS fed grad. weigh. time (cum):	0.000 secs.
PS fed global model agg time:	0.235 secs.
Paramserv valdiation time:	0.000 secs.
Federated I/O (Read, Put, Get):	8/10/2.
Federated Execute (Inst, UDF):	10/16.
Total JIT compile time:		5.457 sec.
Total JVM GC count:		2.
Total JVM GC time:		0.095 sec.
Heavy hitter instructions:
  #  Instruction  Time(s)  Count
  1  paramserv     46.778      1
  2  fed_uamin      1.369      1
  3  *              0.217     35
  4  fed_-          0.177      1
  5  -              0.117     17
  6  rand           0.112     13
  7  fed_/          0.093      1
  8  -*             0.043     16
  9  +*             0.039     16
 10  fed_uamax      0.030      1
 11  rmvar          0.016     49
 12  uak+           0.010      1
 13  createvar      0.003     87
 14  nvlist         0.002      1
 15  /              0.002     13
 16  list           0.001      3
 17  sqrt           0.001     10
 18  mvvar          0.001     54
 19  +              0.000     12
 20  print          0.000      5
 21  rightIndex     0.000      1
 22  ==             0.000      3
 23  castdtm        0.000      1

21/03/29 10:38:17 INFO org.apache.sysds.api.DMLScript: END DML run 03/29/2021 10:38:17
real 54.47
user 26.49
sys 1.37
21/03/29 10:38:21 INFO org.apache.sysds.api.DMLScript: BEGIN DML run 03/29/2021 10:38:21
21/03/29 10:38:21 INFO org.apache.sysds.utils.NativeHelper: Using native blas: mkl
21/03/29 10:38:23 INFO org.apache.sysds.runtime.instructions.cp.ParamservBuiltinCPInstruction: PARAMETER SERVER
21/03/29 10:38:23 INFO org.apache.sysds.runtime.instructions.cp.ParamservBuiltinCPInstruction: [+] Running in federated mode
21/03/29 10:38:23 INFO org.apache.sysds.runtime.instructions.cp.ParamservBuiltinCPInstruction: [+] Update Type: BSP
21/03/29 10:38:23 INFO org.apache.sysds.runtime.instructions.cp.ParamservBuiltinCPInstruction: [+] Frequency: EPOCH
21/03/29 10:38:23 INFO org.apache.sysds.runtime.instructions.cp.ParamservBuiltinCPInstruction: [+] Data Partitioning: KEEP_DATA_ON_WORKER
21/03/29 10:38:23 INFO org.apache.sysds.runtime.instructions.cp.ParamservBuiltinCPInstruction: [+] Runtime Balancing: NONE
21/03/29 10:38:23 INFO org.apache.sysds.runtime.instructions.cp.ParamservBuiltinCPInstruction: [+] Weighting: false
21/03/29 10:38:23 INFO org.apache.sysds.runtime.instructions.cp.ParamservBuiltinCPInstruction: [+] Seed: 2099400670
21/03/29 10:38:24 INFO org.apache.sysds.runtime.controlprogram.paramserv.ParamServer: Setup config for worker Federated worker_0
21/03/29 10:38:24 INFO org.apache.sysds.runtime.controlprogram.paramserv.ParamServer: Batch size: 128 possible batches: 118 batches to run: 118 weighting factor: 1.0
21/03/29 10:38:24 INFO org.apache.sysds.runtime.controlprogram.paramserv.ParamServer: Setup config for worker Federated worker_1
21/03/29 10:38:24 INFO org.apache.sysds.runtime.controlprogram.paramserv.ParamServer: Batch size: 128 possible batches: 118 batches to run: 118 weighting factor: 1.0
21/03/29 10:38:24 INFO org.apache.sysds.runtime.controlprogram.paramserv.ParamServer: Setup config for worker Federated worker_2
21/03/29 10:38:24 INFO org.apache.sysds.runtime.controlprogram.paramserv.ParamServer: Batch size: 128 possible batches: 118 batches to run: 118 weighting factor: 1.0
21/03/29 10:38:24 INFO org.apache.sysds.runtime.controlprogram.paramserv.ParamServer: Setup config for worker Federated worker_3
21/03/29 10:38:24 INFO org.apache.sysds.runtime.controlprogram.paramserv.ParamServer: Batch size: 128 possible batches: 118 batches to run: 118 weighting factor: 1.0
21/03/29 10:38:45 INFO org.apache.sysds.runtime.controlprogram.paramserv.ParamServer: [+] PARAMSERV: completed EPOCH 0
21/03/29 10:38:45 INFO org.apache.sysds.runtime.controlprogram.paramserv.ParamServer: [+] PARAMSERV: epoch timer: 22.026 secs.
21/03/29 10:39:06 INFO org.apache.sysds.runtime.controlprogram.paramserv.ParamServer: [+] PARAMSERV: completed EPOCH 1
21/03/29 10:39:06 INFO org.apache.sysds.runtime.controlprogram.paramserv.ParamServer: [+] PARAMSERV: epoch timer: 42.414 secs.
channels   : 1
epochs     : 2
freq       : EPOCH
batch_size : 128
-8.063093976427039
SystemDS Statistics:
Total elapsed time:		44.979 sec.
Total compilation time:		1.407 sec.
Total execution time:		43.572 sec.
Native mkl calls (dense mult/conv/bwdF/bwdD):	0/0/0/0.
Native mkl calls (sparse conv/bwdF/bwdD):	0/0/0.
Native mkl times (dense mult/conv/bwdF/bwdD):	0.000/0.000/0.000/0.000.
Cache hits (Mem/Li/WB/FS/HDFS):	546/0/0/0/0.
Cache writes (Li/WB/FS/HDFS):	1/30/0/0.
Cache times (ACQr/m, RLS, EXP):	0.015/0.004/0.014/0.000 sec.
HOP DAGs recompiled (PRED, SB):	0/3.
HOP DAGs recompile time:	0.028 sec.
Paramserv total execution time:	42.421 secs.
Paramserv total num workers:	4.
Paramserv setup time:		0.314 secs.
PS fed data partitioning time:	0.022 secs.
PS fed comm time (cum):		1.888 secs.
PS fed worker comp time (cum):	161.594 secs.
PS fed grad. weigh. time (cum):	0.000 secs.
PS fed global model agg time:	0.251 secs.
Paramserv valdiation time:	0.000 secs.
Federated I/O (Read, Put, Get):	8/10/2.
Federated Execute (Inst, UDF):	10/16.
Total JIT compile time:		5.012 sec.
Total JVM GC count:		2.
Total JVM GC time:		0.103 sec.
Heavy hitter instructions:
  #  Instruction  Time(s)  Count
  1  paramserv     42.423      1
  2  fed_uamin      0.744      1
  3  *              0.210     35
  4  -              0.133     17
  5  rand           0.119     13
  6  -*             0.044     16
  7  +*             0.039     16
  8  fed_-          0.027      1
  9  fed_uamax      0.017      1
 10  fed_/          0.015      1
 11  rmvar          0.015     49
 12  uak+           0.009      1
 13  nvlist         0.003      1
 14  createvar      0.002     87
 15  /              0.002     13
 16  list           0.001      3
 17  sqrt           0.001     10
 18  mvvar          0.001     54
 19  +              0.000     12
 20  print          0.000      5
 21  rightIndex     0.000      1
 22  ==             0.000      3
 23  castdtm        0.000      1

21/03/29 10:39:06 INFO org.apache.sysds.api.DMLScript: END DML run 03/29/2021 10:39:06
real 48.75
user 27.44
sys 1.12
21/03/29 10:39:10 INFO org.apache.sysds.api.DMLScript: BEGIN DML run 03/29/2021 10:39:10
21/03/29 10:39:10 INFO org.apache.sysds.utils.NativeHelper: Using native blas: mkl
21/03/29 10:39:12 INFO org.apache.sysds.runtime.instructions.cp.ParamservBuiltinCPInstruction: PARAMETER SERVER
21/03/29 10:39:12 INFO org.apache.sysds.runtime.instructions.cp.ParamservBuiltinCPInstruction: [+] Running in federated mode
21/03/29 10:39:12 INFO org.apache.sysds.runtime.instructions.cp.ParamservBuiltinCPInstruction: [+] Update Type: BSP
21/03/29 10:39:12 INFO org.apache.sysds.runtime.instructions.cp.ParamservBuiltinCPInstruction: [+] Frequency: EPOCH
21/03/29 10:39:12 INFO org.apache.sysds.runtime.instructions.cp.ParamservBuiltinCPInstruction: [+] Data Partitioning: KEEP_DATA_ON_WORKER
21/03/29 10:39:12 INFO org.apache.sysds.runtime.instructions.cp.ParamservBuiltinCPInstruction: [+] Runtime Balancing: NONE
21/03/29 10:39:12 INFO org.apache.sysds.runtime.instructions.cp.ParamservBuiltinCPInstruction: [+] Weighting: false
21/03/29 10:39:12 INFO org.apache.sysds.runtime.instructions.cp.ParamservBuiltinCPInstruction: [+] Seed: 2099449268
21/03/29 10:39:12 INFO org.apache.sysds.runtime.controlprogram.paramserv.ParamServer: Setup config for worker Federated worker_0
21/03/29 10:39:12 INFO org.apache.sysds.runtime.controlprogram.paramserv.ParamServer: Batch size: 128 possible batches: 118 batches to run: 118 weighting factor: 1.0
21/03/29 10:39:12 INFO org.apache.sysds.runtime.controlprogram.paramserv.ParamServer: Setup config for worker Federated worker_1
21/03/29 10:39:12 INFO org.apache.sysds.runtime.controlprogram.paramserv.ParamServer: Batch size: 128 possible batches: 118 batches to run: 118 weighting factor: 1.0
21/03/29 10:39:12 INFO org.apache.sysds.runtime.controlprogram.paramserv.ParamServer: Setup config for worker Federated worker_2
21/03/29 10:39:12 INFO org.apache.sysds.runtime.controlprogram.paramserv.ParamServer: Batch size: 128 possible batches: 118 batches to run: 118 weighting factor: 1.0
21/03/29 10:39:12 INFO org.apache.sysds.runtime.controlprogram.paramserv.ParamServer: Setup config for worker Federated worker_3
21/03/29 10:39:12 INFO org.apache.sysds.runtime.controlprogram.paramserv.ParamServer: Batch size: 128 possible batches: 118 batches to run: 118 weighting factor: 1.0
21/03/29 10:39:34 INFO org.apache.sysds.runtime.controlprogram.paramserv.ParamServer: [+] PARAMSERV: completed EPOCH 0
21/03/29 10:39:34 INFO org.apache.sysds.runtime.controlprogram.paramserv.ParamServer: [+] PARAMSERV: epoch timer: 22.082 secs.
21/03/29 10:39:55 INFO org.apache.sysds.runtime.controlprogram.paramserv.ParamServer: [+] PARAMSERV: completed EPOCH 1
21/03/29 10:39:55 INFO org.apache.sysds.runtime.controlprogram.paramserv.ParamServer: [+] PARAMSERV: epoch timer: 42.593 secs.
channels   : 1
epochs     : 2
freq       : EPOCH
batch_size : 128
-8.096407101170122
SystemDS Statistics:
Total elapsed time:		45.014 sec.
Total compilation time:		1.367 sec.
Total execution time:		43.647 sec.
Native mkl calls (dense mult/conv/bwdF/bwdD):	0/0/0/0.
Native mkl calls (sparse conv/bwdF/bwdD):	0/0/0.
Native mkl times (dense mult/conv/bwdF/bwdD):	0.000/0.000/0.000/0.000.
Cache hits (Mem/Li/WB/FS/HDFS):	546/0/0/0/0.
Cache writes (Li/WB/FS/HDFS):	1/30/0/0.
Cache times (ACQr/m, RLS, EXP):	0.015/0.003/0.013/0.000 sec.
HOP DAGs recompiled (PRED, SB):	0/3.
HOP DAGs recompile time:	0.026 sec.
Paramserv total execution time:	42.599 secs.
Paramserv total num workers:	4.
Paramserv setup time:		0.321 secs.
PS fed data partitioning time:	0.023 secs.
PS fed comm time (cum):		1.773 secs.
PS fed worker comp time (cum):	161.234 secs.
PS fed grad. weigh. time (cum):	0.000 secs.
PS fed global model agg time:	0.240 secs.
Paramserv valdiation time:	0.000 secs.
Federated I/O (Read, Put, Get):	8/10/2.
Federated Execute (Inst, UDF):	10/16.
Total JIT compile time:		5.35 sec.
Total JVM GC count:		2.
Total JVM GC time:		0.101 sec.
Heavy hitter instructions:
  #  Instruction  Time(s)  Count
  1  paramserv     42.601      1
  2  fed_uamin      0.674      1
  3  *              0.201     35
  4  -              0.117     17
  5  rand           0.108     13
  6  -*             0.046     16
  7  +*             0.041     16
  8  fed_-          0.019      1
  9  fed_/          0.016      1
 10  rmvar          0.015     49
 11  fed_uamax      0.013      1
 12  uak+           0.009      1
 13  createvar      0.003     87
 14  /              0.002     13
 15  nvlist         0.002      1
 16  list           0.001      3
 17  sqrt           0.001     10
 18  mvvar          0.001     54
 19  print          0.000      5
 20  +              0.000     12
 21  rightIndex     0.000      1
 22  ==             0.000      3
 23  castdtm        0.000      1

21/03/29 10:39:55 INFO org.apache.sysds.api.DMLScript: END DML run 03/29/2021 10:39:55
real 48.51
user 26.61
sys 1.36
