21/03/28 23:26:53 INFO org.apache.sysds.api.DMLScript: BEGIN DML run 03/28/2021 23:26:53
21/03/28 23:26:53 INFO org.apache.sysds.utils.NativeHelper: Using native blas: mkl
21/03/28 23:26:56 INFO org.apache.sysds.runtime.instructions.cp.ParamservBuiltinCPInstruction: PARAMETER SERVER
21/03/28 23:26:56 INFO org.apache.sysds.runtime.instructions.cp.ParamservBuiltinCPInstruction: [+] Running in federated mode
21/03/28 23:26:56 INFO org.apache.sysds.runtime.instructions.cp.ParamservBuiltinCPInstruction: [+] Update Type: BSP
21/03/28 23:26:56 INFO org.apache.sysds.runtime.instructions.cp.ParamservBuiltinCPInstruction: [+] Frequency: EPOCH
21/03/28 23:26:56 INFO org.apache.sysds.runtime.instructions.cp.ParamservBuiltinCPInstruction: [+] Data Partitioning: KEEP_DATA_ON_WORKER
21/03/28 23:26:56 INFO org.apache.sysds.runtime.instructions.cp.ParamservBuiltinCPInstruction: [+] Runtime Balancing: NONE
21/03/28 23:26:56 INFO org.apache.sysds.runtime.instructions.cp.ParamservBuiltinCPInstruction: [+] Weighting: false
21/03/28 23:26:56 INFO org.apache.sysds.runtime.instructions.cp.ParamservBuiltinCPInstruction: [+] Seed: 2059112993
21/03/28 23:26:56 INFO org.apache.sysds.runtime.controlprogram.paramserv.ParamServer: Setup config for worker Federated worker_0
21/03/28 23:26:56 INFO org.apache.sysds.runtime.controlprogram.paramserv.ParamServer: Batch size: 128 possible batches: 118 batches to run: 118 weighting factor: 1.0
21/03/28 23:26:56 INFO org.apache.sysds.runtime.controlprogram.paramserv.ParamServer: Setup config for worker Federated worker_1
21/03/28 23:26:56 INFO org.apache.sysds.runtime.controlprogram.paramserv.ParamServer: Batch size: 128 possible batches: 118 batches to run: 118 weighting factor: 1.0
21/03/28 23:26:56 INFO org.apache.sysds.runtime.controlprogram.paramserv.ParamServer: Setup config for worker Federated worker_2
21/03/28 23:26:56 INFO org.apache.sysds.runtime.controlprogram.paramserv.ParamServer: Batch size: 128 possible batches: 118 batches to run: 118 weighting factor: 1.0
21/03/28 23:26:57 INFO org.apache.sysds.runtime.controlprogram.paramserv.ParamServer: Setup config for worker Federated worker_3
21/03/28 23:26:57 INFO org.apache.sysds.runtime.controlprogram.paramserv.ParamServer: Batch size: 128 possible batches: 118 batches to run: 118 weighting factor: 1.0
21/03/28 23:27:56 INFO org.apache.sysds.runtime.controlprogram.paramserv.ParamServer: [+] PARAMSERV: completed EPOCH 0
21/03/28 23:27:56 INFO org.apache.sysds.runtime.controlprogram.paramserv.ParamServer: [+] PARAMSERV: epoch timer: 60.528 secs.
21/03/28 23:28:54 INFO org.apache.sysds.runtime.controlprogram.paramserv.ParamServer: [+] PARAMSERV: completed EPOCH 1
21/03/28 23:28:54 INFO org.apache.sysds.runtime.controlprogram.paramserv.ParamServer: [+] PARAMSERV: epoch timer: 118.29 secs.
channels   : 1
epochs     : 2
freq       : EPOCH
batch_size : 128
-8.005763710422293
SystemDS Statistics:
Total elapsed time:		121.237 sec.
Total compilation time:		0.748 sec.
Total execution time:		120.488 sec.
Native mkl calls (dense mult/conv/bwdF/bwdD):	0/0/0/0.
Native mkl calls (sparse conv/bwdF/bwdD):	0/0/0.
Native mkl times (dense mult/conv/bwdF/bwdD):	0.000/0.000/0.000/0.000.
Cache hits (Mem/Li/WB/FS/HDFS):	546/0/0/0/0.
Cache writes (Li/WB/FS/HDFS):	2/60/0/0.
Cache times (ACQr/m, RLS, EXP):	0.008/0.002/0.008/0.000 sec.
HOP DAGs recompiled (PRED, SB):	0/3.
HOP DAGs recompile time:	0.016 sec.
Paramserv total execution time:	118.373 secs.
Paramserv total num workers:	4.
Paramserv setup time:		0.970 secs.
PS fed data partitioning time:	0.191 secs.
PS fed comm time (cum):		73.680 secs.
PS fed worker comp time (cum):	352.573 secs.
PS fed grad. weigh. time (cum):	0.000 secs.
PS fed global model agg time:	0.104 secs.
Paramserv valdiation time:	0.000 secs.
Federated I/O (Read, Put, Get):	8/10/2.
Federated Execute (Inst, UDF):	10/16.
Total JIT compile time:		3.497 sec.
Total JVM GC count:		3.
Total JVM GC time:		0.044 sec.
Heavy hitter instructions:
  #  Instruction  Time(s)  Count
  1  paramserv    118.374      1
  2  fed_uamin      1.235      1
  3  fed_-          0.314      1
  4  fed_/          0.257      1
  5  fed_uamax      0.150      1
  6  rand           0.062     13
  7  *              0.054     35
  8  -              0.037     17
  9  -*             0.030     16
 10  rmvar          0.029     49
 11  +*             0.016     16
 12  uak+           0.016      1
 13  createvar      0.002     87
 14  nvlist         0.001      1
 15  /              0.001     13
 16  list           0.001      3
 17  print          0.001      5
 18  sqrt           0.000     10
 19  mvvar          0.000     54
 20  rightIndex     0.000      1
 21  +              0.000     12
 22  castdtm        0.000      1
 23  ==             0.000      3

21/03/28 23:28:54 INFO org.apache.sysds.api.DMLScript: END DML run 03/28/2021 23:28:54
real 124,16
user 12,95
sys 1,16
21/03/28 23:28:57 INFO org.apache.sysds.api.DMLScript: BEGIN DML run 03/28/2021 23:28:57
21/03/28 23:28:57 INFO org.apache.sysds.utils.NativeHelper: Using native blas: mkl
21/03/28 23:28:59 INFO org.apache.sysds.runtime.instructions.cp.ParamservBuiltinCPInstruction: PARAMETER SERVER
21/03/28 23:28:59 INFO org.apache.sysds.runtime.instructions.cp.ParamservBuiltinCPInstruction: [+] Running in federated mode
21/03/28 23:28:59 INFO org.apache.sysds.runtime.instructions.cp.ParamservBuiltinCPInstruction: [+] Update Type: BSP
21/03/28 23:28:59 INFO org.apache.sysds.runtime.instructions.cp.ParamservBuiltinCPInstruction: [+] Frequency: EPOCH
21/03/28 23:28:59 INFO org.apache.sysds.runtime.instructions.cp.ParamservBuiltinCPInstruction: [+] Data Partitioning: KEEP_DATA_ON_WORKER
21/03/28 23:28:59 INFO org.apache.sysds.runtime.instructions.cp.ParamservBuiltinCPInstruction: [+] Runtime Balancing: NONE
21/03/28 23:28:59 INFO org.apache.sysds.runtime.instructions.cp.ParamservBuiltinCPInstruction: [+] Weighting: false
21/03/28 23:28:59 INFO org.apache.sysds.runtime.instructions.cp.ParamservBuiltinCPInstruction: [+] Seed: 2059236344
21/03/28 23:28:59 INFO org.apache.sysds.runtime.controlprogram.paramserv.ParamServer: Setup config for worker Federated worker_0
21/03/28 23:28:59 INFO org.apache.sysds.runtime.controlprogram.paramserv.ParamServer: Batch size: 128 possible batches: 118 batches to run: 118 weighting factor: 1.0
21/03/28 23:29:00 INFO org.apache.sysds.runtime.controlprogram.paramserv.ParamServer: Setup config for worker Federated worker_1
21/03/28 23:29:00 INFO org.apache.sysds.runtime.controlprogram.paramserv.ParamServer: Batch size: 128 possible batches: 118 batches to run: 118 weighting factor: 1.0
21/03/28 23:29:00 INFO org.apache.sysds.runtime.controlprogram.paramserv.ParamServer: Setup config for worker Federated worker_2
21/03/28 23:29:00 INFO org.apache.sysds.runtime.controlprogram.paramserv.ParamServer: Batch size: 128 possible batches: 118 batches to run: 118 weighting factor: 1.0
21/03/28 23:29:00 INFO org.apache.sysds.runtime.controlprogram.paramserv.ParamServer: Setup config for worker Federated worker_3
21/03/28 23:29:00 INFO org.apache.sysds.runtime.controlprogram.paramserv.ParamServer: Batch size: 128 possible batches: 118 batches to run: 118 weighting factor: 1.0
21/03/28 23:29:59 INFO org.apache.sysds.runtime.controlprogram.paramserv.ParamServer: [+] PARAMSERV: completed EPOCH 0
21/03/28 23:29:59 INFO org.apache.sysds.runtime.controlprogram.paramserv.ParamServer: [+] PARAMSERV: epoch timer: 60.29 secs.
21/03/28 23:31:00 INFO org.apache.sysds.runtime.controlprogram.paramserv.ParamServer: [+] PARAMSERV: completed EPOCH 1
21/03/28 23:31:00 INFO org.apache.sysds.runtime.controlprogram.paramserv.ParamServer: [+] PARAMSERV: epoch timer: 120.525 secs.
channels   : 1
epochs     : 2
freq       : EPOCH
batch_size : 128
-7.832477575664095
SystemDS Statistics:
Total elapsed time:		122.661 sec.
Total compilation time:		0.755 sec.
Total execution time:		121.906 sec.
Native mkl calls (dense mult/conv/bwdF/bwdD):	0/0/0/0.
Native mkl calls (sparse conv/bwdF/bwdD):	0/0/0.
Native mkl times (dense mult/conv/bwdF/bwdD):	0.000/0.000/0.000/0.000.
Cache hits (Mem/Li/WB/FS/HDFS):	546/0/0/0/0.
Cache writes (Li/WB/FS/HDFS):	2/60/0/0.
Cache times (ACQr/m, RLS, EXP):	0.010/0.002/0.010/0.000 sec.
HOP DAGs recompiled (PRED, SB):	0/3.
HOP DAGs recompile time:	0.016 sec.
Paramserv total execution time:	120.614 secs.
Paramserv total num workers:	4.
Paramserv setup time:		0.927 secs.
PS fed data partitioning time:	0.168 secs.
PS fed comm time (cum):		74.965 secs.
PS fed worker comp time (cum):	351.791 secs.
PS fed grad. weigh. time (cum):	0.000 secs.
PS fed global model agg time:	0.098 secs.
Paramserv valdiation time:	0.000 secs.
Federated I/O (Read, Put, Get):	8/10/2.
Federated Execute (Inst, UDF):	10/16.
Total JIT compile time:		3.309 sec.
Total JVM GC count:		3.
Total JVM GC time:		0.044 sec.
Heavy hitter instructions:
  #  Instruction  Time(s)  Count
  1  paramserv    120.616      1
  2  fed_uamin      0.570      1
  3  fed_-          0.195      1
  4  fed_/          0.188      1
  5  fed_uamax      0.158      1
  6  rand           0.077     13
  7  *              0.064     35
  8  -              0.036     17
  9  rmvar          0.027     49
 10  -*             0.027     16
 11  uak+           0.016      1
 12  +*             0.014     16
 13  createvar      0.002     87
 14  nvlist         0.001      1
 15  list           0.001      3
 16  /              0.001     13
 17  print          0.001      5
 18  mvvar          0.001     54
 19  sqrt           0.000     10
 20  +              0.000     12
 21  rightIndex     0.000      1
 22  castdtm        0.000      1
 23  ==             0.000      3

21/03/28 23:31:00 INFO org.apache.sysds.api.DMLScript: END DML run 03/28/2021 23:31:00
real 126,15
user 12,75
sys 1,15
21/03/28 23:31:03 INFO org.apache.sysds.api.DMLScript: BEGIN DML run 03/28/2021 23:31:03
21/03/28 23:31:03 INFO org.apache.sysds.utils.NativeHelper: Using native blas: mkl
21/03/28 23:31:05 INFO org.apache.sysds.runtime.instructions.cp.ParamservBuiltinCPInstruction: PARAMETER SERVER
21/03/28 23:31:05 INFO org.apache.sysds.runtime.instructions.cp.ParamservBuiltinCPInstruction: [+] Running in federated mode
21/03/28 23:31:05 INFO org.apache.sysds.runtime.instructions.cp.ParamservBuiltinCPInstruction: [+] Update Type: BSP
21/03/28 23:31:05 INFO org.apache.sysds.runtime.instructions.cp.ParamservBuiltinCPInstruction: [+] Frequency: EPOCH
21/03/28 23:31:05 INFO org.apache.sysds.runtime.instructions.cp.ParamservBuiltinCPInstruction: [+] Data Partitioning: KEEP_DATA_ON_WORKER
21/03/28 23:31:05 INFO org.apache.sysds.runtime.instructions.cp.ParamservBuiltinCPInstruction: [+] Runtime Balancing: NONE
21/03/28 23:31:05 INFO org.apache.sysds.runtime.instructions.cp.ParamservBuiltinCPInstruction: [+] Weighting: false
21/03/28 23:31:05 INFO org.apache.sysds.runtime.instructions.cp.ParamservBuiltinCPInstruction: [+] Seed: 2059362584
21/03/28 23:31:06 INFO org.apache.sysds.runtime.controlprogram.paramserv.ParamServer: Setup config for worker Federated worker_0
21/03/28 23:31:06 INFO org.apache.sysds.runtime.controlprogram.paramserv.ParamServer: Batch size: 128 possible batches: 118 batches to run: 118 weighting factor: 1.0
21/03/28 23:31:06 INFO org.apache.sysds.runtime.controlprogram.paramserv.ParamServer: Setup config for worker Federated worker_1
21/03/28 23:31:06 INFO org.apache.sysds.runtime.controlprogram.paramserv.ParamServer: Batch size: 128 possible batches: 118 batches to run: 118 weighting factor: 1.0
21/03/28 23:31:06 INFO org.apache.sysds.runtime.controlprogram.paramserv.ParamServer: Setup config for worker Federated worker_2
21/03/28 23:31:06 INFO org.apache.sysds.runtime.controlprogram.paramserv.ParamServer: Batch size: 128 possible batches: 118 batches to run: 118 weighting factor: 1.0
21/03/28 23:31:06 INFO org.apache.sysds.runtime.controlprogram.paramserv.ParamServer: Setup config for worker Federated worker_3
21/03/28 23:31:06 INFO org.apache.sysds.runtime.controlprogram.paramserv.ParamServer: Batch size: 128 possible batches: 118 batches to run: 118 weighting factor: 1.0
21/03/28 23:32:05 INFO org.apache.sysds.runtime.controlprogram.paramserv.ParamServer: [+] PARAMSERV: completed EPOCH 0
21/03/28 23:32:05 INFO org.apache.sysds.runtime.controlprogram.paramserv.ParamServer: [+] PARAMSERV: epoch timer: 59.546 secs.
21/03/28 23:33:06 INFO org.apache.sysds.runtime.controlprogram.paramserv.ParamServer: [+] PARAMSERV: completed EPOCH 1
21/03/28 23:33:06 INFO org.apache.sysds.runtime.controlprogram.paramserv.ParamServer: [+] PARAMSERV: epoch timer: 120.58 secs.
channels   : 1
epochs     : 2
freq       : EPOCH
batch_size : 128
-7.625531516267171
SystemDS Statistics:
Total elapsed time:		122.809 sec.
Total compilation time:		0.785 sec.
Total execution time:		122.024 sec.
Native mkl calls (dense mult/conv/bwdF/bwdD):	0/0/0/0.
Native mkl calls (sparse conv/bwdF/bwdD):	0/0/0.
Native mkl times (dense mult/conv/bwdF/bwdD):	0.000/0.000/0.000/0.000.
Cache hits (Mem/Li/WB/FS/HDFS):	546/0/0/0/0.
Cache writes (Li/WB/FS/HDFS):	2/60/0/0.
Cache times (ACQr/m, RLS, EXP):	0.012/0.002/0.009/0.000 sec.
HOP DAGs recompiled (PRED, SB):	0/3.
HOP DAGs recompile time:	0.012 sec.
Paramserv total execution time:	120.676 secs.
Paramserv total num workers:	4.
Paramserv setup time:		0.893 secs.
PS fed data partitioning time:	0.182 secs.
PS fed comm time (cum):		72.305 secs.
PS fed worker comp time (cum):	353.488 secs.
PS fed grad. weigh. time (cum):	0.000 secs.
PS fed global model agg time:	0.081 secs.
Paramserv valdiation time:	0.000 secs.
Federated I/O (Read, Put, Get):	8/10/2.
Federated Execute (Inst, UDF):	10/16.
Total JIT compile time:		3.244 sec.
Total JVM GC count:		3.
Total JVM GC time:		0.045 sec.
Heavy hitter instructions:
  #  Instruction  Time(s)  Count
  1  paramserv    120.678      1
  2  fed_uamin      0.657      1
  3  fed_/          0.172      1
  4  fed_uamax      0.172      1
  5  fed_-          0.155      1
  6  rand           0.085     13
  7  *              0.063     35
  8  -              0.032     17
  9  rmvar          0.029     49
 10  -*             0.020     16
 11  uak+           0.016      1
 12  +*             0.013     16
 13  createvar      0.002     87
 14  nvlist         0.002      1
 15  /              0.001     13
 16  print          0.001      5
 17  list           0.001      3
 18  sqrt           0.000     10
 19  mvvar          0.000     54
 20  rightIndex     0.000      1
 21  +              0.000     12
 22  castdtm        0.000      1
 23  ==             0.000      3

21/03/28 23:33:06 INFO org.apache.sysds.api.DMLScript: END DML run 03/28/2021 23:33:06
real 126,29
user 12,39
sys 1,14
