K-means: No output is produced. Try increasing the number of iterations and/or lower eps.
SystemDS Statistics:
Total elapsed time:		586.721 sec.
Total compilation time:		0.704 sec.
Total execution time:		586.018 sec.
Native mkl calls (dense mult/conv/bwdF/bwdD):	100/0/0/0.
Native mkl calls (sparse conv/bwdF/bwdD):	0/0/0.
Native mkl times (dense mult/conv/bwdF/bwdD):	0.243/0.000/0.000/0.000.
Cache hits (Mem/Li/WB/FS/HDFS):	2471/0/0/0/0.
Cache writes (Li/WB/FS/HDFS):	1/435/0/1.
Cache times (ACQr/m, RLS, EXP):	0.006/0.004/0.035/0.725 sec.
HOP DAGs recompiled (PRED, SB):	0/53.
HOP DAGs recompile time:	0.117 sec.
Functions recompiled:		1.
Functions recompile time:	0.018 sec.
ParFor loops optimized:		1.
ParFor optimize time:		0.015 sec.
ParFor initialize time:		0.002 sec.
ParFor result merge time:	0.036 sec.
ParFor total update in-place:	0/3/4
Federated I/O (Read, Put, Get):	4/604/242.
Federated Execute (Inst, UDF):	1444/0.
Total JIT compile time:		21.6 sec.
Total JVM GC count:		14.
Total JVM GC time:		0.151 sec.
Heavy hitter instructions:
  #  Instruction   Time(s)  Count
  1  m_kmeans      585.292      1
  2  fed_uarmin    109.824     60
  3  fed_uark+     106.282     60
  4  fed_ba+*       97.770    121
  5  fed_/          86.564     60
  6  fed_<=         82.655     60
  7  fed_r'         33.276     60
  8  fed_+          22.620     60
  9  fed_uack+      20.366     60
 10  fed_*          16.832     60
 11  fed_uasqk+      5.467      1
 12  rmvar           1.829   2160
 13  write           0.725      1
 14  ba+*            0.539    150
 15  *               0.539    221
 16  uark+           0.132     51
 17  uak+            0.075    169
 18  uarsqk+         0.062     61
 19  /               0.047     63
 20  +               0.034    335
 21  r'              0.033    180
 22  rand            0.023     56
 23  createvar       0.021   2095
 24  ucumk+          0.011     51
 25  log             0.011      2
 26  ctable          0.007      1
 27  <               0.007    111
 28  rexpand         0.007    101
 29  min             0.006     50
 30  +*              0.004    101
 31  <=              0.004     60
 32  -*              0.003     50
 33  mvvar           0.003    545
 34  leftIndex       0.002      4
 35  seq             0.002    103
 36  rightIndex      0.002     53
 37  -               0.002     66
 38  uasqk+          0.001     50
 39  cpvar           0.001    235
 40  ifelse          0.001     50
 41  castdts         0.001    101
 42  round           0.001      3
 43  assignvar       0.000    188
 44  ==              0.000    112
 45  sqrt            0.000      1
 46  castdtm         0.000     50
 47  >               0.000     60
 48  >=              0.000     60
 49  print           0.000      1
 50  ncol            0.000      2
 51  ctableexpand    0.000      1
 52  castvti         0.000      1

real 590,96
user 100,75
sys 11,08
