K-means: No output is produced. Try increasing the number of iterations and/or lower eps.
SystemDS Statistics:
Total elapsed time:		73.071 sec.
Total compilation time:		1.081 sec.
Total execution time:		71.990 sec.
Native mkl calls (dense mult/conv/bwdF/bwdD):	100/0/0/0.
Native mkl calls (sparse conv/bwdF/bwdD):	0/0/0.
Native mkl times (dense mult/conv/bwdF/bwdD):	0.377/0.000/0.000/0.000.
Cache hits (Mem/Li/WB/FS/HDFS):	2471/0/0/0/0.
Cache writes (Li/WB/FS/HDFS):	1/221/0/1.
Cache times (ACQr/m, RLS, EXP):	0.008/0.005/0.053/1.389 sec.
HOP DAGs recompiled (PRED, SB):	0/53.
HOP DAGs recompile time:	0.223 sec.
Functions recompiled:		1.
Functions recompile time:	0.034 sec.
ParFor loops optimized:		1.
ParFor optimize time:		0.034 sec.
ParFor initialize time:		0.005 sec.
ParFor result merge time:	0.025 sec.
ParFor total update in-place:	0/3/4
Federated I/O (Read, Put, Get):	4/604/242.
Federated Execute (Inst, UDF):	1444/0.
Total JIT compile time:		14.125 sec.
Total JVM GC count:		5.
Total JVM GC time:		0.12 sec.
Heavy hitter instructions:
  #  Instruction   Time(s)  Count
  1  m_kmeans       70.600      1
  2  fed_ba+*       21.682    121
  3  fed_r'         14.955     60
  4  fed_+          12.399     60
  5  fed_<=          5.444     60
  6  fed_uasqk+      3.815      1
  7  fed_/           2.858     60
  8  fed_*           1.847     60
  9  fed_uarmin      1.594     60
 10  write           1.389      1
 11  fed_uark+       1.330     60
 12  rmvar           1.133   2160
 13  ba+*            0.918    150
 14  *               0.799    221
 15  fed_uack+       0.777     60
 16  uark+           0.171     51
 17  +               0.111    335
 18  uak+            0.088    169
 19  uarsqk+         0.058     61
 20  /               0.036     63
 21  rand            0.031     56
 22  ucumk+          0.023     51
 23  r'              0.023    180
 24  createvar       0.022   2095
 25  log             0.019      2
 26  rexpand         0.012    101
 27  ctable          0.012      1
 28  +*              0.012    101
 29  <               0.011    111
 30  min             0.011     50
 31  -*              0.009     50
 32  <=              0.004     60
 33  seq             0.004    103
 34  rightIndex      0.003     53
 35  -               0.003     66
 36  mvvar           0.003    545
 37  uasqk+          0.003     50
 38  leftIndex       0.002      4
 39  round           0.001      3
 40  cpvar           0.001    235
 41  ifelse          0.001     50
 42  castdts         0.001    101
 43  castdtm         0.001     50
 44  ==              0.001    112
 45  sqrt            0.001      1
 46  assignvar       0.001    188
 47  ncol            0.000      2
 48  print           0.000      1
 49  >=              0.000     60
 50  >               0.000     60
 51  ctableexpand    0.000      1
 52  castvti         0.000      1

real 76.62
user 48.91
sys 7.37
K-means: No output is produced. Try increasing the number of iterations and/or lower eps.
SystemDS Statistics:
Total elapsed time:		68.874 sec.
Total compilation time:		1.101 sec.
Total execution time:		67.773 sec.
Native mkl calls (dense mult/conv/bwdF/bwdD):	100/0/0/0.
Native mkl calls (sparse conv/bwdF/bwdD):	0/0/0.
Native mkl times (dense mult/conv/bwdF/bwdD):	0.380/0.000/0.000/0.000.
Cache hits (Mem/Li/WB/FS/HDFS):	2471/0/0/0/0.
Cache writes (Li/WB/FS/HDFS):	1/221/0/1.
Cache times (ACQr/m, RLS, EXP):	0.008/0.005/0.053/1.409 sec.
HOP DAGs recompiled (PRED, SB):	0/53.
HOP DAGs recompile time:	0.228 sec.
Functions recompiled:		1.
Functions recompile time:	0.034 sec.
ParFor loops optimized:		1.
ParFor optimize time:		0.033 sec.
ParFor initialize time:		0.005 sec.
ParFor result merge time:	0.024 sec.
ParFor total update in-place:	0/3/4
Federated I/O (Read, Put, Get):	4/604/242.
Federated Execute (Inst, UDF):	1444/0.
Total JIT compile time:		14.747 sec.
Total JVM GC count:		5.
Total JVM GC time:		0.122 sec.
Heavy hitter instructions:
  #  Instruction   Time(s)  Count
  1  m_kmeans       66.363      1
  2  fed_ba+*       22.446    121
  3  fed_r'         14.514     60
  4  fed_+          12.778     60
  5  fed_<=          4.379     60
  6  fed_/           1.645     60
  7  fed_uarmin      1.513     60
  8  fed_uack+       1.431     60
  9  write           1.409      1
 10  fed_uark+       1.279     60
 11  fed_uasqk+      1.264      1
 12  fed_*           1.203     60
 13  rmvar           1.151   2160
 14  ba+*            0.929    150
 15  *               0.813    221
 16  uark+           0.155     51
 17  uak+            0.098    169
 18  +               0.096    335
 19  uarsqk+         0.054     61
 20  /               0.035     63
 21  rand            0.033     56
 22  r'              0.023    180
 23  createvar       0.023   2095
 24  ucumk+          0.023     51
 25  log             0.018      2
 26  ctable          0.012      1
 27  rexpand         0.012    101
 28  <               0.011    111
 29  +*              0.011    101
 30  min             0.011     50
 31  -*              0.008     50
 32  <=              0.004     60
 33  seq             0.004    103
 34  rightIndex      0.003     53
 35  -               0.003     66
 36  mvvar           0.003    545
 37  uasqk+          0.003     50
 38  leftIndex       0.002      4
 39  cpvar           0.002    235
 40  round           0.001      3
 41  ifelse          0.001     50
 42  castdts         0.001    101
 43  castdtm         0.001     50
 44  ==              0.001    112
 45  sqrt            0.001      1
 46  assignvar       0.001    188
 47  ncol            0.000      2
 48  print           0.000      1
 49  >               0.000     60
 50  >=              0.000     60
 51  ctableexpand    0.000      1
 52  castvti         0.000      1

real 73.40
user 50.32
sys 8.10
K-means: No output is produced. Try increasing the number of iterations and/or lower eps.
SystemDS Statistics:
Total elapsed time:		68.571 sec.
Total compilation time:		1.100 sec.
Total execution time:		67.471 sec.
Native mkl calls (dense mult/conv/bwdF/bwdD):	100/0/0/0.
Native mkl calls (sparse conv/bwdF/bwdD):	0/0/0.
Native mkl times (dense mult/conv/bwdF/bwdD):	0.379/0.000/0.000/0.000.
Cache hits (Mem/Li/WB/FS/HDFS):	2471/0/0/0/0.
Cache writes (Li/WB/FS/HDFS):	1/221/0/1.
Cache times (ACQr/m, RLS, EXP):	0.008/0.005/0.053/1.412 sec.
HOP DAGs recompiled (PRED, SB):	0/53.
HOP DAGs recompile time:	0.225 sec.
Functions recompiled:		1.
Functions recompile time:	0.034 sec.
ParFor loops optimized:		1.
ParFor optimize time:		0.033 sec.
ParFor initialize time:		0.005 sec.
ParFor result merge time:	0.024 sec.
ParFor total update in-place:	0/3/4
Federated I/O (Read, Put, Get):	4/604/242.
Federated Execute (Inst, UDF):	1444/0.
Total JIT compile time:		13.81 sec.
Total JVM GC count:		5.
Total JVM GC time:		0.125 sec.
Heavy hitter instructions:
  #  Instruction   Time(s)  Count
  1  m_kmeans       66.058      1
  2  fed_ba+*       22.289    121
  3  fed_r'         15.461     60
  4  fed_+          12.492     60
  5  fed_<=          4.216     60
  6  fed_/           1.617     60
  7  fed_uarmin      1.601     60
  8  write           1.412      1
  9  fed_uasqk+      1.266      1
 10  fed_uark+       1.247     60
 11  fed_*           1.186     60
 12  rmvar           1.168   2160
 13  ba+*            0.927    150
 14  *               0.817    221
 15  fed_uack+       0.749     60
 16  uark+           0.155     51
 17  +               0.113    335
 18  uak+            0.075    169
 19  uarsqk+         0.050     61
 20  /               0.036     63
 21  rand            0.032     56
 22  ucumk+          0.023     51
 23  r'              0.023    180
 24  createvar       0.023   2095
 25  log             0.019      2
 26  +*              0.012    101
 27  ctable          0.012      1
 28  rexpand         0.012    101
 29  <               0.012    111
 30  min             0.010     50
 31  -*              0.009     50
 32  <=              0.004     60
 33  seq             0.004    103
 34  rightIndex      0.003     53
 35  -               0.003     66
 36  leftIndex       0.003      4
 37  mvvar           0.003    545
 38  uasqk+          0.002     50
 39  cpvar           0.001    235
 40  round           0.001      3
 41  ifelse          0.001     50
 42  castdts         0.001    101
 43  castdtm         0.001     50
 44  ==              0.001    112
 45  sqrt            0.001      1
 46  assignvar       0.001    188
 47  ncol            0.000      2
 48  print           0.000      1
 49  >               0.000     60
 50  >=              0.000     60
 51  ctableexpand    0.000      1
 52  castvti         0.000      1

real 73.12
user 47.64
sys 8.07
K-means: No output is produced. Try increasing the number of iterations and/or lower eps.
SystemDS Statistics:
Total elapsed time:		68.664 sec.
Total compilation time:		1.086 sec.
Total execution time:		67.577 sec.
Native mkl calls (dense mult/conv/bwdF/bwdD):	100/0/0/0.
Native mkl calls (sparse conv/bwdF/bwdD):	0/0/0.
Native mkl times (dense mult/conv/bwdF/bwdD):	0.379/0.000/0.000/0.000.
Cache hits (Mem/Li/WB/FS/HDFS):	2471/0/0/0/0.
Cache writes (Li/WB/FS/HDFS):	1/221/0/1.
Cache times (ACQr/m, RLS, EXP):	0.008/0.005/0.053/1.470 sec.
HOP DAGs recompiled (PRED, SB):	0/53.
HOP DAGs recompile time:	0.229 sec.
Functions recompiled:		1.
Functions recompile time:	0.033 sec.
ParFor loops optimized:		1.
ParFor optimize time:		0.033 sec.
ParFor initialize time:		0.005 sec.
ParFor result merge time:	0.024 sec.
ParFor total update in-place:	0/3/4
Federated I/O (Read, Put, Get):	4/604/242.
Federated Execute (Inst, UDF):	1444/0.
Total JIT compile time:		13.956 sec.
Total JVM GC count:		5.
Total JVM GC time:		0.122 sec.
Heavy hitter instructions:
  #  Instruction   Time(s)  Count
  1  m_kmeans       66.107      1
  2  fed_ba+*       21.354    121
  3  fed_r'         14.524     60
  4  fed_+          12.651     60
  5  fed_<=          5.594     60
  6  fed_*           2.057     60
  7  fed_/           1.654     60
  8  fed_uarmin      1.556     60
  9  write           1.470      1
 10  fed_uasqk+      1.238      1
 11  fed_uark+       1.216     60
 12  rmvar           1.146   2160
 13  ba+*            0.930    150
 14  *               0.784    221
 15  fed_uack+       0.404     60
 16  uark+           0.151     51
 17  +               0.097    335
 18  uak+            0.075    169
 19  uarsqk+         0.054     61
 20  /               0.034     63
 21  rand            0.032     56
 22  ucumk+          0.023     51
 23  r'              0.023    180
 24  createvar       0.023   2095
 25  log             0.019      2
 26  +*              0.013    101
 27  <               0.012    111
 28  rexpand         0.012    101
 29  ctable          0.012      1
 30  min             0.010     50
 31  -*              0.009     50
 32  <=              0.004     60
 33  seq             0.004    103
 34  rightIndex      0.003     53
 35  mvvar           0.003    545
 36  -               0.003     66
 37  leftIndex       0.003      4
 38  uasqk+          0.003     50
 39  cpvar           0.001    235
 40  ifelse          0.001     50
 41  round           0.001      3
 42  castdts         0.001    101
 43  castdtm         0.001     50
 44  ==              0.001    112
 45  sqrt            0.001      1
 46  assignvar       0.001    188
 47  ncol            0.000      2
 48  print           0.000      1
 49  >=              0.000     60
 50  >               0.000     60
 51  ctableexpand    0.000      1
 52  castvti         0.000      1

real 73.20
user 47.44
sys 8.03
K-means: No output is produced. Try increasing the number of iterations and/or lower eps.
SystemDS Statistics:
Total elapsed time:		68.468 sec.
Total compilation time:		1.102 sec.
Total execution time:		67.366 sec.
Native mkl calls (dense mult/conv/bwdF/bwdD):	100/0/0/0.
Native mkl calls (sparse conv/bwdF/bwdD):	0/0/0.
Native mkl times (dense mult/conv/bwdF/bwdD):	0.380/0.000/0.000/0.000.
Cache hits (Mem/Li/WB/FS/HDFS):	2471/0/0/0/0.
Cache writes (Li/WB/FS/HDFS):	1/221/0/1.
Cache times (ACQr/m, RLS, EXP):	0.008/0.005/0.053/1.464 sec.
HOP DAGs recompiled (PRED, SB):	0/53.
HOP DAGs recompile time:	0.225 sec.
Functions recompiled:		1.
Functions recompile time:	0.034 sec.
ParFor loops optimized:		1.
ParFor optimize time:		0.035 sec.
ParFor initialize time:		0.005 sec.
ParFor result merge time:	0.023 sec.
ParFor total update in-place:	0/3/4
Federated I/O (Read, Put, Get):	4/604/242.
Federated Execute (Inst, UDF):	1444/0.
Total JIT compile time:		14.309 sec.
Total JVM GC count:		5.
Total JVM GC time:		0.128 sec.
Heavy hitter instructions:
  #  Instruction   Time(s)  Count
  1  m_kmeans       65.901      1
  2  fed_ba+*       21.328    121
  3  fed_r'         15.753     60
  4  fed_+          12.510     60
  5  fed_<=          4.404     60
  6  fed_/           1.645     60
  7  write           1.464      1
  8  fed_uarmin      1.455     60
  9  fed_uack+       1.399     60
 10  fed_uark+       1.269     60
 11  fed_uasqk+      1.240      1
 12  rmvar           1.141   2160
 13  fed_*           1.075     60
 14  ba+*            0.932    150
 15  *               0.761    221
 16  uark+           0.150     51
 17  +               0.102    335
 18  uak+            0.074    169
 19  uarsqk+         0.048     61
 20  /               0.034     63
 21  rand            0.032     56
 22  r'              0.024    180
 23  ucumk+          0.023     51
 24  createvar       0.022   2095
 25  log             0.018      2
 26  +*              0.013    101
 27  ctable          0.012      1
 28  rexpand         0.012    101
 29  <               0.011    111
 30  min             0.010     50
 31  -*              0.009     50
 32  <=              0.004     60
 33  seq             0.004    103
 34  rightIndex      0.003     53
 35  mvvar           0.003    545
 36  -               0.003     66
 37  leftIndex       0.003      4
 38  uasqk+          0.002     50
 39  cpvar           0.001    235
 40  round           0.001      3
 41  ifelse          0.001     50
 42  castdts         0.001    101
 43  castdtm         0.001     50
 44  ==              0.001    112
 45  sqrt            0.001      1
 46  assignvar       0.001    188
 47  ncol            0.000      2
 48  print           0.000      1
 49  >               0.000     60
 50  >=              0.000     60
 51  ctableexpand    0.000      1
 52  castvti         0.000      1

real 73.01
user 47.17
sys 7.88
K-means: No output is produced. Try increasing the number of iterations and/or lower eps.
SystemDS Statistics:
Total elapsed time:		68.725 sec.
Total compilation time:		1.102 sec.
Total execution time:		67.622 sec.
Native mkl calls (dense mult/conv/bwdF/bwdD):	100/0/0/0.
Native mkl calls (sparse conv/bwdF/bwdD):	0/0/0.
Native mkl times (dense mult/conv/bwdF/bwdD):	0.386/0.000/0.000/0.000.
Cache hits (Mem/Li/WB/FS/HDFS):	2471/0/0/0/0.
Cache writes (Li/WB/FS/HDFS):	1/221/0/1.
Cache times (ACQr/m, RLS, EXP):	0.008/0.005/0.055/1.453 sec.
HOP DAGs recompiled (PRED, SB):	0/53.
HOP DAGs recompile time:	0.232 sec.
Functions recompiled:		1.
Functions recompile time:	0.034 sec.
ParFor loops optimized:		1.
ParFor optimize time:		0.033 sec.
ParFor initialize time:		0.005 sec.
ParFor result merge time:	0.025 sec.
ParFor total update in-place:	0/3/4
Federated I/O (Read, Put, Get):	4/604/242.
Federated Execute (Inst, UDF):	1444/0.
Total JIT compile time:		14.269 sec.
Total JVM GC count:		5.
Total JVM GC time:		0.123 sec.
Heavy hitter instructions:
  #  Instruction   Time(s)  Count
  1  m_kmeans       66.169      1
  2  fed_ba+*       21.955    121
  3  fed_r'         14.499     60
  4  fed_+          12.794     60
  5  fed_<=          5.340     60
  6  fed_/           1.610     60
  7  fed_uarmin      1.586     60
  8  write           1.453      1
  9  fed_uark+       1.404     60
 10  fed_uasqk+      1.301      1
 11  rmvar           1.145   2160
 12  fed_*           1.078     60
 13  *               0.962    221
 14  ba+*            0.952    150
 15  fed_uack+       0.506     60
 16  uark+           0.160     51
 17  +               0.103    335
 18  uak+            0.084    169
 19  uarsqk+         0.055     61
 20  /               0.036     63
 21  rand            0.033     56
 22  r'              0.024    180
 23  ucumk+          0.024     51
 24  createvar       0.023   2095
 25  log             0.021      2
 26  +*              0.014    101
 27  <               0.012    111
 28  ctable          0.012      1
 29  rexpand         0.012    101
 30  min             0.010     50
 31  -*              0.009     50
 32  <=              0.004     60
 33  seq             0.004    103
 34  -               0.003     66
 35  rightIndex      0.003     53
 36  mvvar           0.003    545
 37  leftIndex       0.003      4
 38  uasqk+          0.003     50
 39  cpvar           0.001    235
 40  ifelse          0.001     50
 41  castdts         0.001    101
 42  round           0.001      3
 43  castdtm         0.001     50
 44  ==              0.001    112
 45  sqrt            0.001      1
 46  assignvar       0.001    188
 47  ncol            0.000      2
 48  print           0.000      1
 49  >               0.000     60
 50  >=              0.000     60
 51  ctableexpand    0.000      1
 52  castvti         0.000      1

real 72.29
user 53.13
sys 7.96
