L2SVM: WARNING invalid number of labels in Y: 1.0 1.0
SystemDS Statistics:
Total elapsed time:		75.349 sec.
Total compilation time:		0.505 sec.
Total execution time:		74.844 sec.
Native mkl calls (dense mult/conv/bwdF/bwdD):	239/0/0/0.
Native mkl calls (sparse conv/bwdF/bwdD):	0/0/0.
Native mkl times (dense mult/conv/bwdF/bwdD):	0.059/0.000/0.000/0.000.
Cache hits (Mem/Li/WB/FS/HDFS):	8920/0/0/0/1.
Cache writes (Li/WB/FS/HDFS):	0/3184/0/1.
Cache times (ACQr/m, RLS, EXP):	0.071/0.005/0.062/0.022 sec.
HOP DAGs recompiled (PRED, SB):	0/0.
HOP DAGs recompile time:	0.002 sec.
Federated I/O (Read, Put, Get):	4/154/61.
Federated Execute (Inst, UDF):	122/0.
Total JIT compile time:		5.508 sec.
Total JVM GC count:		12.
Total JVM GC time:		0.067 sec.
Heavy hitter instructions:
  #  Instruction  Time(s)  Count
  1  m_l2svm       74.822      1
  2  fed_ba+*      66.432     61
  3  max            1.761    630
  4  +*             1.625    690
  5  >              1.385    600
  6  *              1.328   2011
  7  tak+*          1.050   1200
  8  1-*            0.830    630
  9  uamin          0.088      1
 10  r'             0.085    122
 11  tsmm           0.062    180
 12  ==             0.037      3
 13  -              0.026   1232
 14  write          0.022      1
 15  rmvar          0.020   8870
 16  ba+*           0.015     60
 17  createvar      0.014   3641
 18  uak+           0.013      2
 19  uamax          0.012      1
 20  <              0.006    666
 21  +              0.003   1867
 22  mvvar          0.002    706
 23  castdts        0.002    240
 24  rand           0.002      2
 25  assignvar      0.001   2016
 26  /              0.001   1233
 27  &&             0.001    692
 28  >=             0.001    630
 29  cpvar          0.001    124
 30  !=             0.000     34
 31  print          0.000      1
 32  ||             0.000      1

real 79,18
user 134,65
sys 3,73
L2SVM: WARNING invalid number of labels in Y: 1.0 1.0
SystemDS Statistics:
Total elapsed time:		74.031 sec.
Total compilation time:		0.481 sec.
Total execution time:		73.550 sec.
Native mkl calls (dense mult/conv/bwdF/bwdD):	239/0/0/0.
Native mkl calls (sparse conv/bwdF/bwdD):	0/0/0.
Native mkl times (dense mult/conv/bwdF/bwdD):	0.061/0.000/0.000/0.000.
Cache hits (Mem/Li/WB/FS/HDFS):	8920/0/0/0/1.
Cache writes (Li/WB/FS/HDFS):	0/3184/0/1.
Cache times (ACQr/m, RLS, EXP):	0.067/0.005/0.061/0.022 sec.
HOP DAGs recompiled (PRED, SB):	0/0.
HOP DAGs recompile time:	0.002 sec.
Federated I/O (Read, Put, Get):	4/154/61.
Federated Execute (Inst, UDF):	122/0.
Total JIT compile time:		5.698 sec.
Total JVM GC count:		12.
Total JVM GC time:		0.066 sec.
Heavy hitter instructions:
  #  Instruction  Time(s)  Count
  1  m_l2svm       73.527      1
  2  fed_ba+*      65.187     61
  3  max            1.690    630
  4  +*             1.588    690
  5  *              1.379   2011
  6  >              1.360    600
  7  tak+*          1.092   1200
  8  1-*            0.826    630
  9  r'             0.088    122
 10  uamin          0.084      1
 11  tsmm           0.063    180
 12  ==             0.038      3
 13  -              0.026   1232
 14  write          0.022      1
 15  rmvar          0.021   8870
 16  uamax          0.018      1
 17  createvar      0.015   3641
 18  uak+           0.013      2
 19  <              0.006    666
 20  ba+*           0.005     60
 21  +              0.003   1867
 22  mvvar          0.002    706
 23  castdts        0.002    240
 24  rand           0.002      2
 25  assignvar      0.001   2016
 26  /              0.001   1233
 27  &&             0.001    692
 28  >=             0.001    630
 29  cpvar          0.001    124
 30  !=             0.000     34
 31  print          0.000      1
 32  ||             0.000      1

real 77,54
user 132,29
sys 3,51
