L2SVM: WARNING invalid number of labels in Y: 1.0 1.0
SystemDS Statistics:
Total elapsed time:		20.592 sec.
Total compilation time:		0.895 sec.
Total execution time:		19.697 sec.
Native mkl calls (dense mult/conv/bwdF/bwdD):	239/0/0/0.
Native mkl calls (sparse conv/bwdF/bwdD):	0/0/0.
Native mkl times (dense mult/conv/bwdF/bwdD):	0.109/0.000/0.000/0.000.
Cache hits (Mem/Li/WB/FS/HDFS):	8920/0/0/0/1.
Cache writes (Li/WB/FS/HDFS):	0/3184/0/1.
Cache times (ACQr/m, RLS, EXP):	0.127/0.008/0.126/0.043 sec.
HOP DAGs recompiled (PRED, SB):	0/0.
HOP DAGs recompile time:	0.004 sec.
Federated I/O (Read, Put, Get):	4/154/61.
Federated Execute (Inst, UDF):	122/0.
Total JIT compile time:		11.717 sec.
Total JVM GC count:		6.
Total JVM GC time:		0.129 sec.
Heavy hitter instructions:
  #  Instruction  Time(s)  Count
  1  m_l2svm       19.653      1
  2  fed_ba+*       6.413     61
  3  max            2.436    630
  4  +*             2.368    690
  5  *              2.150   2011
  6  >              2.080    600
  7  tak+*          1.645   1200
  8  1-*            1.555    630
  9  ==             0.237      3
 10  uamin          0.227      1
 11  r'             0.176    122
 12  tsmm           0.111    180
 13  -              0.054   1232
 14  write          0.044      1
 15  rmvar          0.037   8870
 16  uak+           0.029      2
 17  createvar      0.026   3641
 18  uamax          0.021      1
 19  <              0.013    666
 20  ba+*           0.012     60
 21  +              0.006   1867
 22  mvvar          0.005    706
 23  rand           0.004      2
 24  assignvar      0.003   2016
 25  castdts        0.002    240
 26  /              0.002   1233
 27  &&             0.002    692
 28  >=             0.002    630
 29  cpvar          0.001    124
 30  print          0.000      1
 31  !=             0.000     34
 32  ||             0.000      1

real 25.14
user 279.32
sys 8.10
L2SVM: WARNING invalid number of labels in Y: 1.0 1.0
SystemDS Statistics:
Total elapsed time:		18.031 sec.
Total compilation time:		0.893 sec.
Total execution time:		17.138 sec.
Native mkl calls (dense mult/conv/bwdF/bwdD):	239/0/0/0.
Native mkl calls (sparse conv/bwdF/bwdD):	0/0/0.
Native mkl times (dense mult/conv/bwdF/bwdD):	0.100/0.000/0.000/0.000.
Cache hits (Mem/Li/WB/FS/HDFS):	8920/0/0/0/1.
Cache writes (Li/WB/FS/HDFS):	0/3184/0/1.
Cache times (ACQr/m, RLS, EXP):	0.124/0.008/0.121/0.037 sec.
HOP DAGs recompiled (PRED, SB):	0/0.
HOP DAGs recompile time:	0.004 sec.
Federated I/O (Read, Put, Get):	4/154/61.
Federated Execute (Inst, UDF):	122/0.
Total JIT compile time:		11.251 sec.
Total JVM GC count:		6.
Total JVM GC time:		0.147 sec.
Heavy hitter instructions:
  #  Instruction  Time(s)  Count
  1  m_l2svm       17.100      1
  2  fed_ba+*       4.123     61
  3  max            2.371    630
  4  +*             2.294    690
  5  *              2.147   2011
  6  >              2.046    600
  7  tak+*          1.602   1200
  8  1-*            1.530    630
  9  ==             0.240      3
 10  uamin          0.223      1
 11  r'             0.180    122
 12  tsmm           0.102    180
 13  -              0.047   1232
 14  write          0.037      1
 15  rmvar          0.037   8870
 16  createvar      0.027   3641
 17  uak+           0.026      2
 18  uamax          0.014      1
 19  <              0.013    666
 20  ba+*           0.012     60
 21  +              0.006   1867
 22  mvvar          0.006    706
 23  rand           0.004      2
 24  assignvar      0.003   2016
 25  castdts        0.002    240
 26  &&             0.002    692
 27  /              0.002   1233
 28  >=             0.002    630
 29  cpvar          0.001    124
 30  print          0.000      1
 31  !=             0.000     34
 32  ||             0.000      1

real 21.96
user 273.14
sys 8.26
L2SVM: WARNING invalid number of labels in Y: 1.0 1.0
SystemDS Statistics:
Total elapsed time:		18.646 sec.
Total compilation time:		0.892 sec.
Total execution time:		17.754 sec.
Native mkl calls (dense mult/conv/bwdF/bwdD):	239/0/0/0.
Native mkl calls (sparse conv/bwdF/bwdD):	0/0/0.
Native mkl times (dense mult/conv/bwdF/bwdD):	0.105/0.000/0.000/0.000.
Cache hits (Mem/Li/WB/FS/HDFS):	8920/0/0/0/1.
Cache writes (Li/WB/FS/HDFS):	0/3184/0/1.
Cache times (ACQr/m, RLS, EXP):	0.126/0.008/0.126/0.052 sec.
HOP DAGs recompiled (PRED, SB):	0/0.
HOP DAGs recompile time:	0.004 sec.
Federated I/O (Read, Put, Get):	4/154/61.
Federated Execute (Inst, UDF):	122/0.
Total JIT compile time:		11.457 sec.
Total JVM GC count:		6.
Total JVM GC time:		0.142 sec.
Heavy hitter instructions:
  #  Instruction  Time(s)  Count
  1  m_l2svm       17.701      1
  2  fed_ba+*       4.553     61
  3  max            2.390    630
  4  +*             2.307    690
  5  *              2.100   2011
  6  >              2.095    600
  7  tak+*          1.655   1200
  8  1-*            1.569    630
  9  ==             0.284      3
 10  uamin          0.223      1
 11  r'             0.170    122
 12  tsmm           0.107    180
 13  write          0.052      1
 14  -              0.041   1232
 15  rmvar          0.038   8870
 16  uak+           0.032      2
 17  createvar      0.028   3641
 18  uamax          0.021      1
 19  <              0.013    666
 20  ba+*           0.012     60
 21  +              0.006   1867
 22  mvvar          0.005    706
 23  rand           0.004      2
 24  assignvar      0.003   2016
 25  /              0.003   1233
 26  castdts        0.002    240
 27  &&             0.002    692
 28  >=             0.002    630
 29  cpvar          0.001    124
 30  print          0.000      1
 31  !=             0.000     34
 32  ||             0.000      1

real 22.40
user 277.41
sys 7.83
L2SVM: WARNING invalid number of labels in Y: 1.0 1.0
SystemDS Statistics:
Total elapsed time:		18.295 sec.
Total compilation time:		0.897 sec.
Total execution time:		17.397 sec.
Native mkl calls (dense mult/conv/bwdF/bwdD):	239/0/0/0.
Native mkl calls (sparse conv/bwdF/bwdD):	0/0/0.
Native mkl times (dense mult/conv/bwdF/bwdD):	0.100/0.000/0.000/0.000.
Cache hits (Mem/Li/WB/FS/HDFS):	8920/0/0/0/1.
Cache writes (Li/WB/FS/HDFS):	0/3184/0/1.
Cache times (ACQr/m, RLS, EXP):	0.127/0.008/0.119/0.044 sec.
HOP DAGs recompiled (PRED, SB):	0/0.
HOP DAGs recompile time:	0.004 sec.
Federated I/O (Read, Put, Get):	4/154/61.
Federated Execute (Inst, UDF):	122/0.
Total JIT compile time:		11.457 sec.
Total JVM GC count:		6.
Total JVM GC time:		0.131 sec.
Heavy hitter instructions:
  #  Instruction  Time(s)  Count
  1  m_l2svm       17.353      1
  2  fed_ba+*       4.192     61
  3  max            2.393    630
  4  +*             2.358    690
  5  *              2.142   2011
  6  >              2.063    600
  7  tak+*          1.579   1200
  8  1-*            1.569    630
  9  ==             0.300      3
 10  uamin          0.230      1
 11  r'             0.177    122
 12  tsmm           0.102    180
 13  write          0.044      1
 14  -              0.041   1232
 15  rmvar          0.037   8870
 16  uak+           0.030      2
 17  createvar      0.026   3641
 18  uamax          0.025      1
 19  <              0.013    666
 20  ba+*           0.012     60
 21  +              0.006   1867
 22  mvvar          0.005    706
 23  rand           0.004      2
 24  assignvar      0.003   2016
 25  castdts        0.002    240
 26  /              0.002   1233
 27  &&             0.002    692
 28  >=             0.002    630
 29  cpvar          0.001    124
 30  print          0.000      1
 31  !=             0.000     34
 32  ||             0.000      1

real 22.11
user 272.46
sys 8.11
L2SVM: WARNING invalid number of labels in Y: 1.0 1.0
SystemDS Statistics:
Total elapsed time:		17.946 sec.
Total compilation time:		0.898 sec.
Total execution time:		17.049 sec.
Native mkl calls (dense mult/conv/bwdF/bwdD):	239/0/0/0.
Native mkl calls (sparse conv/bwdF/bwdD):	0/0/0.
Native mkl times (dense mult/conv/bwdF/bwdD):	0.098/0.000/0.000/0.000.
Cache hits (Mem/Li/WB/FS/HDFS):	8920/0/0/0/1.
Cache writes (Li/WB/FS/HDFS):	0/3184/0/1.
Cache times (ACQr/m, RLS, EXP):	0.125/0.008/0.123/0.043 sec.
HOP DAGs recompiled (PRED, SB):	0/0.
HOP DAGs recompile time:	0.004 sec.
Federated I/O (Read, Put, Get):	4/154/61.
Federated Execute (Inst, UDF):	122/0.
Total JIT compile time:		11.614 sec.
Total JVM GC count:		6.
Total JVM GC time:		0.132 sec.
Heavy hitter instructions:
  #  Instruction  Time(s)  Count
  1  m_l2svm       17.005      1
  2  fed_ba+*       4.058     61
  3  max            2.361    630
  4  +*             2.300    690
  5  *              2.085   2011
  6  >              2.034    600
  7  tak+*          1.580   1200
  8  1-*            1.536    630
  9  ==             0.298      3
 10  uamin          0.233      1
 11  r'             0.175    122
 12  tsmm           0.100    180
 13  write          0.043      1
 14  -              0.043   1232
 15  rmvar          0.037   8870
 16  uak+           0.031      2
 17  createvar      0.027   3641
 18  uamax          0.023      1
 19  <              0.012    666
 20  ba+*           0.012     60
 21  +              0.006   1867
 22  mvvar          0.005    706
 23  rand           0.004      2
 24  assignvar      0.003   2016
 25  castdts        0.002    240
 26  &&             0.002    692
 27  /              0.002   1233
 28  >=             0.002    630
 29  cpvar          0.001    124
 30  print          0.000      1
 31  !=             0.000     34
 32  ||             0.000      1

real 21.89
user 272.87
sys 8.27
