SystemDS Statistics:
Total elapsed time:		3.806 sec.
Total compilation time:		1.018 sec.
Total execution time:		2.788 sec.
Native mkl calls (dense mult/conv/bwdF/bwdD):	41/0/0/0.
Native mkl calls (sparse conv/bwdF/bwdD):	0/0/0.
Native mkl times (dense mult/conv/bwdF/bwdD):	0.002/0.000/0.000/0.000.
Cache hits (Mem/Li/WB/FS/HDFS):	367/0/0/0/1.
Cache writes (Li/WB/FS/HDFS):	0/1/0/1.
Cache times (ACQr/m, RLS, EXP):	0.116/0.001/0.003/0.047 sec.
HOP DAGs recompiled (PRED, SB):	0/0.
HOP DAGs recompile time:	0.000 sec.
Federated I/O (Read, Put, Get):	4/24/21.
Federated Execute (Inst, UDF):	42/0.
Total JIT compile time:		3.344 sec.
Total JVM GC count:		2.
Total JVM GC time:		0.094 sec.
Heavy hitter instructions:
  #  Instruction  Time(s)  Count
  1  m_lmCG         2.741      1
  2  fed_ba+*       1.593      1
  3  fed_mmchain    0.948     20
  4  r'             0.121     23
  5  write          0.047      1
  6  +*             0.017     60
  7  -              0.014     34
  8  <=             0.011      1
  9  ba+*           0.010     21
 10  rand           0.009      2
 11  *              0.006     21
 12  +              0.005     40
 13  createvar      0.005    210
 14  rmvar          0.004    233
 15  tsmm           0.001     20
 16  castdts        0.001     41
 17  mvvar          0.001     51
 18  /              0.000     40
 19  cpvar          0.000     65
 20  assignvar      0.000     45
 21  <              0.000     21
 22  ==             0.000     11
 23  >              0.000     23
 24  &&             0.000     21
 25  ^              0.000      1
 26  ||             0.000      2
 27  >=             0.000      1

real 7.96
user 12.18
sys 0.83
SystemDS Statistics:
Total elapsed time:		3.358 sec.
Total compilation time:		1.014 sec.
Total execution time:		2.344 sec.
Native mkl calls (dense mult/conv/bwdF/bwdD):	41/0/0/0.
Native mkl calls (sparse conv/bwdF/bwdD):	0/0/0.
Native mkl times (dense mult/conv/bwdF/bwdD):	0.002/0.000/0.000/0.000.
Cache hits (Mem/Li/WB/FS/HDFS):	367/0/0/0/1.
Cache writes (Li/WB/FS/HDFS):	0/1/0/1.
Cache times (ACQr/m, RLS, EXP):	0.114/0.001/0.003/0.043 sec.
HOP DAGs recompiled (PRED, SB):	0/0.
HOP DAGs recompile time:	0.000 sec.
Federated I/O (Read, Put, Get):	4/24/21.
Federated Execute (Inst, UDF):	42/0.
Total JIT compile time:		3.21 sec.
Total JVM GC count:		2.
Total JVM GC time:		0.098 sec.
Heavy hitter instructions:
  #  Instruction  Time(s)  Count
  1  m_lmCG         2.301      1
  2  fed_ba+*       1.325      1
  3  fed_mmchain    0.777     20
  4  r'             0.119     23
  5  write          0.043      1
  6  +*             0.016     60
  7  -              0.014     34
  8  rand           0.011      2
  9  <=             0.011      1
 10  ba+*           0.010     21
 11  *              0.006     21
 12  +              0.005     40
 13  createvar      0.005    210
 14  rmvar          0.004    233
 15  tsmm           0.001     20
 16  castdts        0.001     41
 17  mvvar          0.001     51
 18  /              0.000     40
 19  cpvar          0.000     65
 20  assignvar      0.000     45
 21  ==             0.000     11
 22  <              0.000     21
 23  >              0.000     23
 24  &&             0.000     21
 25  ^              0.000      1
 26  ||             0.000      2
 27  >=             0.000      1

real 6.96
user 12.28
sys 0.85
SystemDS Statistics:
Total elapsed time:		3.332 sec.
Total compilation time:		1.009 sec.
Total execution time:		2.323 sec.
Native mkl calls (dense mult/conv/bwdF/bwdD):	41/0/0/0.
Native mkl calls (sparse conv/bwdF/bwdD):	0/0/0.
Native mkl times (dense mult/conv/bwdF/bwdD):	0.002/0.000/0.000/0.000.
Cache hits (Mem/Li/WB/FS/HDFS):	367/0/0/0/1.
Cache writes (Li/WB/FS/HDFS):	0/1/0/1.
Cache times (ACQr/m, RLS, EXP):	0.114/0.001/0.003/0.044 sec.
HOP DAGs recompiled (PRED, SB):	0/0.
HOP DAGs recompile time:	0.000 sec.
Federated I/O (Read, Put, Get):	4/24/21.
Federated Execute (Inst, UDF):	42/0.
Total JIT compile time:		3.241 sec.
Total JVM GC count:		2.
Total JVM GC time:		0.095 sec.
Heavy hitter instructions:
  #  Instruction  Time(s)  Count
  1  m_lmCG         2.279      1
  2  fed_ba+*       1.313      1
  3  fed_mmchain    0.770     20
  4  r'             0.120     23
  5  write          0.044      1
  6  +*             0.016     60
  7  -              0.014     34
  8  <=             0.011      1
  9  ba+*           0.010     21
 10  rand           0.009      2
 11  *              0.006     21
 12  +              0.005     40
 13  createvar      0.005    210
 14  rmvar          0.004    233
 15  tsmm           0.001     20
 16  castdts        0.001     41
 17  mvvar          0.001     51
 18  /              0.000     40
 19  cpvar          0.000     65
 20  assignvar      0.000     45
 21  <              0.000     21
 22  ==             0.000     11
 23  >              0.000     23
 24  &&             0.000     21
 25  ^              0.000      1
 26  ||             0.000      2
 27  >=             0.000      1

real 6.96
user 11.98
sys 0.76
SystemDS Statistics:
Total elapsed time:		3.389 sec.
Total compilation time:		1.013 sec.
Total execution time:		2.376 sec.
Native mkl calls (dense mult/conv/bwdF/bwdD):	41/0/0/0.
Native mkl calls (sparse conv/bwdF/bwdD):	0/0/0.
Native mkl times (dense mult/conv/bwdF/bwdD):	0.002/0.000/0.000/0.000.
Cache hits (Mem/Li/WB/FS/HDFS):	367/0/0/0/1.
Cache writes (Li/WB/FS/HDFS):	0/1/0/1.
Cache times (ACQr/m, RLS, EXP):	0.115/0.001/0.003/0.049 sec.
HOP DAGs recompiled (PRED, SB):	0/0.
HOP DAGs recompile time:	0.000 sec.
Federated I/O (Read, Put, Get):	4/24/21.
Federated Execute (Inst, UDF):	42/0.
Total JIT compile time:		3.27 sec.
Total JVM GC count:		2.
Total JVM GC time:		0.093 sec.
Heavy hitter instructions:
  #  Instruction  Time(s)  Count
  1  m_lmCG         2.326      1
  2  fed_ba+*       1.366      1
  3  fed_mmchain    0.765     20
  4  r'             0.121     23
  5  write          0.049      1
  6  +*             0.015     60
  7  -              0.013     34
  8  <=             0.011      1
  9  ba+*           0.010     21
 10  rand           0.009      2
 11  *              0.006     21
 12  +              0.005     40
 13  createvar      0.005    210
 14  rmvar          0.004    233
 15  mvvar          0.002     51
 16  tsmm           0.001     20
 17  castdts        0.001     41
 18  /              0.000     40
 19  assignvar      0.000     45
 20  cpvar          0.000     65
 21  ==             0.000     11
 22  >              0.000     23
 23  <              0.000     21
 24  &&             0.000     21
 25  ^              0.000      1
 26  ||             0.000      2
 27  >=             0.000      1

real 6.96
user 12.00
sys 0.82
SystemDS Statistics:
Total elapsed time:		3.332 sec.
Total compilation time:		1.005 sec.
Total execution time:		2.326 sec.
Native mkl calls (dense mult/conv/bwdF/bwdD):	41/0/0/0.
Native mkl calls (sparse conv/bwdF/bwdD):	0/0/0.
Native mkl times (dense mult/conv/bwdF/bwdD):	0.002/0.000/0.000/0.000.
Cache hits (Mem/Li/WB/FS/HDFS):	367/0/0/0/1.
Cache writes (Li/WB/FS/HDFS):	0/1/0/1.
Cache times (ACQr/m, RLS, EXP):	0.111/0.001/0.003/0.043 sec.
HOP DAGs recompiled (PRED, SB):	0/0.
HOP DAGs recompile time:	0.000 sec.
Federated I/O (Read, Put, Get):	4/24/21.
Federated Execute (Inst, UDF):	42/0.
Total JIT compile time:		3.289 sec.
Total JVM GC count:		2.
Total JVM GC time:		0.094 sec.
Heavy hitter instructions:
  #  Instruction  Time(s)  Count
  1  m_lmCG         2.283      1
  2  fed_ba+*       1.310      1
  3  fed_mmchain    0.779     20
  4  r'             0.117     23
  5  write          0.043      1
  6  +*             0.016     60
  7  -              0.013     34
  8  rand           0.011      2
  9  <=             0.011      1
 10  ba+*           0.010     21
 11  *              0.006     21
 12  +              0.005     40
 13  createvar      0.004    210
 14  rmvar          0.003    233
 15  tsmm           0.001     20
 16  castdts        0.001     41
 17  mvvar          0.001     51
 18  /              0.000     40
 19  assignvar      0.000     45
 20  cpvar          0.000     65
 21  >              0.000     23
 22  ==             0.000     11
 23  <              0.000     21
 24  &&             0.000     21
 25  ^              0.000      1
 26  ||             0.000      2
 27  >=             0.000      1

real 6.94
user 12.21
sys 0.89
