21/02/14 20:27:11 INFO org.apache.sysds.api.DMLScript: BEGIN DML run 02/14/2021 20:27:11
21/02/14 20:27:11 INFO org.apache.sysds.utils.NativeHelper: Using native blas: mkl
21/02/14 20:28:01 INFO org.apache.sysds.runtime.instructions.cp.ParamservBuiltinCPInstruction: PARAMETER SERVER
21/02/14 20:28:01 INFO org.apache.sysds.runtime.instructions.cp.ParamservBuiltinCPInstruction: [+] Running in federated mode
21/02/14 20:28:01 INFO org.apache.sysds.runtime.instructions.cp.ParamservBuiltinCPInstruction: [+] Update Type: BSP
21/02/14 20:28:01 INFO org.apache.sysds.runtime.instructions.cp.ParamservBuiltinCPInstruction: [+] Frequency: EPOCH
21/02/14 20:28:01 INFO org.apache.sysds.runtime.instructions.cp.ParamservBuiltinCPInstruction: [+] Data Partitioning: KEEP_DATA_ON_WORKER
21/02/14 20:28:01 INFO org.apache.sysds.runtime.instructions.cp.ParamservBuiltinCPInstruction: [+] Runtime Balancing: NONE
21/02/14 20:28:01 INFO org.apache.sysds.runtime.instructions.cp.ParamservBuiltinCPInstruction: [+] Weighing: false
21/02/14 20:28:01 INFO org.apache.sysds.runtime.instructions.cp.ParamservBuiltinCPInstruction: [+] Seed: -1576821304
21/02/14 20:28:02 INFO org.apache.sysds.runtime.controlprogram.paramserv.ParamServer: Setup config for worker Federated worker_0
21/02/14 20:28:02 INFO org.apache.sysds.runtime.controlprogram.paramserv.ParamServer: Batch size: 512 possible batches: 342 batches to run: 342 weighing factor: 0.9997999336923095
21/02/14 20:28:02 INFO org.apache.sysds.runtime.controlprogram.paramserv.ParamServer: Setup config for worker Federated worker_1
21/02/14 20:28:02 INFO org.apache.sysds.runtime.controlprogram.paramserv.ParamServer: Batch size: 512 possible batches: 343 batches to run: 343 weighing factor: 1.001143236043946
21/02/14 20:28:02 INFO org.apache.sysds.runtime.controlprogram.paramserv.ParamServer: Setup config for worker Federated worker_2
21/02/14 20:28:02 INFO org.apache.sysds.runtime.controlprogram.paramserv.ParamServer: Batch size: 512 possible batches: 342 batches to run: 342 weighing factor: 0.9995884350241795
21/02/14 20:28:02 INFO org.apache.sysds.runtime.controlprogram.paramserv.ParamServer: Setup config for worker Federated worker_3
21/02/14 20:28:02 INFO org.apache.sysds.runtime.controlprogram.paramserv.ParamServer: Batch size: 512 possible batches: 342 batches to run: 342 weighing factor: 0.9994741114197848
21/02/14 20:28:19 INFO org.apache.sysds.runtime.controlprogram.paramserv.ParamServer: [+] PARAMSERV: completed EPOCH 0
21/02/14 20:28:35 INFO org.apache.sysds.runtime.controlprogram.paramserv.ParamServer: [+] PARAMSERV: completed EPOCH 1
21/02/14 20:28:52 INFO org.apache.sysds.runtime.controlprogram.paramserv.ParamServer: [+] PARAMSERV: completed EPOCH 2
21/02/14 20:29:09 INFO org.apache.sysds.runtime.controlprogram.paramserv.ParamServer: [+] PARAMSERV: completed EPOCH 3
21/02/14 20:29:25 INFO org.apache.sysds.runtime.controlprogram.paramserv.ParamServer: [+] PARAMSERV: completed EPOCH 4
[+] test loss: 1.2717528937757174E-11, test accuracy: 1.2717528937757174E-11

SystemDS Statistics:
Total elapsed time:		138.926 sec.
Total compilation time:		0.622 sec.
Total execution time:		138.305 sec.
Native mkl calls (dense mult/conv/bwdF/bwdD):	0/0/0/0.
Native mkl calls (sparse conv/bwdF/bwdD):	0/0/0.
Native mkl times (dense mult/conv/bwdF/bwdD):	0.000/0.000/0.000/0.000.
Cache hits (Mem/Li/WB/FS/HDFS):	576/0/0/0/0.
Cache writes (Li/WB/FS/HDFS):	3/70/0/0.
Cache times (ACQr/m, RLS, EXP):	0.018/0.004/0.009/0.000 sec.
HOP DAGs recompiled (PRED, SB):	0/9.
HOP DAGs recompile time:	0.029 sec.
Paramserv total execution time:	84.012 secs.
Paramserv total num workers:	4.
Paramserv setup time:		0.567 secs.
PS fed data partitioning time:	0.005 secs.
PS fed comm time (cum):		22.165 secs.
PS fed worker comp time (cum):	292.407 secs.
PS fed grad weigh time (cum):	0.000 secs.
PS fed global model agg time:	0.022 secs.
Paramserv valdiation time:	0.000 secs.
Federated I/O (Read, Put, Get):	8/50/7.
Federated Execute (Inst, UDF):	73/52.
Total JIT compile time:		4.641 sec.
Total JVM GC count:		3.
Total JVM GC time:		0.042 sec.
Heavy hitter instructions:
  #  Instruction          Time(s)  Count
  1  paramserv             84.013      1
  2  fed_transformencode   16.575      1
  3  fed_castdtf            7.474      1
  4  m_split                5.481      1
  5  fed_rmempty            5.339      4
  6  fed_*                  3.934      3
  7  fed_<                  3.547      1
  8  fed_uacvar             3.135      1
  9  m_scale                2.781      1
 10  fed_>                  2.732      1
 11  fed_-                  2.162      3
 12  fed_ba+*               2.064      3
 13  fed_+                  1.940      3
 14  fed_||                 1.855      1
 15  fed_/                  1.038      1
 16  fed_uacmean            0.839      2
 17  fed_max                0.540      2
 18  fed_uacsqk+            0.496      1
 19  fed_uak+               0.180      1
 20  rmvar                  0.137     66
 21  rand                   0.098      7
 22  >                      0.043      1
 23  /                      0.027      8
 24  <=                     0.022      2
 25  +                      0.018     10
 26  uark+                  0.016      1
 27  -                      0.014      3
 28  log                    0.012      1
 29  uarmax                 0.009      1
 30  exp                    0.006      1
 31  sqrt                   0.005     12
 32  createvar              0.004     96
 33  -*                     0.004     30
 34  nvlist                 0.003      1
 35  rightIndex             0.003      6
 36  *                      0.002      4
 37  replace                0.001      2
 38  nrow                   0.001      1
 39  list                   0.001      6
 40  print                  0.000      1
 41  castdtm                0.000      6
 42  mvvar                  0.000     28
 43  cpvar                  0.000      9
 44  ==                     0.000      1
 45  !=                     0.000      1
 46  ||                     0.000      1
 47  >=                     0.000      1

21/02/14 20:29:30 INFO org.apache.sysds.api.DMLScript: END DML run 02/14/2021 20:29:30
real 142,08
user 14,39
sys 1,27
