21/02/14 21:20:13 INFO org.apache.sysds.api.DMLScript: BEGIN DML run 02/14/2021 21:20:13
21/02/14 21:20:13 INFO org.apache.sysds.utils.NativeHelper: Using native blas: mkl
21/02/14 21:21:06 INFO org.apache.sysds.runtime.instructions.cp.ParamservBuiltinCPInstruction: PARAMETER SERVER
21/02/14 21:21:06 INFO org.apache.sysds.runtime.instructions.cp.ParamservBuiltinCPInstruction: [+] Running in federated mode
21/02/14 21:21:06 INFO org.apache.sysds.runtime.instructions.cp.ParamservBuiltinCPInstruction: [+] Update Type: BSP
21/02/14 21:21:06 INFO org.apache.sysds.runtime.instructions.cp.ParamservBuiltinCPInstruction: [+] Frequency: EPOCH
21/02/14 21:21:06 INFO org.apache.sysds.runtime.instructions.cp.ParamservBuiltinCPInstruction: [+] Data Partitioning: KEEP_DATA_ON_WORKER
21/02/14 21:21:06 INFO org.apache.sysds.runtime.instructions.cp.ParamservBuiltinCPInstruction: [+] Runtime Balancing: NONE
21/02/14 21:21:06 INFO org.apache.sysds.runtime.instructions.cp.ParamservBuiltinCPInstruction: [+] Weighing: false
21/02/14 21:21:06 INFO org.apache.sysds.runtime.instructions.cp.ParamservBuiltinCPInstruction: [+] Seed: -1573636929
21/02/14 21:21:06 INFO org.apache.sysds.runtime.controlprogram.paramserv.ParamServer: Setup config for worker Federated worker_0
21/02/14 21:21:06 INFO org.apache.sysds.runtime.controlprogram.paramserv.ParamServer: Batch size: 512 possible batches: 342 batches to run: 342 weighing factor: 0.9994571521631058
21/02/14 21:21:06 INFO org.apache.sysds.runtime.controlprogram.paramserv.ParamServer: Setup config for worker Federated worker_1
21/02/14 21:21:06 INFO org.apache.sysds.runtime.controlprogram.paramserv.ParamServer: Batch size: 512 possible batches: 343 batches to run: 343 weighing factor: 1.0020171082781437
21/02/14 21:21:06 INFO org.apache.sysds.runtime.controlprogram.paramserv.ParamServer: Setup config for worker Federated worker_2
21/02/14 21:21:06 INFO org.apache.sysds.runtime.controlprogram.paramserv.ParamServer: Batch size: 512 possible batches: 342 batches to run: 342 weighing factor: 1.000577132963435
21/02/14 21:21:07 INFO org.apache.sysds.runtime.controlprogram.paramserv.ParamServer: Setup config for worker Federated worker_3
21/02/14 21:21:07 INFO org.apache.sysds.runtime.controlprogram.paramserv.ParamServer: Batch size: 512 possible batches: 342 batches to run: 342 weighing factor: 0.9979657491585858
21/02/14 21:21:25 INFO org.apache.sysds.runtime.controlprogram.paramserv.ParamServer: [+] PARAMSERV: completed EPOCH 0
21/02/14 21:21:44 INFO org.apache.sysds.runtime.controlprogram.paramserv.ParamServer: [+] PARAMSERV: completed EPOCH 1
21/02/14 21:22:03 INFO org.apache.sysds.runtime.controlprogram.paramserv.ParamServer: [+] PARAMSERV: completed EPOCH 2
21/02/14 21:22:21 INFO org.apache.sysds.runtime.controlprogram.paramserv.ParamServer: [+] PARAMSERV: completed EPOCH 3
21/02/14 21:22:41 INFO org.apache.sysds.runtime.controlprogram.paramserv.ParamServer: [+] PARAMSERV: completed EPOCH 4
[+] test loss: 1.55275945412996E-11, test accuracy: 1.55275945412996E-11

SystemDS Statistics:
Total elapsed time:		153.997 sec.
Total compilation time:		0.720 sec.
Total execution time:		153.277 sec.
Native mkl calls (dense mult/conv/bwdF/bwdD):	0/0/0/0.
Native mkl calls (sparse conv/bwdF/bwdD):	0/0/0.
Native mkl times (dense mult/conv/bwdF/bwdD):	0.000/0.000/0.000/0.000.
Cache hits (Mem/Li/WB/FS/HDFS):	576/0/0/0/0.
Cache writes (Li/WB/FS/HDFS):	3/70/0/0.
Cache times (ACQr/m, RLS, EXP):	0.018/0.006/0.014/0.000 sec.
HOP DAGs recompiled (PRED, SB):	0/9.
HOP DAGs recompile time:	0.033 sec.
Paramserv total execution time:	94.850 secs.
Paramserv total num workers:	4.
Paramserv setup time:		0.929 secs.
PS fed data partitioning time:	0.004 secs.
PS fed comm time (cum):		26.496 secs.
PS fed worker comp time (cum):	306.438 secs.
PS fed grad weigh time (cum):	0.000 secs.
PS fed global model agg time:	0.026 secs.
Paramserv valdiation time:	0.000 secs.
Federated I/O (Read, Put, Get):	8/50/7.
Federated Execute (Inst, UDF):	73/52.
Total JIT compile time:		9.552 sec.
Total JVM GC count:		3.
Total JVM GC time:		0.048 sec.
Heavy hitter instructions:
  #  Instruction          Time(s)  Count
  1  paramserv             94.851      1
  2  fed_transformencode   15.959      1
  3  m_split                8.130      1
  4  fed_rmempty            7.990      4
  5  fed_castdtf            7.937      1
  6  m_scale                4.439      1
  7  fed_-                  3.407      3
  8  fed_*                  3.314      3
  9  fed_+                  2.885      3
 10  fed_||                 2.837      1
 11  fed_<                  2.814      1
 12  fed_>                  2.537      1
 13  fed_ba+*               2.503      3
 14  fed_/                  1.633      1
 15  fed_uacvar             1.355      1
 16  fed_uacmean            1.067      2
 17  fed_max                0.884      2
 18  fed_uacsqk+            0.456      1
 19  fed_uak+               0.341      1
 20  rmvar                  0.171     66
 21  rand                   0.102      7
 22  +                      0.047     10
 23  >                      0.033      1
 24  /                      0.027      8
 25  <=                     0.022      2
 26  -                      0.019      3
 27  uarmax                 0.017      1
 28  uark+                  0.016      1
 29  log                    0.011      1
 30  sqrt                   0.007     12
 31  exp                    0.006      1
 32  -*                     0.005     30
 33  createvar              0.005     96
 34  rightIndex             0.003      6
 35  nvlist                 0.003      1
 36  *                      0.003      4
 37  replace                0.001      2
 38  list                   0.001      6
 39  nrow                   0.000      1
 40  print                  0.000      1
 41  castdtm                0.000      6
 42  mvvar                  0.000     28
 43  cpvar                  0.000      9
 44  ==                     0.000      1
 45  !=                     0.000      1
 46  ||                     0.000      1
 47  >=                     0.000      1

21/02/14 21:22:47 INFO org.apache.sysds.api.DMLScript: END DML run 02/14/2021 21:22:47
real 157,57
user 24,03
sys 1,71
