
Accuracy:
--sum(ytest) = -50389.80230074413
--sum(yhat) = -5023.183686585296
--AVG_RES_Y: -0.15145631448025892
--SS_AVG_RES_Y: 1.4554893093306285E8
--R2: 0.8442800622236624
SystemDS Statistics:
Total elapsed time:		52.071 sec.
Total compilation time:		0.679 sec.
Total execution time:		51.392 sec.
Native mkl calls (dense mult/conv/bwdF/bwdD):	17/0/0/0.
Native mkl calls (sparse conv/bwdF/bwdD):	0/0/0.
Native mkl times (dense mult/conv/bwdF/bwdD):	0.025/0.000/0.000/0.000.
Cache hits (Mem/Li/WB/FS/HDFS):	169/0/0/0/1.
Cache writes (Li/WB/FS/HDFS):	1/8/0/1.
Cache times (ACQr/m, RLS, EXP):	0.079/0.006/0.003/0.038 sec.
HOP DAGs recompiled (PRED, SB):	0/4.
HOP DAGs recompile time:	0.022 sec.
Functions recompiled:		1.
Functions recompile time:	0.013 sec.
Federated I/O (Read, Put, Get):	4/25/14.
Federated Execute (Inst, UDF):	60/16.
Total JIT compile time:		4.169 sec.
Total JVM GC count:		3.
Total JVM GC time:		0.041 sec.
Heavy hitter instructions:
  #  Instruction          Time(s)  Count
  1  fed_transformencode   13.479      1
  2  fed_castdtf            6.789      1
  3  m_lm                   4.203      1
  4  m_lmCG                 4.203      1
  5  fed_*                  3.991      2
  6  m_scale                3.810      1
  7  m_split                3.408      1
  8  fed_uacvar             3.190      1
  9  fed_>                  3.150      1
 10  fed_<                  3.142      1
 11  fed_rmempty            3.126      2
 12  fed_mmchain            3.088      7
 13  fed_-                  2.965      2
 14  fed_||                 2.192      1
 15  fed_ba+*               1.676      2
 16  fed_+                  1.522      1
 17  fed_/                  1.506      1
 18  fed_uacmean            0.687      2
 19  fed_uacsqk+            0.316      1
 20  rmempty                0.135      2
 21  rmvar                  0.113    141
 22  rand                   0.076      4
 23  >                      0.041      9
 24  write                  0.038      2
 25  tsmm                   0.025      9
 26  <=                     0.022      3
 27  sqrt                   0.016      2
 28  +                      0.013     30
 29  -                      0.012     15
 30  uak+                   0.008      3
 31  +*                     0.008     21
 32  ba+*                   0.007      8
 33  createvar              0.005    117
 34  rlit                   0.004      1
 35  *                      0.004     11
 36  r'                     0.001     10
 37  replace                0.001      2
 38  nrow                   0.001      1
 39  /                      0.001     18
 40  mvvar                  0.000     47
 41  castdts                0.000     18
 42  ==                     0.000     20
 43  cpvar                  0.000     35
 44  assignvar              0.000     20
 45  print                  0.000      1
 46  <                      0.000      8
 47  ^                      0.000      3
 48  ||                     0.000      5
 49  &&                     0.000      8
 50  !=                     0.000      1
 51  >=                     0.000      2
 52  ncol                   0.000      1

real 55,82
user 13,28
sys 1,00
