
Accuracy:
--sum(ytest) = -69753.0659834183
--sum(yhat) = -8673.935167812231
--AVG_RES_Y: -0.20343300009860737
--SS_AVG_RES_Y: 1.4661621152654317E8
--R2: 0.8431323404408685
SystemDS Statistics:
Total elapsed time:		46.826 sec.
Total compilation time:		1.142 sec.
Total execution time:		45.684 sec.
Native mkl calls (dense mult/conv/bwdF/bwdD):	17/0/0/0.
Native mkl calls (sparse conv/bwdF/bwdD):	0/0/0.
Native mkl times (dense mult/conv/bwdF/bwdD):	0.037/0.000/0.000/0.000.
Cache hits (Mem/Li/WB/FS/HDFS):	169/0/0/0/1.
Cache writes (Li/WB/FS/HDFS):	1/8/0/1.
Cache times (ACQr/m, RLS, EXP):	0.123/0.009/0.005/0.094 sec.
HOP DAGs recompiled (PRED, SB):	0/4.
HOP DAGs recompile time:	0.028 sec.
Functions recompiled:		1.
Functions recompile time:	0.025 sec.
Federated I/O (Read, Put, Get):	4/25/14.
Federated Execute (Inst, UDF):	60/16.
Total JIT compile time:		7.001 sec.
Total JVM GC count:		3.
Total JVM GC time:		0.104 sec.
Heavy hitter instructions:
  #  Instruction          Time(s)  Count
  1  fed_transformencode   17.267      1
  2  fed_castdtf            6.277      1
  3  fed_<                  3.509      1
  4  m_scale                3.474      1
  5  m_split                2.858      1
  6  fed_*                  2.670      2
  7  fed_>                  2.664      1
  8  fed_-                  2.487      2
  9  fed_||                 2.308      1
 10  fed_rmempty            2.038      2
 11  fed_+                  1.877      1
 12  fed_/                  1.416      1
 13  fed_uacvar             0.775      1
 14  m_lm                   0.537      1
 15  m_lmCG                 0.536      1
 16  fed_uacmean            0.430      2
 17  rand                   0.364      4
 18  fed_mmchain            0.353      7
 19  fed_uacsqk+            0.222      1
 20  rmempty                0.221      2
 21  >                      0.181      9
 22  fed_ba+*               0.169      2
 23  write                  0.095      2
 24  uak+                   0.086      3
 25  rmvar                  0.068    141
 26  <=                     0.047      3
 27  tsmm                   0.036      9
 28  +                      0.021     30
 29  -                      0.016     15
 30  rlit                   0.010      1
 31  ba+*                   0.010      8
 32  sqrt                   0.009      2
 33  +*                     0.006     21
 34  createvar              0.003    117
 35  r'                     0.002     10
 36  *                      0.002     11
 37  mvvar                  0.001     47
 38  nrow                   0.001      1
 39  replace                0.001      2
 40  /                      0.000     18
 41  ==                     0.000     20
 42  castdts                0.000     18
 43  print                  0.000      1
 44  cpvar                  0.000     35
 45  assignvar              0.000     20
 46  ||                     0.000      5
 47  ^                      0.000      3
 48  <                      0.000      8
 49  &&                     0.000      8
 50  >=                     0.000      2
 51  !=                     0.000      1
 52  ncol                   0.000      1

real 50.62
user 35.23
sys 1.31
