21/02/14 21:54:06 INFO org.apache.sysds.api.DMLScript: BEGIN DML run 02/14/2021 21:54:06
21/02/14 21:54:06 INFO org.apache.sysds.utils.NativeHelper: Using native blas: mkl
21/02/14 21:54:53 INFO org.apache.sysds.runtime.instructions.cp.ParamservBuiltinCPInstruction: PARAMETER SERVER
21/02/14 21:54:53 INFO org.apache.sysds.runtime.instructions.cp.ParamservBuiltinCPInstruction: [+] Running in federated mode
21/02/14 21:54:53 INFO org.apache.sysds.runtime.instructions.cp.ParamservBuiltinCPInstruction: [+] Update Type: BSP
21/02/14 21:54:53 INFO org.apache.sysds.runtime.instructions.cp.ParamservBuiltinCPInstruction: [+] Frequency: EPOCH
21/02/14 21:54:53 INFO org.apache.sysds.runtime.instructions.cp.ParamservBuiltinCPInstruction: [+] Data Partitioning: KEEP_DATA_ON_WORKER
21/02/14 21:54:53 INFO org.apache.sysds.runtime.instructions.cp.ParamservBuiltinCPInstruction: [+] Runtime Balancing: NONE
21/02/14 21:54:53 INFO org.apache.sysds.runtime.instructions.cp.ParamservBuiltinCPInstruction: [+] Weighing: false
21/02/14 21:54:53 INFO org.apache.sysds.runtime.instructions.cp.ParamservBuiltinCPInstruction: [+] Seed: -1571610292
21/02/14 21:54:53 INFO org.apache.sysds.runtime.controlprogram.paramserv.ParamServer: Setup config for worker Federated worker_0
21/02/14 21:54:53 INFO org.apache.sysds.runtime.controlprogram.paramserv.ParamServer: Batch size: 512 possible batches: 489 batches to run: 489 weighing factor: 1.0
21/02/14 21:54:53 INFO org.apache.sysds.runtime.controlprogram.paramserv.ParamServer: Setup config for worker Federated worker_1
21/02/14 21:54:53 INFO org.apache.sysds.runtime.controlprogram.paramserv.ParamServer: Batch size: 512 possible batches: 489 batches to run: 489 weighing factor: 1.0
21/02/14 21:54:53 INFO org.apache.sysds.runtime.controlprogram.paramserv.ParamServer: Setup config for worker Federated worker_2
21/02/14 21:54:53 INFO org.apache.sysds.runtime.controlprogram.paramserv.ParamServer: Batch size: 512 possible batches: 489 batches to run: 489 weighing factor: 1.0
21/02/14 21:54:54 INFO org.apache.sysds.runtime.controlprogram.paramserv.ParamServer: Setup config for worker Federated worker_3
21/02/14 21:54:54 INFO org.apache.sysds.runtime.controlprogram.paramserv.ParamServer: Batch size: 512 possible batches: 489 batches to run: 489 weighing factor: 1.0
21/02/14 21:55:21 INFO org.apache.sysds.runtime.controlprogram.paramserv.ParamServer: [+] PARAMSERV: completed EPOCH 0
21/02/14 21:55:48 INFO org.apache.sysds.runtime.controlprogram.paramserv.ParamServer: [+] PARAMSERV: completed EPOCH 1
21/02/14 21:56:15 INFO org.apache.sysds.runtime.controlprogram.paramserv.ParamServer: [+] PARAMSERV: completed EPOCH 2
21/02/14 21:56:42 INFO org.apache.sysds.runtime.controlprogram.paramserv.ParamServer: [+] PARAMSERV: completed EPOCH 3
21/02/14 21:57:09 INFO org.apache.sysds.runtime.controlprogram.paramserv.ParamServer: [+] PARAMSERV: completed EPOCH 4
21/02/14 21:57:17 WARN org.apache.sysds.runtime.matrix.data.LibMatrixNative: matrixMult: Native mat mult failed. Falling back to java version (loaded=true, sparse=false)
[+] test loss: 1.4872586632199265E-11, test accuracy: 1.4872586632199265E-11

SystemDS Statistics:
Total elapsed time:		191.314 sec.
Total compilation time:		0.677 sec.
Total execution time:		190.637 sec.
Native mkl calls (dense mult/conv/bwdF/bwdD):	2/0/0/0.
Native mkl calls (sparse conv/bwdF/bwdD):	0/0/0.
Native mkl times (dense mult/conv/bwdF/bwdD):	2.086/0.000/0.000/0.000.
Cache hits (Mem/Li/WB/FS/HDFS):	565/0/0/0/2.
Cache writes (Li/WB/FS/HDFS):	2/76/2/0.
Cache times (ACQr/m, RLS, EXP):	6.250/0.004/18.954/0.000 sec.
HOP DAGs recompiled (PRED, SB):	0/6.
HOP DAGs recompile time:	0.037 sec.
Paramserv total execution time:	136.404 secs.
Paramserv total num workers:	4.
Paramserv setup time:		1.189 secs.
PS fed data partitioning time:	0.213 secs.
PS fed comm time (cum):		26.143 secs.
PS fed worker comp time (cum):	436.491 secs.
PS fed grad weigh time (cum):	0.000 secs.
PS fed global model agg time:	0.037 secs.
Paramserv valdiation time:	0.000 secs.
Federated I/O (Read, Put, Get):	8/22/4.
Federated Execute (Inst, UDF):	14/28.
Total JIT compile time:		5.767 sec.
Total JVM GC count:		4.
Total JVM GC time:		0.465 sec.
Heavy hitter instructions:
  #  Instruction  Time(s)  Count
  1  paramserv    136.406      1
  2  -             17.755      5
  3  /             13.815      8
  4  fed_uamin      5.934      2
  5  +              3.867     10
  6  fed_uamax      2.892      2
  7  fed_-          2.862      1
  8  ba+*           2.643      3
  9  fed_/          2.179      1
 10  max            2.049      2
 11  uark+          0.059      1
 12  uarmax         0.042      1
 13  rmvar          0.037     47
 14  rand           0.029      6
 15  *              0.027      4
 16  log            0.021      1
 17  exp            0.012      1
 18  -*             0.005     30
 19  createvar      0.002     71
 20  nvlist         0.002      1
 21  uak+           0.001      1
 22  list           0.001      6
 23  rightIndex     0.001      6
 24  sqrt           0.000     10
 25  mvvar          0.000     22
 26  castdtm        0.000      6
 27  print          0.000      1
 28  ==             0.000      1

21/02/14 21:57:18 INFO org.apache.sysds.api.DMLScript: END DML run 02/14/2021 21:57:18
real 196,45
user 131,13
sys 32,05
