K-means: No output is produced. Try increasing the number of iterations and/or lower eps.
SystemDS Statistics:
Total elapsed time:		441.278 sec.
Total compilation time:		0.642 sec.
Total execution time:		440.637 sec.
Native mkl calls (dense mult/conv/bwdF/bwdD):	100/0/0/0.
Native mkl calls (sparse conv/bwdF/bwdD):	0/0/0.
Native mkl times (dense mult/conv/bwdF/bwdD):	0.291/0.000/0.000/0.000.
Cache hits (Mem/Li/WB/FS/HDFS):	2471/0/0/0/0.
Cache writes (Li/WB/FS/HDFS):	1/435/0/1.
Cache times (ACQr/m, RLS, EXP):	0.007/0.005/0.044/0.686 sec.
HOP DAGs recompiled (PRED, SB):	0/53.
HOP DAGs recompile time:	0.115 sec.
Functions recompiled:		1.
Functions recompile time:	0.017 sec.
ParFor loops optimized:		1.
ParFor optimize time:		0.018 sec.
ParFor initialize time:		0.002 sec.
ParFor result merge time:	0.020 sec.
ParFor total update in-place:	0/3/4
Federated I/O (Read, Put, Get):	7/967/242.
Federated Execute (Inst, UDF):	1444/0.
Total JIT compile time:		11.812 sec.
Total JVM GC count:		10.
Total JVM GC time:		0.086 sec.
Heavy hitter instructions:
  #  Instruction   Time(s)  Count
  1  m_kmeans      439.950      1
  2  fed_ba+*       84.742    121
  3  fed_<=         76.423     60
  4  fed_/          73.822     60
  5  fed_uarmin     68.746     60
  6  fed_uark+      67.262     60
  7  fed_r'         21.294     60
  8  fed_+          18.942     60
  9  fed_*          11.027     60
 10  fed_uack+      10.218     60
 11  fed_uasqk+      2.897      1
 12  rmvar           2.595   2160
 13  write           0.686      1
 14  ba+*            0.599    150
 15  *               0.562    221
 16  uark+           0.158     51
 17  uak+            0.109    169
 18  uarsqk+         0.062     61
 19  /               0.059     63
 20  rand            0.041     56
 21  r'              0.037    180
 22  +               0.036    335
 23  createvar       0.023   2095
 24  log             0.013      2
 25  ucumk+          0.013     51
 26  rexpand         0.007    101
 27  <               0.007    111
 28  min             0.006     50
 29  ctable          0.006      1
 30  seq             0.005    103
 31  +*              0.004    101
 32  <=              0.004     60
 33  -*              0.003     50
 34  mvvar           0.003    545
 35  leftIndex       0.002      4
 36  rightIndex      0.002     53
 37  -               0.001     66
 38  uasqk+          0.001     50
 39  cpvar           0.001    235
 40  sqrt            0.001      1
 41  ifelse          0.001     50
 42  castdts         0.001    101
 43  round           0.001      3
 44  assignvar       0.001    188
 45  ==              0.001    112
 46  castdtm         0.000     50
 47  >               0.000     60
 48  >=              0.000     60
 49  ncol            0.000      2
 50  ctableexpand    0.000      1
 51  print           0.000      1
 52  castvti         0.000      1

real 444,44
user 56,53
sys 14,90
