L2SVM: WARNING invalid number of labels in Y: 1.0 1.0
SystemDS Statistics:
Total elapsed time:		67.853 sec.
Total compilation time:		0.456 sec.
Total execution time:		67.396 sec.
Native mkl calls (dense mult/conv/bwdF/bwdD):	239/0/0/0.
Native mkl calls (sparse conv/bwdF/bwdD):	0/0/0.
Native mkl times (dense mult/conv/bwdF/bwdD):	0.065/0.000/0.000/0.000.
Cache hits (Mem/Li/WB/FS/HDFS):	8920/0/0/0/1.
Cache writes (Li/WB/FS/HDFS):	0/3184/0/1.
Cache times (ACQr/m, RLS, EXP):	0.064/0.005/0.065/0.022 sec.
HOP DAGs recompiled (PRED, SB):	0/0.
HOP DAGs recompile time:	0.002 sec.
Federated I/O (Read, Put, Get):	7/247/61.
Federated Execute (Inst, UDF):	122/0.
Total JIT compile time:		6.755 sec.
Total JVM GC count:		12.
Total JVM GC time:		0.068 sec.
Heavy hitter instructions:
  #  Instruction  Time(s)  Count
  1  m_l2svm       67.374      1
  2  fed_ba+*      58.688     61
  3  max            1.727    630
  4  +*             1.679    690
  5  *              1.416   2011
  6  >              1.394    600
  7  tak+*          1.221   1200
  8  1-*            0.833    630
  9  r'             0.086    122
 10  uamin          0.081      1
 11  tsmm           0.068    180
 12  ==             0.039      3
 13  -              0.025   1232
 14  write          0.022      1
 15  rmvar          0.021   8870
 16  uamax          0.016      1
 17  createvar      0.015   3641
 18  ba+*           0.014     60
 19  uak+           0.012      2
 20  <              0.006    666
 21  +              0.003   1867
 22  mvvar          0.003    706
 23  castdts        0.002    240
 24  rand           0.002      2
 25  assignvar      0.001   2016
 26  /              0.001   1233
 27  &&             0.001    692
 28  >=             0.001    630
 29  cpvar          0.001    124
 30  print          0.000      1
 31  !=             0.000     34
 32  ||             0.000      1

real 70,79
user 139,14
sys 3,94
L2SVM: WARNING invalid number of labels in Y: 1.0 1.0
SystemDS Statistics:
Total elapsed time:		71.465 sec.
Total compilation time:		0.460 sec.
Total execution time:		71.006 sec.
Native mkl calls (dense mult/conv/bwdF/bwdD):	239/0/0/0.
Native mkl calls (sparse conv/bwdF/bwdD):	0/0/0.
Native mkl times (dense mult/conv/bwdF/bwdD):	0.056/0.000/0.000/0.000.
Cache hits (Mem/Li/WB/FS/HDFS):	8920/0/0/0/1.
Cache writes (Li/WB/FS/HDFS):	0/3184/0/1.
Cache times (ACQr/m, RLS, EXP):	0.069/0.005/0.065/0.021 sec.
HOP DAGs recompiled (PRED, SB):	0/0.
HOP DAGs recompile time:	0.002 sec.
Federated I/O (Read, Put, Get):	7/247/61.
Federated Execute (Inst, UDF):	122/0.
Total JIT compile time:		6.57 sec.
Total JVM GC count:		12.
Total JVM GC time:		0.068 sec.
Heavy hitter instructions:
  #  Instruction  Time(s)  Count
  1  m_l2svm       70.984      1
  2  fed_ba+*      62.307     61
  3  max            1.789    630
  4  +*             1.671    690
  5  >              1.435    600
  6  *              1.410   2011
  7  tak+*          1.093   1200
  8  1-*            0.855    630
  9  uamin          0.091      1
 10  r'             0.087    122
 11  tsmm           0.058    180
 12  ==             0.052      3
 13  uamax          0.022      1
 14  write          0.021      1
 15  rmvar          0.020   8870
 16  -              0.020   1232
 17  createvar      0.015   3641
 18  uak+           0.012      2
 19  <              0.007    666
 20  ba+*           0.006     60
 21  +              0.003   1867
 22  mvvar          0.003    706
 23  castdts        0.002    240
 24  rand           0.002      2
 25  assignvar      0.001   2016
 26  /              0.001   1233
 27  &&             0.001    692
 28  >=             0.001    630
 29  cpvar          0.001    124
 30  print          0.000      1
 31  !=             0.000     34
 32  ||             0.000      1

real 75,26
user 139,25
sys 4,09
