SystemDS Statistics:
Total elapsed time:		3.322 sec.
Total compilation time:		1.019 sec.
Total execution time:		2.303 sec.
Native mkl calls (dense mult/conv/bwdF/bwdD):	41/0/0/0.
Native mkl calls (sparse conv/bwdF/bwdD):	0/0/0.
Native mkl times (dense mult/conv/bwdF/bwdD):	0.002/0.000/0.000/0.000.
Cache hits (Mem/Li/WB/FS/HDFS):	367/0/0/0/1.
Cache writes (Li/WB/FS/HDFS):	0/1/0/1.
Cache times (ACQr/m, RLS, EXP):	0.116/0.001/0.003/0.048 sec.
HOP DAGs recompiled (PRED, SB):	0/0.
HOP DAGs recompile time:	0.000 sec.
Federated I/O (Read, Put, Get):	7/27/21.
Federated Execute (Inst, UDF):	42/0.
Total JIT compile time:		3.488 sec.
Total JVM GC count:		3.
Total JVM GC time:		0.105 sec.
Heavy hitter instructions:
  #  Instruction  Time(s)  Count
  1  m_lmCG         2.255      1
  2  fed_ba+*       1.362      1
  3  fed_mmchain    0.691     20
  4  r'             0.122     23
  5  write          0.048      1
  6  +*             0.017     60
  7  -              0.014     34
  8  <=             0.011      1
  9  ba+*           0.010     21
 10  rand           0.009      2
 11  *              0.007     21
 12  +              0.006     40
 13  createvar      0.005    210
 14  rmvar          0.004    233
 15  tsmm           0.001     20
 16  castdts        0.001     41
 17  mvvar          0.001     51
 18  /              0.000     40
 19  cpvar          0.000     65
 20  assignvar      0.000     45
 21  <              0.000     21
 22  ==             0.000     11
 23  >              0.000     23
 24  &&             0.000     21
 25  ||             0.000      2
 26  ^              0.000      1
 27  >=             0.000      1

real 6.97
user 12.92
sys 1.03
SystemDS Statistics:
Total elapsed time:		3.096 sec.
Total compilation time:		1.008 sec.
Total execution time:		2.089 sec.
Native mkl calls (dense mult/conv/bwdF/bwdD):	41/0/0/0.
Native mkl calls (sparse conv/bwdF/bwdD):	0/0/0.
Native mkl times (dense mult/conv/bwdF/bwdD):	0.002/0.000/0.000/0.000.
Cache hits (Mem/Li/WB/FS/HDFS):	367/0/0/0/1.
Cache writes (Li/WB/FS/HDFS):	0/1/0/1.
Cache times (ACQr/m, RLS, EXP):	0.111/0.001/0.003/0.044 sec.
HOP DAGs recompiled (PRED, SB):	0/0.
HOP DAGs recompile time:	0.000 sec.
Federated I/O (Read, Put, Get):	7/27/21.
Federated Execute (Inst, UDF):	42/0.
Total JIT compile time:		3.686 sec.
Total JVM GC count:		3.
Total JVM GC time:		0.106 sec.
Heavy hitter instructions:
  #  Instruction  Time(s)  Count
  1  m_lmCG         2.044      1
  2  fed_ba+*       1.244      1
  3  fed_mmchain    0.604     20
  4  r'             0.116     23
  5  write          0.044      1
  6  +*             0.016     60
  7  -              0.014     34
  8  <=             0.011      1
  9  ba+*           0.010     21
 10  rand           0.009      2
 11  *              0.007     21
 12  +              0.006     40
 13  createvar      0.005    210
 14  rmvar          0.004    233
 15  tsmm           0.001     20
 16  castdts        0.001     41
 17  mvvar          0.001     51
 18  /              0.000     40
 19  cpvar          0.000     65
 20  assignvar      0.000     45
 21  ==             0.000     11
 22  >              0.000     23
 23  <              0.000     21
 24  &&             0.000     21
 25  ^              0.000      1
 26  ||             0.000      2
 27  >=             0.000      1

real 6.94
user 13.41
sys 1.04
SystemDS Statistics:
Total elapsed time:		3.099 sec.
Total compilation time:		1.012 sec.
Total execution time:		2.087 sec.
Native mkl calls (dense mult/conv/bwdF/bwdD):	41/0/0/0.
Native mkl calls (sparse conv/bwdF/bwdD):	0/0/0.
Native mkl times (dense mult/conv/bwdF/bwdD):	0.002/0.000/0.000/0.000.
Cache hits (Mem/Li/WB/FS/HDFS):	367/0/0/0/1.
Cache writes (Li/WB/FS/HDFS):	0/1/0/1.
Cache times (ACQr/m, RLS, EXP):	0.119/0.001/0.003/0.045 sec.
HOP DAGs recompiled (PRED, SB):	0/0.
HOP DAGs recompile time:	0.000 sec.
Federated I/O (Read, Put, Get):	7/27/21.
Federated Execute (Inst, UDF):	42/0.
Total JIT compile time:		3.502 sec.
Total JVM GC count:		3.
Total JVM GC time:		0.105 sec.
Heavy hitter instructions:
  #  Instruction  Time(s)  Count
  1  m_lmCG         2.041      1
  2  fed_ba+*       1.227      1
  3  fed_mmchain    0.610     20
  4  r'             0.125     23
  5  write          0.045      1
  6  +*             0.016     60
  7  -              0.014     34
  8  <=             0.011      1
  9  ba+*           0.010     21
 10  rand           0.009      2
 11  *              0.007     21
 12  +              0.006     40
 13  createvar      0.005    210
 14  rmvar          0.004    233
 15  tsmm           0.001     20
 16  castdts        0.001     41
 17  mvvar          0.001     51
 18  /              0.000     40
 19  cpvar          0.000     65
 20  assignvar      0.000     45
 21  >              0.000     23
 22  ==             0.000     11
 23  <              0.000     21
 24  &&             0.000     21
 25  ||             0.000      2
 26  ^              0.000      1
 27  >=             0.000      1

real 6.97
user 13.18
sys 1.08
SystemDS Statistics:
Total elapsed time:		3.421 sec.
Total compilation time:		1.023 sec.
Total execution time:		2.398 sec.
Native mkl calls (dense mult/conv/bwdF/bwdD):	41/0/0/0.
Native mkl calls (sparse conv/bwdF/bwdD):	0/0/0.
Native mkl times (dense mult/conv/bwdF/bwdD):	0.002/0.000/0.000/0.000.
Cache hits (Mem/Li/WB/FS/HDFS):	367/0/0/0/1.
Cache writes (Li/WB/FS/HDFS):	0/1/0/1.
Cache times (ACQr/m, RLS, EXP):	0.115/0.001/0.003/0.055 sec.
HOP DAGs recompiled (PRED, SB):	0/0.
HOP DAGs recompile time:	0.000 sec.
Federated I/O (Read, Put, Get):	7/27/21.
Federated Execute (Inst, UDF):	42/0.
Total JIT compile time:		3.563 sec.
Total JVM GC count:		3.
Total JVM GC time:		0.104 sec.
Heavy hitter instructions:
  #  Instruction  Time(s)  Count
  1  m_lmCG         2.342      1
  2  fed_ba+*       1.512      1
  3  fed_mmchain    0.628     20
  4  r'             0.121     23
  5  write          0.056      1
  6  +*             0.016     60
  7  -              0.014     34
  8  <=             0.011      1
  9  ba+*           0.010     21
 10  rand           0.009      2
 11  *              0.007     21
 12  +              0.005     40
 13  createvar      0.005    210
 14  rmvar          0.004    233
 15  castdts        0.002     41
 16  mvvar          0.001     51
 17  tsmm           0.001     20
 18  /              0.000     40
 19  cpvar          0.000     65
 20  assignvar      0.000     45
 21  <              0.000     21
 22  ==             0.000     11
 23  >              0.000     23
 24  &&             0.000     21
 25  ^              0.000      1
 26  ||             0.000      2
 27  >=             0.000      1

real 6.99
user 13.30
sys 1.02
SystemDS Statistics:
Total elapsed time:		3.182 sec.
Total compilation time:		1.021 sec.
Total execution time:		2.161 sec.
Native mkl calls (dense mult/conv/bwdF/bwdD):	41/0/0/0.
Native mkl calls (sparse conv/bwdF/bwdD):	0/0/0.
Native mkl times (dense mult/conv/bwdF/bwdD):	0.002/0.000/0.000/0.000.
Cache hits (Mem/Li/WB/FS/HDFS):	367/0/0/0/1.
Cache writes (Li/WB/FS/HDFS):	0/1/0/1.
Cache times (ACQr/m, RLS, EXP):	0.114/0.001/0.003/0.046 sec.
HOP DAGs recompiled (PRED, SB):	0/0.
HOP DAGs recompile time:	0.000 sec.
Federated I/O (Read, Put, Get):	7/27/21.
Federated Execute (Inst, UDF):	42/0.
Total JIT compile time:		3.698 sec.
Total JVM GC count:		3.
Total JVM GC time:		0.106 sec.
Heavy hitter instructions:
  #  Instruction  Time(s)  Count
  1  m_lmCG         2.114      1
  2  fed_ba+*       1.277      1
  3  fed_mmchain    0.636     20
  4  r'             0.120     23
  5  write          0.047      1
  6  +*             0.016     60
  7  -              0.014     34
  8  <=             0.011      1
  9  ba+*           0.010     21
 10  rand           0.009      2
 11  *              0.007     21
 12  +              0.006     40
 13  createvar      0.005    210
 14  rmvar          0.004    233
 15  tsmm           0.001     20
 16  castdts        0.001     41
 17  mvvar          0.001     51
 18  assignvar      0.000     45
 19  /              0.000     40
 20  cpvar          0.000     65
 21  ==             0.000     11
 22  >              0.000     23
 23  <              0.000     21
 24  &&             0.000     21
 25  ^              0.000      1
 26  ||             0.000      2
 27  >=             0.000      1

real 6.99
user 13.47
sys 1.06
