SystemDS Statistics:
Total elapsed time:		8.537 sec.
Total compilation time:		0.530 sec.
Total execution time:		8.007 sec.
Native mkl calls (dense mult/conv/bwdF/bwdD):	41/0/0/0.
Native mkl calls (sparse conv/bwdF/bwdD):	0/0/0.
Native mkl times (dense mult/conv/bwdF/bwdD):	0.002/0.000/0.000/0.000.
Cache hits (Mem/Li/WB/FS/HDFS):	367/0/0/0/1.
Cache writes (Li/WB/FS/HDFS):	0/1/0/1.
Cache times (ACQr/m, RLS, EXP):	0.064/0.002/0.004/0.040 sec.
HOP DAGs recompiled (PRED, SB):	0/0.
HOP DAGs recompile time:	0.000 sec.
Federated I/O (Read, Put, Get):	7/27/21.
Federated Execute (Inst, UDF):	42/0.
Total JIT compile time:		2.613 sec.
Total JVM GC count:		3.
Total JVM GC time:		0.034 sec.
Heavy hitter instructions:
  #  Instruction  Time(s)  Count
  1  m_lmCG         7.967      1
  2  fed_mmchain    5.265     20
  3  fed_ba+*       2.542      1
  4  r'             0.067     23
  5  write          0.040      1
  6  +*             0.021     60
  7  -              0.016     34
  8  *              0.009     21
  9  createvar      0.008    210
 10  +              0.008     40
 11  ba+*           0.008     21
 12  <=             0.006      1
 13  rand           0.006      2
 14  rmvar          0.005    233
 15  tsmm           0.002     20
 16  castdts        0.001     41
 17  /              0.001     40
 18  mvvar          0.000     51
 19  assignvar      0.000     45
 20  cpvar          0.000     65
 21  <              0.000     21
 22  >              0.000     23
 23  &&             0.000     21
 24  ==             0.000     11
 25  ||             0.000      2
 26  ^              0.000      1
 27  >=             0.000      1

real 11,91
user 8,62
sys 0,74
SystemDS Statistics:
Total elapsed time:		7.321 sec.
Total compilation time:		0.566 sec.
Total execution time:		6.754 sec.
Native mkl calls (dense mult/conv/bwdF/bwdD):	41/0/0/0.
Native mkl calls (sparse conv/bwdF/bwdD):	0/0/0.
Native mkl times (dense mult/conv/bwdF/bwdD):	0.003/0.000/0.000/0.000.
Cache hits (Mem/Li/WB/FS/HDFS):	367/0/0/0/1.
Cache writes (Li/WB/FS/HDFS):	0/1/0/1.
Cache times (ACQr/m, RLS, EXP):	0.064/0.002/0.004/0.023 sec.
HOP DAGs recompiled (PRED, SB):	0/0.
HOP DAGs recompile time:	0.000 sec.
Federated I/O (Read, Put, Get):	7/27/21.
Federated Execute (Inst, UDF):	42/0.
Total JIT compile time:		2.875 sec.
Total JVM GC count:		3.
Total JVM GC time:		0.045 sec.
Heavy hitter instructions:
  #  Instruction  Time(s)  Count
  1  m_lmCG         6.731      1
  2  fed_mmchain    4.310     20
  3  fed_ba+*       2.244      1
  4  r'             0.068     23
  5  write          0.023      1
  6  +*             0.023     60
  7  -              0.022     34
  8  ba+*           0.015     21
  9  *              0.010     21
 10  +              0.008     40
 11  createvar      0.007    210
 12  rmvar          0.006    233
 13  <=             0.006      1
 14  rand           0.005      2
 15  tsmm           0.002     20
 16  castdts        0.001     41
 17  /              0.001     40
 18  mvvar          0.001     51
 19  assignvar      0.000     45
 20  cpvar          0.000     65
 21  <              0.000     21
 22  >              0.000     23
 23  ==             0.000     11
 24  &&             0.000     21
 25  ^              0.000      1
 26  ||             0.000      2
 27  >=             0.000      1

real 10,67
user 9,03
sys 0,92
SystemDS Statistics:
Total elapsed time:		7.868 sec.
Total compilation time:		0.538 sec.
Total execution time:		7.330 sec.
Native mkl calls (dense mult/conv/bwdF/bwdD):	41/0/0/0.
Native mkl calls (sparse conv/bwdF/bwdD):	0/0/0.
Native mkl times (dense mult/conv/bwdF/bwdD):	0.003/0.000/0.000/0.000.
Cache hits (Mem/Li/WB/FS/HDFS):	367/0/0/0/1.
Cache writes (Li/WB/FS/HDFS):	0/1/0/1.
Cache times (ACQr/m, RLS, EXP):	0.069/0.002/0.004/0.030 sec.
HOP DAGs recompiled (PRED, SB):	0/0.
HOP DAGs recompile time:	0.000 sec.
Federated I/O (Read, Put, Get):	7/27/21.
Federated Execute (Inst, UDF):	42/0.
Total JIT compile time:		2.778 sec.
Total JVM GC count:		3.
Total JVM GC time:		0.043 sec.
Heavy hitter instructions:
  #  Instruction  Time(s)  Count
  1  m_lmCG         7.300      1
  2  fed_mmchain    3.605     20
  3  fed_ba+*       3.515      1
  4  r'             0.071     23
  5  write          0.030      1
  6  +*             0.025     60
  7  -              0.021     34
  8  ba+*           0.012     21
  9  *              0.010     21
 10  +              0.008     40
 11  createvar      0.007    210
 12  rand           0.006      2
 13  <=             0.006      1
 14  rmvar          0.005    233
 15  tsmm           0.002     20
 16  castdts        0.001     41
 17  /              0.001     40
 18  mvvar          0.001     51
 19  assignvar      0.000     45
 20  cpvar          0.000     65
 21  <              0.000     21
 22  >              0.000     23
 23  &&             0.000     21
 24  ==             0.000     11
 25  ||             0.000      2
 26  ^              0.000      1
 27  >=             0.000      1

real 10,80
user 8,61
sys 0,89
SystemDS Statistics:
Total elapsed time:		10.190 sec.
Total compilation time:		0.518 sec.
Total execution time:		9.672 sec.
Native mkl calls (dense mult/conv/bwdF/bwdD):	41/0/0/0.
Native mkl calls (sparse conv/bwdF/bwdD):	0/0/0.
Native mkl times (dense mult/conv/bwdF/bwdD):	0.003/0.000/0.000/0.000.
Cache hits (Mem/Li/WB/FS/HDFS):	367/0/0/0/1.
Cache writes (Li/WB/FS/HDFS):	0/1/0/1.
Cache times (ACQr/m, RLS, EXP):	0.071/0.002/0.004/0.023 sec.
HOP DAGs recompiled (PRED, SB):	0/0.
HOP DAGs recompile time:	0.000 sec.
Federated I/O (Read, Put, Get):	7/27/21.
Federated Execute (Inst, UDF):	42/0.
Total JIT compile time:		2.629 sec.
Total JVM GC count:		3.
Total JVM GC time:		0.034 sec.
Heavy hitter instructions:
  #  Instruction  Time(s)  Count
  1  m_lmCG         9.649      1
  2  fed_mmchain    7.369     20
  3  fed_ba+*       2.099      1
  4  r'             0.074     23
  5  write          0.023      1
  6  -              0.022     34
  7  +*             0.021     60
  8  ba+*           0.013     21
  9  +              0.010     40
 10  *              0.009     21
 11  createvar      0.008    210
 12  rmvar          0.006    233
 13  <=             0.005      1
 14  rand           0.004      2
 15  tsmm           0.002     20
 16  castdts        0.002     41
 17  /              0.001     40
 18  mvvar          0.000     51
 19  assignvar      0.000     45
 20  cpvar          0.000     65
 21  <              0.000     21
 22  >              0.000     23
 23  &&             0.000     21
 24  ==             0.000     11
 25  ^              0.000      1
 26  ||             0.000      2
 27  >=             0.000      1

real 13,61
user 8,11
sys 0,75
