21/02/14 20:33:22 INFO org.apache.sysds.api.DMLScript: BEGIN DML run 02/14/2021 20:33:22
21/02/14 20:33:22 INFO org.apache.sysds.utils.NativeHelper: Using native blas: mkl
21/02/14 20:33:54 INFO org.apache.sysds.runtime.instructions.cp.ParamservBuiltinCPInstruction: PARAMETER SERVER
21/02/14 20:33:54 INFO org.apache.sysds.runtime.instructions.cp.ParamservBuiltinCPInstruction: [+] Running in federated mode
21/02/14 20:33:54 INFO org.apache.sysds.runtime.instructions.cp.ParamservBuiltinCPInstruction: [+] Update Type: BSP
21/02/14 20:33:54 INFO org.apache.sysds.runtime.instructions.cp.ParamservBuiltinCPInstruction: [+] Frequency: EPOCH
21/02/14 20:33:54 INFO org.apache.sysds.runtime.instructions.cp.ParamservBuiltinCPInstruction: [+] Data Partitioning: KEEP_DATA_ON_WORKER
21/02/14 20:33:54 INFO org.apache.sysds.runtime.instructions.cp.ParamservBuiltinCPInstruction: [+] Runtime Balancing: NONE
21/02/14 20:33:54 INFO org.apache.sysds.runtime.instructions.cp.ParamservBuiltinCPInstruction: [+] Weighing: false
21/02/14 20:33:54 INFO org.apache.sysds.runtime.instructions.cp.ParamservBuiltinCPInstruction: [+] Seed: -1576469147
21/02/14 20:33:54 INFO org.apache.sysds.runtime.controlprogram.paramserv.ParamServer: Setup config for worker Federated worker_0
21/02/14 20:33:54 INFO org.apache.sysds.runtime.controlprogram.paramserv.ParamServer: Batch size: 512 possible batches: 196 batches to run: 196 weighing factor: 1.002260678203461
21/02/14 20:33:54 INFO org.apache.sysds.runtime.controlprogram.paramserv.ParamServer: Setup config for worker Federated worker_1
21/02/14 20:33:54 INFO org.apache.sysds.runtime.controlprogram.paramserv.ParamServer: Batch size: 512 possible batches: 196 batches to run: 196 weighing factor: 0.9988196458937681
21/02/14 20:33:54 INFO org.apache.sysds.runtime.controlprogram.paramserv.ParamServer: Setup config for worker Federated worker_2
21/02/14 20:33:54 INFO org.apache.sysds.runtime.controlprogram.paramserv.ParamServer: Batch size: 512 possible batches: 196 batches to run: 196 weighing factor: 1.000780234070221
21/02/14 20:33:54 INFO org.apache.sysds.runtime.controlprogram.paramserv.ParamServer: Setup config for worker Federated worker_3
21/02/14 20:33:54 INFO org.apache.sysds.runtime.controlprogram.paramserv.ParamServer: Batch size: 512 possible batches: 196 batches to run: 196 weighing factor: 1.0002300690207062
21/02/14 20:33:54 INFO org.apache.sysds.runtime.controlprogram.paramserv.ParamServer: Setup config for worker Federated worker_4
21/02/14 20:33:54 INFO org.apache.sysds.runtime.controlprogram.paramserv.ParamServer: Batch size: 512 possible batches: 196 batches to run: 196 weighing factor: 0.9996699009702911
21/02/14 20:33:54 INFO org.apache.sysds.runtime.controlprogram.paramserv.ParamServer: Setup config for worker Federated worker_5
21/02/14 20:33:54 INFO org.apache.sysds.runtime.controlprogram.paramserv.ParamServer: Batch size: 512 possible batches: 195 batches to run: 195 weighing factor: 0.9980994298289487
21/02/14 20:33:54 INFO org.apache.sysds.runtime.controlprogram.paramserv.ParamServer: Setup config for worker Federated worker_6
21/02/14 20:33:54 INFO org.apache.sysds.runtime.controlprogram.paramserv.ParamServer: Batch size: 512 possible batches: 196 batches to run: 196 weighing factor: 1.0001600480144044
21/02/14 20:34:06 INFO org.apache.sysds.runtime.controlprogram.paramserv.ParamServer: [+] PARAMSERV: completed EPOCH 0
21/02/14 20:34:18 INFO org.apache.sysds.runtime.controlprogram.paramserv.ParamServer: [+] PARAMSERV: completed EPOCH 1
21/02/14 20:34:29 INFO org.apache.sysds.runtime.controlprogram.paramserv.ParamServer: [+] PARAMSERV: completed EPOCH 2
21/02/14 20:34:40 INFO org.apache.sysds.runtime.controlprogram.paramserv.ParamServer: [+] PARAMSERV: completed EPOCH 3
21/02/14 20:34:52 INFO org.apache.sysds.runtime.controlprogram.paramserv.ParamServer: [+] PARAMSERV: completed EPOCH 4
[+] test loss: 1.9241325076553726E-11, test accuracy: 1.9241325076553726E-11

SystemDS Statistics:
Total elapsed time:		94.706 sec.
Total compilation time:		0.681 sec.
Total execution time:		94.025 sec.
Native mkl calls (dense mult/conv/bwdF/bwdD):	0/0/0/0.
Native mkl calls (sparse conv/bwdF/bwdD):	0/0/0.
Native mkl times (dense mult/conv/bwdF/bwdD):	0.000/0.000/0.000/0.000.
Cache hits (Mem/Li/WB/FS/HDFS):	954/0/0/0/0.
Cache writes (Li/WB/FS/HDFS):	3/106/0/0.
Cache times (ACQr/m, RLS, EXP):	0.015/0.006/0.017/0.000 sec.
HOP DAGs recompiled (PRED, SB):	0/9.
HOP DAGs recompile time:	0.039 sec.
Paramserv total execution time:	58.272 secs.
Paramserv total num workers:	7.
Paramserv setup time:		0.989 secs.
PS fed data partitioning time:	0.003 secs.
PS fed comm time (cum):		51.556 secs.
PS fed worker comp time (cum):	296.213 secs.
PS fed grad weigh time (cum):	0.000 secs.
PS fed global model agg time:	0.023 secs.
Paramserv valdiation time:	0.000 secs.
Federated I/O (Read, Put, Get):	14/80/7.
Federated Execute (Inst, UDF):	73/91.
Total JIT compile time:		5.566 sec.
Total JVM GC count:		4.
Total JVM GC time:		0.049 sec.
Heavy hitter instructions:
  #  Instruction          Time(s)  Count
  1  paramserv             58.274      1
  2  fed_transformencode    7.297      1
  3  m_split                5.389      1
  4  fed_rmempty            5.280      4
  5  fed_castdtf            4.683      1
  6  m_scale                3.041      1
  7  fed_ba+*               2.675      3
  8  fed_<                  2.424      1
  9  fed_*                  2.347      3
 10  fed_>                  2.225      1
 11  fed_-                  1.818      3
 12  fed_+                  1.699      3
 13  fed_/                  1.359      1
 14  fed_||                 1.118      1
 15  fed_uacvar             0.775      1
 16  fed_uacmean            0.594      2
 17  fed_max                0.391      2
 18  fed_uacsqk+            0.353      1
 19  rmvar                  0.229     66
 20  fed_uak+               0.165      1
 21  rand                   0.125      7
 22  /                      0.029      8
 23  +                      0.027     10
 24  <=                     0.021      2
 25  uark+                  0.016      1
 26  >                      0.012      1
 27  log                    0.012      1
 28  -                      0.011      3
 29  uarmax                 0.009      1
 30  exp                    0.007      1
 31  sqrt                   0.005     12
 32  -*                     0.004     30
 33  nvlist                 0.004      1
 34  createvar              0.004     96
 35  *                      0.002      4
 36  rightIndex             0.001      6
 37  replace                0.001      2
 38  list                   0.001      6
 39  print                  0.000      1
 40  nrow                   0.000      1
 41  castdtm                0.000      6
 42  mvvar                  0.000     28
 43  cpvar                  0.000      9
 44  ==                     0.000      1
 45  ||                     0.000      1
 46  >=                     0.000      1
 47  !=                     0.000      1

21/02/14 20:34:57 INFO org.apache.sysds.api.DMLScript: END DML run 02/14/2021 20:34:57
real 98,42
user 15,53
sys 1,74
