21/02/14 20:51:25 INFO org.apache.sysds.api.DMLScript: BEGIN DML run 02/14/2021 20:51:25
21/02/14 20:51:25 INFO org.apache.sysds.utils.NativeHelper: Using native blas: mkl
21/02/14 20:51:51 INFO org.apache.sysds.runtime.instructions.cp.ParamservBuiltinCPInstruction: PARAMETER SERVER
21/02/14 20:51:51 INFO org.apache.sysds.runtime.instructions.cp.ParamservBuiltinCPInstruction: [+] Running in federated mode
21/02/14 20:51:51 INFO org.apache.sysds.runtime.instructions.cp.ParamservBuiltinCPInstruction: [+] Update Type: BSP
21/02/14 20:51:51 INFO org.apache.sysds.runtime.instructions.cp.ParamservBuiltinCPInstruction: [+] Frequency: EPOCH
21/02/14 20:51:51 INFO org.apache.sysds.runtime.instructions.cp.ParamservBuiltinCPInstruction: [+] Data Partitioning: KEEP_DATA_ON_WORKER
21/02/14 20:51:51 INFO org.apache.sysds.runtime.instructions.cp.ParamservBuiltinCPInstruction: [+] Runtime Balancing: NONE
21/02/14 20:51:51 INFO org.apache.sysds.runtime.instructions.cp.ParamservBuiltinCPInstruction: [+] Weighing: false
21/02/14 20:51:51 INFO org.apache.sysds.runtime.instructions.cp.ParamservBuiltinCPInstruction: [+] Seed: -1575392120
21/02/14 20:51:51 INFO org.apache.sysds.runtime.controlprogram.paramserv.ParamServer: Setup config for worker Federated worker_0
21/02/14 20:51:51 INFO org.apache.sysds.runtime.controlprogram.paramserv.ParamServer: Batch size: 512 possible batches: 196 batches to run: 196 weighing factor: 1.0010602968831273
21/02/14 20:51:51 INFO org.apache.sysds.runtime.controlprogram.paramserv.ParamServer: Setup config for worker Federated worker_1
21/02/14 20:51:51 INFO org.apache.sysds.runtime.controlprogram.paramserv.ParamServer: Batch size: 512 possible batches: 197 batches to run: 197 weighing factor: 1.00455127435682
21/02/14 20:51:51 INFO org.apache.sysds.runtime.controlprogram.paramserv.ParamServer: Setup config for worker Federated worker_2
21/02/14 20:51:51 INFO org.apache.sysds.runtime.controlprogram.paramserv.ParamServer: Batch size: 512 possible batches: 196 batches to run: 196 weighing factor: 1.0019505461529228
21/02/14 20:51:51 INFO org.apache.sysds.runtime.controlprogram.paramserv.ParamServer: Setup config for worker Federated worker_3
21/02/14 20:51:51 INFO org.apache.sysds.runtime.controlprogram.paramserv.ParamServer: Batch size: 512 possible batches: 196 batches to run: 196 weighing factor: 1.001450406113712
21/02/14 20:51:51 INFO org.apache.sysds.runtime.controlprogram.paramserv.ParamServer: Setup config for worker Federated worker_4
21/02/14 20:51:51 INFO org.apache.sysds.runtime.controlprogram.paramserv.ParamServer: Batch size: 512 possible batches: 195 batches to run: 195 weighing factor: 0.9977493698235506
21/02/14 20:51:51 INFO org.apache.sysds.runtime.controlprogram.paramserv.ParamServer: Setup config for worker Federated worker_5
21/02/14 20:51:51 INFO org.apache.sysds.runtime.controlprogram.paramserv.ParamServer: Batch size: 512 possible batches: 195 batches to run: 195 weighing factor: 0.9971692073780659
21/02/14 20:51:51 INFO org.apache.sysds.runtime.controlprogram.paramserv.ParamServer: Setup config for worker Federated worker_6
21/02/14 20:51:51 INFO org.apache.sysds.runtime.controlprogram.paramserv.ParamServer: Batch size: 512 possible batches: 195 batches to run: 195 weighing factor: 0.9961089104949385
21/02/14 20:51:55 INFO org.apache.sysds.runtime.controlprogram.paramserv.ParamServer: [+] PARAMSERV: completed EPOCH 0
21/02/14 20:51:59 INFO org.apache.sysds.runtime.controlprogram.paramserv.ParamServer: [+] PARAMSERV: completed EPOCH 1
21/02/14 20:52:03 INFO org.apache.sysds.runtime.controlprogram.paramserv.ParamServer: [+] PARAMSERV: completed EPOCH 2
21/02/14 20:52:06 INFO org.apache.sysds.runtime.controlprogram.paramserv.ParamServer: [+] PARAMSERV: completed EPOCH 3
21/02/14 20:52:10 INFO org.apache.sysds.runtime.controlprogram.paramserv.ParamServer: [+] PARAMSERV: completed EPOCH 4
[+] test loss: 1.7194072145847557E-11, test accuracy: 1.7194072145847557E-11

SystemDS Statistics:
Total elapsed time:		45.668 sec.
Total compilation time:		1.236 sec.
Total execution time:		44.432 sec.
Native mkl calls (dense mult/conv/bwdF/bwdD):	0/0/0/0.
Native mkl calls (sparse conv/bwdF/bwdD):	0/0/0.
Native mkl times (dense mult/conv/bwdF/bwdD):	0.000/0.000/0.000/0.000.
Cache hits (Mem/Li/WB/FS/HDFS):	954/0/0/0/0.
Cache writes (Li/WB/FS/HDFS):	2/58/0/0.
Cache times (ACQr/m, RLS, EXP):	0.031/0.010/0.027/0.000 sec.
HOP DAGs recompiled (PRED, SB):	0/9.
HOP DAGs recompile time:	0.034 sec.
Paramserv total execution time:	19.020 secs.
Paramserv total num workers:	7.
Paramserv setup time:		0.300 secs.
PS fed data partitioning time:	0.009 secs.
PS fed comm time (cum):		0.909 secs.
PS fed worker comp time (cum):	119.863 secs.
PS fed grad weigh time (cum):	0.000 secs.
PS fed global model agg time:	0.021 secs.
Paramserv valdiation time:	0.000 secs.
Federated I/O (Read, Put, Get):	14/80/7.
Federated Execute (Inst, UDF):	73/91.
Total JIT compile time:		9.48 sec.
Total JVM GC count:		3.
Total JVM GC time:		0.108 sec.
Heavy hitter instructions:
  #  Instruction          Time(s)  Count
  1  paramserv             19.021      1
  2  fed_transformencode    6.573      1
  3  fed_castdtf            4.646      1
  4  fed_>                  2.089      1
  5  m_scale                1.983      1
  6  fed_<                  1.861      1
  7  fed_-                  1.669      3
  8  m_split                1.504      1
  9  fed_*                  1.461      3
 10  fed_+                  1.277      3
 11  fed_/                  1.203      1
 12  fed_rmempty            1.069      4
 13  fed_||                 0.946      1
 14  fed_uacvar             0.543      1
 15  rand                   0.409      7
 16  fed_uacmean            0.327      2
 17  fed_ba+*               0.306      3
 18  rmvar                  0.170     66
 19  fed_uacsqk+            0.156      1
 20  uark+                  0.144      1
 21  -                      0.095      3
 22  /                      0.090      8
 23  uarmax                 0.065      1
 24  log                    0.064      1
 25  fed_max                0.048      2
 26  fed_uak+               0.046      1
 27  <=                     0.042      2
 28  +                      0.034     10
 29  >                      0.021      1
 30  exp                    0.015      1
 31  sqrt                   0.008     12
 32  *                      0.008      4
 33  -*                     0.004     30
 34  createvar              0.004     96
 35  nvlist                 0.002      1
 36  list                   0.001      6
 37  replace                0.001      2
 38  nrow                   0.001      1
 39  rightIndex             0.001      6
 40  mvvar                  0.000     28
 41  print                  0.000      1
 42  castdtm                0.000      6
 43  cpvar                  0.000      9
 44  ==                     0.000      1
 45  ||                     0.000      1
 46  !=                     0.000      1
 47  >=                     0.000      1

21/02/14 20:52:11 INFO org.apache.sysds.api.DMLScript: END DML run 02/14/2021 20:52:11
real 49.27
user 44.92
sys 1.71
