21/02/14 21:27:11 INFO org.apache.sysds.api.DMLScript: BEGIN DML run 02/14/2021 21:27:11
21/02/14 21:27:11 INFO org.apache.sysds.utils.NativeHelper: Using native blas: mkl
21/02/14 21:27:47 INFO org.apache.sysds.runtime.instructions.cp.ParamservBuiltinCPInstruction: PARAMETER SERVER
21/02/14 21:27:47 INFO org.apache.sysds.runtime.instructions.cp.ParamservBuiltinCPInstruction: [+] Running in federated mode
21/02/14 21:27:47 INFO org.apache.sysds.runtime.instructions.cp.ParamservBuiltinCPInstruction: [+] Update Type: BSP
21/02/14 21:27:47 INFO org.apache.sysds.runtime.instructions.cp.ParamservBuiltinCPInstruction: [+] Frequency: EPOCH
21/02/14 21:27:47 INFO org.apache.sysds.runtime.instructions.cp.ParamservBuiltinCPInstruction: [+] Data Partitioning: KEEP_DATA_ON_WORKER
21/02/14 21:27:47 INFO org.apache.sysds.runtime.instructions.cp.ParamservBuiltinCPInstruction: [+] Runtime Balancing: NONE
21/02/14 21:27:47 INFO org.apache.sysds.runtime.instructions.cp.ParamservBuiltinCPInstruction: [+] Weighing: false
21/02/14 21:27:47 INFO org.apache.sysds.runtime.instructions.cp.ParamservBuiltinCPInstruction: [+] Seed: -1573236268
21/02/14 21:27:47 INFO org.apache.sysds.runtime.controlprogram.paramserv.ParamServer: Setup config for worker Federated worker_0
21/02/14 21:27:47 INFO org.apache.sysds.runtime.controlprogram.paramserv.ParamServer: Batch size: 512 possible batches: 196 batches to run: 196 weighing factor: 1.0010011513240227
21/02/14 21:27:47 INFO org.apache.sysds.runtime.controlprogram.paramserv.ParamServer: Setup config for worker Federated worker_1
21/02/14 21:27:47 INFO org.apache.sysds.runtime.controlprogram.paramserv.ParamServer: Batch size: 512 possible batches: 195 batches to run: 195 weighing factor: 0.9983581118286029
21/02/14 21:27:47 INFO org.apache.sysds.runtime.controlprogram.paramserv.ParamServer: Setup config for worker Federated worker_2
21/02/14 21:27:47 INFO org.apache.sysds.runtime.controlprogram.paramserv.ParamServer: Batch size: 512 possible batches: 195 batches to run: 195 weighing factor: 0.9988186414376533
21/02/14 21:27:47 INFO org.apache.sysds.runtime.controlprogram.paramserv.ParamServer: Setup config for worker Federated worker_3
21/02/14 21:27:47 INFO org.apache.sysds.runtime.controlprogram.paramserv.ParamServer: Batch size: 512 possible batches: 196 batches to run: 196 weighing factor: 1.00045051809581
21/02/14 21:27:47 INFO org.apache.sysds.runtime.controlprogram.paramserv.ParamServer: Setup config for worker Federated worker_4
21/02/14 21:27:47 INFO org.apache.sysds.runtime.controlprogram.paramserv.ParamServer: Batch size: 512 possible batches: 196 batches to run: 196 weighing factor: 0.9998498273013966
21/02/14 21:27:48 INFO org.apache.sysds.runtime.controlprogram.paramserv.ParamServer: Setup config for worker Federated worker_5
21/02/14 21:27:48 INFO org.apache.sysds.runtime.controlprogram.paramserv.ParamServer: Batch size: 512 possible batches: 196 batches to run: 196 weighing factor: 0.9997597236822345
21/02/14 21:27:48 INFO org.apache.sysds.runtime.controlprogram.paramserv.ParamServer: Setup config for worker Federated worker_6
21/02/14 21:27:48 INFO org.apache.sysds.runtime.controlprogram.paramserv.ParamServer: Batch size: 512 possible batches: 196 batches to run: 196 weighing factor: 1.0018220954097212
21/02/14 21:28:00 INFO org.apache.sysds.runtime.controlprogram.paramserv.ParamServer: [+] PARAMSERV: completed EPOCH 0
21/02/14 21:28:13 INFO org.apache.sysds.runtime.controlprogram.paramserv.ParamServer: [+] PARAMSERV: completed EPOCH 1
21/02/14 21:28:26 INFO org.apache.sysds.runtime.controlprogram.paramserv.ParamServer: [+] PARAMSERV: completed EPOCH 2
21/02/14 21:28:39 INFO org.apache.sysds.runtime.controlprogram.paramserv.ParamServer: [+] PARAMSERV: completed EPOCH 3
21/02/14 21:28:52 INFO org.apache.sysds.runtime.controlprogram.paramserv.ParamServer: [+] PARAMSERV: completed EPOCH 4
[+] test loss: 2.3748544866322474E-11, test accuracy: 2.3748544866322474E-11

SystemDS Statistics:
Total elapsed time:		107.851 sec.
Total compilation time:		0.705 sec.
Total execution time:		107.146 sec.
Native mkl calls (dense mult/conv/bwdF/bwdD):	0/0/0/0.
Native mkl calls (sparse conv/bwdF/bwdD):	0/0/0.
Native mkl times (dense mult/conv/bwdF/bwdD):	0.000/0.000/0.000/0.000.
Cache hits (Mem/Li/WB/FS/HDFS):	954/0/0/0/0.
Cache writes (Li/WB/FS/HDFS):	3/106/0/0.
Cache times (ACQr/m, RLS, EXP):	0.015/0.005/0.016/0.000 sec.
HOP DAGs recompiled (PRED, SB):	0/9.
HOP DAGs recompile time:	0.044 sec.
Paramserv total execution time:	65.427 secs.
Paramserv total num workers:	7.
Paramserv setup time:		1.545 secs.
PS fed data partitioning time:	0.004 secs.
PS fed comm time (cum):		56.762 secs.
PS fed worker comp time (cum):	308.348 secs.
PS fed grad weigh time (cum):	0.000 secs.
PS fed global model agg time:	0.028 secs.
Paramserv valdiation time:	0.000 secs.
Federated I/O (Read, Put, Get):	14/80/7.
Federated Execute (Inst, UDF):	73/91.
Total JIT compile time:		11.985 sec.
Total JVM GC count:		4.
Total JVM GC time:		0.046 sec.
Heavy hitter instructions:
  #  Instruction          Time(s)  Count
  1  paramserv             65.429      1
  2  fed_transformencode    8.252      1
  3  m_split                6.251      1
  4  fed_rmempty            6.127      4
  5  fed_castdtf            4.163      1
  6  fed_ba+*               3.445      3
  7  fed_*                  3.151      3
  8  m_scale                2.810      1
  9  fed_<                  2.358      1
 10  fed_-                  2.347      3
 11  fed_+                  2.335      3
 12  fed_>                  2.189      1
 13  fed_||                 1.972      1
 14  fed_uacmean            1.558      2
 15  fed_uacvar             0.971      1
 16  fed_/                  0.803      1
 17  fed_max                0.737      2
 18  fed_uacsqk+            0.379      1
 19  fed_uak+               0.367      1
 20  rmvar                  0.233     66
 21  rand                   0.091      7
 22  +                      0.042     10
 23  >                      0.028      1
 24  -                      0.026      3
 25  /                      0.023      8
 26  <=                     0.022      2
 27  sqrt                   0.015     12
 28  uark+                  0.015      1
 29  uarmax                 0.012      1
 30  log                    0.011      1
 31  -*                     0.006     30
 32  exp                    0.006      1
 33  createvar              0.005     96
 34  *                      0.003      4
 35  nvlist                 0.002      1
 36  rightIndex             0.001      6
 37  replace                0.001      2
 38  list                   0.001      6
 39  print                  0.000      1
 40  castdtm                0.000      6
 41  mvvar                  0.000     28
 42  nrow                   0.000      1
 43  cpvar                  0.000      9
 44  ==                     0.000      1
 45  ||                     0.000      1
 46  !=                     0.000      1
 47  >=                     0.000      1

21/02/14 21:28:59 INFO org.apache.sysds.api.DMLScript: END DML run 02/14/2021 21:28:59
real 111,85
user 28,42
sys 2,29
