
Accuracy:
--sum(ytest) = -57007.419802486365
--sum(yhat) = -10076.500033766466
--AVG_RES_Y: -0.15643431343822048
--SS_AVG_RES_Y: 1.4639817403447932E8
--R2: 0.8433710325271697
SystemDS Statistics:
Total elapsed time:		32.802 sec.
Total compilation time:		0.675 sec.
Total execution time:		32.127 sec.
Native mkl calls (dense mult/conv/bwdF/bwdD):	17/0/0/0.
Native mkl calls (sparse conv/bwdF/bwdD):	0/0/0.
Native mkl times (dense mult/conv/bwdF/bwdD):	0.032/0.000/0.000/0.000.
Cache hits (Mem/Li/WB/FS/HDFS):	169/0/0/0/1.
Cache writes (Li/WB/FS/HDFS):	1/8/0/1.
Cache times (ACQr/m, RLS, EXP):	0.096/0.007/0.004/0.049 sec.
HOP DAGs recompiled (PRED, SB):	0/4.
HOP DAGs recompile time:	0.041 sec.
Functions recompiled:		1.
Functions recompile time:	0.016 sec.
Federated I/O (Read, Put, Get):	7/34/14.
Federated Execute (Inst, UDF):	60/28.
Total JIT compile time:		4.649 sec.
Total JVM GC count:		3.
Total JVM GC time:		0.042 sec.
Heavy hitter instructions:
  #  Instruction          Time(s)  Count
  1  fed_transformencode    6.484      1
  2  fed_castdtf            4.666      1
  3  m_split                3.656      1
  4  fed_rmempty            3.395      2
  5  m_lm                   3.023      1
  6  m_lmCG                 3.023      1
  7  fed_<                  2.867      1
  8  fed_*                  2.425      2
  9  fed_mmchain            2.154      7
 10  m_scale                2.049      1
 11  fed_-                  1.742      2
 12  fed_>                  1.545      1
 13  fed_||                 1.533      1
 14  fed_ba+*               1.217      2
 15  fed_+                  0.935      1
 16  fed_uacvar             0.813      1
 17  fed_/                  0.774      1
 18  fed_uacmean            0.646      2
 19  fed_uacsqk+            0.325      1
 20  rmempty                0.145      2
 21  rmvar                  0.094    141
 22  rand                   0.081      4
 23  write                  0.049      2
 24  tsmm                   0.029      9
 25  uak+                   0.028      3
 26  <=                     0.026      3
 27  +                      0.024     30
 28  rlit                   0.019      1
 29  ba+*                   0.019      8
 30  -                      0.015     15
 31  +*                     0.009     21
 32  >                      0.008      9
 33  createvar              0.005    117
 34  sqrt                   0.004      2
 35  *                      0.003     11
 36  r'                     0.002     10
 37  castdts                0.001     18
 38  mvvar                  0.001     47
 39  replace                0.001      2
 40  /                      0.000     18
 41  cpvar                  0.000     35
 42  assignvar              0.000     20
 43  ==                     0.000     20
 44  print                  0.000      1
 45  nrow                   0.000      1
 46  <                      0.000      8
 47  ^                      0.000      3
 48  &&                     0.000      8
 49  ||                     0.000      5
 50  >=                     0.000      2
 51  ncol                   0.000      1
 52  !=                     0.000      1

real 36,19
user 15,07
sys 1,01
