
Accuracy:
--sum(ytest) = -56607.81184111968
--sum(yhat) = -8515.5619209637
--AVG_RES_Y: -0.16035293306488832
--SS_AVG_RES_Y: 1.4613269161004624E8
--R2: 0.8436546538744988
SystemDS Statistics:
Total elapsed time:		27.081 sec.
Total compilation time:		1.151 sec.
Total execution time:		25.930 sec.
Native mkl calls (dense mult/conv/bwdF/bwdD):	17/0/0/0.
Native mkl calls (sparse conv/bwdF/bwdD):	0/0/0.
Native mkl times (dense mult/conv/bwdF/bwdD):	0.035/0.000/0.000/0.000.
Cache hits (Mem/Li/WB/FS/HDFS):	169/0/0/0/1.
Cache writes (Li/WB/FS/HDFS):	1/8/0/1.
Cache times (ACQr/m, RLS, EXP):	0.103/0.009/0.004/0.112 sec.
HOP DAGs recompiled (PRED, SB):	0/4.
HOP DAGs recompile time:	0.030 sec.
Functions recompiled:		1.
Functions recompile time:	0.026 sec.
Federated I/O (Read, Put, Get):	7/34/14.
Federated Execute (Inst, UDF):	60/28.
Total JIT compile time:		6.866 sec.
Total JVM GC count:		3.
Total JVM GC time:		0.102 sec.
Heavy hitter instructions:
  #  Instruction          Time(s)  Count
  1  fed_transformencode    7.049      1
  2  fed_castdtf            4.428      1
  3  fed_*                  2.480      2
  4  fed_>                  2.402      1
  5  fed_<                  2.023      1
  6  m_scale                1.533      1
  7  fed_+                  1.466      1
  8  m_split                1.427      1
  9  fed_-                  1.104      2
 10  fed_rmempty            0.850      2
 11  fed_||                 0.790      1
 12  fed_/                  0.660      1
 13  fed_uacvar             0.593      1
 14  m_lm                   0.469      1
 15  m_lmCG                 0.468      1
 16  fed_uacmean            0.332      2
 17  fed_mmchain            0.323      7
 18  rand                   0.305      4
 19  rmempty                0.201      2
 20  fed_uacsqk+            0.181      1
 21  fed_ba+*               0.145      2
 22  uak+                   0.143      3
 23  write                  0.113      2
 24  rmvar                  0.109    141
 25  <=                     0.047      3
 26  tsmm                   0.034      9
 27  +                      0.021     30
 28  >                      0.018      9
 29  -                      0.018     15
 30  ba+*                   0.011      8
 31  rlit                   0.010      1
 32  sqrt                   0.008      2
 33  +*                     0.006     21
 34  createvar              0.004    117
 35  *                      0.002     11
 36  r'                     0.002     10
 37  replace                0.001      2
 38  mvvar                  0.001     47
 39  nrow                   0.001      1
 40  castdts                0.000     18
 41  ==                     0.000     20
 42  /                      0.000     18
 43  print                  0.000      1
 44  cpvar                  0.000     35
 45  assignvar              0.000     20
 46  ^                      0.000      3
 47  ||                     0.000      5
 48  <                      0.000      8
 49  &&                     0.000      8
 50  >=                     0.000      2
 51  ncol                   0.000      1
 52  !=                     0.000      1

real 31.02
user 32.68
sys 1.40
