21/02/14 17:18:29 INFO org.apache.sysds.api.DMLScript: BEGIN DML run 02/14/2021 17:18:29
21/02/14 17:18:29 INFO org.apache.sysds.utils.NativeHelper: Using native blas: mkl
21/02/14 17:18:45 INFO org.apache.sysds.runtime.instructions.cp.ParamservBuiltinCPInstruction: PARAMETER SERVER
21/02/14 17:18:45 INFO org.apache.sysds.runtime.instructions.cp.ParamservBuiltinCPInstruction: [+] Running in federated mode
21/02/14 17:18:45 INFO org.apache.sysds.runtime.instructions.cp.ParamservBuiltinCPInstruction: [+] Update Type: BSP
21/02/14 17:18:45 INFO org.apache.sysds.runtime.instructions.cp.ParamservBuiltinCPInstruction: [+] Frequency: EPOCH
21/02/14 17:18:45 INFO org.apache.sysds.runtime.instructions.cp.ParamservBuiltinCPInstruction: [+] Data Partitioning: KEEP_DATA_ON_WORKER
21/02/14 17:18:45 INFO org.apache.sysds.runtime.instructions.cp.ParamservBuiltinCPInstruction: [+] Runtime Balancing: NONE
21/02/14 17:18:45 INFO org.apache.sysds.runtime.instructions.cp.ParamservBuiltinCPInstruction: [+] Weighing: false
21/02/14 17:18:45 INFO org.apache.sysds.runtime.instructions.cp.ParamservBuiltinCPInstruction: [+] Seed: -1588177677
21/02/14 17:18:45 INFO org.apache.sysds.runtime.controlprogram.paramserv.ParamServer: Setup config for worker Federated worker_0
21/02/14 17:18:45 INFO org.apache.sysds.runtime.controlprogram.paramserv.ParamServer: Batch size: 32 possible batches: 4465 batches to run: 4465 weighing factor: 1.000007000007
21/02/14 17:18:45 INFO org.apache.sysds.runtime.controlprogram.paramserv.ParamServer: Setup config for worker Federated worker_1
21/02/14 17:18:45 INFO org.apache.sysds.runtime.controlprogram.paramserv.ParamServer: Batch size: 32 possible batches: 4465 batches to run: 4465 weighing factor: 1.000007000007
21/02/14 17:18:45 INFO org.apache.sysds.runtime.controlprogram.paramserv.ParamServer: Setup config for worker Federated worker_2
21/02/14 17:18:45 INFO org.apache.sysds.runtime.controlprogram.paramserv.ParamServer: Batch size: 32 possible batches: 4465 batches to run: 4465 weighing factor: 1.000007000007
21/02/14 17:18:45 INFO org.apache.sysds.runtime.controlprogram.paramserv.ParamServer: Setup config for worker Federated worker_3
21/02/14 17:18:45 INFO org.apache.sysds.runtime.controlprogram.paramserv.ParamServer: Batch size: 32 possible batches: 4465 batches to run: 4465 weighing factor: 1.000007000007
21/02/14 17:18:46 INFO org.apache.sysds.runtime.controlprogram.paramserv.ParamServer: Setup config for worker Federated worker_4
21/02/14 17:18:46 INFO org.apache.sysds.runtime.controlprogram.paramserv.ParamServer: Batch size: 32 possible batches: 4465 batches to run: 4465 weighing factor: 1.000007000007
21/02/14 17:18:46 INFO org.apache.sysds.runtime.controlprogram.paramserv.ParamServer: Setup config for worker Federated worker_5
21/02/14 17:18:46 INFO org.apache.sysds.runtime.controlprogram.paramserv.ParamServer: Batch size: 32 possible batches: 4465 batches to run: 4465 weighing factor: 1.000007000007
21/02/14 17:18:46 INFO org.apache.sysds.runtime.controlprogram.paramserv.ParamServer: Setup config for worker Federated worker_6
21/02/14 17:18:46 INFO org.apache.sysds.runtime.controlprogram.paramserv.ParamServer: Batch size: 32 possible batches: 4465 batches to run: 4465 weighing factor: 0.999964999965
21/02/14 17:18:54 INFO org.apache.sysds.runtime.controlprogram.paramserv.ParamServer: [+] PARAMSERV: completed EPOCH 0
21/02/14 17:19:00 INFO org.apache.sysds.runtime.controlprogram.paramserv.ParamServer: [+] PARAMSERV: completed EPOCH 1
21/02/14 17:19:06 INFO org.apache.sysds.runtime.controlprogram.paramserv.ParamServer: [+] PARAMSERV: completed EPOCH 2
21/02/14 17:19:11 INFO org.apache.sysds.runtime.controlprogram.paramserv.ParamServer: [+] PARAMSERV: completed EPOCH 3
21/02/14 17:19:17 INFO org.apache.sysds.runtime.controlprogram.paramserv.ParamServer: [+] PARAMSERV: completed EPOCH 4
21/02/14 17:19:29 WARN org.apache.sysds.runtime.matrix.data.LibMatrixNative: matrixMult: Native mat mult failed. Falling back to java version (loaded=true, sparse=false)
[+] test loss: 1.4872586632199265E-11, test accuracy: 1.4872586632199265E-11

SystemDS Statistics:
Total elapsed time:		60.999 sec.
Total compilation time:		1.234 sec.
Total execution time:		59.764 sec.
Native mkl calls (dense mult/conv/bwdF/bwdD):	2/0/0/0.
Native mkl calls (sparse conv/bwdF/bwdD):	0/0/0.
Native mkl times (dense mult/conv/bwdF/bwdD):	3.116/0.000/0.000/0.000.
Cache hits (Mem/Li/WB/FS/HDFS):	943/0/0/0/2.
Cache writes (Li/WB/FS/HDFS):	1/66/0/0.
Cache times (ACQr/m, RLS, EXP):	4.156/0.002/0.021/0.000 sec.
HOP DAGs recompiled (PRED, SB):	0/6.
HOP DAGs recompile time:	0.030 sec.
Paramserv total execution time:	31.508 secs.
Paramserv total num workers:	7.
Paramserv setup time:		0.567 secs.
PS fed data partitioning time:	0.030 secs.
PS fed comm time (cum):		2.811 secs.
PS fed worker comp time (cum):	199.519 secs.
PS fed grad weigh time (cum):	0.000 secs.
PS fed global model agg time:	0.026 secs.
Paramserv valdiation time:	0.000 secs.
Federated I/O (Read, Put, Get):	14/37/4.
Federated Execute (Inst, UDF):	14/49.
Total JIT compile time:		9.245 sec.
Total JVM GC count:		4.
Total JVM GC time:		1.89 sec.
Heavy hitter instructions:
  #  Instruction  Time(s)  Count
  1  paramserv     31.509      1
  2  -              7.001      5
  3  +              5.964     10
  4  ba+*           4.293      3
  5  fed_uamin      3.286      2
  6  /              3.168      8
  7  max            2.139      2
  8  fed_-          0.699      1
  9  fed_/          0.618      1
 10  fed_uamax      0.283      2
 11  uark+          0.242      1
 12  *              0.236      4
 13  log            0.136      1
 14  uarmax         0.092      1
 15  rand           0.051      6
 16  rmvar          0.026     47
 17  exp            0.013      1
 18  -*             0.005     30
 19  uak+           0.005      1
 20  createvar      0.002     71
 21  nvlist         0.002      1
 22  sqrt           0.001     10
 23  list           0.001      6
 24  rightIndex     0.001      6
 25  mvvar          0.000     22
 26  print          0.000      1
 27  castdtm        0.000      6
 28  ==             0.000      1

21/02/14 17:19:30 INFO org.apache.sysds.api.DMLScript: END DML run 02/14/2021 17:19:30
real 66.86
user 199.48
sys 19.03
