21/02/14 17:24:56 INFO org.apache.sysds.api.DMLScript: BEGIN DML run 02/14/2021 17:24:56
21/02/14 17:24:56 INFO org.apache.sysds.utils.NativeHelper: Using native blas: mkl
21/02/14 17:25:13 INFO org.apache.sysds.runtime.instructions.cp.ParamservBuiltinCPInstruction: PARAMETER SERVER
21/02/14 17:25:13 INFO org.apache.sysds.runtime.instructions.cp.ParamservBuiltinCPInstruction: [+] Running in federated mode
21/02/14 17:25:13 INFO org.apache.sysds.runtime.instructions.cp.ParamservBuiltinCPInstruction: [+] Update Type: BSP
21/02/14 17:25:13 INFO org.apache.sysds.runtime.instructions.cp.ParamservBuiltinCPInstruction: [+] Frequency: EPOCH
21/02/14 17:25:13 INFO org.apache.sysds.runtime.instructions.cp.ParamservBuiltinCPInstruction: [+] Data Partitioning: KEEP_DATA_ON_WORKER
21/02/14 17:25:13 INFO org.apache.sysds.runtime.instructions.cp.ParamservBuiltinCPInstruction: [+] Runtime Balancing: NONE
21/02/14 17:25:13 INFO org.apache.sysds.runtime.instructions.cp.ParamservBuiltinCPInstruction: [+] Weighing: false
21/02/14 17:25:13 INFO org.apache.sysds.runtime.instructions.cp.ParamservBuiltinCPInstruction: [+] Seed: -1587790186
21/02/14 17:25:13 INFO org.apache.sysds.runtime.controlprogram.paramserv.ParamServer: Setup config for worker Federated worker_0
21/02/14 17:25:13 INFO org.apache.sysds.runtime.controlprogram.paramserv.ParamServer: Batch size: 128 possible batches: 1117 batches to run: 1117 weighing factor: 1.000007000007
21/02/14 17:25:13 INFO org.apache.sysds.runtime.controlprogram.paramserv.ParamServer: Setup config for worker Federated worker_1
21/02/14 17:25:13 INFO org.apache.sysds.runtime.controlprogram.paramserv.ParamServer: Batch size: 128 possible batches: 1117 batches to run: 1117 weighing factor: 1.000007000007
21/02/14 17:25:13 INFO org.apache.sysds.runtime.controlprogram.paramserv.ParamServer: Setup config for worker Federated worker_2
21/02/14 17:25:13 INFO org.apache.sysds.runtime.controlprogram.paramserv.ParamServer: Batch size: 128 possible batches: 1117 batches to run: 1117 weighing factor: 1.000007000007
21/02/14 17:25:13 INFO org.apache.sysds.runtime.controlprogram.paramserv.ParamServer: Setup config for worker Federated worker_3
21/02/14 17:25:13 INFO org.apache.sysds.runtime.controlprogram.paramserv.ParamServer: Batch size: 128 possible batches: 1117 batches to run: 1117 weighing factor: 1.000007000007
21/02/14 17:25:13 INFO org.apache.sysds.runtime.controlprogram.paramserv.ParamServer: Setup config for worker Federated worker_4
21/02/14 17:25:13 INFO org.apache.sysds.runtime.controlprogram.paramserv.ParamServer: Batch size: 128 possible batches: 1117 batches to run: 1117 weighing factor: 1.000007000007
21/02/14 17:25:13 INFO org.apache.sysds.runtime.controlprogram.paramserv.ParamServer: Setup config for worker Federated worker_5
21/02/14 17:25:13 INFO org.apache.sysds.runtime.controlprogram.paramserv.ParamServer: Batch size: 128 possible batches: 1117 batches to run: 1117 weighing factor: 0.999964999965
21/02/14 17:25:13 INFO org.apache.sysds.runtime.controlprogram.paramserv.ParamServer: Setup config for worker Federated worker_6
21/02/14 17:25:13 INFO org.apache.sysds.runtime.controlprogram.paramserv.ParamServer: Batch size: 128 possible batches: 1117 batches to run: 1117 weighing factor: 1.000007000007
21/02/14 17:25:21 INFO org.apache.sysds.runtime.controlprogram.paramserv.ParamServer: [+] PARAMSERV: completed EPOCH 0
21/02/14 17:25:27 INFO org.apache.sysds.runtime.controlprogram.paramserv.ParamServer: [+] PARAMSERV: completed EPOCH 1
21/02/14 17:25:32 INFO org.apache.sysds.runtime.controlprogram.paramserv.ParamServer: [+] PARAMSERV: completed EPOCH 2
21/02/14 17:25:37 INFO org.apache.sysds.runtime.controlprogram.paramserv.ParamServer: [+] PARAMSERV: completed EPOCH 3
21/02/14 17:25:41 INFO org.apache.sysds.runtime.controlprogram.paramserv.ParamServer: [+] PARAMSERV: completed EPOCH 4
21/02/14 17:25:53 WARN org.apache.sysds.runtime.matrix.data.LibMatrixNative: matrixMult: Native mat mult failed. Falling back to java version (loaded=true, sparse=false)
[+] test loss: 1.4872586632199265E-11, test accuracy: 1.4872586632199265E-11

SystemDS Statistics:
Total elapsed time:		57.969 sec.
Total compilation time:		1.237 sec.
Total execution time:		56.732 sec.
Native mkl calls (dense mult/conv/bwdF/bwdD):	2/0/0/0.
Native mkl calls (sparse conv/bwdF/bwdD):	0/0/0.
Native mkl times (dense mult/conv/bwdF/bwdD):	2.941/0.000/0.000/0.000.
Cache hits (Mem/Li/WB/FS/HDFS):	943/0/0/0/2.
Cache writes (Li/WB/FS/HDFS):	1/66/0/0.
Cache times (ACQr/m, RLS, EXP):	4.191/0.002/0.024/0.000 sec.
HOP DAGs recompiled (PRED, SB):	0/6.
HOP DAGs recompile time:	0.032 sec.
Paramserv total execution time:	28.557 secs.
Paramserv total num workers:	7.
Paramserv setup time:		0.648 secs.
PS fed data partitioning time:	0.031 secs.
PS fed comm time (cum):		2.372 secs.
PS fed worker comp time (cum):	179.766 secs.
PS fed grad weigh time (cum):	0.000 secs.
PS fed global model agg time:	0.029 secs.
Paramserv valdiation time:	0.000 secs.
Federated I/O (Read, Put, Get):	14/37/4.
Federated Execute (Inst, UDF):	14/49.
Total JIT compile time:		9.203 sec.
Total JVM GC count:		4.
Total JVM GC time:		1.578 sec.
Heavy hitter instructions:
  #  Instruction  Time(s)  Count
  1  paramserv     28.558      1
  2  -              7.403      5
  3  +              5.578     10
  4  ba+*           4.132      3
  5  fed_uamin      3.377      2
  6  /              3.172      8
  7  max            2.106      2
  8  fed_-          0.725      1
  9  fed_/          0.681      1
 10  fed_uamax      0.264      2
 11  *              0.248      4
 12  uark+          0.228      1
 13  uarmax         0.100      1
 14  log            0.080      1
 15  rand           0.032      6
 16  rmvar          0.025     47
 17  exp            0.014      1
 18  uak+           0.005      1
 19  -*             0.005     30
 20  createvar      0.003     71
 21  list           0.002      6
 22  nvlist         0.002      1
 23  sqrt           0.001     10
 24  rightIndex     0.001      6
 25  mvvar          0.000     22
 26  print          0.000      1
 27  castdtm        0.000      6
 28  ==             0.000      1

21/02/14 17:25:54 INFO org.apache.sysds.api.DMLScript: END DML run 02/14/2021 17:25:54
real 63.84
user 192.71
sys 19.35
