21/03/29 11:22:46 INFO org.apache.sysds.api.DMLScript: BEGIN DML run 03/29/2021 11:22:46
21/03/29 11:22:46 INFO org.apache.sysds.utils.NativeHelper: Using native blas: mkl
21/03/29 11:23:04 INFO org.apache.sysds.runtime.instructions.cp.ParamservBuiltinCPInstruction: PARAMETER SERVER
21/03/29 11:23:04 INFO org.apache.sysds.runtime.instructions.cp.ParamservBuiltinCPInstruction: [+] Running in federated mode
21/03/29 11:23:04 INFO org.apache.sysds.runtime.instructions.cp.ParamservBuiltinCPInstruction: [+] Update Type: BSP
21/03/29 11:23:04 INFO org.apache.sysds.runtime.instructions.cp.ParamservBuiltinCPInstruction: [+] Frequency: EPOCH
21/03/29 11:23:04 INFO org.apache.sysds.runtime.instructions.cp.ParamservBuiltinCPInstruction: [+] Data Partitioning: KEEP_DATA_ON_WORKER
21/03/29 11:23:04 INFO org.apache.sysds.runtime.instructions.cp.ParamservBuiltinCPInstruction: [+] Runtime Balancing: NONE
21/03/29 11:23:04 INFO org.apache.sysds.runtime.instructions.cp.ParamservBuiltinCPInstruction: [+] Weighting: false
21/03/29 11:23:04 INFO org.apache.sysds.runtime.instructions.cp.ParamservBuiltinCPInstruction: [+] Seed: 2102081047
21/03/29 11:23:04 INFO org.apache.sysds.runtime.controlprogram.paramserv.ParamServer: Setup config for worker Federated worker_0
21/03/29 11:23:04 INFO org.apache.sysds.runtime.controlprogram.paramserv.ParamServer: Batch size: 512 possible batches: 280 batches to run: 280 weighting factor: 1.000007000007
21/03/29 11:23:04 INFO org.apache.sysds.runtime.controlprogram.paramserv.ParamServer: Setup config for worker Federated worker_1
21/03/29 11:23:04 INFO org.apache.sysds.runtime.controlprogram.paramserv.ParamServer: Batch size: 512 possible batches: 280 batches to run: 280 weighting factor: 1.000007000007
21/03/29 11:23:04 INFO org.apache.sysds.runtime.controlprogram.paramserv.ParamServer: Setup config for worker Federated worker_2
21/03/29 11:23:04 INFO org.apache.sysds.runtime.controlprogram.paramserv.ParamServer: Batch size: 512 possible batches: 280 batches to run: 280 weighting factor: 1.000007000007
21/03/29 11:23:04 INFO org.apache.sysds.runtime.controlprogram.paramserv.ParamServer: Setup config for worker Federated worker_3
21/03/29 11:23:04 INFO org.apache.sysds.runtime.controlprogram.paramserv.ParamServer: Batch size: 512 possible batches: 280 batches to run: 280 weighting factor: 1.000007000007
21/03/29 11:23:04 INFO org.apache.sysds.runtime.controlprogram.paramserv.ParamServer: Setup config for worker Federated worker_4
21/03/29 11:23:04 INFO org.apache.sysds.runtime.controlprogram.paramserv.ParamServer: Batch size: 512 possible batches: 280 batches to run: 280 weighting factor: 1.000007000007
21/03/29 11:23:04 INFO org.apache.sysds.runtime.controlprogram.paramserv.ParamServer: Setup config for worker Federated worker_5
21/03/29 11:23:04 INFO org.apache.sysds.runtime.controlprogram.paramserv.ParamServer: Batch size: 512 possible batches: 280 batches to run: 280 weighting factor: 1.000007000007
21/03/29 11:23:04 INFO org.apache.sysds.runtime.controlprogram.paramserv.ParamServer: Setup config for worker Federated worker_6
21/03/29 11:23:04 INFO org.apache.sysds.runtime.controlprogram.paramserv.ParamServer: Batch size: 512 possible batches: 280 batches to run: 280 weighting factor: 0.999964999965
21/03/29 11:23:11 INFO org.apache.sysds.runtime.controlprogram.paramserv.ParamServer: [+] PARAMSERV: completed EPOCH 0
21/03/29 11:23:11 INFO org.apache.sysds.runtime.controlprogram.paramserv.ParamServer: [+] PARAMSERV: epoch timer: 7.419 secs.
21/03/29 11:23:17 INFO org.apache.sysds.runtime.controlprogram.paramserv.ParamServer: [+] PARAMSERV: completed EPOCH 1
21/03/29 11:23:17 INFO org.apache.sysds.runtime.controlprogram.paramserv.ParamServer: [+] PARAMSERV: epoch timer: 12.818 secs.
21/03/29 11:23:22 INFO org.apache.sysds.runtime.controlprogram.paramserv.ParamServer: [+] PARAMSERV: completed EPOCH 2
21/03/29 11:23:22 INFO org.apache.sysds.runtime.controlprogram.paramserv.ParamServer: [+] PARAMSERV: epoch timer: 18.036 secs.
21/03/29 11:23:27 INFO org.apache.sysds.runtime.controlprogram.paramserv.ParamServer: [+] PARAMSERV: completed EPOCH 3
21/03/29 11:23:27 INFO org.apache.sysds.runtime.controlprogram.paramserv.ParamServer: [+] PARAMSERV: epoch timer: 22.977 secs.
21/03/29 11:23:31 INFO org.apache.sysds.runtime.controlprogram.paramserv.ParamServer: [+] PARAMSERV: completed EPOCH 4
21/03/29 11:23:31 INFO org.apache.sysds.runtime.controlprogram.paramserv.ParamServer: [+] PARAMSERV: epoch timer: 27.631 secs.
[+] test loss: 1.4872586632199265E-11, test accuracy: 1.4872586632199265E-11

SystemDS Statistics:
Total elapsed time:		56.448 sec.
Total compilation time:		1.063 sec.
Total execution time:		55.386 sec.
Native mkl calls (dense mult/conv/bwdF/bwdD):	2/0/0/0.
Native mkl calls (sparse conv/bwdF/bwdD):	0/0/0.
Native mkl times (dense mult/conv/bwdF/bwdD):	2.811/0.000/0.000/0.000.
Cache hits (Mem/Li/WB/FS/HDFS):	943/0/0/0/2.
Cache writes (Li/WB/FS/HDFS):	1/66/0/0.
Cache times (ACQr/m, RLS, EXP):	4.032/0.002/0.024/0.000 sec.
HOP DAGs recompiled (PRED, SB):	0/6.
HOP DAGs recompile time:	0.033 sec.
Paramserv total execution time:	27.636 secs.
Paramserv total num workers:	7.
Paramserv setup time:		0.245 secs.
PS fed data partitioning time:	0.031 secs.
PS fed comm time (cum):		1.848 secs.
PS fed worker comp time (cum):	168.898 secs.
PS fed grad. weigh. time (cum):	0.000 secs.
PS fed global model agg time:	0.028 secs.
Paramserv valdiation time:	0.000 secs.
Federated I/O (Read, Put, Get):	14/37/4.
Federated Execute (Inst, UDF):	14/49.
Total JIT compile time:		6.831 sec.
Total JVM GC count:		4.
Total JVM GC time:		1.658 sec.
Heavy hitter instructions:
  #  Instruction  Time(s)  Count
  1  paramserv     27.641      1
  2  -              7.290      5
  3  +              4.912     10
  4  ba+*           3.924      3
  5  /              3.165      8
  6  fed_uamin      3.000      2
  7  fed_-          1.878      1
  8  max            1.719      2
  9  fed_/          0.943      1
 10  uark+          0.240      1
 11  fed_uamax      0.213      2
 12  *              0.133      4
 13  log            0.131      1
 14  uarmax         0.102      1
 15  rand           0.045      6
 16  rmvar          0.024     47
 17  exp            0.012      1
 18  uak+           0.005      1
 19  -*             0.005     30
 20  createvar      0.003     71
 21  nvlist         0.002      1
 22  list           0.001      6
 23  sqrt           0.001     10
 24  rightIndex     0.001      6
 25  mvvar          0.000     22
 26  print          0.000      1
 27  castdtm        0.000      6
 28  ==             0.000      1

21/03/29 11:23:43 INFO org.apache.sysds.api.DMLScript: END DML run 03/29/2021 11:23:43
real 62.20
user 212.93
sys 17.85
21/03/29 11:23:49 INFO org.apache.sysds.api.DMLScript: BEGIN DML run 03/29/2021 11:23:49
21/03/29 11:23:49 INFO org.apache.sysds.utils.NativeHelper: Using native blas: mkl
21/03/29 11:24:04 INFO org.apache.sysds.runtime.instructions.cp.ParamservBuiltinCPInstruction: PARAMETER SERVER
21/03/29 11:24:04 INFO org.apache.sysds.runtime.instructions.cp.ParamservBuiltinCPInstruction: [+] Running in federated mode
21/03/29 11:24:04 INFO org.apache.sysds.runtime.instructions.cp.ParamservBuiltinCPInstruction: [+] Update Type: BSP
21/03/29 11:24:04 INFO org.apache.sysds.runtime.instructions.cp.ParamservBuiltinCPInstruction: [+] Frequency: EPOCH
21/03/29 11:24:04 INFO org.apache.sysds.runtime.instructions.cp.ParamservBuiltinCPInstruction: [+] Data Partitioning: KEEP_DATA_ON_WORKER
21/03/29 11:24:04 INFO org.apache.sysds.runtime.instructions.cp.ParamservBuiltinCPInstruction: [+] Runtime Balancing: NONE
21/03/29 11:24:04 INFO org.apache.sysds.runtime.instructions.cp.ParamservBuiltinCPInstruction: [+] Weighting: false
21/03/29 11:24:04 INFO org.apache.sysds.runtime.instructions.cp.ParamservBuiltinCPInstruction: [+] Seed: 2102140792
21/03/29 11:24:04 INFO org.apache.sysds.runtime.controlprogram.paramserv.ParamServer: Setup config for worker Federated worker_0
21/03/29 11:24:04 INFO org.apache.sysds.runtime.controlprogram.paramserv.ParamServer: Batch size: 512 possible batches: 280 batches to run: 280 weighting factor: 1.000007000007
21/03/29 11:24:04 INFO org.apache.sysds.runtime.controlprogram.paramserv.ParamServer: Setup config for worker Federated worker_1
21/03/29 11:24:04 INFO org.apache.sysds.runtime.controlprogram.paramserv.ParamServer: Batch size: 512 possible batches: 280 batches to run: 280 weighting factor: 1.000007000007
21/03/29 11:24:04 INFO org.apache.sysds.runtime.controlprogram.paramserv.ParamServer: Setup config for worker Federated worker_2
21/03/29 11:24:04 INFO org.apache.sysds.runtime.controlprogram.paramserv.ParamServer: Batch size: 512 possible batches: 280 batches to run: 280 weighting factor: 1.000007000007
21/03/29 11:24:04 INFO org.apache.sysds.runtime.controlprogram.paramserv.ParamServer: Setup config for worker Federated worker_3
21/03/29 11:24:04 INFO org.apache.sysds.runtime.controlprogram.paramserv.ParamServer: Batch size: 512 possible batches: 280 batches to run: 280 weighting factor: 1.000007000007
21/03/29 11:24:04 INFO org.apache.sysds.runtime.controlprogram.paramserv.ParamServer: Setup config for worker Federated worker_4
21/03/29 11:24:04 INFO org.apache.sysds.runtime.controlprogram.paramserv.ParamServer: Batch size: 512 possible batches: 280 batches to run: 280 weighting factor: 1.000007000007
21/03/29 11:24:04 INFO org.apache.sysds.runtime.controlprogram.paramserv.ParamServer: Setup config for worker Federated worker_5
21/03/29 11:24:04 INFO org.apache.sysds.runtime.controlprogram.paramserv.ParamServer: Batch size: 512 possible batches: 280 batches to run: 280 weighting factor: 1.000007000007
21/03/29 11:24:04 INFO org.apache.sysds.runtime.controlprogram.paramserv.ParamServer: Setup config for worker Federated worker_6
21/03/29 11:24:04 INFO org.apache.sysds.runtime.controlprogram.paramserv.ParamServer: Batch size: 512 possible batches: 280 batches to run: 280 weighting factor: 0.999964999965
21/03/29 11:24:10 INFO org.apache.sysds.runtime.controlprogram.paramserv.ParamServer: [+] PARAMSERV: completed EPOCH 0
21/03/29 11:24:10 INFO org.apache.sysds.runtime.controlprogram.paramserv.ParamServer: [+] PARAMSERV: epoch timer: 6.049 secs.
21/03/29 11:24:15 INFO org.apache.sysds.runtime.controlprogram.paramserv.ParamServer: [+] PARAMSERV: completed EPOCH 1
21/03/29 11:24:15 INFO org.apache.sysds.runtime.controlprogram.paramserv.ParamServer: [+] PARAMSERV: epoch timer: 11.258 secs.
21/03/29 11:24:20 INFO org.apache.sysds.runtime.controlprogram.paramserv.ParamServer: [+] PARAMSERV: completed EPOCH 2
21/03/29 11:24:20 INFO org.apache.sysds.runtime.controlprogram.paramserv.ParamServer: [+] PARAMSERV: epoch timer: 16.053 secs.
21/03/29 11:24:24 INFO org.apache.sysds.runtime.controlprogram.paramserv.ParamServer: [+] PARAMSERV: completed EPOCH 3
21/03/29 11:24:24 INFO org.apache.sysds.runtime.controlprogram.paramserv.ParamServer: [+] PARAMSERV: epoch timer: 20.746 secs.
21/03/29 11:24:29 INFO org.apache.sysds.runtime.controlprogram.paramserv.ParamServer: [+] PARAMSERV: completed EPOCH 4
21/03/29 11:24:29 INFO org.apache.sysds.runtime.controlprogram.paramserv.ParamServer: [+] PARAMSERV: epoch timer: 25.234 secs.
[+] test loss: 1.4872586632199265E-11, test accuracy: 1.4872586632199265E-11

SystemDS Statistics:
Total elapsed time:		51.483 sec.
Total compilation time:		1.081 sec.
Total execution time:		50.402 sec.
Native mkl calls (dense mult/conv/bwdF/bwdD):	2/0/0/0.
Native mkl calls (sparse conv/bwdF/bwdD):	0/0/0.
Native mkl times (dense mult/conv/bwdF/bwdD):	2.855/0.000/0.000/0.000.
Cache hits (Mem/Li/WB/FS/HDFS):	943/0/0/0/2.
Cache writes (Li/WB/FS/HDFS):	1/66/0/0.
Cache times (ACQr/m, RLS, EXP):	3.966/0.003/0.022/0.000 sec.
HOP DAGs recompiled (PRED, SB):	0/6.
HOP DAGs recompile time:	0.033 sec.
Paramserv total execution time:	25.239 secs.
Paramserv total num workers:	7.
Paramserv setup time:		0.198 secs.
PS fed data partitioning time:	0.031 secs.
PS fed comm time (cum):		1.810 secs.
PS fed worker comp time (cum):	163.109 secs.
PS fed grad. weigh. time (cum):	0.000 secs.
PS fed global model agg time:	0.027 secs.
Paramserv valdiation time:	0.000 secs.
Federated I/O (Read, Put, Get):	14/37/4.
Federated Execute (Inst, UDF):	14/49.
Total JIT compile time:		6.753 sec.
Total JVM GC count:		4.
Total JVM GC time:		1.698 sec.
Heavy hitter instructions:
  #  Instruction  Time(s)  Count
  1  paramserv     25.243      1
  2  -              6.617      5
  3  +              4.966     10
  4  ba+*           3.934      3
  5  /              2.923      8
  6  fed_-          2.134      1
  7  max            1.671      2
  8  fed_uamin      1.118      2
  9  fed_/          0.985      1
 10  *              0.206      4
 11  fed_uamax      0.192      2
 12  log            0.118      1
 13  uarmax         0.100      1
 14  uark+          0.097      1
 15  rand           0.048      6
 16  rmvar          0.028     47
 17  exp            0.009      1
 18  uak+           0.004      1
 19  -*             0.004     30
 20  createvar      0.003     71
 21  nvlist         0.002      1
 22  list           0.001      6
 23  sqrt           0.001     10
 24  rightIndex     0.001      6
 25  mvvar          0.000     22
 26  print          0.000      1
 27  castdtm        0.000      6
 28  ==             0.000      1

21/03/29 11:24:40 INFO org.apache.sysds.api.DMLScript: END DML run 03/29/2021 11:24:40
real 57.25
user 190.61
sys 17.77
21/03/29 11:24:46 INFO org.apache.sysds.api.DMLScript: BEGIN DML run 03/29/2021 11:24:46
21/03/29 11:24:46 INFO org.apache.sysds.utils.NativeHelper: Using native blas: mkl
21/03/29 11:25:02 INFO org.apache.sysds.runtime.instructions.cp.ParamservBuiltinCPInstruction: PARAMETER SERVER
21/03/29 11:25:02 INFO org.apache.sysds.runtime.instructions.cp.ParamservBuiltinCPInstruction: [+] Running in federated mode
21/03/29 11:25:02 INFO org.apache.sysds.runtime.instructions.cp.ParamservBuiltinCPInstruction: [+] Update Type: BSP
21/03/29 11:25:02 INFO org.apache.sysds.runtime.instructions.cp.ParamservBuiltinCPInstruction: [+] Frequency: EPOCH
21/03/29 11:25:02 INFO org.apache.sysds.runtime.instructions.cp.ParamservBuiltinCPInstruction: [+] Data Partitioning: KEEP_DATA_ON_WORKER
21/03/29 11:25:02 INFO org.apache.sysds.runtime.instructions.cp.ParamservBuiltinCPInstruction: [+] Runtime Balancing: NONE
21/03/29 11:25:02 INFO org.apache.sysds.runtime.instructions.cp.ParamservBuiltinCPInstruction: [+] Weighting: false
21/03/29 11:25:02 INFO org.apache.sysds.runtime.instructions.cp.ParamservBuiltinCPInstruction: [+] Seed: 2102199287
21/03/29 11:25:02 INFO org.apache.sysds.runtime.controlprogram.paramserv.ParamServer: Setup config for worker Federated worker_0
21/03/29 11:25:02 INFO org.apache.sysds.runtime.controlprogram.paramserv.ParamServer: Batch size: 512 possible batches: 280 batches to run: 280 weighting factor: 1.000007000007
21/03/29 11:25:02 INFO org.apache.sysds.runtime.controlprogram.paramserv.ParamServer: Setup config for worker Federated worker_1
21/03/29 11:25:02 INFO org.apache.sysds.runtime.controlprogram.paramserv.ParamServer: Batch size: 512 possible batches: 280 batches to run: 280 weighting factor: 1.000007000007
21/03/29 11:25:02 INFO org.apache.sysds.runtime.controlprogram.paramserv.ParamServer: Setup config for worker Federated worker_2
21/03/29 11:25:02 INFO org.apache.sysds.runtime.controlprogram.paramserv.ParamServer: Batch size: 512 possible batches: 280 batches to run: 280 weighting factor: 1.000007000007
21/03/29 11:25:02 INFO org.apache.sysds.runtime.controlprogram.paramserv.ParamServer: Setup config for worker Federated worker_3
21/03/29 11:25:02 INFO org.apache.sysds.runtime.controlprogram.paramserv.ParamServer: Batch size: 512 possible batches: 280 batches to run: 280 weighting factor: 1.000007000007
21/03/29 11:25:02 INFO org.apache.sysds.runtime.controlprogram.paramserv.ParamServer: Setup config for worker Federated worker_4
21/03/29 11:25:02 INFO org.apache.sysds.runtime.controlprogram.paramserv.ParamServer: Batch size: 512 possible batches: 280 batches to run: 280 weighting factor: 1.000007000007
21/03/29 11:25:02 INFO org.apache.sysds.runtime.controlprogram.paramserv.ParamServer: Setup config for worker Federated worker_5
21/03/29 11:25:02 INFO org.apache.sysds.runtime.controlprogram.paramserv.ParamServer: Batch size: 512 possible batches: 280 batches to run: 280 weighting factor: 0.999964999965
21/03/29 11:25:02 INFO org.apache.sysds.runtime.controlprogram.paramserv.ParamServer: Setup config for worker Federated worker_6
21/03/29 11:25:02 INFO org.apache.sysds.runtime.controlprogram.paramserv.ParamServer: Batch size: 512 possible batches: 280 batches to run: 280 weighting factor: 1.000007000007
21/03/29 11:25:08 INFO org.apache.sysds.runtime.controlprogram.paramserv.ParamServer: [+] PARAMSERV: completed EPOCH 0
21/03/29 11:25:08 INFO org.apache.sysds.runtime.controlprogram.paramserv.ParamServer: [+] PARAMSERV: epoch timer: 5.976 secs.
21/03/29 11:25:13 INFO org.apache.sysds.runtime.controlprogram.paramserv.ParamServer: [+] PARAMSERV: completed EPOCH 1
21/03/29 11:25:13 INFO org.apache.sysds.runtime.controlprogram.paramserv.ParamServer: [+] PARAMSERV: epoch timer: 11.102 secs.
21/03/29 11:25:18 INFO org.apache.sysds.runtime.controlprogram.paramserv.ParamServer: [+] PARAMSERV: completed EPOCH 2
21/03/29 11:25:18 INFO org.apache.sysds.runtime.controlprogram.paramserv.ParamServer: [+] PARAMSERV: epoch timer: 16.357 secs.
21/03/29 11:25:23 INFO org.apache.sysds.runtime.controlprogram.paramserv.ParamServer: [+] PARAMSERV: completed EPOCH 3
21/03/29 11:25:23 INFO org.apache.sysds.runtime.controlprogram.paramserv.ParamServer: [+] PARAMSERV: epoch timer: 21.239 secs.
21/03/29 11:25:28 INFO org.apache.sysds.runtime.controlprogram.paramserv.ParamServer: [+] PARAMSERV: completed EPOCH 4
21/03/29 11:25:28 INFO org.apache.sysds.runtime.controlprogram.paramserv.ParamServer: [+] PARAMSERV: epoch timer: 26.093 secs.
[+] test loss: 1.4872586632199265E-11, test accuracy: 1.4872586632199265E-11

SystemDS Statistics:
Total elapsed time:		54.093 sec.
Total compilation time:		1.063 sec.
Total execution time:		53.030 sec.
Native mkl calls (dense mult/conv/bwdF/bwdD):	2/0/0/0.
Native mkl calls (sparse conv/bwdF/bwdD):	0/0/0.
Native mkl times (dense mult/conv/bwdF/bwdD):	3.233/0.000/0.000/0.000.
Cache hits (Mem/Li/WB/FS/HDFS):	943/0/0/0/2.
Cache writes (Li/WB/FS/HDFS):	1/66/0/0.
Cache times (ACQr/m, RLS, EXP):	4.001/0.002/0.022/0.000 sec.
HOP DAGs recompiled (PRED, SB):	0/6.
HOP DAGs recompile time:	0.035 sec.
Paramserv total execution time:	26.098 secs.
Paramserv total num workers:	7.
Paramserv setup time:		0.200 secs.
PS fed data partitioning time:	0.029 secs.
PS fed comm time (cum):		1.994 secs.
PS fed worker comp time (cum):	165.049 secs.
PS fed grad. weigh. time (cum):	0.000 secs.
PS fed global model agg time:	0.030 secs.
Paramserv valdiation time:	0.000 secs.
Federated I/O (Read, Put, Get):	14/37/4.
Federated Execute (Inst, UDF):	14/49.
Total JIT compile time:		6.87 sec.
Total JVM GC count:		4.
Total JVM GC time:		1.41 sec.
Heavy hitter instructions:
  #  Instruction  Time(s)  Count
  1  paramserv     26.100      1
  2  -              6.590      5
  3  +              5.176     10
  4  ba+*           4.375      3
  5  /              3.035      8
  6  fed_/          2.426      1
  7  fed_-          1.890      1
  8  max            1.472      2
  9  fed_uamin      1.095      2
 10  uark+          0.202      1
 11  fed_uamax      0.188      2
 12  *              0.187      4
 13  log            0.117      1
 14  uarmax         0.082      1
 15  rand           0.046      6
 16  rmvar          0.025     47
 17  exp            0.013      1
 18  -*             0.005     30
 19  uak+           0.003      1
 20  createvar      0.003     71
 21  nvlist         0.002      1
 22  list           0.001      6
 23  sqrt           0.001     10
 24  rightIndex     0.001      6
 25  mvvar          0.000     22
 26  print          0.000      1
 27  castdtm        0.000      6
 28  ==             0.000      1

21/03/29 11:25:40 INFO org.apache.sysds.api.DMLScript: END DML run 03/29/2021 11:25:40
real 59.84
user 190.00
sys 17.58
