21/02/14 17:20:30 INFO org.apache.sysds.api.DMLScript: BEGIN DML run 02/14/2021 17:20:30
21/02/14 17:20:30 INFO org.apache.sysds.utils.NativeHelper: Using native blas: mkl
21/02/14 17:21:06 INFO org.apache.sysds.runtime.instructions.cp.ParamservBuiltinCPInstruction: PARAMETER SERVER
21/02/14 17:21:06 INFO org.apache.sysds.runtime.instructions.cp.ParamservBuiltinCPInstruction: [+] Running in federated mode
21/02/14 17:21:06 INFO org.apache.sysds.runtime.instructions.cp.ParamservBuiltinCPInstruction: [+] Update Type: BSP
21/02/14 17:21:06 INFO org.apache.sysds.runtime.instructions.cp.ParamservBuiltinCPInstruction: [+] Frequency: EPOCH
21/02/14 17:21:06 INFO org.apache.sysds.runtime.instructions.cp.ParamservBuiltinCPInstruction: [+] Data Partitioning: KEEP_DATA_ON_WORKER
21/02/14 17:21:06 INFO org.apache.sysds.runtime.instructions.cp.ParamservBuiltinCPInstruction: [+] Runtime Balancing: NONE
21/02/14 17:21:06 INFO org.apache.sysds.runtime.instructions.cp.ParamservBuiltinCPInstruction: [+] Weighing: false
21/02/14 17:21:06 INFO org.apache.sysds.runtime.instructions.cp.ParamservBuiltinCPInstruction: [+] Seed: -1588036918
21/02/14 17:21:06 INFO org.apache.sysds.runtime.controlprogram.paramserv.ParamServer: Setup config for worker Federated worker_0
21/02/14 17:21:06 INFO org.apache.sysds.runtime.controlprogram.paramserv.ParamServer: Batch size: 32 possible batches: 4465 batches to run: 4465 weighing factor: 1.000007000007
21/02/14 17:21:06 INFO org.apache.sysds.runtime.controlprogram.paramserv.ParamServer: Setup config for worker Federated worker_1
21/02/14 17:21:06 INFO org.apache.sysds.runtime.controlprogram.paramserv.ParamServer: Batch size: 32 possible batches: 4465 batches to run: 4465 weighing factor: 1.000007000007
21/02/14 17:21:06 INFO org.apache.sysds.runtime.controlprogram.paramserv.ParamServer: Setup config for worker Federated worker_2
21/02/14 17:21:06 INFO org.apache.sysds.runtime.controlprogram.paramserv.ParamServer: Batch size: 32 possible batches: 4465 batches to run: 4465 weighing factor: 1.000007000007
21/02/14 17:21:07 INFO org.apache.sysds.runtime.controlprogram.paramserv.ParamServer: Setup config for worker Federated worker_3
21/02/14 17:21:07 INFO org.apache.sysds.runtime.controlprogram.paramserv.ParamServer: Batch size: 32 possible batches: 4465 batches to run: 4465 weighing factor: 1.000007000007
21/02/14 17:21:07 INFO org.apache.sysds.runtime.controlprogram.paramserv.ParamServer: Setup config for worker Federated worker_4
21/02/14 17:21:07 INFO org.apache.sysds.runtime.controlprogram.paramserv.ParamServer: Batch size: 32 possible batches: 4465 batches to run: 4465 weighing factor: 1.000007000007
21/02/14 17:21:07 INFO org.apache.sysds.runtime.controlprogram.paramserv.ParamServer: Setup config for worker Federated worker_5
21/02/14 17:21:07 INFO org.apache.sysds.runtime.controlprogram.paramserv.ParamServer: Batch size: 32 possible batches: 4465 batches to run: 4465 weighing factor: 1.000007000007
21/02/14 17:21:07 INFO org.apache.sysds.runtime.controlprogram.paramserv.ParamServer: Setup config for worker Federated worker_6
21/02/14 17:21:07 INFO org.apache.sysds.runtime.controlprogram.paramserv.ParamServer: Batch size: 32 possible batches: 4465 batches to run: 4465 weighing factor: 0.999964999965
21/02/14 17:21:17 INFO org.apache.sysds.runtime.controlprogram.paramserv.ParamServer: [+] PARAMSERV: completed EPOCH 0
21/02/14 17:21:25 INFO org.apache.sysds.runtime.controlprogram.paramserv.ParamServer: [+] PARAMSERV: completed EPOCH 1
21/02/14 17:21:33 INFO org.apache.sysds.runtime.controlprogram.paramserv.ParamServer: [+] PARAMSERV: completed EPOCH 2
21/02/14 17:21:40 INFO org.apache.sysds.runtime.controlprogram.paramserv.ParamServer: [+] PARAMSERV: completed EPOCH 3
21/02/14 17:21:48 INFO org.apache.sysds.runtime.controlprogram.paramserv.ParamServer: [+] PARAMSERV: completed EPOCH 4
21/02/14 17:21:59 WARN org.apache.sysds.runtime.matrix.data.LibMatrixNative: matrixMult: Native mat mult failed. Falling back to java version (loaded=true, sparse=false)
[+] test loss: 1.4872586632199265E-11, test accuracy: 1.4872586632199265E-11

SystemDS Statistics:
Total elapsed time:		89.729 sec.
Total compilation time:		0.817 sec.
Total execution time:		88.912 sec.
Native mkl calls (dense mult/conv/bwdF/bwdD):	2/0/0/0.
Native mkl calls (sparse conv/bwdF/bwdD):	0/0/0.
Native mkl times (dense mult/conv/bwdF/bwdD):	2.061/0.000/0.000/0.000.
Cache hits (Mem/Li/WB/FS/HDFS):	943/0/0/0/2.
Cache writes (Li/WB/FS/HDFS):	2/112/2/0.
Cache times (ACQr/m, RLS, EXP):	6.487/0.001/17.118/0.000 sec.
HOP DAGs recompiled (PRED, SB):	0/6.
HOP DAGs recompile time:	0.024 sec.
Paramserv total execution time:	41.757 secs.
Paramserv total num workers:	7.
Paramserv setup time:		1.408 secs.
PS fed data partitioning time:	0.126 secs.
PS fed comm time (cum):		47.773 secs.
PS fed worker comp time (cum):	210.462 secs.
PS fed grad weigh time (cum):	0.000 secs.
PS fed global model agg time:	0.023 secs.
Paramserv valdiation time:	0.000 secs.
Federated I/O (Read, Put, Get):	14/37/4.
Federated Execute (Inst, UDF):	14/49.
Total JIT compile time:		4.561 sec.
Total JVM GC count:		4.
Total JVM GC time:		0.818 sec.
Heavy hitter instructions:
  #  Instruction  Time(s)  Count
  1  paramserv     41.759      1
  2  -             17.941      5
  3  /             11.824      8
  4  +              5.553     10
  5  ba+*           4.438      3
  6  fed_uamin      3.330      2
  7  max            1.391      2
  8  fed_/          0.881      1
  9  fed_-          0.869      1
 10  fed_uamax      0.585      2
 11  rand           0.071      6
 12  uark+          0.058      1
 13  uarmax         0.054      1
 14  rmvar          0.046     47
 15  *              0.044      4
 16  log            0.032      1
 17  exp            0.030      1
 18  -*             0.004     30
 19  createvar      0.002     71
 20  uak+           0.001      1
 21  nvlist         0.001      1
 22  list           0.001      6
 23  rightIndex     0.000      6
 24  sqrt           0.000     10
 25  mvvar          0.000     22
 26  castdtm        0.000      6
 27  print          0.000      1
 28  ==             0.000      1

21/02/14 17:21:59 INFO org.apache.sysds.api.DMLScript: END DML run 02/14/2021 17:21:59
real 94,90
user 130,78
sys 31,44
