21/02/14 17:10:53 INFO org.apache.sysds.api.DMLScript: BEGIN DML run 02/14/2021 17:10:53
21/02/14 17:10:53 INFO org.apache.sysds.utils.NativeHelper: Using native blas: mkl
21/02/14 17:11:09 INFO org.apache.sysds.runtime.instructions.cp.ParamservBuiltinCPInstruction: PARAMETER SERVER
21/02/14 17:11:09 INFO org.apache.sysds.runtime.instructions.cp.ParamservBuiltinCPInstruction: [+] Running in federated mode
21/02/14 17:11:09 INFO org.apache.sysds.runtime.instructions.cp.ParamservBuiltinCPInstruction: [+] Update Type: BSP
21/02/14 17:11:09 INFO org.apache.sysds.runtime.instructions.cp.ParamservBuiltinCPInstruction: [+] Frequency: EPOCH
21/02/14 17:11:09 INFO org.apache.sysds.runtime.instructions.cp.ParamservBuiltinCPInstruction: [+] Data Partitioning: KEEP_DATA_ON_WORKER
21/02/14 17:11:09 INFO org.apache.sysds.runtime.instructions.cp.ParamservBuiltinCPInstruction: [+] Runtime Balancing: NONE
21/02/14 17:11:09 INFO org.apache.sysds.runtime.instructions.cp.ParamservBuiltinCPInstruction: [+] Weighing: false
21/02/14 17:11:09 INFO org.apache.sysds.runtime.instructions.cp.ParamservBuiltinCPInstruction: [+] Seed: -1588633635
21/02/14 17:11:09 INFO org.apache.sysds.runtime.controlprogram.paramserv.ParamServer: Setup config for worker Federated worker_0
21/02/14 17:11:09 INFO org.apache.sysds.runtime.controlprogram.paramserv.ParamServer: Batch size: 256 possible batches: 559 batches to run: 559 weighing factor: 1.000007000007
21/02/14 17:11:09 INFO org.apache.sysds.runtime.controlprogram.paramserv.ParamServer: Setup config for worker Federated worker_1
21/02/14 17:11:09 INFO org.apache.sysds.runtime.controlprogram.paramserv.ParamServer: Batch size: 256 possible batches: 559 batches to run: 559 weighing factor: 1.000007000007
21/02/14 17:11:10 INFO org.apache.sysds.runtime.controlprogram.paramserv.ParamServer: Setup config for worker Federated worker_2
21/02/14 17:11:10 INFO org.apache.sysds.runtime.controlprogram.paramserv.ParamServer: Batch size: 256 possible batches: 559 batches to run: 559 weighing factor: 1.000007000007
21/02/14 17:11:10 INFO org.apache.sysds.runtime.controlprogram.paramserv.ParamServer: Setup config for worker Federated worker_3
21/02/14 17:11:10 INFO org.apache.sysds.runtime.controlprogram.paramserv.ParamServer: Batch size: 256 possible batches: 559 batches to run: 559 weighing factor: 1.000007000007
21/02/14 17:11:10 INFO org.apache.sysds.runtime.controlprogram.paramserv.ParamServer: Setup config for worker Federated worker_4
21/02/14 17:11:10 INFO org.apache.sysds.runtime.controlprogram.paramserv.ParamServer: Batch size: 256 possible batches: 559 batches to run: 559 weighing factor: 1.000007000007
21/02/14 17:11:10 INFO org.apache.sysds.runtime.controlprogram.paramserv.ParamServer: Setup config for worker Federated worker_5
21/02/14 17:11:10 INFO org.apache.sysds.runtime.controlprogram.paramserv.ParamServer: Batch size: 256 possible batches: 559 batches to run: 559 weighing factor: 0.999964999965
21/02/14 17:11:10 INFO org.apache.sysds.runtime.controlprogram.paramserv.ParamServer: Setup config for worker Federated worker_6
21/02/14 17:11:10 INFO org.apache.sysds.runtime.controlprogram.paramserv.ParamServer: Batch size: 256 possible batches: 559 batches to run: 559 weighing factor: 1.000007000007
21/02/14 17:11:17 INFO org.apache.sysds.runtime.controlprogram.paramserv.ParamServer: [+] PARAMSERV: completed EPOCH 0
21/02/14 17:11:21 INFO org.apache.sysds.runtime.controlprogram.paramserv.ParamServer: [+] PARAMSERV: completed EPOCH 1
21/02/14 17:11:25 INFO org.apache.sysds.runtime.controlprogram.paramserv.ParamServer: [+] PARAMSERV: completed EPOCH 2
21/02/14 17:11:30 INFO org.apache.sysds.runtime.controlprogram.paramserv.ParamServer: [+] PARAMSERV: completed EPOCH 3
21/02/14 17:11:34 INFO org.apache.sysds.runtime.controlprogram.paramserv.ParamServer: [+] PARAMSERV: completed EPOCH 4
21/02/14 17:11:46 WARN org.apache.sysds.runtime.matrix.data.LibMatrixNative: matrixMult: Native mat mult failed. Falling back to java version (loaded=true, sparse=false)
[+] test loss: 1.4872586632199265E-11, test accuracy: 1.4872586632199265E-11

SystemDS Statistics:
Total elapsed time:		54.620 sec.
Total compilation time:		1.230 sec.
Total execution time:		53.390 sec.
Native mkl calls (dense mult/conv/bwdF/bwdD):	2/0/0/0.
Native mkl calls (sparse conv/bwdF/bwdD):	0/0/0.
Native mkl times (dense mult/conv/bwdF/bwdD):	3.114/0.000/0.000/0.000.
Cache hits (Mem/Li/WB/FS/HDFS):	943/0/0/0/2.
Cache writes (Li/WB/FS/HDFS):	1/66/0/0.
Cache times (ACQr/m, RLS, EXP):	4.206/0.003/0.027/0.000 sec.
HOP DAGs recompiled (PRED, SB):	0/6.
HOP DAGs recompile time:	0.030 sec.
Paramserv total execution time:	24.845 secs.
Paramserv total num workers:	7.
Paramserv setup time:		0.615 secs.
PS fed data partitioning time:	0.035 secs.
PS fed comm time (cum):		2.248 secs.
PS fed worker comp time (cum):	159.382 secs.
PS fed grad weigh time (cum):	0.000 secs.
PS fed global model agg time:	0.026 secs.
Paramserv valdiation time:	0.000 secs.
Federated I/O (Read, Put, Get):	14/37/4.
Federated Execute (Inst, UDF):	14/49.
Total JIT compile time:		10.581 sec.
Total JVM GC count:		4.
Total JVM GC time:		1.618 sec.
Heavy hitter instructions:
  #  Instruction  Time(s)  Count
  1  paramserv     24.846      1
  2  -              7.059      5
  3  +              6.094     10
  4  ba+*           4.280      3
  5  fed_uamin      3.339      2
  6  /              3.159      8
  7  max            2.134      2
  8  fed_-          0.708      1
  9  fed_/          0.636      1
 10  *              0.289      4
 11  fed_uamax      0.278      2
 12  uark+          0.210      1
 13  log            0.160      1
 14  uarmax         0.121      1
 15  rand           0.033      6
 16  rmvar          0.026     47
 17  exp            0.009      1
 18  uak+           0.005      1
 19  -*             0.004     30
 20  createvar      0.002     71
 21  nvlist         0.002      1
 22  list           0.002      6
 23  sqrt           0.001     10
 24  rightIndex     0.001      6
 25  mvvar          0.000     22
 26  print          0.000      1
 27  castdtm        0.000      6
 28  ==             0.000      1

21/02/14 17:11:48 INFO org.apache.sysds.api.DMLScript: END DML run 02/14/2021 17:11:48
real 60.49
user 200.52
sys 18.15
