21/02/14 17:32:54 INFO org.apache.sysds.api.DMLScript: BEGIN DML run 02/14/2021 17:32:54
21/02/14 17:32:54 INFO org.apache.sysds.utils.NativeHelper: Using native blas: mkl
21/02/14 17:33:30 INFO org.apache.sysds.runtime.instructions.cp.ParamservBuiltinCPInstruction: PARAMETER SERVER
21/02/14 17:33:30 INFO org.apache.sysds.runtime.instructions.cp.ParamservBuiltinCPInstruction: [+] Running in federated mode
21/02/14 17:33:30 INFO org.apache.sysds.runtime.instructions.cp.ParamservBuiltinCPInstruction: [+] Update Type: BSP
21/02/14 17:33:30 INFO org.apache.sysds.runtime.instructions.cp.ParamservBuiltinCPInstruction: [+] Frequency: EPOCH
21/02/14 17:33:30 INFO org.apache.sysds.runtime.instructions.cp.ParamservBuiltinCPInstruction: [+] Data Partitioning: KEEP_DATA_ON_WORKER
21/02/14 17:33:30 INFO org.apache.sysds.runtime.instructions.cp.ParamservBuiltinCPInstruction: [+] Runtime Balancing: NONE
21/02/14 17:33:30 INFO org.apache.sysds.runtime.instructions.cp.ParamservBuiltinCPInstruction: [+] Weighing: false
21/02/14 17:33:30 INFO org.apache.sysds.runtime.instructions.cp.ParamservBuiltinCPInstruction: [+] Seed: -1587293181
21/02/14 17:33:30 INFO org.apache.sysds.runtime.controlprogram.paramserv.ParamServer: Setup config for worker Federated worker_0
21/02/14 17:33:30 INFO org.apache.sysds.runtime.controlprogram.paramserv.ParamServer: Batch size: 128 possible batches: 1117 batches to run: 1117 weighing factor: 1.000007000007
21/02/14 17:33:30 INFO org.apache.sysds.runtime.controlprogram.paramserv.ParamServer: Setup config for worker Federated worker_1
21/02/14 17:33:30 INFO org.apache.sysds.runtime.controlprogram.paramserv.ParamServer: Batch size: 128 possible batches: 1117 batches to run: 1117 weighing factor: 1.000007000007
21/02/14 17:33:30 INFO org.apache.sysds.runtime.controlprogram.paramserv.ParamServer: Setup config for worker Federated worker_2
21/02/14 17:33:30 INFO org.apache.sysds.runtime.controlprogram.paramserv.ParamServer: Batch size: 128 possible batches: 1117 batches to run: 1117 weighing factor: 1.000007000007
21/02/14 17:33:30 INFO org.apache.sysds.runtime.controlprogram.paramserv.ParamServer: Setup config for worker Federated worker_3
21/02/14 17:33:30 INFO org.apache.sysds.runtime.controlprogram.paramserv.ParamServer: Batch size: 128 possible batches: 1117 batches to run: 1117 weighing factor: 1.000007000007
21/02/14 17:33:31 INFO org.apache.sysds.runtime.controlprogram.paramserv.ParamServer: Setup config for worker Federated worker_4
21/02/14 17:33:31 INFO org.apache.sysds.runtime.controlprogram.paramserv.ParamServer: Batch size: 128 possible batches: 1117 batches to run: 1117 weighing factor: 1.000007000007
21/02/14 17:33:31 INFO org.apache.sysds.runtime.controlprogram.paramserv.ParamServer: Setup config for worker Federated worker_5
21/02/14 17:33:31 INFO org.apache.sysds.runtime.controlprogram.paramserv.ParamServer: Batch size: 128 possible batches: 1117 batches to run: 1117 weighing factor: 0.999964999965
21/02/14 17:33:31 INFO org.apache.sysds.runtime.controlprogram.paramserv.ParamServer: Setup config for worker Federated worker_6
21/02/14 17:33:31 INFO org.apache.sysds.runtime.controlprogram.paramserv.ParamServer: Batch size: 128 possible batches: 1117 batches to run: 1117 weighing factor: 1.000007000007
21/02/14 17:33:58 INFO org.apache.sysds.runtime.controlprogram.paramserv.ParamServer: [+] PARAMSERV: completed EPOCH 0
21/02/14 17:34:24 INFO org.apache.sysds.runtime.controlprogram.paramserv.ParamServer: [+] PARAMSERV: completed EPOCH 1
21/02/14 17:34:49 INFO org.apache.sysds.runtime.controlprogram.paramserv.ParamServer: [+] PARAMSERV: completed EPOCH 2
21/02/14 17:35:15 INFO org.apache.sysds.runtime.controlprogram.paramserv.ParamServer: [+] PARAMSERV: completed EPOCH 3
21/02/14 17:35:41 INFO org.apache.sysds.runtime.controlprogram.paramserv.ParamServer: [+] PARAMSERV: completed EPOCH 4
21/02/14 17:35:50 WARN org.apache.sysds.runtime.matrix.data.LibMatrixNative: matrixMult: Native mat mult failed. Falling back to java version (loaded=true, sparse=false)
[+] test loss: 1.4872586632199265E-11, test accuracy: 1.4872586632199265E-11

SystemDS Statistics:
Total elapsed time:		176.779 sec.
Total compilation time:		0.619 sec.
Total execution time:		176.160 sec.
Native mkl calls (dense mult/conv/bwdF/bwdD):	2/0/0/0.
Native mkl calls (sparse conv/bwdF/bwdD):	0/0/0.
Native mkl times (dense mult/conv/bwdF/bwdD):	1.991/0.000/0.000/0.000.
Cache hits (Mem/Li/WB/FS/HDFS):	943/0/0/0/2.
Cache writes (Li/WB/FS/HDFS):	2/112/2/0.
Cache times (ACQr/m, RLS, EXP):	6.336/0.001/17.557/0.000 sec.
HOP DAGs recompiled (PRED, SB):	0/6.
HOP DAGs recompile time:	0.036 sec.
Paramserv total execution time:	131.149 secs.
Paramserv total num workers:	7.
Paramserv setup time:		1.324 secs.
PS fed data partitioning time:	0.108 secs.
PS fed comm time (cum):		46.891 secs.
PS fed worker comp time (cum):	830.693 secs.
PS fed grad weigh time (cum):	0.000 secs.
PS fed global model agg time:	0.037 secs.
Paramserv valdiation time:	0.000 secs.
Federated I/O (Read, Put, Get):	14/37/4.
Federated Execute (Inst, UDF):	14/49.
Total JIT compile time:		4.829 sec.
Total JVM GC count:		4.
Total JVM GC time:		0.915 sec.
Heavy hitter instructions:
  #  Instruction  Time(s)  Count
  1  paramserv    131.150      1
  2  -             17.961      5
  3  /             12.033      8
  4  ba+*           4.481      3
  5  +              3.799     10
  6  fed_uamin      3.009      2
  7  max            1.180      2
  8  fed_/          0.914      1
  9  fed_-          0.861      1
 10  fed_uamax      0.541      2
 11  uark+          0.050      1
 12  rmvar          0.043     47
 13  uarmax         0.037      1
 14  *              0.033      4
 15  log            0.027      1
 16  rand           0.024      6
 17  exp            0.013      1
 18  -*             0.004     30
 19  createvar      0.002     71
 20  list           0.001      6
 21  uak+           0.001      1
 22  nvlist         0.001      1
 23  rightIndex     0.001      6
 24  sqrt           0.000     10
 25  mvvar          0.000     22
 26  castdtm        0.000      6
 27  print          0.000      1
 28  ==             0.000      1

21/02/14 17:35:50 INFO org.apache.sysds.api.DMLScript: END DML run 02/14/2021 17:35:50
real 181,34
user 127,98
sys 33,63
