21/03/28 23:19:14 INFO org.apache.sysds.api.DMLScript: BEGIN DML run 03/28/2021 23:19:14
21/03/28 23:19:14 INFO org.apache.sysds.utils.NativeHelper: Using native blas: mkl
21/03/28 23:19:17 INFO org.apache.sysds.runtime.instructions.cp.ParamservBuiltinCPInstruction: PARAMETER SERVER
21/03/28 23:19:17 INFO org.apache.sysds.runtime.instructions.cp.ParamservBuiltinCPInstruction: [+] Running in federated mode
21/03/28 23:19:17 INFO org.apache.sysds.runtime.instructions.cp.ParamservBuiltinCPInstruction: [+] Update Type: BSP
21/03/28 23:19:17 INFO org.apache.sysds.runtime.instructions.cp.ParamservBuiltinCPInstruction: [+] Frequency: EPOCH
21/03/28 23:19:17 INFO org.apache.sysds.runtime.instructions.cp.ParamservBuiltinCPInstruction: [+] Data Partitioning: KEEP_DATA_ON_WORKER
21/03/28 23:19:17 INFO org.apache.sysds.runtime.instructions.cp.ParamservBuiltinCPInstruction: [+] Runtime Balancing: NONE
21/03/28 23:19:17 INFO org.apache.sysds.runtime.instructions.cp.ParamservBuiltinCPInstruction: [+] Weighting: false
21/03/28 23:19:17 INFO org.apache.sysds.runtime.instructions.cp.ParamservBuiltinCPInstruction: [+] Seed: 2058653868
21/03/28 23:19:17 INFO org.apache.sysds.runtime.controlprogram.paramserv.ParamServer: Setup config for worker Federated worker_0
21/03/28 23:19:17 INFO org.apache.sysds.runtime.controlprogram.paramserv.ParamServer: Batch size: 128 possible batches: 157 batches to run: 157 weighting factor: 1.0
21/03/28 23:19:17 INFO org.apache.sysds.runtime.controlprogram.paramserv.ParamServer: Setup config for worker Federated worker_1
21/03/28 23:19:17 INFO org.apache.sysds.runtime.controlprogram.paramserv.ParamServer: Batch size: 128 possible batches: 157 batches to run: 157 weighting factor: 1.0
21/03/28 23:19:17 INFO org.apache.sysds.runtime.controlprogram.paramserv.ParamServer: Setup config for worker Federated worker_2
21/03/28 23:19:17 INFO org.apache.sysds.runtime.controlprogram.paramserv.ParamServer: Batch size: 128 possible batches: 157 batches to run: 157 weighting factor: 1.0
21/03/28 23:20:28 INFO org.apache.sysds.runtime.controlprogram.paramserv.ParamServer: [+] PARAMSERV: completed EPOCH 0
21/03/28 23:20:28 INFO org.apache.sysds.runtime.controlprogram.paramserv.ParamServer: [+] PARAMSERV: epoch timer: 71.277 secs.
21/03/28 23:21:41 INFO org.apache.sysds.runtime.controlprogram.paramserv.ParamServer: [+] PARAMSERV: completed EPOCH 1
21/03/28 23:21:41 INFO org.apache.sysds.runtime.controlprogram.paramserv.ParamServer: [+] PARAMSERV: epoch timer: 143.929 secs.
channels   : 1
epochs     : 2
freq       : EPOCH
batch_size : 128
-4.065165102402355
SystemDS Statistics:
Total elapsed time:		146.869 sec.
Total compilation time:		0.761 sec.
Total execution time:		146.107 sec.
Native mkl calls (dense mult/conv/bwdF/bwdD):	0/0/0/0.
Native mkl calls (sparse conv/bwdF/bwdD):	0/0/0.
Native mkl times (dense mult/conv/bwdF/bwdD):	0.000/0.000/0.000/0.000.
Cache hits (Mem/Li/WB/FS/HDFS):	434/0/0/0/0.
Cache writes (Li/WB/FS/HDFS):	2/50/0/0.
Cache times (ACQr/m, RLS, EXP):	0.010/0.002/0.007/0.000 sec.
HOP DAGs recompiled (PRED, SB):	0/3.
HOP DAGs recompile time:	0.016 sec.
Paramserv total execution time:	144.007 secs.
Paramserv total num workers:	3.
Paramserv setup time:		0.775 secs.
PS fed data partitioning time:	0.149 secs.
PS fed comm time (cum):		44.005 secs.
PS fed worker comp time (cum):	347.216 secs.
PS fed grad. weigh. time (cum):	0.000 secs.
PS fed global model agg time:	0.100 secs.
Paramserv valdiation time:	0.000 secs.
Federated I/O (Read, Put, Get):	6/8/2.
Federated Execute (Inst, UDF):	10/12.
Total JIT compile time:		3.225 sec.
Total JVM GC count:		2.
Total JVM GC time:		0.04 sec.
Heavy hitter instructions:
  #  Instruction  Time(s)  Count
  1  paramserv    144.008      1
  2  fed_uamin      1.236      1
  3  fed_-          0.289      1
  4  fed_/          0.243      1
  5  fed_uamax      0.153      1
  6  rand           0.078     13
  7  *              0.065     35
  8  -              0.038     17
  9  rmvar          0.023     49
 10  -*             0.022     16
 11  +*             0.020     16
 12  uak+           0.016      1
 13  nvlist         0.002      1
 14  createvar      0.002     87
 15  /              0.001     13
 16  list           0.001      3
 17  print          0.001      5
 18  sqrt           0.000     10
 19  mvvar          0.000     54
 20  rightIndex     0.000      1
 21  +              0.000     12
 22  castdtm        0.000      1
 23  ==             0.000      3

21/03/28 23:21:41 INFO org.apache.sysds.api.DMLScript: END DML run 03/28/2021 23:21:41
real 150,36
user 13,16
sys 0,91
21/03/28 23:21:44 INFO org.apache.sysds.api.DMLScript: BEGIN DML run 03/28/2021 23:21:44
21/03/28 23:21:44 INFO org.apache.sysds.utils.NativeHelper: Using native blas: mkl
21/03/28 23:21:46 INFO org.apache.sysds.runtime.instructions.cp.ParamservBuiltinCPInstruction: PARAMETER SERVER
21/03/28 23:21:46 INFO org.apache.sysds.runtime.instructions.cp.ParamservBuiltinCPInstruction: [+] Running in federated mode
21/03/28 23:21:46 INFO org.apache.sysds.runtime.instructions.cp.ParamservBuiltinCPInstruction: [+] Update Type: BSP
21/03/28 23:21:46 INFO org.apache.sysds.runtime.instructions.cp.ParamservBuiltinCPInstruction: [+] Frequency: EPOCH
21/03/28 23:21:46 INFO org.apache.sysds.runtime.instructions.cp.ParamservBuiltinCPInstruction: [+] Data Partitioning: KEEP_DATA_ON_WORKER
21/03/28 23:21:46 INFO org.apache.sysds.runtime.instructions.cp.ParamservBuiltinCPInstruction: [+] Runtime Balancing: NONE
21/03/28 23:21:46 INFO org.apache.sysds.runtime.instructions.cp.ParamservBuiltinCPInstruction: [+] Weighting: false
21/03/28 23:21:46 INFO org.apache.sysds.runtime.instructions.cp.ParamservBuiltinCPInstruction: [+] Seed: 2058803349
21/03/28 23:21:46 INFO org.apache.sysds.runtime.controlprogram.paramserv.ParamServer: Setup config for worker Federated worker_0
21/03/28 23:21:46 INFO org.apache.sysds.runtime.controlprogram.paramserv.ParamServer: Batch size: 128 possible batches: 157 batches to run: 157 weighting factor: 1.0
21/03/28 23:21:47 INFO org.apache.sysds.runtime.controlprogram.paramserv.ParamServer: Setup config for worker Federated worker_1
21/03/28 23:21:47 INFO org.apache.sysds.runtime.controlprogram.paramserv.ParamServer: Batch size: 128 possible batches: 157 batches to run: 157 weighting factor: 1.0
21/03/28 23:21:47 INFO org.apache.sysds.runtime.controlprogram.paramserv.ParamServer: Setup config for worker Federated worker_2
21/03/28 23:21:47 INFO org.apache.sysds.runtime.controlprogram.paramserv.ParamServer: Batch size: 128 possible batches: 157 batches to run: 157 weighting factor: 1.0
21/03/28 23:23:02 INFO org.apache.sysds.runtime.controlprogram.paramserv.ParamServer: [+] PARAMSERV: completed EPOCH 0
21/03/28 23:23:02 INFO org.apache.sysds.runtime.controlprogram.paramserv.ParamServer: [+] PARAMSERV: epoch timer: 76.28 secs.
21/03/28 23:24:16 INFO org.apache.sysds.runtime.controlprogram.paramserv.ParamServer: [+] PARAMSERV: completed EPOCH 1
21/03/28 23:24:16 INFO org.apache.sysds.runtime.controlprogram.paramserv.ParamServer: [+] PARAMSERV: epoch timer: 149.875 secs.
channels   : 1
epochs     : 2
freq       : EPOCH
batch_size : 128
-4.266915715738971
SystemDS Statistics:
Total elapsed time:		151.939 sec.
Total compilation time:		0.730 sec.
Total execution time:		151.209 sec.
Native mkl calls (dense mult/conv/bwdF/bwdD):	0/0/0/0.
Native mkl calls (sparse conv/bwdF/bwdD):	0/0/0.
Native mkl times (dense mult/conv/bwdF/bwdD):	0.000/0.000/0.000/0.000.
Cache hits (Mem/Li/WB/FS/HDFS):	434/0/0/0/0.
Cache writes (Li/WB/FS/HDFS):	2/50/0/0.
Cache times (ACQr/m, RLS, EXP):	0.008/0.001/0.007/0.000 sec.
HOP DAGs recompiled (PRED, SB):	0/3.
HOP DAGs recompile time:	0.016 sec.
Paramserv total execution time:	149.960 secs.
Paramserv total num workers:	3.
Paramserv setup time:		0.720 secs.
PS fed data partitioning time:	0.155 secs.
PS fed comm time (cum):		46.676 secs.
PS fed worker comp time (cum):	353.290 secs.
PS fed grad. weigh. time (cum):	0.000 secs.
PS fed global model agg time:	0.089 secs.
Paramserv valdiation time:	0.000 secs.
Federated I/O (Read, Put, Get):	6/8/2.
Federated Execute (Inst, UDF):	10/12.
Total JIT compile time:		3.12 sec.
Total JVM GC count:		2.
Total JVM GC time:		0.031 sec.
Heavy hitter instructions:
  #  Instruction  Time(s)  Count
  1  paramserv    149.962      1
  2  fed_uamin      0.615      1
  3  fed_/          0.174      1
  4  fed_uamax      0.137      1
  5  fed_-          0.130      1
  6  rand           0.083     13
  7  *              0.069     35
  8  -              0.034     17
  9  rmvar          0.024     49
 10  -*             0.020     16
 11  uak+           0.016      1
 12  +*             0.015     16
 13  createvar      0.002     87
 14  nvlist         0.002      1
 15  /              0.001     13
 16  list           0.001      3
 17  print          0.001      5
 18  sqrt           0.000     10
 19  mvvar          0.000     54
 20  rightIndex     0.000      1
 21  +              0.000     12
 22  castdtm        0.000      1
 23  ==             0.000      3

21/03/28 23:24:16 INFO org.apache.sysds.api.DMLScript: END DML run 03/28/2021 23:24:16
real 155,44
user 12,20
sys 0,91
21/03/28 23:24:20 INFO org.apache.sysds.api.DMLScript: BEGIN DML run 03/28/2021 23:24:20
21/03/28 23:24:20 INFO org.apache.sysds.utils.NativeHelper: Using native blas: mkl
21/03/28 23:24:22 INFO org.apache.sysds.runtime.instructions.cp.ParamservBuiltinCPInstruction: PARAMETER SERVER
21/03/28 23:24:22 INFO org.apache.sysds.runtime.instructions.cp.ParamservBuiltinCPInstruction: [+] Running in federated mode
21/03/28 23:24:22 INFO org.apache.sysds.runtime.instructions.cp.ParamservBuiltinCPInstruction: [+] Update Type: BSP
21/03/28 23:24:22 INFO org.apache.sysds.runtime.instructions.cp.ParamservBuiltinCPInstruction: [+] Frequency: EPOCH
21/03/28 23:24:22 INFO org.apache.sysds.runtime.instructions.cp.ParamservBuiltinCPInstruction: [+] Data Partitioning: KEEP_DATA_ON_WORKER
21/03/28 23:24:22 INFO org.apache.sysds.runtime.instructions.cp.ParamservBuiltinCPInstruction: [+] Runtime Balancing: NONE
21/03/28 23:24:22 INFO org.apache.sysds.runtime.instructions.cp.ParamservBuiltinCPInstruction: [+] Weighting: false
21/03/28 23:24:22 INFO org.apache.sysds.runtime.instructions.cp.ParamservBuiltinCPInstruction: [+] Seed: 2058958994
21/03/28 23:24:22 INFO org.apache.sysds.runtime.controlprogram.paramserv.ParamServer: Setup config for worker Federated worker_0
21/03/28 23:24:22 INFO org.apache.sysds.runtime.controlprogram.paramserv.ParamServer: Batch size: 128 possible batches: 157 batches to run: 157 weighting factor: 1.0
21/03/28 23:24:22 INFO org.apache.sysds.runtime.controlprogram.paramserv.ParamServer: Setup config for worker Federated worker_1
21/03/28 23:24:22 INFO org.apache.sysds.runtime.controlprogram.paramserv.ParamServer: Batch size: 128 possible batches: 157 batches to run: 157 weighting factor: 1.0
21/03/28 23:24:22 INFO org.apache.sysds.runtime.controlprogram.paramserv.ParamServer: Setup config for worker Federated worker_2
21/03/28 23:24:22 INFO org.apache.sysds.runtime.controlprogram.paramserv.ParamServer: Batch size: 128 possible batches: 157 batches to run: 157 weighting factor: 1.0
21/03/28 23:25:35 INFO org.apache.sysds.runtime.controlprogram.paramserv.ParamServer: [+] PARAMSERV: completed EPOCH 0
21/03/28 23:25:35 INFO org.apache.sysds.runtime.controlprogram.paramserv.ParamServer: [+] PARAMSERV: epoch timer: 73.43 secs.
21/03/28 23:26:49 INFO org.apache.sysds.runtime.controlprogram.paramserv.ParamServer: [+] PARAMSERV: completed EPOCH 1
21/03/28 23:26:49 INFO org.apache.sysds.runtime.controlprogram.paramserv.ParamServer: [+] PARAMSERV: epoch timer: 147.57 secs.
channels   : 1
epochs     : 2
freq       : EPOCH
batch_size : 128
-4.248997933812044
SystemDS Statistics:
Total elapsed time:		149.840 sec.
Total compilation time:		0.773 sec.
Total execution time:		149.067 sec.
Native mkl calls (dense mult/conv/bwdF/bwdD):	0/0/0/0.
Native mkl calls (sparse conv/bwdF/bwdD):	0/0/0.
Native mkl times (dense mult/conv/bwdF/bwdD):	0.000/0.000/0.000/0.000.
Cache hits (Mem/Li/WB/FS/HDFS):	434/0/0/0/0.
Cache writes (Li/WB/FS/HDFS):	2/50/0/0.
Cache times (ACQr/m, RLS, EXP):	0.006/0.001/0.006/0.000 sec.
HOP DAGs recompiled (PRED, SB):	0/3.
HOP DAGs recompile time:	0.016 sec.
Paramserv total execution time:	147.661 secs.
Paramserv total num workers:	3.
Paramserv setup time:		0.740 secs.
PS fed data partitioning time:	0.167 secs.
PS fed comm time (cum):		47.685 secs.
PS fed worker comp time (cum):	357.279 secs.
PS fed grad. weigh. time (cum):	0.000 secs.
PS fed global model agg time:	0.101 secs.
Paramserv valdiation time:	0.000 secs.
Federated I/O (Read, Put, Get):	6/8/2.
Federated Execute (Inst, UDF):	10/12.
Total JIT compile time:		3.427 sec.
Total JVM GC count:		2.
Total JVM GC time:		0.03 sec.
Heavy hitter instructions:
  #  Instruction  Time(s)  Count
  1  paramserv    147.663      1
  2  fed_uamin      0.713      1
  3  fed_-          0.171      1
  4  fed_/          0.169      1
  5  fed_uamax      0.166      1
  6  rand           0.082     13
  7  *              0.064     35
  8  -              0.041     17
  9  -*             0.024     16
 10  rmvar          0.024     49
 11  +*             0.016     16
 12  uak+           0.016      1
 13  createvar      0.002     87
 14  nvlist         0.002      1
 15  /              0.001     13
 16  print          0.001      5
 17  list           0.001      3
 18  mvvar          0.000     54
 19  sqrt           0.000     10
 20  rightIndex     0.000      1
 21  +              0.000     12
 22  castdtm        0.000      1
 23  ==             0.000      3

21/03/28 23:26:49 INFO org.apache.sysds.api.DMLScript: END DML run 03/28/2021 23:26:49
real 153,31
user 12,30
sys 1,07
