21/03/29 10:34:15 INFO org.apache.sysds.api.DMLScript: BEGIN DML run 03/29/2021 10:34:15
21/03/29 10:34:15 INFO org.apache.sysds.utils.NativeHelper: Using native blas: mkl
21/03/29 10:34:19 INFO org.apache.sysds.runtime.instructions.cp.ParamservBuiltinCPInstruction: PARAMETER SERVER
21/03/29 10:34:19 INFO org.apache.sysds.runtime.instructions.cp.ParamservBuiltinCPInstruction: [+] Running in federated mode
21/03/29 10:34:19 INFO org.apache.sysds.runtime.instructions.cp.ParamservBuiltinCPInstruction: [+] Update Type: BSP
21/03/29 10:34:19 INFO org.apache.sysds.runtime.instructions.cp.ParamservBuiltinCPInstruction: [+] Frequency: EPOCH
21/03/29 10:34:19 INFO org.apache.sysds.runtime.instructions.cp.ParamservBuiltinCPInstruction: [+] Data Partitioning: KEEP_DATA_ON_WORKER
21/03/29 10:34:19 INFO org.apache.sysds.runtime.instructions.cp.ParamservBuiltinCPInstruction: [+] Runtime Balancing: NONE
21/03/29 10:34:19 INFO org.apache.sysds.runtime.instructions.cp.ParamservBuiltinCPInstruction: [+] Weighting: false
21/03/29 10:34:19 INFO org.apache.sysds.runtime.instructions.cp.ParamservBuiltinCPInstruction: [+] Seed: 2099156041
21/03/29 10:34:19 INFO org.apache.sysds.runtime.controlprogram.paramserv.ParamServer: Setup config for worker Federated worker_0
21/03/29 10:34:19 INFO org.apache.sysds.runtime.controlprogram.paramserv.ParamServer: Batch size: 128 possible batches: 157 batches to run: 157 weighting factor: 1.0
21/03/29 10:34:19 INFO org.apache.sysds.runtime.controlprogram.paramserv.ParamServer: Setup config for worker Federated worker_1
21/03/29 10:34:19 INFO org.apache.sysds.runtime.controlprogram.paramserv.ParamServer: Batch size: 128 possible batches: 157 batches to run: 157 weighting factor: 1.0
21/03/29 10:34:19 INFO org.apache.sysds.runtime.controlprogram.paramserv.ParamServer: Setup config for worker Federated worker_2
21/03/29 10:34:19 INFO org.apache.sysds.runtime.controlprogram.paramserv.ParamServer: Batch size: 128 possible batches: 157 batches to run: 157 weighting factor: 1.0
21/03/29 10:34:50 INFO org.apache.sysds.runtime.controlprogram.paramserv.ParamServer: [+] PARAMSERV: completed EPOCH 0
21/03/29 10:34:50 INFO org.apache.sysds.runtime.controlprogram.paramserv.ParamServer: [+] PARAMSERV: epoch timer: 31.128 secs.
21/03/29 10:35:18 INFO org.apache.sysds.runtime.controlprogram.paramserv.ParamServer: [+] PARAMSERV: completed EPOCH 1
21/03/29 10:35:18 INFO org.apache.sysds.runtime.controlprogram.paramserv.ParamServer: [+] PARAMSERV: epoch timer: 58.857 secs.
channels   : 1
epochs     : 2
freq       : EPOCH
batch_size : 128
-3.84868442254143
SystemDS Statistics:
Total elapsed time:		62.391 sec.
Total compilation time:		1.398 sec.
Total execution time:		60.993 sec.
Native mkl calls (dense mult/conv/bwdF/bwdD):	0/0/0/0.
Native mkl calls (sparse conv/bwdF/bwdD):	0/0/0.
Native mkl times (dense mult/conv/bwdF/bwdD):	0.000/0.000/0.000/0.000.
Cache hits (Mem/Li/WB/FS/HDFS):	434/0/0/0/0.
Cache writes (Li/WB/FS/HDFS):	1/25/0/0.
Cache times (ACQr/m, RLS, EXP):	0.015/0.004/0.010/0.000 sec.
HOP DAGs recompiled (PRED, SB):	0/3.
HOP DAGs recompile time:	0.026 sec.
Paramserv total execution time:	58.863 secs.
Paramserv total num workers:	3.
Paramserv setup time:		0.324 secs.
PS fed data partitioning time:	0.032 secs.
PS fed comm time (cum):		1.366 secs.
PS fed worker comp time (cum):	167.374 secs.
PS fed grad. weigh. time (cum):	0.000 secs.
PS fed global model agg time:	0.252 secs.
Paramserv valdiation time:	0.000 secs.
Federated I/O (Read, Put, Get):	6/8/2.
Federated Execute (Inst, UDF):	10/12.
Total JIT compile time:		5.06 sec.
Total JVM GC count:		2.
Total JVM GC time:		0.101 sec.
Heavy hitter instructions:
  #  Instruction  Time(s)  Count
  1  paramserv     58.866      1
  2  fed_uamin      1.419      1
  3  *              0.228     35
  4  fed_-          0.173      1
  5  rand           0.171     13
  6  -              0.123     17
  7  fed_/          0.092      1
  8  +*             0.048     16
  9  -*             0.046     16
 10  fed_uamax      0.031      1
 11  rmvar          0.014     49
 12  uak+           0.009      1
 13  createvar      0.003     87
 14  /              0.002     13
 15  nvlist         0.002      1
 16  list           0.001      3
 17  mvvar          0.001     54
 18  sqrt           0.001     10
 19  +              0.000     12
 20  print          0.000      5
 21  rightIndex     0.000      1
 22  castdtm        0.000      1
 23  ==             0.000      3

21/03/29 10:35:18 INFO org.apache.sysds.api.DMLScript: END DML run 03/29/2021 10:35:18
real 66.33
user 25.90
sys 1.16
21/03/29 10:35:22 INFO org.apache.sysds.api.DMLScript: BEGIN DML run 03/29/2021 10:35:22
21/03/29 10:35:22 INFO org.apache.sysds.utils.NativeHelper: Using native blas: mkl
21/03/29 10:35:24 INFO org.apache.sysds.runtime.instructions.cp.ParamservBuiltinCPInstruction: PARAMETER SERVER
21/03/29 10:35:24 INFO org.apache.sysds.runtime.instructions.cp.ParamservBuiltinCPInstruction: [+] Running in federated mode
21/03/29 10:35:24 INFO org.apache.sysds.runtime.instructions.cp.ParamservBuiltinCPInstruction: [+] Update Type: BSP
21/03/29 10:35:24 INFO org.apache.sysds.runtime.instructions.cp.ParamservBuiltinCPInstruction: [+] Frequency: EPOCH
21/03/29 10:35:24 INFO org.apache.sysds.runtime.instructions.cp.ParamservBuiltinCPInstruction: [+] Data Partitioning: KEEP_DATA_ON_WORKER
21/03/29 10:35:24 INFO org.apache.sysds.runtime.instructions.cp.ParamservBuiltinCPInstruction: [+] Runtime Balancing: NONE
21/03/29 10:35:24 INFO org.apache.sysds.runtime.instructions.cp.ParamservBuiltinCPInstruction: [+] Weighting: false
21/03/29 10:35:24 INFO org.apache.sysds.runtime.instructions.cp.ParamservBuiltinCPInstruction: [+] Seed: 2099221455
21/03/29 10:35:24 INFO org.apache.sysds.runtime.controlprogram.paramserv.ParamServer: Setup config for worker Federated worker_0
21/03/29 10:35:24 INFO org.apache.sysds.runtime.controlprogram.paramserv.ParamServer: Batch size: 128 possible batches: 157 batches to run: 157 weighting factor: 1.0
21/03/29 10:35:24 INFO org.apache.sysds.runtime.controlprogram.paramserv.ParamServer: Setup config for worker Federated worker_1
21/03/29 10:35:24 INFO org.apache.sysds.runtime.controlprogram.paramserv.ParamServer: Batch size: 128 possible batches: 157 batches to run: 157 weighting factor: 1.0
21/03/29 10:35:24 INFO org.apache.sysds.runtime.controlprogram.paramserv.ParamServer: Setup config for worker Federated worker_2
21/03/29 10:35:24 INFO org.apache.sysds.runtime.controlprogram.paramserv.ParamServer: Batch size: 128 possible batches: 157 batches to run: 157 weighting factor: 1.0
21/03/29 10:35:54 INFO org.apache.sysds.runtime.controlprogram.paramserv.ParamServer: [+] PARAMSERV: completed EPOCH 0
21/03/29 10:35:54 INFO org.apache.sysds.runtime.controlprogram.paramserv.ParamServer: [+] PARAMSERV: epoch timer: 29.447 secs.
21/03/29 10:36:21 INFO org.apache.sysds.runtime.controlprogram.paramserv.ParamServer: [+] PARAMSERV: completed EPOCH 1
21/03/29 10:36:21 INFO org.apache.sysds.runtime.controlprogram.paramserv.ParamServer: [+] PARAMSERV: epoch timer: 56.304 secs.
channels   : 1
epochs     : 2
freq       : EPOCH
batch_size : 128
-3.8259607566321376
SystemDS Statistics:
Total elapsed time:		58.913 sec.
Total compilation time:		1.403 sec.
Total execution time:		57.510 sec.
Native mkl calls (dense mult/conv/bwdF/bwdD):	0/0/0/0.
Native mkl calls (sparse conv/bwdF/bwdD):	0/0/0.
Native mkl times (dense mult/conv/bwdF/bwdD):	0.000/0.000/0.000/0.000.
Cache hits (Mem/Li/WB/FS/HDFS):	434/0/0/0/0.
Cache writes (Li/WB/FS/HDFS):	1/25/0/0.
Cache times (ACQr/m, RLS, EXP):	0.010/0.002/0.011/0.000 sec.
HOP DAGs recompiled (PRED, SB):	0/3.
HOP DAGs recompile time:	0.026 sec.
Paramserv total execution time:	56.311 secs.
Paramserv total num workers:	3.
Paramserv setup time:		0.258 secs.
PS fed data partitioning time:	0.021 secs.
PS fed comm time (cum):		1.160 secs.
PS fed worker comp time (cum):	163.984 secs.
PS fed grad. weigh. time (cum):	0.000 secs.
PS fed global model agg time:	0.245 secs.
Paramserv valdiation time:	0.000 secs.
Federated I/O (Read, Put, Get):	6/8/2.
Federated Execute (Inst, UDF):	10/12.
Total JIT compile time:		5.117 sec.
Total JVM GC count:		2.
Total JVM GC time:		0.104 sec.
Heavy hitter instructions:
  #  Instruction  Time(s)  Count
  1  paramserv     56.313      1
  2  fed_uamin      0.789      1
  3  *              0.228     35
  4  -              0.120     17
  5  rand           0.116     13
  6  -*             0.047     16
  7  +*             0.041     16
  8  fed_-          0.020      1
  9  fed_/          0.017      1
 10  rmvar          0.016     49
 11  fed_uamax      0.011      1
 12  uak+           0.010      1
 13  createvar      0.003     87
 14  nvlist         0.003      1
 15  /              0.002     13
 16  list           0.001      3
 17  sqrt           0.001     10
 18  mvvar          0.001     54
 19  castdtm        0.000      1
 20  +              0.000     12
 21  print          0.000      5
 22  rightIndex     0.000      1
 23  ==             0.000      3

21/03/29 10:36:21 INFO org.apache.sysds.api.DMLScript: END DML run 03/29/2021 10:36:21
real 62.35
user 26.03
sys 1.22
21/03/29 10:36:24 INFO org.apache.sysds.api.DMLScript: BEGIN DML run 03/29/2021 10:36:24
21/03/29 10:36:24 INFO org.apache.sysds.utils.NativeHelper: Using native blas: mkl
21/03/29 10:36:27 INFO org.apache.sysds.runtime.instructions.cp.ParamservBuiltinCPInstruction: PARAMETER SERVER
21/03/29 10:36:27 INFO org.apache.sysds.runtime.instructions.cp.ParamservBuiltinCPInstruction: [+] Running in federated mode
21/03/29 10:36:27 INFO org.apache.sysds.runtime.instructions.cp.ParamservBuiltinCPInstruction: [+] Update Type: BSP
21/03/29 10:36:27 INFO org.apache.sysds.runtime.instructions.cp.ParamservBuiltinCPInstruction: [+] Frequency: EPOCH
21/03/29 10:36:27 INFO org.apache.sysds.runtime.instructions.cp.ParamservBuiltinCPInstruction: [+] Data Partitioning: KEEP_DATA_ON_WORKER
21/03/29 10:36:27 INFO org.apache.sysds.runtime.instructions.cp.ParamservBuiltinCPInstruction: [+] Runtime Balancing: NONE
21/03/29 10:36:27 INFO org.apache.sysds.runtime.instructions.cp.ParamservBuiltinCPInstruction: [+] Weighting: false
21/03/29 10:36:27 INFO org.apache.sysds.runtime.instructions.cp.ParamservBuiltinCPInstruction: [+] Seed: 2099283880
21/03/29 10:36:27 INFO org.apache.sysds.runtime.controlprogram.paramserv.ParamServer: Setup config for worker Federated worker_0
21/03/29 10:36:27 INFO org.apache.sysds.runtime.controlprogram.paramserv.ParamServer: Batch size: 128 possible batches: 157 batches to run: 157 weighting factor: 1.0
21/03/29 10:36:27 INFO org.apache.sysds.runtime.controlprogram.paramserv.ParamServer: Setup config for worker Federated worker_1
21/03/29 10:36:27 INFO org.apache.sysds.runtime.controlprogram.paramserv.ParamServer: Batch size: 128 possible batches: 157 batches to run: 157 weighting factor: 1.0
21/03/29 10:36:27 INFO org.apache.sysds.runtime.controlprogram.paramserv.ParamServer: Setup config for worker Federated worker_2
21/03/29 10:36:27 INFO org.apache.sysds.runtime.controlprogram.paramserv.ParamServer: Batch size: 128 possible batches: 157 batches to run: 157 weighting factor: 1.0
21/03/29 10:36:55 INFO org.apache.sysds.runtime.controlprogram.paramserv.ParamServer: [+] PARAMSERV: completed EPOCH 0
21/03/29 10:36:55 INFO org.apache.sysds.runtime.controlprogram.paramserv.ParamServer: [+] PARAMSERV: epoch timer: 28.436 secs.
21/03/29 10:37:22 INFO org.apache.sysds.runtime.controlprogram.paramserv.ParamServer: [+] PARAMSERV: completed EPOCH 1
21/03/29 10:37:22 INFO org.apache.sysds.runtime.controlprogram.paramserv.ParamServer: [+] PARAMSERV: epoch timer: 55.518 secs.
channels   : 1
epochs     : 2
freq       : EPOCH
batch_size : 128
-3.7621282466866606
SystemDS Statistics:
Total elapsed time:		58.177 sec.
Total compilation time:		1.380 sec.
Total execution time:		56.798 sec.
Native mkl calls (dense mult/conv/bwdF/bwdD):	0/0/0/0.
Native mkl calls (sparse conv/bwdF/bwdD):	0/0/0.
Native mkl times (dense mult/conv/bwdF/bwdD):	0.000/0.000/0.000/0.000.
Cache hits (Mem/Li/WB/FS/HDFS):	434/0/0/0/0.
Cache writes (Li/WB/FS/HDFS):	1/25/0/0.
Cache times (ACQr/m, RLS, EXP):	0.011/0.002/0.011/0.000 sec.
HOP DAGs recompiled (PRED, SB):	0/3.
HOP DAGs recompile time:	0.027 sec.
Paramserv total execution time:	55.525 secs.
Paramserv total num workers:	3.
Paramserv setup time:		0.267 secs.
PS fed data partitioning time:	0.020 secs.
PS fed comm time (cum):		1.234 secs.
PS fed worker comp time (cum):	161.429 secs.
PS fed grad. weigh. time (cum):	0.000 secs.
PS fed global model agg time:	0.269 secs.
Paramserv valdiation time:	0.000 secs.
Federated I/O (Read, Put, Get):	6/8/2.
Federated Execute (Inst, UDF):	10/12.
Total JIT compile time:		5.744 sec.
Total JVM GC count:		2.
Total JVM GC time:		0.101 sec.
Heavy hitter instructions:
  #  Instruction  Time(s)  Count
  1  paramserv     55.527      1
  2  fed_uamin      0.803      1
  3  *              0.217     35
  4  rand           0.174     13
  5  -              0.145     17
  6  -*             0.046     16
  7  +*             0.043     16
  8  fed_/          0.025      1
  9  fed_-          0.021      1
 10  rmvar          0.016     49
 11  fed_uamax      0.012      1
 12  uak+           0.009      1
 13  createvar      0.003     87
 14  nvlist         0.002      1
 15  /              0.002     13
 16  list           0.002      3
 17  sqrt           0.001     10
 18  mvvar          0.001     54
 19  rightIndex     0.000      1
 20  +              0.000     12
 21  print          0.000      5
 22  ==             0.000      3
 23  castdtm        0.000      1

21/03/29 10:37:22 INFO org.apache.sysds.api.DMLScript: END DML run 03/29/2021 10:37:22
real 62.40
user 27.72
sys 1.05
