K-means: No output is produced. Try increasing the number of iterations and/or lower eps.
SystemDS Statistics:
Total elapsed time:		584.339 sec.
Total compilation time:		0.717 sec.
Total execution time:		583.622 sec.
Native mkl calls (dense mult/conv/bwdF/bwdD):	100/0/0/0.
Native mkl calls (sparse conv/bwdF/bwdD):	0/0/0.
Native mkl times (dense mult/conv/bwdF/bwdD):	0.241/0.000/0.000/0.000.
Cache hits (Mem/Li/WB/FS/HDFS):	2471/0/0/0/0.
Cache writes (Li/WB/FS/HDFS):	1/435/0/1.
Cache times (ACQr/m, RLS, EXP):	0.004/0.004/0.034/0.701 sec.
HOP DAGs recompiled (PRED, SB):	0/53.
HOP DAGs recompile time:	0.106 sec.
Functions recompiled:		1.
Functions recompile time:	0.017 sec.
ParFor loops optimized:		1.
ParFor optimize time:		0.015 sec.
ParFor initialize time:		0.002 sec.
ParFor result merge time:	0.013 sec.
ParFor total update in-place:	0/3/4
Federated I/O (Read, Put, Get):	3/483/242.
Federated Execute (Inst, UDF):	1444/0.
Total JIT compile time:		18.58 sec.
Total JVM GC count:		12.
Total JVM GC time:		0.097 sec.
Heavy hitter instructions:
  #  Instruction   Time(s)  Count
  1  m_kmeans      582.920      1
  2  fed_uarmin    102.019     60
  3  fed_uark+      99.235     60
  4  fed_ba+*       96.897    121
  5  fed_/          87.898     60
  6  fed_<=         85.702     60
  7  fed_r'         39.768     60
  8  fed_+          26.075     60
  9  fed_uack+      19.923     60
 10  fed_*          15.400     60
 11  fed_uasqk+      6.843      1
 12  rmvar           1.473   2160
 13  write           0.701      1
 14  ba+*            0.531    150
 15  *               0.511    221
 16  uark+           0.111     51
 17  uarsqk+         0.068     61
 18  uak+            0.063    169
 19  r'              0.038    180
 20  /               0.035     63
 21  +               0.033    335
 22  createvar       0.021   2095
 23  rand            0.018     56
 24  ucumk+          0.011     51
 25  log             0.009      2
 26  <               0.007    111
 27  min             0.006     50
 28  ctable          0.006      1
 29  rexpand         0.006    101
 30  <=              0.004     60
 31  +*              0.003    101
 32  -*              0.003     50
 33  mvvar           0.002    545
 34  seq             0.002    103
 35  -               0.002     66
 36  rightIndex      0.001     53
 37  uasqk+          0.001     50
 38  cpvar           0.001    235
 39  leftIndex       0.001      4
 40  ifelse          0.001     50
 41  castdts         0.001    101
 42  round           0.001      3
 43  ==              0.000    112
 44  assignvar       0.000    188
 45  sqrt            0.000      1
 46  castdtm         0.000     50
 47  >               0.000     60
 48  >=              0.000     60
 49  ncol            0.000      2
 50  print           0.000      1
 51  ctableexpand    0.000      1
 52  castvti         0.000      1

real 588,58
user 90,65
sys 9,43
