K-means: No output is produced. Try increasing the number of iterations and/or lower eps.
SystemDS Statistics:
Total elapsed time:		477.153 sec.
Total compilation time:		0.642 sec.
Total execution time:		476.511 sec.
Native mkl calls (dense mult/conv/bwdF/bwdD):	100/0/0/0.
Native mkl calls (sparse conv/bwdF/bwdD):	0/0/0.
Native mkl times (dense mult/conv/bwdF/bwdD):	0.245/0.000/0.000/0.000.
Cache hits (Mem/Li/WB/FS/HDFS):	2471/0/0/0/0.
Cache writes (Li/WB/FS/HDFS):	1/435/0/1.
Cache times (ACQr/m, RLS, EXP):	0.006/0.005/0.046/0.756 sec.
HOP DAGs recompiled (PRED, SB):	0/53.
HOP DAGs recompile time:	0.119 sec.
Functions recompiled:		1.
Functions recompile time:	0.020 sec.
ParFor loops optimized:		1.
ParFor optimize time:		0.017 sec.
ParFor initialize time:		0.002 sec.
ParFor result merge time:	0.031 sec.
ParFor total update in-place:	0/3/4
Federated I/O (Read, Put, Get):	3/483/242.
Federated Execute (Inst, UDF):	1444/0.
Total JIT compile time:		11.847 sec.
Total JVM GC count:		8.
Total JVM GC time:		0.08 sec.
Heavy hitter instructions:
  #  Instruction   Time(s)  Count
  1  m_kmeans      475.755      1
  2  fed_uarmin     82.125     60
  3  fed_uark+      79.265     60
  4  fed_<=         79.127     60
  5  fed_/          76.965     60
  6  fed_ba+*       72.167    121
  7  fed_r'         35.943     60
  8  fed_+          25.249     60
  9  fed_uack+      10.119     60
 10  fed_*           9.996     60
 11  fed_uasqk+      1.526      1
 12  rmvar           1.307   2160
 13  write           0.756      1
 14  *               0.561    221
 15  ba+*            0.549    150
 16  uark+           0.191     51
 17  uak+            0.120    169
 18  uarsqk+         0.060     61
 19  /               0.058     63
 20  r'              0.038    180
 21  +               0.036    335
 22  rand            0.026     56
 23  createvar       0.024   2095
 24  log             0.012      2
 25  ucumk+          0.012     51
 26  ctable          0.007      1
 27  rexpand         0.007    101
 28  <               0.006    111
 29  min             0.006     50
 30  <=              0.004     60
 31  +*              0.004    101
 32  -*              0.003     50
 33  mvvar           0.003    545
 34  seq             0.002    103
 35  leftIndex       0.002      4
 36  rightIndex      0.002     53
 37  -               0.002     66
 38  uasqk+          0.001     50
 39  cpvar           0.001    235
 40  round           0.001      3
 41  ==              0.001    112
 42  castdts         0.001    101
 43  ifelse          0.001     50
 44  assignvar       0.001    188
 45  sqrt            0.001      1
 46  castdtm         0.000     50
 47  >               0.000     60
 48  >=              0.000     60
 49  ncol            0.000      2
 50  print           0.000      1
 51  ctableexpand    0.000      1
 52  castvti         0.000      1

real 480,07
user 49,35
sys 8,55
