SystemDS Statistics:
Total elapsed time:		21.273 sec.
Total compilation time:		0.515 sec.
Total execution time:		20.758 sec.
Native mkl calls (dense mult/conv/bwdF/bwdD):	0/0/0/0.
Native mkl calls (sparse conv/bwdF/bwdD):	0/0/0.
Native mkl times (dense mult/conv/bwdF/bwdD):	0.000/0.000/0.000/0.000.
Cache hits (Mem/Li/WB/FS/HDFS):	7/0/0/0/1.
Cache writes (Li/WB/FS/HDFS):	0/3/0/1.
Cache times (ACQr/m, RLS, EXP):	0.060/0.000/0.001/0.020 sec.
HOP DAGs recompiled (PRED, SB):	0/0.
HOP DAGs recompile time:	0.000 sec.
Federated I/O (Read, Put, Get):	3/3/2.
Federated Execute (Inst, UDF):	4/0.
Total JIT compile time:		2.035 sec.
Total JVM GC count:		2.
Total JVM GC time:		0.027 sec.
Heavy hitter instructions:
  #  Instruction  Time(s)  Count
  1  fed_tsmm      18.691      1
  2  fed_ba+*       1.564      1
  3  solve          0.404      1
  4  r'             0.060      2
  5  write          0.021      1
  6  +              0.011      1
  7  <=             0.005      1
  8  rdiag          0.003      1
  9  rand           0.002      1
 10  rmvar          0.001      6
 11  createvar      0.000     10
 12  mvvar          0.000     26
 13  -              0.000     12
 14  ==             0.000      8
 15  ^              0.000      1
 16  >              0.000      2
 17  ||             0.000      2

real 24,88
user 7,31
sys 0,47
