SystemDS Statistics:
Total elapsed time:		3.840 sec.
Total compilation time:		1.019 sec.
Total execution time:		2.821 sec.
Native mkl calls (dense mult/conv/bwdF/bwdD):	41/0/0/0.
Native mkl calls (sparse conv/bwdF/bwdD):	0/0/0.
Native mkl times (dense mult/conv/bwdF/bwdD):	0.002/0.000/0.000/0.000.
Cache hits (Mem/Li/WB/FS/HDFS):	367/0/0/0/1.
Cache writes (Li/WB/FS/HDFS):	0/1/0/1.
Cache times (ACQr/m, RLS, EXP):	0.115/0.001/0.003/0.043 sec.
HOP DAGs recompiled (PRED, SB):	0/0.
HOP DAGs recompile time:	0.000 sec.
Federated I/O (Read, Put, Get):	3/23/21.
Federated Execute (Inst, UDF):	42/0.
Total JIT compile time:		3.282 sec.
Total JVM GC count:		2.
Total JVM GC time:		0.093 sec.
Heavy hitter instructions:
  #  Instruction  Time(s)  Count
  1  m_lmCG         2.777      1
  2  fed_ba+*       1.427      1
  3  fed_mmchain    1.149     20
  4  r'             0.121     23
  5  write          0.043      1
  6  +*             0.016     60
  7  -              0.014     34
  8  rand           0.011      2
  9  <=             0.011      1
 10  ba+*           0.010     21
 11  *              0.006     21
 12  +              0.005     40
 13  createvar      0.005    210
 14  rmvar          0.004    233
 15  tsmm           0.001     20
 16  castdts        0.001     41
 17  mvvar          0.001     51
 18  /              0.000     40
 19  cpvar          0.000     65
 20  assignvar      0.000     45
 21  <              0.000     21
 22  ==             0.000     11
 23  >              0.000     23
 24  &&             0.000     21
 25  ||             0.000      2
 26  ^              0.000      1
 27  >=             0.000      1

real 7.95
user 12.15
sys 0.95
SystemDS Statistics:
Total elapsed time:		3.687 sec.
Total compilation time:		1.009 sec.
Total execution time:		2.678 sec.
Native mkl calls (dense mult/conv/bwdF/bwdD):	41/0/0/0.
Native mkl calls (sparse conv/bwdF/bwdD):	0/0/0.
Native mkl times (dense mult/conv/bwdF/bwdD):	0.002/0.000/0.000/0.000.
Cache hits (Mem/Li/WB/FS/HDFS):	367/0/0/0/1.
Cache writes (Li/WB/FS/HDFS):	0/1/0/1.
Cache times (ACQr/m, RLS, EXP):	0.113/0.001/0.003/0.044 sec.
HOP DAGs recompiled (PRED, SB):	0/0.
HOP DAGs recompile time:	0.000 sec.
Federated I/O (Read, Put, Get):	3/23/21.
Federated Execute (Inst, UDF):	42/0.
Total JIT compile time:		3.281 sec.
Total JVM GC count:		2.
Total JVM GC time:		0.095 sec.
Heavy hitter instructions:
  #  Instruction  Time(s)  Count
  1  m_lmCG         2.633      1
  2  fed_ba+*       1.434      1
  3  fed_mmchain    1.001     20
  4  r'             0.119     23
  5  write          0.044      1
  6  +*             0.015     60
  7  -              0.013     34
  8  rand           0.011      2
  9  <=             0.011      1
 10  ba+*           0.010     21
 11  *              0.006     21
 12  createvar      0.005    210
 13  +              0.005     40
 14  rmvar          0.004    233
 15  tsmm           0.001     20
 16  castdts        0.001     41
 17  mvvar          0.001     51
 18  /              0.000     40
 19  cpvar          0.000     65
 20  assignvar      0.000     45
 21  ==             0.000     11
 22  >              0.000     23
 23  <              0.000     21
 24  &&             0.000     21
 25  ||             0.000      2
 26  ^              0.000      1
 27  >=             0.000      1

real 6.95
user 12.06
sys 0.81
SystemDS Statistics:
Total elapsed time:		3.800 sec.
Total compilation time:		1.031 sec.
Total execution time:		2.768 sec.
Native mkl calls (dense mult/conv/bwdF/bwdD):	41/0/0/0.
Native mkl calls (sparse conv/bwdF/bwdD):	0/0/0.
Native mkl times (dense mult/conv/bwdF/bwdD):	0.002/0.000/0.000/0.000.
Cache hits (Mem/Li/WB/FS/HDFS):	367/0/0/0/1.
Cache writes (Li/WB/FS/HDFS):	0/1/0/1.
Cache times (ACQr/m, RLS, EXP):	0.116/0.002/0.003/0.046 sec.
HOP DAGs recompiled (PRED, SB):	0/0.
HOP DAGs recompile time:	0.000 sec.
Federated I/O (Read, Put, Get):	3/23/21.
Federated Execute (Inst, UDF):	42/0.
Total JIT compile time:		3.355 sec.
Total JVM GC count:		2.
Total JVM GC time:		0.091 sec.
Heavy hitter instructions:
  #  Instruction  Time(s)  Count
  1  m_lmCG         2.721      1
  2  fed_ba+*       1.503      1
  3  fed_mmchain    1.018     20
  4  r'             0.122     23
  5  write          0.047      1
  6  +*             0.017     60
  7  -              0.014     34
  8  <=             0.011      1
  9  ba+*           0.010     21
 10  rand           0.009      2
 11  *              0.007     21
 12  +              0.005     40
 13  createvar      0.005    210
 14  rmvar          0.004    233
 15  tsmm           0.001     20
 16  castdts        0.001     41
 17  mvvar          0.001     51
 18  /              0.000     40
 19  cpvar          0.000     65
 20  assignvar      0.000     45
 21  >              0.000     23
 22  ==             0.000     11
 23  <              0.000     21
 24  &&             0.000     21
 25  ^              0.000      1
 26  ||             0.000      2
 27  >=             0.000      1

real 7.97
user 12.33
sys 0.76
SystemDS Statistics:
Total elapsed time:		3.699 sec.
Total compilation time:		1.021 sec.
Total execution time:		2.678 sec.
Native mkl calls (dense mult/conv/bwdF/bwdD):	41/0/0/0.
Native mkl calls (sparse conv/bwdF/bwdD):	0/0/0.
Native mkl times (dense mult/conv/bwdF/bwdD):	0.002/0.000/0.000/0.000.
Cache hits (Mem/Li/WB/FS/HDFS):	367/0/0/0/1.
Cache writes (Li/WB/FS/HDFS):	0/1/0/1.
Cache times (ACQr/m, RLS, EXP):	0.114/0.001/0.003/0.046 sec.
HOP DAGs recompiled (PRED, SB):	0/0.
HOP DAGs recompile time:	0.000 sec.
Federated I/O (Read, Put, Get):	3/23/21.
Federated Execute (Inst, UDF):	42/0.
Total JIT compile time:		3.32 sec.
Total JVM GC count:		2.
Total JVM GC time:		0.097 sec.
Heavy hitter instructions:
  #  Instruction  Time(s)  Count
  1  m_lmCG         2.632      1
  2  fed_ba+*       1.426      1
  3  fed_mmchain    1.008     20
  4  r'             0.119     23
  5  write          0.046      1
  6  +*             0.016     60
  7  -              0.014     34
  8  <=             0.011      1
  9  ba+*           0.010     21
 10  rand           0.009      2
 11  *              0.007     21
 12  +              0.005     40
 13  createvar      0.005    210
 14  rmvar          0.004    233
 15  tsmm           0.001     20
 16  castdts        0.001     41
 17  mvvar          0.001     51
 18  /              0.000     40
 19  assignvar      0.000     45
 20  cpvar          0.000     65
 21  ==             0.000     11
 22  >              0.000     23
 23  <              0.000     21
 24  &&             0.000     21
 25  ^              0.000      1
 26  ||             0.000      2
 27  >=             0.000      1

real 6.96
user 11.95
sys 0.96
SystemDS Statistics:
Total elapsed time:		3.728 sec.
Total compilation time:		1.013 sec.
Total execution time:		2.715 sec.
Native mkl calls (dense mult/conv/bwdF/bwdD):	41/0/0/0.
Native mkl calls (sparse conv/bwdF/bwdD):	0/0/0.
Native mkl times (dense mult/conv/bwdF/bwdD):	0.002/0.000/0.000/0.000.
Cache hits (Mem/Li/WB/FS/HDFS):	367/0/0/0/1.
Cache writes (Li/WB/FS/HDFS):	0/1/0/1.
Cache times (ACQr/m, RLS, EXP):	0.115/0.002/0.003/0.044 sec.
HOP DAGs recompiled (PRED, SB):	0/0.
HOP DAGs recompile time:	0.000 sec.
Federated I/O (Read, Put, Get):	3/23/21.
Federated Execute (Inst, UDF):	42/0.
Total JIT compile time:		3.207 sec.
Total JVM GC count:		2.
Total JVM GC time:		0.095 sec.
Heavy hitter instructions:
  #  Instruction  Time(s)  Count
  1  m_lmCG         2.670      1
  2  fed_ba+*       1.458      1
  3  fed_mmchain    1.012     20
  4  r'             0.120     23
  5  write          0.045      1
  6  +*             0.016     60
  7  -              0.014     34
  8  rand           0.011      2
  9  <=             0.011      1
 10  ba+*           0.010     21
 11  *              0.006     21
 12  +              0.005     40
 13  createvar      0.005    210
 14  rmvar          0.004    233
 15  tsmm           0.001     20
 16  castdts        0.001     41
 17  mvvar          0.001     51
 18  /              0.000     40
 19  assignvar      0.000     45
 20  cpvar          0.000     65
 21  ==             0.000     11
 22  >              0.000     23
 23  <              0.000     21
 24  &&             0.000     21
 25  ^              0.000      1
 26  ||             0.000      2
 27  >=             0.000      1

real 7.97
user 11.86
sys 0.80
