21/02/14 21:16:56 INFO org.apache.sysds.api.DMLScript: BEGIN DML run 02/14/2021 21:16:56
21/02/14 21:16:56 INFO org.apache.sysds.utils.NativeHelper: Using native blas: mkl
21/02/14 21:18:09 INFO org.apache.sysds.runtime.instructions.cp.ParamservBuiltinCPInstruction: PARAMETER SERVER
21/02/14 21:18:09 INFO org.apache.sysds.runtime.instructions.cp.ParamservBuiltinCPInstruction: [+] Running in federated mode
21/02/14 21:18:09 INFO org.apache.sysds.runtime.instructions.cp.ParamservBuiltinCPInstruction: [+] Update Type: BSP
21/02/14 21:18:09 INFO org.apache.sysds.runtime.instructions.cp.ParamservBuiltinCPInstruction: [+] Frequency: EPOCH
21/02/14 21:18:09 INFO org.apache.sysds.runtime.instructions.cp.ParamservBuiltinCPInstruction: [+] Data Partitioning: KEEP_DATA_ON_WORKER
21/02/14 21:18:09 INFO org.apache.sysds.runtime.instructions.cp.ParamservBuiltinCPInstruction: [+] Runtime Balancing: NONE
21/02/14 21:18:09 INFO org.apache.sysds.runtime.instructions.cp.ParamservBuiltinCPInstruction: [+] Weighing: false
21/02/14 21:18:09 INFO org.apache.sysds.runtime.instructions.cp.ParamservBuiltinCPInstruction: [+] Seed: -1573814005
21/02/14 21:18:09 INFO org.apache.sysds.runtime.controlprogram.paramserv.ParamServer: Setup config for worker Federated worker_0
21/02/14 21:18:09 INFO org.apache.sysds.runtime.controlprogram.paramserv.ParamServer: Batch size: 512 possible batches: 457 batches to run: 457 weighing factor: 0.9999700224403446
21/02/14 21:18:09 INFO org.apache.sysds.runtime.controlprogram.paramserv.ParamServer: Setup config for worker Federated worker_1
21/02/14 21:18:09 INFO org.apache.sysds.runtime.controlprogram.paramserv.ParamServer: Batch size: 512 possible batches: 457 batches to run: 457 weighing factor: 1.0000599551193108
21/02/14 21:18:09 INFO org.apache.sysds.runtime.controlprogram.paramserv.ParamServer: Setup config for worker Federated worker_2
21/02/14 21:18:09 INFO org.apache.sysds.runtime.controlprogram.paramserv.ParamServer: Batch size: 512 possible batches: 457 batches to run: 457 weighing factor: 0.999978587457389
21/02/14 21:18:33 INFO org.apache.sysds.runtime.controlprogram.paramserv.ParamServer: [+] PARAMSERV: completed EPOCH 0
21/02/14 21:18:56 INFO org.apache.sysds.runtime.controlprogram.paramserv.ParamServer: [+] PARAMSERV: completed EPOCH 1
21/02/14 21:19:18 INFO org.apache.sysds.runtime.controlprogram.paramserv.ParamServer: [+] PARAMSERV: completed EPOCH 2
21/02/14 21:19:40 INFO org.apache.sysds.runtime.controlprogram.paramserv.ParamServer: [+] PARAMSERV: completed EPOCH 3
21/02/14 21:20:03 INFO org.apache.sysds.runtime.controlprogram.paramserv.ParamServer: [+] PARAMSERV: completed EPOCH 4
[+] test loss: 2.0663786348856603E-11, test accuracy: 2.0663786348856603E-11

SystemDS Statistics:
Total elapsed time:		193.332 sec.
Total compilation time:		0.717 sec.
Total execution time:		192.615 sec.
Native mkl calls (dense mult/conv/bwdF/bwdD):	0/0/0/0.
Native mkl calls (sparse conv/bwdF/bwdD):	0/0/0.
Native mkl times (dense mult/conv/bwdF/bwdD):	0.000/0.000/0.000/0.000.
Cache hits (Mem/Li/WB/FS/HDFS):	450/0/0/0/0.
Cache writes (Li/WB/FS/HDFS):	3/58/0/0.
Cache times (ACQr/m, RLS, EXP):	0.018/0.014/0.013/0.000 sec.
HOP DAGs recompiled (PRED, SB):	0/9.
HOP DAGs recompile time:	0.058 sec.
Paramserv total execution time:	114.397 secs.
Paramserv total num workers:	3.
Paramserv setup time:		0.740 secs.
PS fed data partitioning time:	0.003 secs.
PS fed comm time (cum):		16.844 secs.
PS fed worker comp time (cum):	293.020 secs.
PS fed grad weigh time (cum):	0.000 secs.
PS fed global model agg time:	0.030 secs.
Paramserv valdiation time:	0.000 secs.
Federated I/O (Read, Put, Get):	6/40/7.
Federated Execute (Inst, UDF):	73/39.
Total JIT compile time:		8.512 sec.
Total JVM GC count:		3.
Total JVM GC time:		0.047 sec.
Heavy hitter instructions:
  #  Instruction          Time(s)  Count
  1  paramserv            114.398      1
  2  fed_transformencode   27.270      1
  3  fed_castdtf            9.665      1
  4  m_split                8.598      1
  5  fed_rmempty            8.447      4
  6  m_scale                6.073      1
  7  fed_*                  4.764      3
  8  fed_<                  4.385      1
  9  fed_-                  3.901      3
 10  fed_>                  3.152      1
 11  fed_uacmean            2.908      2
 12  fed_/                  2.576      1
 13  fed_ba+*               2.494      3
 14  fed_||                 2.244      1
 15  fed_+                  2.211      3
 16  fed_uacvar             1.683      1
 17  fed_max                0.841      2
 18  fed_uacsqk+            0.789      1
 19  fed_uak+               0.335      1
 20  rmvar                  0.163     66
 21  rand                   0.127      7
 22  >                      0.051      1
 23  /                      0.027      8
 24  +                      0.024     10
 25  <=                     0.022      2
 26  uarmax                 0.017      1
 27  uark+                  0.016      1
 28  -                      0.016      3
 29  sqrt                   0.015     12
 30  log                    0.009      1
 31  -*                     0.008     30
 32  exp                    0.006      1
 33  createvar              0.005     96
 34  nvlist                 0.003      1
 35  *                      0.003      4
 36  castdtm                0.002      6
 37  nrow                   0.001      1
 38  list                   0.001      6
 39  replace                0.001      2
 40  rightIndex             0.001      6
 41  print                  0.000      1
 42  mvvar                  0.000     28
 43  cpvar                  0.000      9
 44  ==                     0.000      1
 45  ||                     0.000      1
 46  !=                     0.000      1
 47  >=                     0.000      1

21/02/14 21:20:09 INFO org.apache.sysds.api.DMLScript: END DML run 02/14/2021 21:20:09
real 196,86
user 20,79
sys 1,72
