21/02/14 20:24:13 INFO org.apache.sysds.api.DMLScript: BEGIN DML run 02/14/2021 20:24:13
21/02/14 20:24:13 INFO org.apache.sysds.utils.NativeHelper: Using native blas: mkl
21/02/14 20:25:22 INFO org.apache.sysds.runtime.instructions.cp.ParamservBuiltinCPInstruction: PARAMETER SERVER
21/02/14 20:25:22 INFO org.apache.sysds.runtime.instructions.cp.ParamservBuiltinCPInstruction: [+] Running in federated mode
21/02/14 20:25:22 INFO org.apache.sysds.runtime.instructions.cp.ParamservBuiltinCPInstruction: [+] Update Type: BSP
21/02/14 20:25:22 INFO org.apache.sysds.runtime.instructions.cp.ParamservBuiltinCPInstruction: [+] Frequency: EPOCH
21/02/14 20:25:22 INFO org.apache.sysds.runtime.instructions.cp.ParamservBuiltinCPInstruction: [+] Data Partitioning: KEEP_DATA_ON_WORKER
21/02/14 20:25:22 INFO org.apache.sysds.runtime.instructions.cp.ParamservBuiltinCPInstruction: [+] Runtime Balancing: NONE
21/02/14 20:25:22 INFO org.apache.sysds.runtime.instructions.cp.ParamservBuiltinCPInstruction: [+] Weighing: false
21/02/14 20:25:22 INFO org.apache.sysds.runtime.instructions.cp.ParamservBuiltinCPInstruction: [+] Seed: -1576980945
21/02/14 20:25:22 INFO org.apache.sysds.runtime.controlprogram.paramserv.ParamServer: Setup config for worker Federated worker_0
21/02/14 20:25:22 INFO org.apache.sysds.runtime.controlprogram.paramserv.ParamServer: Batch size: 512 possible batches: 456 batches to run: 456 weighing factor: 1.0000857184491818
21/02/14 20:25:22 INFO org.apache.sysds.runtime.controlprogram.paramserv.ParamServer: Setup config for worker Federated worker_1
21/02/14 20:25:22 INFO org.apache.sysds.runtime.controlprogram.paramserv.ParamServer: Batch size: 512 possible batches: 456 batches to run: 456 weighing factor: 0.9990056659894909
21/02/14 20:25:22 INFO org.apache.sysds.runtime.controlprogram.paramserv.ParamServer: Setup config for worker Federated worker_2
21/02/14 20:25:22 INFO org.apache.sysds.runtime.controlprogram.paramserv.ParamServer: Batch size: 512 possible batches: 457 batches to run: 457 weighing factor: 1.0009129014837863
21/02/14 20:25:43 INFO org.apache.sysds.runtime.controlprogram.paramserv.ParamServer: [+] PARAMSERV: completed EPOCH 0
21/02/14 20:26:03 INFO org.apache.sysds.runtime.controlprogram.paramserv.ParamServer: [+] PARAMSERV: completed EPOCH 1
21/02/14 20:26:23 INFO org.apache.sysds.runtime.controlprogram.paramserv.ParamServer: [+] PARAMSERV: completed EPOCH 2
21/02/14 20:26:43 INFO org.apache.sysds.runtime.controlprogram.paramserv.ParamServer: [+] PARAMSERV: completed EPOCH 3
21/02/14 20:27:03 INFO org.apache.sysds.runtime.controlprogram.paramserv.ParamServer: [+] PARAMSERV: completed EPOCH 4
[+] test loss: 1.5309775813431232E-11, test accuracy: 1.5309775813431232E-11

SystemDS Statistics:
Total elapsed time:		174.360 sec.
Total compilation time:		0.691 sec.
Total execution time:		173.669 sec.
Native mkl calls (dense mult/conv/bwdF/bwdD):	0/0/0/0.
Native mkl calls (sparse conv/bwdF/bwdD):	0/0/0.
Native mkl times (dense mult/conv/bwdF/bwdD):	0.000/0.000/0.000/0.000.
Cache hits (Mem/Li/WB/FS/HDFS):	450/0/0/0/0.
Cache writes (Li/WB/FS/HDFS):	3/58/0/0.
Cache times (ACQr/m, RLS, EXP):	0.012/0.004/0.008/0.000 sec.
HOP DAGs recompiled (PRED, SB):	0/9.
HOP DAGs recompile time:	0.047 sec.
Paramserv total execution time:	101.451 secs.
Paramserv total num workers:	3.
Paramserv setup time:		0.432 secs.
PS fed data partitioning time:	0.005 secs.
PS fed comm time (cum):		13.992 secs.
PS fed worker comp time (cum):	277.355 secs.
PS fed grad weigh time (cum):	0.000 secs.
PS fed global model agg time:	0.029 secs.
Paramserv valdiation time:	0.000 secs.
Federated I/O (Read, Put, Get):	6/40/7.
Federated Execute (Inst, UDF):	73/39.
Total JIT compile time:		4.527 sec.
Total JVM GC count:		4.
Total JVM GC time:		0.046 sec.
Heavy hitter instructions:
  #  Instruction          Time(s)  Count
  1  paramserv            101.452      1
  2  fed_transformencode   25.628      1
  3  fed_castdtf           12.230      1
  4  m_split                7.670      1
  5  fed_rmempty            7.530      4
  6  fed_>                  4.620      1
  7  m_scale                4.397      1
  8  fed_*                  4.003      3
  9  fed_-                  3.436      3
 10  fed_<                  3.257      1
 11  fed_||                 2.269      1
 12  fed_ba+*               2.058      3
 13  fed_+                  1.832      3
 14  fed_uacvar             1.327      1
 15  fed_/                  1.326      1
 16  fed_uacmean            1.152      2
 17  fed_uacsqk+            0.481      1
 18  fed_max                0.429      2
 19  fed_uak+               0.166      1
 20  rmvar                  0.158     66
 21  rand                   0.097      7
 22  >                      0.044      1
 23  +                      0.023     10
 24  /                      0.023      8
 25  <=                     0.020      2
 26  uark+                  0.016      1
 27  log                    0.013      1
 28  -                      0.013      3
 29  uarmax                 0.010      1
 30  exp                    0.006      1
 31  sqrt                   0.005     12
 32  -*                     0.005     30
 33  createvar              0.004     96
 34  nvlist                 0.004      1
 35  rightIndex             0.003      6
 36  *                      0.002      4
 37  list                   0.001      6
 38  nrow                   0.001      1
 39  print                  0.000      1
 40  mvvar                  0.000     28
 41  castdtm                0.000      6
 42  replace                0.000      2
 43  cpvar                  0.000      9
 44  !=                     0.000      1
 45  ==                     0.000      1
 46  ||                     0.000      1
 47  >=                     0.000      1

21/02/14 20:27:08 INFO org.apache.sysds.api.DMLScript: END DML run 02/14/2021 20:27:08
real 177,85
user 13,97
sys 0,98
