
Accuracy:
--sum(ytest) = -31904.494906097287
--sum(yhat) = -4165.4944901604795
--AVG_RES_Y: -0.09259543754401882
--SS_AVG_RES_Y: 1.4684052057627323E8
--R2: 0.8429028855993735
SystemDS Statistics:
Total elapsed time:		56.715 sec.
Total compilation time:		1.141 sec.
Total execution time:		55.574 sec.
Native mkl calls (dense mult/conv/bwdF/bwdD):	17/0/0/0.
Native mkl calls (sparse conv/bwdF/bwdD):	0/0/0.
Native mkl times (dense mult/conv/bwdF/bwdD):	0.034/0.000/0.000/0.000.
Cache hits (Mem/Li/WB/FS/HDFS):	169/0/0/0/1.
Cache writes (Li/WB/FS/HDFS):	1/8/0/1.
Cache times (ACQr/m, RLS, EXP):	0.108/0.009/0.005/0.101 sec.
HOP DAGs recompiled (PRED, SB):	0/4.
HOP DAGs recompile time:	0.032 sec.
Functions recompiled:		1.
Functions recompile time:	0.024 sec.
Federated I/O (Read, Put, Get):	3/22/14.
Federated Execute (Inst, UDF):	60/12.
Total JIT compile time:		6.259 sec.
Total JVM GC count:		3.
Total JVM GC time:		0.113 sec.
Heavy hitter instructions:
  #  Instruction          Time(s)  Count
  1  fed_transformencode   20.340      1
  2  fed_castdtf            7.917      1
  3  fed_*                  4.351      2
  4  m_scale                4.282      1
  5  fed_>                  4.185      1
  6  m_split                4.133      1
  7  fed_rmempty            3.361      2
  8  fed_-                  3.234      2
  9  fed_<                  3.232      1
 10  fed_||                 2.012      1
 11  fed_/                  1.781      1
 12  fed_+                  1.531      1
 13  fed_uacvar             1.118      1
 14  m_lm                   0.559      1
 15  m_lmCG                 0.558      1
 16  fed_uacmean            0.537      2
 17  fed_mmchain            0.366      7
 18  rand                   0.343      4
 19  fed_uacsqk+            0.244      1
 20  rmempty                0.206      2
 21  fed_ba+*               0.196      2
 22  >                      0.168      9
 23  write                  0.102      2
 24  uak+                   0.078      3
 25  rmvar                  0.061    141
 26  <=                     0.048      3
 27  tsmm                   0.033      9
 28  +                      0.021     30
 29  -                      0.017     15
 30  rlit                   0.011      1
 31  ba+*                   0.011      8
 32  sqrt                   0.009      2
 33  +*                     0.006     21
 34  createvar              0.004    117
 35  *                      0.002     11
 36  r'                     0.002     10
 37  mvvar                  0.001     47
 38  nrow                   0.001      1
 39  replace                0.001      2
 40  /                      0.000     18
 41  castdts                0.000     18
 42  ==                     0.000     20
 43  print                  0.000      1
 44  cpvar                  0.000     35
 45  ^                      0.000      3
 46  assignvar              0.000     20
 47  ||                     0.000      5
 48  <                      0.000      8
 49  &&                     0.000      8
 50  >=                     0.000      2
 51  ncol                   0.000      1
 52  !=                     0.000      1

real 60.34
user 34.19
sys 1.25
