SystemDS Statistics:
Total elapsed time:		38.343 sec.
Total compilation time:		0.435 sec.
Total execution time:		37.908 sec.
Native mkl calls (dense mult/conv/bwdF/bwdD):	0/0/0/0.
Native mkl calls (sparse conv/bwdF/bwdD):	0/0/0.
Native mkl times (dense mult/conv/bwdF/bwdD):	0.000/0.000/0.000/0.000.
Cache hits (Mem/Li/WB/FS/HDFS):	19/0/0/0/0.
Cache writes (Li/WB/FS/HDFS):	0/6/0/1.
Cache times (ACQr/m, RLS, EXP):	0.000/0.001/0.001/0.068 sec.
HOP DAGs recompiled (PRED, SB):	0/2.
HOP DAGs recompile time:	0.004 sec.
Federated I/O (Read, Put, Get):	3/3/4.
Federated Execute (Inst, UDF):	16/0.
Total JIT compile time:		1.823 sec.
Total JVM GC count:		2.
Total JVM GC time:		0.026 sec.
Heavy hitter instructions:
  #  Instruction   Time(s)  Count
  1  m_pca          37.838      1
  2  eigen          15.310      1
  3  fed_tsmm       10.979      1
  4  fed_uacmean     4.403      1
  5  fed_uack+       2.103      1
  6  fed_-           2.080      1
  7  fed_/           1.971      1
  8  fed_uacsqk+     0.420      1
  9  fed_ba+*        0.413      1
 10  write           0.069      1
 11  ba+*            0.048      1
 12  /               0.030      4
 13  -*              0.025      1
 14  rmvar           0.020     15
 15  tsmm            0.019      1
 16  -               0.005      2
 17  ctableexpand    0.004      1
 18  rsort           0.003      1
 19  sqrt            0.003      1
 20  seq             0.001      1
 21  createvar       0.001     23
 22  rightIndex      0.000      1
 23  replace         0.000      2
 24  cpvar           0.000      5
 25  mvvar           0.000      3

real 41,87
user 22,47
sys 0,49
SystemDS Statistics:
Total elapsed time:		35.414 sec.
Total compilation time:		0.405 sec.
Total execution time:		35.008 sec.
Native mkl calls (dense mult/conv/bwdF/bwdD):	0/0/0/0.
Native mkl calls (sparse conv/bwdF/bwdD):	0/0/0.
Native mkl times (dense mult/conv/bwdF/bwdD):	0.000/0.000/0.000/0.000.
Cache hits (Mem/Li/WB/FS/HDFS):	19/0/0/0/0.
Cache writes (Li/WB/FS/HDFS):	0/6/0/1.
Cache times (ACQr/m, RLS, EXP):	0.000/0.001/0.002/0.047 sec.
HOP DAGs recompiled (PRED, SB):	0/2.
HOP DAGs recompile time:	0.004 sec.
Federated I/O (Read, Put, Get):	3/3/4.
Federated Execute (Inst, UDF):	16/0.
Total JIT compile time:		2.243 sec.
Total JVM GC count:		2.
Total JVM GC time:		0.026 sec.
Heavy hitter instructions:
  #  Instruction   Time(s)  Count
  1  m_pca          34.959      1
  2  eigen          16.237      1
  3  fed_tsmm        9.490      1
  4  fed_/           2.705      1
  5  fed_-           2.041      1
  6  fed_uack+       1.861      1
  7  fed_uacmean     1.701      1
  8  fed_ba+*        0.415      1
  9  fed_uacsqk+     0.347      1
 10  write           0.048      1
 11  tsmm            0.039      1
 12  ba+*            0.036      1
 13  /               0.024      4
 14  -*              0.022      1
 15  rmvar           0.022     15
 16  -               0.005      2
 17  ctableexpand    0.003      1
 18  rsort           0.003      1
 19  sqrt            0.003      1
 20  seq             0.001      1
 21  createvar       0.001     23
 22  rightIndex      0.001      1
 23  replace         0.000      2
 24  cpvar           0.000      5
 25  mvvar           0.000      3

real 39,00
user 23,54
sys 0,54
SystemDS Statistics:
Total elapsed time:		31.721 sec.
Total compilation time:		0.426 sec.
Total execution time:		31.295 sec.
Native mkl calls (dense mult/conv/bwdF/bwdD):	0/0/0/0.
Native mkl calls (sparse conv/bwdF/bwdD):	0/0/0.
Native mkl times (dense mult/conv/bwdF/bwdD):	0.000/0.000/0.000/0.000.
Cache hits (Mem/Li/WB/FS/HDFS):	19/0/0/0/0.
Cache writes (Li/WB/FS/HDFS):	0/6/0/1.
Cache times (ACQr/m, RLS, EXP):	0.000/0.000/0.001/0.077 sec.
HOP DAGs recompiled (PRED, SB):	0/2.
HOP DAGs recompile time:	0.005 sec.
Federated I/O (Read, Put, Get):	3/3/4.
Federated Execute (Inst, UDF):	16/0.
Total JIT compile time:		2.25 sec.
Total JVM GC count:		2.
Total JVM GC time:		0.025 sec.
Heavy hitter instructions:
  #  Instruction   Time(s)  Count
  1  m_pca          31.216      1
  2  eigen          15.934      1
  3  fed_tsmm        9.243      1
  4  fed_-           2.109      1
  5  fed_uacmean     1.363      1
  6  fed_/           1.318      1
  7  fed_uacsqk+     0.385      1
  8  fed_ba+*        0.370      1
  9  fed_uack+       0.320      1
 10  write           0.077      1
 11  ba+*            0.038      1
 12  tsmm            0.037      1
 13  /               0.033      4
 14  -*              0.025      1
 15  rmvar           0.022     15
 16  -               0.005      2
 17  ctableexpand    0.004      1
 18  rsort           0.003      1
 19  sqrt            0.003      1
 20  seq             0.001      1
 21  createvar       0.001     23
 22  rightIndex      0.001      1
 23  replace         0.000      2
 24  cpvar           0.000      5
 25  mvvar           0.000      3

real 35,35
user 23,38
sys 0,59
SystemDS Statistics:
Total elapsed time:		33.615 sec.
Total compilation time:		0.410 sec.
Total execution time:		33.205 sec.
Native mkl calls (dense mult/conv/bwdF/bwdD):	0/0/0/0.
Native mkl calls (sparse conv/bwdF/bwdD):	0/0/0.
Native mkl times (dense mult/conv/bwdF/bwdD):	0.000/0.000/0.000/0.000.
Cache hits (Mem/Li/WB/FS/HDFS):	19/0/0/0/0.
Cache writes (Li/WB/FS/HDFS):	0/6/0/1.
Cache times (ACQr/m, RLS, EXP):	0.000/0.000/0.001/0.072 sec.
HOP DAGs recompiled (PRED, SB):	0/2.
HOP DAGs recompile time:	0.005 sec.
Federated I/O (Read, Put, Get):	3/3/4.
Federated Execute (Inst, UDF):	16/0.
Total JIT compile time:		2.239 sec.
Total JVM GC count:		2.
Total JVM GC time:		0.026 sec.
Heavy hitter instructions:
  #  Instruction   Time(s)  Count
  1  m_pca          33.131      1
  2  eigen          15.854      1
  3  fed_tsmm        9.800      1
  4  fed_/           2.708      1
  5  fed_-           2.036      1
  6  fed_uacmean     1.490      1
  7  fed_ba+*        0.418      1
  8  fed_uacsqk+     0.334      1
  9  fed_uack+       0.324      1
 10  write           0.072      1
 11  ba+*            0.042      1
 12  /               0.028      4
 13  -*              0.027      1
 14  rmvar           0.023     15
 15  tsmm            0.018      1
 16  sqrt            0.014      1
 17  -               0.005      2
 18  ctableexpand    0.004      1
 19  rsort           0.003      1
 20  seq             0.001      1
 21  createvar       0.001     23
 22  replace         0.001      2
 23  rightIndex      0.000      1
 24  cpvar           0.000      5
 25  mvvar           0.000      3

real 37,10
user 23,30
sys 0,58
