21/03/29 11:07:42 INFO org.apache.sysds.api.DMLScript: BEGIN DML run 03/29/2021 11:07:42
21/03/29 11:07:42 INFO org.apache.sysds.utils.NativeHelper: Using native blas: mkl
21/03/29 11:08:05 INFO org.apache.sysds.runtime.instructions.cp.ParamservBuiltinCPInstruction: PARAMETER SERVER
21/03/29 11:08:05 INFO org.apache.sysds.runtime.instructions.cp.ParamservBuiltinCPInstruction: [+] Running in federated mode
21/03/29 11:08:05 INFO org.apache.sysds.runtime.instructions.cp.ParamservBuiltinCPInstruction: [+] Update Type: BSP
21/03/29 11:08:05 INFO org.apache.sysds.runtime.instructions.cp.ParamservBuiltinCPInstruction: [+] Frequency: EPOCH
21/03/29 11:08:05 INFO org.apache.sysds.runtime.instructions.cp.ParamservBuiltinCPInstruction: [+] Data Partitioning: KEEP_DATA_ON_WORKER
21/03/29 11:08:05 INFO org.apache.sysds.runtime.instructions.cp.ParamservBuiltinCPInstruction: [+] Runtime Balancing: NONE
21/03/29 11:08:05 INFO org.apache.sysds.runtime.instructions.cp.ParamservBuiltinCPInstruction: [+] Weighting: false
21/03/29 11:08:05 INFO org.apache.sysds.runtime.instructions.cp.ParamservBuiltinCPInstruction: [+] Seed: 2101181954
21/03/29 11:08:05 INFO org.apache.sysds.runtime.controlprogram.paramserv.ParamServer: Setup config for worker Federated worker_0
21/03/29 11:08:05 INFO org.apache.sysds.runtime.controlprogram.paramserv.ParamServer: Batch size: 512 possible batches: 652 batches to run: 652 weighting factor: 0.999996999997
21/03/29 11:08:05 INFO org.apache.sysds.runtime.controlprogram.paramserv.ParamServer: Setup config for worker Federated worker_1
21/03/29 11:08:05 INFO org.apache.sysds.runtime.controlprogram.paramserv.ParamServer: Batch size: 512 possible batches: 652 batches to run: 652 weighting factor: 1.000003000003
21/03/29 11:08:05 INFO org.apache.sysds.runtime.controlprogram.paramserv.ParamServer: Setup config for worker Federated worker_2
21/03/29 11:08:05 INFO org.apache.sysds.runtime.controlprogram.paramserv.ParamServer: Batch size: 512 possible batches: 652 batches to run: 652 weighting factor: 1.000003000003
21/03/29 11:08:18 INFO org.apache.sysds.runtime.controlprogram.paramserv.ParamServer: [+] PARAMSERV: completed EPOCH 0
21/03/29 11:08:18 INFO org.apache.sysds.runtime.controlprogram.paramserv.ParamServer: [+] PARAMSERV: epoch timer: 13.582 secs.
21/03/29 11:08:29 INFO org.apache.sysds.runtime.controlprogram.paramserv.ParamServer: [+] PARAMSERV: completed EPOCH 1
21/03/29 11:08:29 INFO org.apache.sysds.runtime.controlprogram.paramserv.ParamServer: [+] PARAMSERV: epoch timer: 24.53 secs.
21/03/29 11:08:40 INFO org.apache.sysds.runtime.controlprogram.paramserv.ParamServer: [+] PARAMSERV: completed EPOCH 2
21/03/29 11:08:40 INFO org.apache.sysds.runtime.controlprogram.paramserv.ParamServer: [+] PARAMSERV: epoch timer: 35.298 secs.
21/03/29 11:08:51 INFO org.apache.sysds.runtime.controlprogram.paramserv.ParamServer: [+] PARAMSERV: completed EPOCH 3
21/03/29 11:08:51 INFO org.apache.sysds.runtime.controlprogram.paramserv.ParamServer: [+] PARAMSERV: epoch timer: 46.118 secs.
21/03/29 11:09:01 INFO org.apache.sysds.runtime.controlprogram.paramserv.ParamServer: [+] PARAMSERV: completed EPOCH 4
21/03/29 11:09:01 INFO org.apache.sysds.runtime.controlprogram.paramserv.ParamServer: [+] PARAMSERV: epoch timer: 56.735 secs.
[+] test loss: 1.4872586632199265E-11, test accuracy: 1.4872586632199265E-11

SystemDS Statistics:
Total elapsed time:		90.514 sec.
Total compilation time:		1.085 sec.
Total execution time:		89.429 sec.
Native mkl calls (dense mult/conv/bwdF/bwdD):	2/0/0/0.
Native mkl calls (sparse conv/bwdF/bwdD):	0/0/0.
Native mkl times (dense mult/conv/bwdF/bwdD):	2.833/0.000/0.000/0.000.
Cache hits (Mem/Li/WB/FS/HDFS):	439/0/0/0/2.
Cache writes (Li/WB/FS/HDFS):	1/42/0/0.
Cache times (ACQr/m, RLS, EXP):	3.944/0.001/0.013/0.000 sec.
HOP DAGs recompiled (PRED, SB):	0/6.
HOP DAGs recompile time:	0.034 sec.
Paramserv total execution time:	56.742 secs.
Paramserv total num workers:	3.
Paramserv setup time:		0.159 secs.
PS fed data partitioning time:	0.026 secs.
PS fed comm time (cum):		0.660 secs.
PS fed worker comp time (cum):	160.995 secs.
PS fed grad. weigh. time (cum):	0.000 secs.
PS fed global model agg time:	0.027 secs.
Paramserv valdiation time:	0.000 secs.
Federated I/O (Read, Put, Get):	6/17/4.
Federated Execute (Inst, UDF):	14/21.
Total JIT compile time:		5.576 sec.
Total JVM GC count:		3.
Total JVM GC time:		0.676 sec.
Heavy hitter instructions:
  #  Instruction  Time(s)  Count
  1  paramserv     56.746      1
  2  -              6.935      5
  3  fed_uamin      6.259      2
  4  +              4.518     10
  5  ba+*           3.940      3
  6  fed_-          3.235      1
  7  /              3.168      8
  8  fed_/          2.181      1
  9  max            1.518      2
 10  fed_uamax      0.387      2
 11  *              0.147      4
 12  uark+          0.116      1
 13  log            0.098      1
 14  uarmax         0.097      1
 15  rand           0.045      6
 16  rmvar          0.016     47
 17  exp            0.012      1
 18  uak+           0.005      1
 19  -*             0.005     30
 20  createvar      0.003     71
 21  nvlist         0.002      1
 22  list           0.002      6
 23  sqrt           0.001     10
 24  rightIndex     0.001      6
 25  mvvar          0.000     22
 26  print          0.000      1
 27  castdtm        0.000      6
 28  ==             0.000      1

21/03/29 11:09:12 INFO org.apache.sysds.api.DMLScript: END DML run 03/29/2021 11:09:12
real 96.21
user 185.48
sys 16.73
21/03/29 11:09:18 INFO org.apache.sysds.api.DMLScript: BEGIN DML run 03/29/2021 11:09:18
21/03/29 11:09:18 INFO org.apache.sysds.utils.NativeHelper: Using native blas: mkl
21/03/29 11:09:36 INFO org.apache.sysds.runtime.instructions.cp.ParamservBuiltinCPInstruction: PARAMETER SERVER
21/03/29 11:09:36 INFO org.apache.sysds.runtime.instructions.cp.ParamservBuiltinCPInstruction: [+] Running in federated mode
21/03/29 11:09:36 INFO org.apache.sysds.runtime.instructions.cp.ParamservBuiltinCPInstruction: [+] Update Type: BSP
21/03/29 11:09:36 INFO org.apache.sysds.runtime.instructions.cp.ParamservBuiltinCPInstruction: [+] Frequency: EPOCH
21/03/29 11:09:36 INFO org.apache.sysds.runtime.instructions.cp.ParamservBuiltinCPInstruction: [+] Data Partitioning: KEEP_DATA_ON_WORKER
21/03/29 11:09:36 INFO org.apache.sysds.runtime.instructions.cp.ParamservBuiltinCPInstruction: [+] Runtime Balancing: NONE
21/03/29 11:09:36 INFO org.apache.sysds.runtime.instructions.cp.ParamservBuiltinCPInstruction: [+] Weighting: false
21/03/29 11:09:36 INFO org.apache.sysds.runtime.instructions.cp.ParamservBuiltinCPInstruction: [+] Seed: 2101273623
21/03/29 11:09:37 INFO org.apache.sysds.runtime.controlprogram.paramserv.ParamServer: Setup config for worker Federated worker_0
21/03/29 11:09:37 INFO org.apache.sysds.runtime.controlprogram.paramserv.ParamServer: Batch size: 512 possible batches: 652 batches to run: 652 weighting factor: 1.000003000003
21/03/29 11:09:37 INFO org.apache.sysds.runtime.controlprogram.paramserv.ParamServer: Setup config for worker Federated worker_1
21/03/29 11:09:37 INFO org.apache.sysds.runtime.controlprogram.paramserv.ParamServer: Batch size: 512 possible batches: 652 batches to run: 652 weighting factor: 1.000003000003
21/03/29 11:09:37 INFO org.apache.sysds.runtime.controlprogram.paramserv.ParamServer: Setup config for worker Federated worker_2
21/03/29 11:09:37 INFO org.apache.sysds.runtime.controlprogram.paramserv.ParamServer: Batch size: 512 possible batches: 652 batches to run: 652 weighting factor: 0.999996999997
21/03/29 11:09:49 INFO org.apache.sysds.runtime.controlprogram.paramserv.ParamServer: [+] PARAMSERV: completed EPOCH 0
21/03/29 11:09:49 INFO org.apache.sysds.runtime.controlprogram.paramserv.ParamServer: [+] PARAMSERV: epoch timer: 12.456 secs.
21/03/29 11:09:59 INFO org.apache.sysds.runtime.controlprogram.paramserv.ParamServer: [+] PARAMSERV: completed EPOCH 1
21/03/29 11:09:59 INFO org.apache.sysds.runtime.controlprogram.paramserv.ParamServer: [+] PARAMSERV: epoch timer: 22.936 secs.
21/03/29 11:10:10 INFO org.apache.sysds.runtime.controlprogram.paramserv.ParamServer: [+] PARAMSERV: completed EPOCH 2
21/03/29 11:10:10 INFO org.apache.sysds.runtime.controlprogram.paramserv.ParamServer: [+] PARAMSERV: epoch timer: 33.764 secs.
21/03/29 11:10:21 INFO org.apache.sysds.runtime.controlprogram.paramserv.ParamServer: [+] PARAMSERV: completed EPOCH 3
21/03/29 11:10:21 INFO org.apache.sysds.runtime.controlprogram.paramserv.ParamServer: [+] PARAMSERV: epoch timer: 44.564 secs.
21/03/29 11:10:32 INFO org.apache.sysds.runtime.controlprogram.paramserv.ParamServer: [+] PARAMSERV: completed EPOCH 4
21/03/29 11:10:32 INFO org.apache.sysds.runtime.controlprogram.paramserv.ParamServer: [+] PARAMSERV: epoch timer: 55.281 secs.
[+] test loss: 1.4872586632199265E-11, test accuracy: 1.4872586632199265E-11

SystemDS Statistics:
Total elapsed time:		84.832 sec.
Total compilation time:		1.085 sec.
Total execution time:		83.747 sec.
Native mkl calls (dense mult/conv/bwdF/bwdD):	2/0/0/0.
Native mkl calls (sparse conv/bwdF/bwdD):	0/0/0.
Native mkl times (dense mult/conv/bwdF/bwdD):	2.828/0.000/0.000/0.000.
Cache hits (Mem/Li/WB/FS/HDFS):	439/0/0/0/2.
Cache writes (Li/WB/FS/HDFS):	1/42/0/0.
Cache times (ACQr/m, RLS, EXP):	4.003/0.001/0.013/0.000 sec.
HOP DAGs recompiled (PRED, SB):	0/6.
HOP DAGs recompile time:	0.033 sec.
Paramserv total execution time:	55.286 secs.
Paramserv total num workers:	3.
Paramserv setup time:		0.140 secs.
PS fed data partitioning time:	0.023 secs.
PS fed comm time (cum):		0.638 secs.
PS fed worker comp time (cum):	159.301 secs.
PS fed grad. weigh. time (cum):	0.000 secs.
PS fed global model agg time:	0.028 secs.
Paramserv valdiation time:	0.000 secs.
Federated I/O (Read, Put, Get):	6/17/4.
Federated Execute (Inst, UDF):	14/21.
Total JIT compile time:		5.669 sec.
Total JVM GC count:		3.
Total JVM GC time:		0.897 sec.
Heavy hitter instructions:
  #  Instruction  Time(s)  Count
  1  paramserv     55.290      1
  2  -              6.781      5
  3  +              4.595     10
  4  ba+*           3.951      3
  5  fed_-          3.785      1
  6  /              2.982      8
  7  fed_/          2.130      1
  8  max            1.747      2
  9  fed_uamin      1.543      2
 10  fed_uamax      0.364      2
 11  *              0.194      4
 12  log            0.131      1
 13  uark+          0.088      1
 14  uarmax         0.077      1
 15  rand           0.047      6
 16  rmvar          0.018     47
 17  exp            0.013      1
 18  -*             0.005     30
 19  uak+           0.004      1
 20  createvar      0.003     71
 21  nvlist         0.002      1
 22  list           0.001      6
 23  sqrt           0.001     10
 24  rightIndex     0.001      6
 25  mvvar          0.000     22
 26  print          0.000      1
 27  castdtm        0.000      6
 28  ==             0.000      1

21/03/29 11:10:43 INFO org.apache.sysds.api.DMLScript: END DML run 03/29/2021 11:10:43
real 90.52
user 174.68
sys 16.71
21/03/29 11:10:48 INFO org.apache.sysds.api.DMLScript: BEGIN DML run 03/29/2021 11:10:48
21/03/29 11:10:48 INFO org.apache.sysds.utils.NativeHelper: Using native blas: mkl
21/03/29 11:11:06 INFO org.apache.sysds.runtime.instructions.cp.ParamservBuiltinCPInstruction: PARAMETER SERVER
21/03/29 11:11:06 INFO org.apache.sysds.runtime.instructions.cp.ParamservBuiltinCPInstruction: [+] Running in federated mode
21/03/29 11:11:06 INFO org.apache.sysds.runtime.instructions.cp.ParamservBuiltinCPInstruction: [+] Update Type: BSP
21/03/29 11:11:06 INFO org.apache.sysds.runtime.instructions.cp.ParamservBuiltinCPInstruction: [+] Frequency: EPOCH
21/03/29 11:11:06 INFO org.apache.sysds.runtime.instructions.cp.ParamservBuiltinCPInstruction: [+] Data Partitioning: KEEP_DATA_ON_WORKER
21/03/29 11:11:06 INFO org.apache.sysds.runtime.instructions.cp.ParamservBuiltinCPInstruction: [+] Runtime Balancing: NONE
21/03/29 11:11:06 INFO org.apache.sysds.runtime.instructions.cp.ParamservBuiltinCPInstruction: [+] Weighting: false
21/03/29 11:11:06 INFO org.apache.sysds.runtime.instructions.cp.ParamservBuiltinCPInstruction: [+] Seed: 2101363598
21/03/29 11:11:06 INFO org.apache.sysds.runtime.controlprogram.paramserv.ParamServer: Setup config for worker Federated worker_0
21/03/29 11:11:06 INFO org.apache.sysds.runtime.controlprogram.paramserv.ParamServer: Batch size: 512 possible batches: 652 batches to run: 652 weighting factor: 0.999996999997
21/03/29 11:11:06 INFO org.apache.sysds.runtime.controlprogram.paramserv.ParamServer: Setup config for worker Federated worker_1
21/03/29 11:11:06 INFO org.apache.sysds.runtime.controlprogram.paramserv.ParamServer: Batch size: 512 possible batches: 652 batches to run: 652 weighting factor: 1.000003000003
21/03/29 11:11:07 INFO org.apache.sysds.runtime.controlprogram.paramserv.ParamServer: Setup config for worker Federated worker_2
21/03/29 11:11:07 INFO org.apache.sysds.runtime.controlprogram.paramserv.ParamServer: Batch size: 512 possible batches: 652 batches to run: 652 weighting factor: 1.000003000003
21/03/29 11:11:19 INFO org.apache.sysds.runtime.controlprogram.paramserv.ParamServer: [+] PARAMSERV: completed EPOCH 0
21/03/29 11:11:19 INFO org.apache.sysds.runtime.controlprogram.paramserv.ParamServer: [+] PARAMSERV: epoch timer: 12.731 secs.
21/03/29 11:11:30 INFO org.apache.sysds.runtime.controlprogram.paramserv.ParamServer: [+] PARAMSERV: completed EPOCH 1
21/03/29 11:11:30 INFO org.apache.sysds.runtime.controlprogram.paramserv.ParamServer: [+] PARAMSERV: epoch timer: 23.427 secs.
21/03/29 11:11:40 INFO org.apache.sysds.runtime.controlprogram.paramserv.ParamServer: [+] PARAMSERV: completed EPOCH 2
21/03/29 11:11:40 INFO org.apache.sysds.runtime.controlprogram.paramserv.ParamServer: [+] PARAMSERV: epoch timer: 33.962 secs.
21/03/29 11:11:51 INFO org.apache.sysds.runtime.controlprogram.paramserv.ParamServer: [+] PARAMSERV: completed EPOCH 3
21/03/29 11:11:51 INFO org.apache.sysds.runtime.controlprogram.paramserv.ParamServer: [+] PARAMSERV: epoch timer: 44.264 secs.
21/03/29 11:12:01 INFO org.apache.sysds.runtime.controlprogram.paramserv.ParamServer: [+] PARAMSERV: completed EPOCH 4
21/03/29 11:12:01 INFO org.apache.sysds.runtime.controlprogram.paramserv.ParamServer: [+] PARAMSERV: epoch timer: 54.872 secs.
[+] test loss: 1.4872586632199265E-11, test accuracy: 1.4872586632199265E-11

SystemDS Statistics:
Total elapsed time:		83.722 sec.
Total compilation time:		1.055 sec.
Total execution time:		82.667 sec.
Native mkl calls (dense mult/conv/bwdF/bwdD):	2/0/0/0.
Native mkl calls (sparse conv/bwdF/bwdD):	0/0/0.
Native mkl times (dense mult/conv/bwdF/bwdD):	2.871/0.000/0.000/0.000.
Cache hits (Mem/Li/WB/FS/HDFS):	439/0/0/0/2.
Cache writes (Li/WB/FS/HDFS):	1/42/0/0.
Cache times (ACQr/m, RLS, EXP):	3.972/0.002/0.015/0.000 sec.
HOP DAGs recompiled (PRED, SB):	0/6.
HOP DAGs recompile time:	0.034 sec.
Paramserv total execution time:	54.877 secs.
Paramserv total num workers:	3.
Paramserv setup time:		0.108 secs.
PS fed data partitioning time:	0.019 secs.
PS fed comm time (cum):		0.547 secs.
PS fed worker comp time (cum):	158.712 secs.
PS fed grad. weigh. time (cum):	0.000 secs.
PS fed global model agg time:	0.029 secs.
Paramserv valdiation time:	0.000 secs.
Federated I/O (Read, Put, Get):	6/17/4.
Federated Execute (Inst, UDF):	14/21.
Total JIT compile time:		5.605 sec.
Total JVM GC count:		3.
Total JVM GC time:		0.675 sec.
Heavy hitter instructions:
  #  Instruction  Time(s)  Count
  1  paramserv     54.881      1
  2  -              6.945      5
  3  +              4.669     10
  4  ba+*           3.975      3
  5  fed_-          3.174      1
  6  /              3.000      8
  7  fed_/          2.123      1
  8  max            1.536      2
  9  fed_uamin      1.479      2
 10  fed_uamax      0.356      2
 11  *              0.215      4
 12  log            0.090      1
 13  uark+          0.077      1
 14  uarmax         0.077      1
 15  rand           0.029      6
 16  rmvar          0.018     47
 17  exp            0.013      1
 18  -*             0.005     30
 19  uak+           0.004      1
 20  createvar      0.003     71
 21  nvlist         0.001      1
 22  list           0.001      6
 23  sqrt           0.001     10
 24  rightIndex     0.001      6
 25  mvvar          0.000     22
 26  print          0.000      1
 27  castdtm        0.000      6
 28  ==             0.000      1

21/03/29 11:12:12 INFO org.apache.sysds.api.DMLScript: END DML run 03/29/2021 11:12:12
real 89.40
user 165.99
sys 17.20
