21/02/14 21:50:17 INFO org.apache.sysds.api.DMLScript: BEGIN DML run 02/14/2021 21:50:17
21/02/14 21:50:17 INFO org.apache.sysds.utils.NativeHelper: Using native blas: mkl
21/02/14 21:51:04 INFO org.apache.sysds.runtime.instructions.cp.ParamservBuiltinCPInstruction: PARAMETER SERVER
21/02/14 21:51:04 INFO org.apache.sysds.runtime.instructions.cp.ParamservBuiltinCPInstruction: [+] Running in federated mode
21/02/14 21:51:04 INFO org.apache.sysds.runtime.instructions.cp.ParamservBuiltinCPInstruction: [+] Update Type: BSP
21/02/14 21:51:04 INFO org.apache.sysds.runtime.instructions.cp.ParamservBuiltinCPInstruction: [+] Frequency: EPOCH
21/02/14 21:51:04 INFO org.apache.sysds.runtime.instructions.cp.ParamservBuiltinCPInstruction: [+] Data Partitioning: KEEP_DATA_ON_WORKER
21/02/14 21:51:04 INFO org.apache.sysds.runtime.instructions.cp.ParamservBuiltinCPInstruction: [+] Runtime Balancing: NONE
21/02/14 21:51:04 INFO org.apache.sysds.runtime.instructions.cp.ParamservBuiltinCPInstruction: [+] Weighing: false
21/02/14 21:51:04 INFO org.apache.sysds.runtime.instructions.cp.ParamservBuiltinCPInstruction: [+] Seed: -1571839112
21/02/14 21:51:04 INFO org.apache.sysds.runtime.controlprogram.paramserv.ParamServer: Setup config for worker Federated worker_0
21/02/14 21:51:04 INFO org.apache.sysds.runtime.controlprogram.paramserv.ParamServer: Batch size: 512 possible batches: 652 batches to run: 652 weighing factor: 1.000003000003
21/02/14 21:51:04 INFO org.apache.sysds.runtime.controlprogram.paramserv.ParamServer: Setup config for worker Federated worker_1
21/02/14 21:51:04 INFO org.apache.sysds.runtime.controlprogram.paramserv.ParamServer: Batch size: 512 possible batches: 652 batches to run: 652 weighing factor: 1.000003000003
21/02/14 21:51:05 INFO org.apache.sysds.runtime.controlprogram.paramserv.ParamServer: Setup config for worker Federated worker_2
21/02/14 21:51:05 INFO org.apache.sysds.runtime.controlprogram.paramserv.ParamServer: Batch size: 512 possible batches: 652 batches to run: 652 weighing factor: 0.999996999997
21/02/14 21:51:40 INFO org.apache.sysds.runtime.controlprogram.paramserv.ParamServer: [+] PARAMSERV: completed EPOCH 0
21/02/14 21:52:12 INFO org.apache.sysds.runtime.controlprogram.paramserv.ParamServer: [+] PARAMSERV: completed EPOCH 1
21/02/14 21:52:45 INFO org.apache.sysds.runtime.controlprogram.paramserv.ParamServer: [+] PARAMSERV: completed EPOCH 2
21/02/14 21:53:19 INFO org.apache.sysds.runtime.controlprogram.paramserv.ParamServer: [+] PARAMSERV: completed EPOCH 3
21/02/14 21:53:52 INFO org.apache.sysds.runtime.controlprogram.paramserv.ParamServer: [+] PARAMSERV: completed EPOCH 4
21/02/14 21:54:01 WARN org.apache.sysds.runtime.matrix.data.LibMatrixNative: matrixMult: Native mat mult failed. Falling back to java version (loaded=true, sparse=false)
[+] test loss: 1.4872586632199265E-11, test accuracy: 1.4872586632199265E-11

SystemDS Statistics:
Total elapsed time:		224.643 sec.
Total compilation time:		0.639 sec.
Total execution time:		224.004 sec.
Native mkl calls (dense mult/conv/bwdF/bwdD):	2/0/0/0.
Native mkl calls (sparse conv/bwdF/bwdD):	0/0/0.
Native mkl times (dense mult/conv/bwdF/bwdD):	2.101/0.000/0.000/0.000.
Cache hits (Mem/Li/WB/FS/HDFS):	439/0/0/0/2.
Cache writes (Li/WB/FS/HDFS):	2/64/2/0.
Cache times (ACQr/m, RLS, EXP):	6.173/0.001/16.885/0.000 sec.
HOP DAGs recompiled (PRED, SB):	0/6.
HOP DAGs recompile time:	0.027 sec.
Paramserv total execution time:	168.869 secs.
Paramserv total num workers:	3.
Paramserv setup time:		0.911 secs.
PS fed data partitioning time:	0.212 secs.
PS fed comm time (cum):		18.838 secs.
PS fed worker comp time (cum):	444.380 secs.
PS fed grad weigh time (cum):	0.000 secs.
PS fed global model agg time:	0.030 secs.
Paramserv valdiation time:	0.000 secs.
Federated I/O (Read, Put, Get):	6/17/4.
Federated Execute (Inst, UDF):	14/21.
Total JIT compile time:		6.622 sec.
Total JVM GC count:		4.
Total JVM GC time:		0.455 sec.
Heavy hitter instructions:
  #  Instruction  Time(s)  Count
  1  paramserv    168.869      1
  2  -             17.626      5
  3  /             11.418      8
  4  fed_uamin      7.502      2
  5  +              4.074     10
  6  fed_uamax      3.916      2
  7  fed_-          3.441      1
  8  ba+*           2.638      3
  9  fed_/          2.545      1
 10  max            1.725      2
 11  uark+          0.051      1
 12  uarmax         0.050      1
 13  *              0.045      4
 14  log            0.032      1
 15  rand           0.029      6
 16  exp            0.024      1
 17  rmvar          0.015     47
 18  -*             0.004     30
 19  nvlist         0.002      1
 20  createvar      0.002     71
 21  uak+           0.001      1
 22  list           0.001      6
 23  rightIndex     0.001      6
 24  sqrt           0.000     10
 25  mvvar          0.000     22
 26  print          0.000      1
 27  castdtm        0.000      6
 28  ==             0.000      1

21/02/14 21:54:01 INFO org.apache.sysds.api.DMLScript: END DML run 02/14/2021 21:54:01
real 229,77
user 126,35
sys 31,62
