\BOOKMARK [1][-]{section*.1}{\376\377\000A\000b\000s\000t\000r\000a\000c\000t}{}% 1
\BOOKMARK [1][-]{section.1}{\376\377\0001\000\040\000I\000n\000t\000r\000o\000d\000u\000c\000t\000i\000o\000n}{}% 2
\BOOKMARK [1][-]{section.2}{\376\377\0002\000\040\000B\000a\000c\000k\000g\000r\000o\000u\000n\000d\000\040\000a\000n\000d\000\040\000P\000r\000e\000l\000i\000m\000i\000n\000a\000r\000i\000e\000s}{}% 3
\BOOKMARK [2][-]{subsection.2.1}{\376\377\0002\000.\0001\000\040\000R\000u\000n\000n\000i\000n\000g\000\040\000E\000x\000a\000m\000p\000l\000e}{section.2}% 4
\BOOKMARK [2][-]{subsection.2.2}{\376\377\0002\000.\0002\000\040\000M\000L\000\040\000S\000y\000s\000t\000e\000m\000s\000\040\000B\000a\000c\000k\000g\000r\000o\000u\000n\000d}{section.2}% 5
\BOOKMARK [2][-]{subsection.2.3}{\376\377\0002\000.\0003\000\040\000S\000o\000u\000r\000c\000e\000s\000\040\000o\000f\000\040\000R\000e\000d\000u\000n\000d\000a\000n\000c\000y}{section.2}% 6
\BOOKMARK [1][-]{section.3}{\376\377\0003\000\040\000L\000i\000n\000e\000a\000g\000e\000\040\000T\000r\000a\000c\000i\000n\000g}{}% 7
\BOOKMARK [2][-]{subsection.3.1}{\376\377\0003\000.\0001\000\040\000B\000a\000s\000i\000c\000\040\000L\000i\000n\000e\000a\000g\000e\000\040\000T\000r\000a\000c\000i\000n\000g}{section.3}% 8
\BOOKMARK [2][-]{subsection.3.2}{\376\377\0003\000.\0002\000\040\000L\000i\000n\000e\000a\000g\000e\000\040\000D\000e\000d\000u\000p\000l\000i\000c\000a\000t\000i\000o\000n}{section.3}% 9
\BOOKMARK [2][-]{subsection.3.3}{\376\377\0003\000.\0003\000\040\000L\000i\000n\000e\000a\000g\000e\000\040\000T\000r\000a\000c\000i\000n\000g\000\040\000f\000o\000r\000\040\000A\000d\000v\000a\000n\000c\000e\000d\000\040\000F\000e\000a\000t\000u\000r\000e\000s}{section.3}% 10
\BOOKMARK [2][-]{subsection.3.4}{\376\377\0003\000.\0004\000\040\000L\000i\000m\000i\000t\000a\000t\000i\000o\000n\000s}{section.3}% 11
\BOOKMARK [1][-]{section.4}{\376\377\0004\000\040\000L\000i\000n\000e\000a\000g\000e\000-\000b\000a\000s\000e\000d\000\040\000R\000e\000u\000s\000e}{}% 12
\BOOKMARK [2][-]{subsection.4.1}{\376\377\0004\000.\0001\000\040\000M\000u\000l\000t\000i\000-\000L\000e\000v\000e\000l\000\040\000F\000u\000l\000l\000\040\000R\000e\000u\000s\000e}{section.4}% 13
\BOOKMARK [2][-]{subsection.4.2}{\376\377\0004\000.\0002\000\040\000P\000a\000r\000t\000i\000a\000l\000\040\000O\000p\000e\000r\000a\000t\000i\000o\000n\000\040\000R\000e\000u\000s\000e}{section.4}% 14
\BOOKMARK [2][-]{subsection.4.3}{\376\377\0004\000.\0003\000\040\000C\000a\000c\000h\000e\000\040\000E\000v\000i\000c\000t\000i\000o\000n}{section.4}% 15
\BOOKMARK [2][-]{subsection.4.4}{\376\377\0004\000.\0004\000\040\000C\000o\000m\000p\000i\000l\000e\000r\000\040\000A\000s\000s\000i\000s\000t\000a\000n\000c\000e}{section.4}% 16
\BOOKMARK [2][-]{subsection.4.5}{\376\377\0004\000.\0005\000\040\000L\000i\000m\000i\000t\000a\000t\000i\000o\000n\000s}{section.4}% 17
\BOOKMARK [1][-]{section.5}{\376\377\0005\000\040\000E\000x\000p\000e\000r\000i\000m\000e\000n\000t\000s}{}% 18
\BOOKMARK [2][-]{subsection.5.1}{\376\377\0005\000.\0001\000\040\000E\000x\000p\000e\000r\000i\000m\000e\000n\000t\000a\000l\000\040\000S\000e\000t\000t\000i\000n\000g}{section.5}% 19
\BOOKMARK [2][-]{subsection.5.2}{\376\377\0005\000.\0002\000\040\000M\000i\000c\000r\000o\000\040\000B\000e\000n\000c\000h\000m\000a\000r\000k\000s}{section.5}% 20
\BOOKMARK [2][-]{subsection.5.3}{\376\377\0005\000.\0003\000\040\000M\000L\000\040\000P\000i\000p\000e\000l\000i\000n\000e\000s\000\040\000P\000e\000r\000f\000o\000r\000m\000a\000n\000c\000e}{section.5}% 21
\BOOKMARK [2][-]{subsection.5.4}{\376\377\0005\000.\0004\000\040\000R\000e\000a\000l\000\040\000D\000a\000t\000a\000s\000e\000t\000s}{section.5}% 22
\BOOKMARK [2][-]{subsection.5.5}{\376\377\0005\000.\0005\000\040\000M\000L\000\040\000S\000y\000s\000t\000e\000m\000s\000\040\000C\000o\000m\000p\000a\000r\000i\000s\000o\000n}{section.5}% 23
\BOOKMARK [1][-]{section.6}{\376\377\0006\000\040\000R\000e\000l\000a\000t\000e\000d\000\040\000W\000o\000r\000k}{}% 24
\BOOKMARK [1][-]{section.7}{\376\377\0007\000\040\000C\000o\000n\000c\000l\000u\000s\000i\000o\000n\000s}{}% 25
\BOOKMARK [1][-]{section*.17}{\376\377\000R\000e\000f\000e\000r\000e\000n\000c\000e\000s}{}% 26
